[ERROR] 2020-12-08 17:34:31.353 [main] Database - com.mysql.cj.jdbc.exceptions.MysqlDataTruncation: Data truncation: Data too long for column 'email' at row 1
[ERROR] 2020-12-08 17:34:43.569 [main] Database - com.mysql.cj.jdbc.exceptions.MysqlDataTruncation: Data truncation: Data too long for column 'email' at row 1
[INFO ] 2020-12-08 17:34:44.453 [main] GenericDao - [edu.matc.entity.Product@5e99cc2d, edu.matc.entity.Product@9dfbe818, edu.matc.entity.Product@7d809fd2, edu.matc.entity.Product@6568d06c, edu.matc.entity.Product@4f65308c, edu.matc.entity.Product@c8336d5, edu.matc.entity.Product@49f809fe, edu.matc.entity.Product@759263eb, edu.matc.entity.Product@a22de10b, edu.matc.entity.Product@5bf4c0d9, edu.matc.entity.Product@594ab465, edu.matc.entity.Product@e116ca93]
[ERROR] 2020-12-08 17:34:44.747 [main] Database - com.mysql.cj.jdbc.exceptions.MysqlDataTruncation: Data truncation: Data too long for column 'email' at row 1
[ERROR] 2020-12-08 17:34:45.131 [main] Database - com.mysql.cj.jdbc.exceptions.MysqlDataTruncation: Data truncation: Data too long for column 'email' at row 1
[DEBUG] 2020-12-08 17:34:45.141 [main] GenericDao - Searching for product with title = p
[ERROR] 2020-12-08 17:34:45.693 [main] Database - com.mysql.cj.jdbc.exceptions.MysqlDataTruncation: Data truncation: Data too long for column 'email' at row 1
[ERROR] 2020-12-08 17:34:46.465 [main] Database - com.mysql.cj.jdbc.exceptions.MysqlDataTruncation: Data truncation: Data too long for column 'email' at row 1
[ERROR] 2020-12-08 17:34:47.445 [main] Database - com.mysql.cj.jdbc.exceptions.MysqlDataTruncation: Data truncation: Data too long for column 'email' at row 1
[ERROR] 2020-12-08 17:37:50.100 [main] Database - com.mysql.cj.jdbc.exceptions.MysqlDataTruncation: Data truncation: Data too long for column 'email' at row 1
[ERROR] 2020-12-08 17:37:55.516 [main] Database - com.mysql.cj.jdbc.exceptions.MysqlDataTruncation: Data truncation: Data too long for column 'email' at row 1
[INFO ] 2020-12-08 17:37:55.875 [main] GenericDao - [edu.matc.entity.Product@5e99cc2d, edu.matc.entity.Product@9dfbe818, edu.matc.entity.Product@7d809fd2, edu.matc.entity.Product@6568d06c, edu.matc.entity.Product@4f65308c, edu.matc.entity.Product@c8336d5, edu.matc.entity.Product@49f809fe, edu.matc.entity.Product@759263eb, edu.matc.entity.Product@a22de10b, edu.matc.entity.Product@5bf4c0d9, edu.matc.entity.Product@594ab465, edu.matc.entity.Product@e116ca93]
[ERROR] 2020-12-08 17:37:56.023 [main] Database - com.mysql.cj.jdbc.exceptions.MysqlDataTruncation: Data truncation: Data too long for column 'email' at row 1
[ERROR] 2020-12-08 17:37:56.308 [main] Database - com.mysql.cj.jdbc.exceptions.MysqlDataTruncation: Data truncation: Data too long for column 'email' at row 1
[DEBUG] 2020-12-08 17:37:56.313 [main] GenericDao - Searching for product with title = Glass
[ERROR] 2020-12-08 17:37:56.564 [main] Database - com.mysql.cj.jdbc.exceptions.MysqlDataTruncation: Data truncation: Data too long for column 'email' at row 1
[ERROR] 2020-12-08 17:37:56.837 [main] Database - com.mysql.cj.jdbc.exceptions.MysqlDataTruncation: Data truncation: Data too long for column 'email' at row 1
[ERROR] 2020-12-08 17:37:57.234 [main] Database - com.mysql.cj.jdbc.exceptions.MysqlDataTruncation: Data truncation: Data too long for column 'email' at row 1
[ERROR] 2020-12-08 17:38:37.505 [main] Database - com.mysql.cj.jdbc.exceptions.MysqlDataTruncation: Data truncation: Data too long for column 'email' at row 1
[ERROR] 2020-12-08 17:38:43.011 [main] Database - com.mysql.cj.jdbc.exceptions.MysqlDataTruncation: Data truncation: Data too long for column 'email' at row 1
[INFO ] 2020-12-08 17:38:43.455 [main] GenericDao - [User(firstName=Elizabeth, lastName=Sajdak, email=esajdak@madisoncollege.edu, password=password, userId=1), User(firstName=Kyle, lastName=Kelley, email=kk@gmail.com, password=password, userId=2)]
[ERROR] 2020-12-08 17:38:43.723 [main] Database - com.mysql.cj.jdbc.exceptions.MysqlDataTruncation: Data truncation: Data too long for column 'email' at row 1
[ERROR] 2020-12-08 17:38:43.954 [main] Database - com.mysql.cj.jdbc.exceptions.MysqlDataTruncation: Data truncation: Data too long for column 'email' at row 1
[DEBUG] 2020-12-08 17:38:43.960 [main] GenericDao - Searching for product with lastName = a
[ERROR] 2020-12-08 17:38:44.265 [main] Database - com.mysql.cj.jdbc.exceptions.MysqlDataTruncation: Data truncation: Data too long for column 'email' at row 1
[ERROR] 2020-12-08 17:38:44.492 [main] Database - com.mysql.cj.jdbc.exceptions.MysqlDataTruncation: Data truncation: Data too long for column 'email' at row 1
[ERROR] 2020-12-08 17:38:44.907 [main] Database - com.mysql.cj.jdbc.exceptions.MysqlDataTruncation: Data truncation: Data too long for column 'email' at row 1
[ERROR] 2020-12-08 17:40:11.757 [main] Database - com.mysql.cj.jdbc.exceptions.MysqlDataTruncation: Data truncation: Data too long for column 'email' at row 1
[ERROR] 2020-12-08 17:40:16.747 [main] Database - com.mysql.cj.jdbc.exceptions.MysqlDataTruncation: Data truncation: Data too long for column 'email' at row 1
[INFO ] 2020-12-08 17:40:17.165 [main] GenericDao - [User(firstName=Elizabeth, lastName=Sajdak, email=esajdak@madisoncollege.edu, password=password, userId=1), User(firstName=Kyle, lastName=Kelley, email=kk@gmail.com, password=password, userId=2)]
[ERROR] 2020-12-08 17:40:17.339 [main] Database - com.mysql.cj.jdbc.exceptions.MysqlDataTruncation: Data truncation: Data too long for column 'email' at row 1
[ERROR] 2020-12-08 17:40:17.560 [main] Database - com.mysql.cj.jdbc.exceptions.MysqlDataTruncation: Data truncation: Data too long for column 'email' at row 1
[DEBUG] 2020-12-08 17:40:17.567 [main] GenericDao - Searching for product with lastName = a
[ERROR] 2020-12-08 17:40:17.849 [main] Database - com.mysql.cj.jdbc.exceptions.MysqlDataTruncation: Data truncation: Data too long for column 'email' at row 1
[ERROR] 2020-12-08 17:40:18.105 [main] Database - com.mysql.cj.jdbc.exceptions.MysqlDataTruncation: Data truncation: Data too long for column 'email' at row 1
[ERROR] 2020-12-08 17:40:18.489 [main] Database - com.mysql.cj.jdbc.exceptions.MysqlDataTruncation: Data truncation: Data too long for column 'email' at row 1
