[DEBUG] 2020-10-04 14:20:51.715 [main] IntegratorServiceImpl - Adding Integrator [org.hibernate.cfg.beanvalidation.BeanValidationIntegrator].
[DEBUG] 2020-10-04 14:20:51.736 [main] IntegratorServiceImpl - Adding Integrator [org.hibernate.secure.spi.JaccIntegrator].
[DEBUG] 2020-10-04 14:20:51.750 [main] IntegratorServiceImpl - Adding Integrator [org.hibernate.cache.internal.CollectionCacheInvalidator].
[INFO ] 2020-10-04 14:20:52.079 [main] Version - HHH000412: Hibernate Core {5.4.4.Final}
[DEBUG] 2020-10-04 14:20:52.094 [main] Environment - HHH000206: hibernate.properties not found
[DEBUG] 2020-10-04 14:20:52.754 [main] LocalXmlResourceResolver - Interpreting public/system identifier : [-//Hibernate/Hibernate Configuration DTD//EN] - [http://www.hibernate.org/dtd/hibernate-configuration-3.0.dtd]
[DEBUG] 2020-10-04 14:20:52.758 [main] LocalXmlResourceResolver - Recognized hibernate-configuration identifier; attempting to resolve on classpath under org/hibernate/
[DEBUG] 2020-10-04 14:20:52.775 [main] JaxbCfgProcessor - cfg.xml document did not define namespaces; wrapping in custom event reader to introduce namespace information
[DEBUG] 2020-10-04 14:20:53.886 [main] ServiceBinding - Overriding existing service binding [org.hibernate.secure.spi.JaccService]
[DEBUG] 2020-10-04 14:20:53.966 [main] RegionFactoryInitiator - Cannot default RegionFactory based on registered strategies as `[]` RegionFactory strategies were registered
[DEBUG] 2020-10-04 14:20:53.967 [main] RegionFactoryInitiator - Cache region factory : org.hibernate.cache.internal.NoCachingRegionFactory
[INFO ] 2020-10-04 14:20:53.992 [main] Version - HCANN000001: Hibernate Commons Annotations {5.1.0.Final}
[DEBUG] 2020-10-04 14:20:54.040 [main] BasicTypeRegistry - Adding type registration boolean -> org.hibernate.type.BooleanType@4463d9d3
[DEBUG] 2020-10-04 14:20:54.042 [main] BasicTypeRegistry - Adding type registration boolean -> org.hibernate.type.BooleanType@4463d9d3
[DEBUG] 2020-10-04 14:20:54.042 [main] BasicTypeRegistry - Adding type registration java.lang.Boolean -> org.hibernate.type.BooleanType@4463d9d3
[DEBUG] 2020-10-04 14:20:54.043 [main] BasicTypeRegistry - Adding type registration numeric_boolean -> org.hibernate.type.NumericBooleanType@4fe01803
[DEBUG] 2020-10-04 14:20:54.044 [main] BasicTypeRegistry - Adding type registration true_false -> org.hibernate.type.TrueFalseType@a0a9fa5
[DEBUG] 2020-10-04 14:20:54.045 [main] BasicTypeRegistry - Adding type registration yes_no -> org.hibernate.type.YesNoType@7b60c3e
[DEBUG] 2020-10-04 14:20:54.048 [main] BasicTypeRegistry - Adding type registration byte -> org.hibernate.type.ByteType@301d8120
[DEBUG] 2020-10-04 14:20:54.048 [main] BasicTypeRegistry - Adding type registration byte -> org.hibernate.type.ByteType@301d8120
[DEBUG] 2020-10-04 14:20:54.050 [main] BasicTypeRegistry - Adding type registration java.lang.Byte -> org.hibernate.type.ByteType@301d8120
[DEBUG] 2020-10-04 14:20:54.052 [main] BasicTypeRegistry - Adding type registration character -> org.hibernate.type.CharacterType@3e134896
[DEBUG] 2020-10-04 14:20:54.053 [main] BasicTypeRegistry - Adding type registration char -> org.hibernate.type.CharacterType@3e134896
[DEBUG] 2020-10-04 14:20:54.053 [main] BasicTypeRegistry - Adding type registration java.lang.Character -> org.hibernate.type.CharacterType@3e134896
[DEBUG] 2020-10-04 14:20:54.054 [main] BasicTypeRegistry - Adding type registration short -> org.hibernate.type.ShortType@2d0bfb24
[DEBUG] 2020-10-04 14:20:54.054 [main] BasicTypeRegistry - Adding type registration short -> org.hibernate.type.ShortType@2d0bfb24
[DEBUG] 2020-10-04 14:20:54.054 [main] BasicTypeRegistry - Adding type registration java.lang.Short -> org.hibernate.type.ShortType@2d0bfb24
[DEBUG] 2020-10-04 14:20:54.056 [main] BasicTypeRegistry - Adding type registration integer -> org.hibernate.type.IntegerType@1136b469
[DEBUG] 2020-10-04 14:20:54.056 [main] BasicTypeRegistry - Adding type registration int -> org.hibernate.type.IntegerType@1136b469
[DEBUG] 2020-10-04 14:20:54.056 [main] BasicTypeRegistry - Adding type registration java.lang.Integer -> org.hibernate.type.IntegerType@1136b469
[DEBUG] 2020-10-04 14:20:54.057 [main] BasicTypeRegistry - Adding type registration long -> org.hibernate.type.LongType@5432050b
[DEBUG] 2020-10-04 14:20:54.058 [main] BasicTypeRegistry - Adding type registration long -> org.hibernate.type.LongType@5432050b
[DEBUG] 2020-10-04 14:20:54.058 [main] BasicTypeRegistry - Adding type registration java.lang.Long -> org.hibernate.type.LongType@5432050b
[DEBUG] 2020-10-04 14:20:54.059 [main] BasicTypeRegistry - Adding type registration float -> org.hibernate.type.FloatType@2c779e5
[DEBUG] 2020-10-04 14:20:54.059 [main] BasicTypeRegistry - Adding type registration float -> org.hibernate.type.FloatType@2c779e5
[DEBUG] 2020-10-04 14:20:54.060 [main] BasicTypeRegistry - Adding type registration java.lang.Float -> org.hibernate.type.FloatType@2c779e5
[DEBUG] 2020-10-04 14:20:54.061 [main] BasicTypeRegistry - Adding type registration double -> org.hibernate.type.DoubleType@5328a9c1
[DEBUG] 2020-10-04 14:20:54.062 [main] BasicTypeRegistry - Adding type registration double -> org.hibernate.type.DoubleType@5328a9c1
[DEBUG] 2020-10-04 14:20:54.062 [main] BasicTypeRegistry - Adding type registration java.lang.Double -> org.hibernate.type.DoubleType@5328a9c1
[DEBUG] 2020-10-04 14:20:54.063 [main] BasicTypeRegistry - Adding type registration big_decimal -> org.hibernate.type.BigDecimalType@16fe9c29
[DEBUG] 2020-10-04 14:20:54.063 [main] BasicTypeRegistry - Adding type registration java.math.BigDecimal -> org.hibernate.type.BigDecimalType@16fe9c29
[DEBUG] 2020-10-04 14:20:54.064 [main] BasicTypeRegistry - Adding type registration big_integer -> org.hibernate.type.BigIntegerType@4d4960c8
[DEBUG] 2020-10-04 14:20:54.064 [main] BasicTypeRegistry - Adding type registration java.math.BigInteger -> org.hibernate.type.BigIntegerType@4d4960c8
[DEBUG] 2020-10-04 14:20:54.065 [main] BasicTypeRegistry - Adding type registration string -> org.hibernate.type.StringType@6ce90bc5
[DEBUG] 2020-10-04 14:20:54.065 [main] BasicTypeRegistry - Adding type registration java.lang.String -> org.hibernate.type.StringType@6ce90bc5
[DEBUG] 2020-10-04 14:20:54.066 [main] BasicTypeRegistry - Adding type registration nstring -> org.hibernate.type.StringNVarcharType@4b1c0397
[DEBUG] 2020-10-04 14:20:54.066 [main] BasicTypeRegistry - Adding type registration ncharacter -> org.hibernate.type.CharacterNCharType@cda0432
[DEBUG] 2020-10-04 14:20:54.067 [main] BasicTypeRegistry - Adding type registration url -> org.hibernate.type.UrlType@baf1bb3
[DEBUG] 2020-10-04 14:20:54.068 [main] BasicTypeRegistry - Adding type registration java.net.URL -> org.hibernate.type.UrlType@baf1bb3
[DEBUG] 2020-10-04 14:20:54.069 [main] BasicTypeRegistry - Adding type registration Duration -> org.hibernate.type.DurationType@ddf20fd
[DEBUG] 2020-10-04 14:20:54.069 [main] BasicTypeRegistry - Adding type registration java.time.Duration -> org.hibernate.type.DurationType@ddf20fd
[DEBUG] 2020-10-04 14:20:54.072 [main] BasicTypeRegistry - Adding type registration Instant -> org.hibernate.type.InstantType@19593091
[DEBUG] 2020-10-04 14:20:54.074 [main] BasicTypeRegistry - Adding type registration java.time.Instant -> org.hibernate.type.InstantType@19593091
[DEBUG] 2020-10-04 14:20:54.075 [main] BasicTypeRegistry - Adding type registration LocalDateTime -> org.hibernate.type.LocalDateTimeType@4e868ef5
[DEBUG] 2020-10-04 14:20:54.075 [main] BasicTypeRegistry - Adding type registration java.time.LocalDateTime -> org.hibernate.type.LocalDateTimeType@4e868ef5
[DEBUG] 2020-10-04 14:20:54.077 [main] BasicTypeRegistry - Adding type registration LocalDate -> org.hibernate.type.LocalDateType@afb5821
[DEBUG] 2020-10-04 14:20:54.077 [main] BasicTypeRegistry - Adding type registration java.time.LocalDate -> org.hibernate.type.LocalDateType@afb5821
[DEBUG] 2020-10-04 14:20:54.078 [main] BasicTypeRegistry - Adding type registration LocalTime -> org.hibernate.type.LocalTimeType@56ccd751
[DEBUG] 2020-10-04 14:20:54.079 [main] BasicTypeRegistry - Adding type registration java.time.LocalTime -> org.hibernate.type.LocalTimeType@56ccd751
[DEBUG] 2020-10-04 14:20:54.080 [main] BasicTypeRegistry - Adding type registration OffsetDateTime -> org.hibernate.type.OffsetDateTimeType@59712875
[DEBUG] 2020-10-04 14:20:54.080 [main] BasicTypeRegistry - Adding type registration java.time.OffsetDateTime -> org.hibernate.type.OffsetDateTimeType@59712875
[DEBUG] 2020-10-04 14:20:54.081 [main] BasicTypeRegistry - Adding type registration OffsetTime -> org.hibernate.type.OffsetTimeType@37a64f9d
[DEBUG] 2020-10-04 14:20:54.081 [main] BasicTypeRegistry - Adding type registration java.time.OffsetTime -> org.hibernate.type.OffsetTimeType@37a64f9d
[DEBUG] 2020-10-04 14:20:54.083 [main] BasicTypeRegistry - Adding type registration ZonedDateTime -> org.hibernate.type.ZonedDateTimeType@21f9277b
[DEBUG] 2020-10-04 14:20:54.083 [main] BasicTypeRegistry - Adding type registration java.time.ZonedDateTime -> org.hibernate.type.ZonedDateTimeType@21f9277b
[DEBUG] 2020-10-04 14:20:54.085 [main] BasicTypeRegistry - Adding type registration date -> org.hibernate.type.DateType@7e8a46b7
[DEBUG] 2020-10-04 14:20:54.085 [main] BasicTypeRegistry - Adding type registration java.sql.Date -> org.hibernate.type.DateType@7e8a46b7
[DEBUG] 2020-10-04 14:20:54.086 [main] BasicTypeRegistry - Adding type registration time -> org.hibernate.type.TimeType@30cecdca
[DEBUG] 2020-10-04 14:20:54.086 [main] BasicTypeRegistry - Adding type registration java.sql.Time -> org.hibernate.type.TimeType@30cecdca
[DEBUG] 2020-10-04 14:20:54.088 [main] BasicTypeRegistry - Adding type registration timestamp -> org.hibernate.type.TimestampType@f973499
[DEBUG] 2020-10-04 14:20:54.088 [main] BasicTypeRegistry - Adding type registration java.sql.Timestamp -> org.hibernate.type.TimestampType@f973499
[DEBUG] 2020-10-04 14:20:54.088 [main] BasicTypeRegistry - Adding type registration java.util.Date -> org.hibernate.type.TimestampType@f973499
[DEBUG] 2020-10-04 14:20:54.094 [main] BasicTypeRegistry - Adding type registration dbtimestamp -> org.hibernate.type.DbTimestampType@1c025cb
[DEBUG] 2020-10-04 14:20:54.095 [main] BasicTypeRegistry - Adding type registration calendar -> org.hibernate.type.CalendarType@2abc224d
[DEBUG] 2020-10-04 14:20:54.095 [main] BasicTypeRegistry - Adding type registration java.util.Calendar -> org.hibernate.type.CalendarType@2abc224d
[DEBUG] 2020-10-04 14:20:54.096 [main] BasicTypeRegistry - Adding type registration java.util.GregorianCalendar -> org.hibernate.type.CalendarType@2abc224d
[DEBUG] 2020-10-04 14:20:54.097 [main] BasicTypeRegistry - Adding type registration calendar_date -> org.hibernate.type.CalendarDateType@18324f97
[DEBUG] 2020-10-04 14:20:54.099 [main] BasicTypeRegistry - Adding type registration locale -> org.hibernate.type.LocaleType@72209d93
[DEBUG] 2020-10-04 14:20:54.099 [main] BasicTypeRegistry - Adding type registration java.util.Locale -> org.hibernate.type.LocaleType@72209d93
[DEBUG] 2020-10-04 14:20:54.100 [main] BasicTypeRegistry - Adding type registration currency -> org.hibernate.type.CurrencyType@6a4d7f76
[DEBUG] 2020-10-04 14:20:54.100 [main] BasicTypeRegistry - Adding type registration java.util.Currency -> org.hibernate.type.CurrencyType@6a4d7f76
[DEBUG] 2020-10-04 14:20:54.101 [main] BasicTypeRegistry - Adding type registration timezone -> org.hibernate.type.TimeZoneType@6edaa77a
[DEBUG] 2020-10-04 14:20:54.101 [main] BasicTypeRegistry - Adding type registration java.util.TimeZone -> org.hibernate.type.TimeZoneType@6edaa77a
[DEBUG] 2020-10-04 14:20:54.103 [main] BasicTypeRegistry - Adding type registration class -> org.hibernate.type.ClassType@29314cc9
[DEBUG] 2020-10-04 14:20:54.103 [main] BasicTypeRegistry - Adding type registration java.lang.Class -> org.hibernate.type.ClassType@29314cc9
[DEBUG] 2020-10-04 14:20:54.105 [main] BasicTypeRegistry - Adding type registration uuid-binary -> org.hibernate.type.UUIDBinaryType@a50ae65
[DEBUG] 2020-10-04 14:20:54.105 [main] BasicTypeRegistry - Adding type registration java.util.UUID -> org.hibernate.type.UUIDBinaryType@a50ae65
[DEBUG] 2020-10-04 14:20:54.105 [main] BasicTypeRegistry - Adding type registration uuid-char -> org.hibernate.type.UUIDCharType@5972d253
[DEBUG] 2020-10-04 14:20:54.106 [main] BasicTypeRegistry - Adding type registration binary -> org.hibernate.type.BinaryType@6ef81f31
[DEBUG] 2020-10-04 14:20:54.106 [main] BasicTypeRegistry - Adding type registration byte[] -> org.hibernate.type.BinaryType@6ef81f31
[DEBUG] 2020-10-04 14:20:54.107 [main] BasicTypeRegistry - Adding type registration [B -> org.hibernate.type.BinaryType@6ef81f31
[DEBUG] 2020-10-04 14:20:54.108 [main] BasicTypeRegistry - Adding type registration wrapper-binary -> org.hibernate.type.WrapperBinaryType@3028e50e
[DEBUG] 2020-10-04 14:20:54.108 [main] BasicTypeRegistry - Adding type registration Byte[] -> org.hibernate.type.WrapperBinaryType@3028e50e
[DEBUG] 2020-10-04 14:20:54.109 [main] BasicTypeRegistry - Adding type registration [Ljava.lang.Byte; -> org.hibernate.type.WrapperBinaryType@3028e50e
[DEBUG] 2020-10-04 14:20:54.110 [main] BasicTypeRegistry - Adding type registration row_version -> org.hibernate.type.RowVersionType@5d1e09bc
[DEBUG] 2020-10-04 14:20:54.115 [main] BasicTypeRegistry - Adding type registration image -> org.hibernate.type.ImageType@726a17c4
[DEBUG] 2020-10-04 14:20:54.116 [main] BasicTypeRegistry - Adding type registration characters -> org.hibernate.type.CharArrayType@40ab8a8
[DEBUG] 2020-10-04 14:20:54.116 [main] BasicTypeRegistry - Adding type registration char[] -> org.hibernate.type.CharArrayType@40ab8a8
[DEBUG] 2020-10-04 14:20:54.116 [main] BasicTypeRegistry - Adding type registration [C -> org.hibernate.type.CharArrayType@40ab8a8
[DEBUG] 2020-10-04 14:20:54.118 [main] BasicTypeRegistry - Adding type registration wrapper-characters -> org.hibernate.type.CharacterArrayType@6dd93a21
[DEBUG] 2020-10-04 14:20:54.120 [main] BasicTypeRegistry - Adding type registration [Ljava.lang.Character; -> org.hibernate.type.CharacterArrayType@6dd93a21
[DEBUG] 2020-10-04 14:20:54.120 [main] BasicTypeRegistry - Adding type registration Character[] -> org.hibernate.type.CharacterArrayType@6dd93a21
[DEBUG] 2020-10-04 14:20:54.120 [main] BasicTypeRegistry - Adding type registration text -> org.hibernate.type.TextType@12a160c2
[DEBUG] 2020-10-04 14:20:54.121 [main] BasicTypeRegistry - Adding type registration ntext -> org.hibernate.type.NTextType@2eb79cbe
[DEBUG] 2020-10-04 14:20:54.122 [main] BasicTypeRegistry - Adding type registration blob -> org.hibernate.type.BlobType@340b7ef6
[DEBUG] 2020-10-04 14:20:54.124 [main] BasicTypeRegistry - Adding type registration java.sql.Blob -> org.hibernate.type.BlobType@340b7ef6
[DEBUG] 2020-10-04 14:20:54.125 [main] BasicTypeRegistry - Adding type registration materialized_blob -> org.hibernate.type.MaterializedBlobType@231baf51
[DEBUG] 2020-10-04 14:20:54.127 [main] BasicTypeRegistry - Adding type registration clob -> org.hibernate.type.ClobType@4e8e8621
[DEBUG] 2020-10-04 14:20:54.128 [main] BasicTypeRegistry - Adding type registration java.sql.Clob -> org.hibernate.type.ClobType@4e8e8621
[DEBUG] 2020-10-04 14:20:54.129 [main] BasicTypeRegistry - Adding type registration nclob -> org.hibernate.type.NClobType@303a5119
[DEBUG] 2020-10-04 14:20:54.130 [main] BasicTypeRegistry - Adding type registration java.sql.NClob -> org.hibernate.type.NClobType@303a5119
[DEBUG] 2020-10-04 14:20:54.130 [main] BasicTypeRegistry - Adding type registration materialized_clob -> org.hibernate.type.MaterializedClobType@6fca2a8f
[DEBUG] 2020-10-04 14:20:54.131 [main] BasicTypeRegistry - Adding type registration materialized_nclob -> org.hibernate.type.MaterializedNClobType@12db3386
[DEBUG] 2020-10-04 14:20:54.132 [main] BasicTypeRegistry - Adding type registration serializable -> org.hibernate.type.SerializableType@52fc5eb1
[DEBUG] 2020-10-04 14:20:54.135 [main] BasicTypeRegistry - Adding type registration object -> org.hibernate.type.ObjectType@21325036
[DEBUG] 2020-10-04 14:20:54.135 [main] BasicTypeRegistry - Adding type registration java.lang.Object -> org.hibernate.type.ObjectType@21325036
[DEBUG] 2020-10-04 14:20:54.139 [main] BasicTypeRegistry - Adding type registration imm_date -> org.hibernate.type.AdaptedImmutableType@5ee34b1b
[DEBUG] 2020-10-04 14:20:54.139 [main] BasicTypeRegistry - Adding type registration imm_time -> org.hibernate.type.AdaptedImmutableType@3c89bb12
[DEBUG] 2020-10-04 14:20:54.139 [main] BasicTypeRegistry - Adding type registration imm_timestamp -> org.hibernate.type.AdaptedImmutableType@48c4245d
[DEBUG] 2020-10-04 14:20:54.140 [main] BasicTypeRegistry - Adding type registration imm_dbtimestamp -> org.hibernate.type.AdaptedImmutableType@3df978b9
[DEBUG] 2020-10-04 14:20:54.140 [main] BasicTypeRegistry - Adding type registration imm_calendar -> org.hibernate.type.AdaptedImmutableType@7906578e
[DEBUG] 2020-10-04 14:20:54.140 [main] BasicTypeRegistry - Adding type registration imm_calendar_date -> org.hibernate.type.AdaptedImmutableType@8a62297
[DEBUG] 2020-10-04 14:20:54.140 [main] BasicTypeRegistry - Adding type registration imm_binary -> org.hibernate.type.AdaptedImmutableType@61a91912
[DEBUG] 2020-10-04 14:20:54.140 [main] BasicTypeRegistry - Adding type registration imm_serializable -> org.hibernate.type.AdaptedImmutableType@1763992e
[DEBUG] 2020-10-04 14:20:54.200 [main] DefaultIdentifierGeneratorFactory - Registering IdentifierGenerator strategy [uuid2] -> [org.hibernate.id.UUIDGenerator]
[DEBUG] 2020-10-04 14:20:54.201 [main] DefaultIdentifierGeneratorFactory - Registering IdentifierGenerator strategy [guid] -> [org.hibernate.id.GUIDGenerator]
[DEBUG] 2020-10-04 14:20:54.202 [main] DefaultIdentifierGeneratorFactory - Registering IdentifierGenerator strategy [uuid] -> [org.hibernate.id.UUIDHexGenerator]
[DEBUG] 2020-10-04 14:20:54.204 [main] DefaultIdentifierGeneratorFactory - Registering IdentifierGenerator strategy [uuid.hex] -> [org.hibernate.id.UUIDHexGenerator]
[DEBUG] 2020-10-04 14:20:54.208 [main] DefaultIdentifierGeneratorFactory - Registering IdentifierGenerator strategy [assigned] -> [org.hibernate.id.Assigned]
[DEBUG] 2020-10-04 14:20:54.209 [main] DefaultIdentifierGeneratorFactory - Registering IdentifierGenerator strategy [identity] -> [org.hibernate.id.IdentityGenerator]
[DEBUG] 2020-10-04 14:20:54.210 [main] DefaultIdentifierGeneratorFactory - Registering IdentifierGenerator strategy [select] -> [org.hibernate.id.SelectGenerator]
[DEBUG] 2020-10-04 14:20:54.211 [main] DefaultIdentifierGeneratorFactory - Registering IdentifierGenerator strategy [sequence] -> [org.hibernate.id.enhanced.SequenceStyleGenerator]
[DEBUG] 2020-10-04 14:20:54.212 [main] DefaultIdentifierGeneratorFactory - Registering IdentifierGenerator strategy [seqhilo] -> [org.hibernate.id.SequenceHiLoGenerator]
[DEBUG] 2020-10-04 14:20:54.212 [main] DefaultIdentifierGeneratorFactory - Registering IdentifierGenerator strategy [increment] -> [org.hibernate.id.IncrementGenerator]
[DEBUG] 2020-10-04 14:20:54.213 [main] DefaultIdentifierGeneratorFactory - Registering IdentifierGenerator strategy [foreign] -> [org.hibernate.id.ForeignGenerator]
[DEBUG] 2020-10-04 14:20:54.213 [main] DefaultIdentifierGeneratorFactory - Registering IdentifierGenerator strategy [sequence-identity] -> [org.hibernate.id.SequenceIdentityGenerator]
[DEBUG] 2020-10-04 14:20:54.214 [main] DefaultIdentifierGeneratorFactory - Registering IdentifierGenerator strategy [enhanced-sequence] -> [org.hibernate.id.enhanced.SequenceStyleGenerator]
[DEBUG] 2020-10-04 14:20:54.214 [main] DefaultIdentifierGeneratorFactory - Registering IdentifierGenerator strategy [enhanced-table] -> [org.hibernate.id.enhanced.TableGenerator]
[INFO ] 2020-10-04 14:20:54.222 [main] C3P0ConnectionProvider - HHH010002: C3P0 using driver: com.mysql.cj.jdbc.Driver at URL: jdbc:mysql://localhost:3306/test?serverTimezone=UTC
[INFO ] 2020-10-04 14:20:54.222 [main] C3P0ConnectionProvider - HHH10001001: Connection properties: {password=****, user=root}
[INFO ] 2020-10-04 14:20:54.222 [main] C3P0ConnectionProvider - HHH10001003: Autocommit mode: false
[INFO ] 2020-10-04 14:20:54.468 [main] C3P0ConnectionProvider - HHH10001007: JDBC isolation level: <unknown>
[DEBUG] 2020-10-04 14:20:55.537 [main] JdbcEnvironmentInitiator - Database ->
       name : MySQL
    version : 8.0.16
      major : 8
      minor : 0
[DEBUG] 2020-10-04 14:20:55.538 [main] JdbcEnvironmentInitiator - Driver ->
       name : MySQL Connector/J
    version : mysql-connector-java-8.0.16 (Revision: 34cbc6bc61f72836e26327537a432d6db7c77de6)
      major : 8
      minor : 0
[DEBUG] 2020-10-04 14:20:55.538 [main] JdbcEnvironmentInitiator - JDBC version : 4.2
[INFO ] 2020-10-04 14:20:55.628 [main] Dialect - HHH000400: Using dialect: org.hibernate.dialect.MySQL8Dialect
[DEBUG] 2020-10-04 14:20:55.655 [main] IdentifierHelperBuilder - JDBC driver metadata reported database stores quoted identifiers in more than one case
[DEBUG] 2020-10-04 14:20:55.717 [main] IdentifierHelperBuilder - IdentifierCaseStrategy for both quoted and unquoted identifiers was set to the same strategy [MIXED]; that will likely lead to problems in schema update and validation if using quoted identifiers
[DEBUG] 2020-10-04 14:20:55.806 [main] Namespace - Created database namespace [logicalName=Name{catalog=null, schema=null}, physicalName=Name{catalog=null, schema=null}]
[DEBUG] 2020-10-04 14:20:55.812 [main] TypeConfiguration$Scope - Scoping TypeConfiguration [org.hibernate.type.spi.TypeConfiguration@4e1459ea] to MetadataBuildingContext [org.hibernate.boot.internal.MetadataBuildingContextRootImpl@3ab6678b]
[DEBUG] 2020-10-04 14:20:55.912 [main] AnnotationBinder - Binding entity from annotated class: edu.matc.entity.Product
[DEBUG] 2020-10-04 14:20:55.959 [main] Ejb3Column - Binding column: Ejb3DiscriminatorColumn{logicalColumnName'DTYPE', discriminatorTypeName='string'}
[DEBUG] 2020-10-04 14:20:55.968 [main] EntityBinder - Import with entity name Product
[DEBUG] 2020-10-04 14:20:55.974 [main] EntityBinder - Bind entity edu.matc.entity.Product on table product
[DEBUG] 2020-10-04 14:20:56.027 [main] Ejb3Column - Binding column: Ejb3Column{table=org.hibernate.mapping.Table(product), mappingColumn=item_id, insertable=true, updatable=true, unique=false}
[DEBUG] 2020-10-04 14:20:56.029 [main] PropertyBinder - MetadataSourceProcessor property itemId with lazy=false
[DEBUG] 2020-10-04 14:20:56.032 [main] AbstractPropertyHolder - Attempting to locate auto-apply AttributeConverter for property [edu.matc.entity.Product:itemId]
[DEBUG] 2020-10-04 14:20:56.046 [main] SimpleValueBinder - building SimpleValue for itemId
[DEBUG] 2020-10-04 14:20:56.050 [main] PropertyBinder - Building property itemId
[DEBUG] 2020-10-04 14:20:56.059 [main] BinderHelper - #makeIdGenerator(org.hibernate.mapping.SimpleValue([org.hibernate.mapping.Column(item_id)]), itemId, org.hibernate.id.enhanced.SequenceStyleGenerator, native, ...)
[DEBUG] 2020-10-04 14:20:56.067 [main] Ejb3Column - Binding column: Ejb3Column{table=org.hibernate.mapping.Table(product), mappingColumn=customizable, insertable=true, updatable=true, unique=false}
[DEBUG] 2020-10-04 14:20:56.069 [main] PropertyBinder - MetadataSourceProcessor property customizable with lazy=false
[DEBUG] 2020-10-04 14:20:56.069 [main] AbstractPropertyHolder - Attempting to locate auto-apply AttributeConverter for property [edu.matc.entity.Product:customizable]
[DEBUG] 2020-10-04 14:20:56.069 [main] SimpleValueBinder - building SimpleValue for customizable
[DEBUG] 2020-10-04 14:20:56.069 [main] PropertyBinder - Building property customizable
[DEBUG] 2020-10-04 14:20:56.074 [main] Ejb3Column - Binding column: Ejb3Column{table=org.hibernate.mapping.Table(product), mappingColumn=description, insertable=true, updatable=true, unique=false}
[DEBUG] 2020-10-04 14:20:56.075 [main] PropertyBinder - MetadataSourceProcessor property description with lazy=false
[DEBUG] 2020-10-04 14:20:56.075 [main] AbstractPropertyHolder - Attempting to locate auto-apply AttributeConverter for property [edu.matc.entity.Product:description]
[DEBUG] 2020-10-04 14:20:56.078 [main] SimpleValueBinder - building SimpleValue for description
[DEBUG] 2020-10-04 14:20:56.078 [main] PropertyBinder - Building property description
[DEBUG] 2020-10-04 14:20:56.082 [main] Ejb3Column - Binding column: Ejb3Column{table=org.hibernate.mapping.Table(product), mappingColumn=image, insertable=true, updatable=true, unique=false}
[DEBUG] 2020-10-04 14:20:56.082 [main] PropertyBinder - MetadataSourceProcessor property image with lazy=false
[DEBUG] 2020-10-04 14:20:56.083 [main] AbstractPropertyHolder - Attempting to locate auto-apply AttributeConverter for property [edu.matc.entity.Product:image]
[DEBUG] 2020-10-04 14:20:56.083 [main] SimpleValueBinder - building SimpleValue for image
[DEBUG] 2020-10-04 14:20:56.083 [main] PropertyBinder - Building property image
[DEBUG] 2020-10-04 14:20:56.084 [main] Ejb3Column - Binding column: Ejb3Column{table=org.hibernate.mapping.Table(product), mappingColumn=price, insertable=true, updatable=true, unique=false}
[DEBUG] 2020-10-04 14:20:56.084 [main] PropertyBinder - MetadataSourceProcessor property price with lazy=false
[DEBUG] 2020-10-04 14:20:56.085 [main] AbstractPropertyHolder - Attempting to locate auto-apply AttributeConverter for property [edu.matc.entity.Product:price]
[DEBUG] 2020-10-04 14:20:56.085 [main] SimpleValueBinder - building SimpleValue for price
[DEBUG] 2020-10-04 14:20:56.085 [main] PropertyBinder - Building property price
[DEBUG] 2020-10-04 14:20:56.093 [main] Ejb3Column - Binding column: Ejb3Column{table=org.hibernate.mapping.Table(product), mappingColumn=production_cost, insertable=true, updatable=true, unique=false}
[DEBUG] 2020-10-04 14:20:56.094 [main] PropertyBinder - MetadataSourceProcessor property productionCost with lazy=false
[DEBUG] 2020-10-04 14:20:56.094 [main] AbstractPropertyHolder - Attempting to locate auto-apply AttributeConverter for property [edu.matc.entity.Product:productionCost]
[DEBUG] 2020-10-04 14:20:56.094 [main] SimpleValueBinder - building SimpleValue for productionCost
[DEBUG] 2020-10-04 14:20:56.095 [main] PropertyBinder - Building property productionCost
[DEBUG] 2020-10-04 14:20:56.095 [main] Ejb3Column - Binding column: Ejb3Column{table=org.hibernate.mapping.Table(product), mappingColumn=tags, insertable=true, updatable=true, unique=false}
[DEBUG] 2020-10-04 14:20:56.095 [main] PropertyBinder - MetadataSourceProcessor property tags with lazy=false
[DEBUG] 2020-10-04 14:20:56.095 [main] AbstractPropertyHolder - Attempting to locate auto-apply AttributeConverter for property [edu.matc.entity.Product:tags]
[DEBUG] 2020-10-04 14:20:56.095 [main] SimpleValueBinder - building SimpleValue for tags
[DEBUG] 2020-10-04 14:20:56.095 [main] PropertyBinder - Building property tags
[DEBUG] 2020-10-04 14:20:56.095 [main] Ejb3Column - Binding column: Ejb3Column{table=org.hibernate.mapping.Table(product), mappingColumn=title, insertable=true, updatable=true, unique=false}
[DEBUG] 2020-10-04 14:20:56.097 [main] PropertyBinder - MetadataSourceProcessor property title with lazy=false
[DEBUG] 2020-10-04 14:20:56.098 [main] AbstractPropertyHolder - Attempting to locate auto-apply AttributeConverter for property [edu.matc.entity.Product:title]
[DEBUG] 2020-10-04 14:20:56.098 [main] SimpleValueBinder - building SimpleValue for title
[DEBUG] 2020-10-04 14:20:56.098 [main] PropertyBinder - Building property title
[DEBUG] 2020-10-04 14:20:56.100 [main] Ejb3Column - Binding column: Ejb3JoinColumn{logicalColumnName='user_id', referencedColumn='', mappedBy=''}
[DEBUG] 2020-10-04 14:20:56.101 [main] Ejb3Column - Binding column: Ejb3Column{table=org.hibernate.mapping.Table(product), mappingColumn=user, insertable=true, updatable=true, unique=false}
[DEBUG] 2020-10-04 14:20:56.106 [main] PropertyBinder - Building property user
[DEBUG] 2020-10-04 14:20:56.107 [main] AnnotationBinder - Binding entity from annotated class: edu.matc.entity.User
[DEBUG] 2020-10-04 14:20:56.108 [main] Ejb3Column - Binding column: Ejb3DiscriminatorColumn{logicalColumnName'DTYPE', discriminatorTypeName='string'}
[DEBUG] 2020-10-04 14:20:56.109 [main] EntityBinder - Import with entity name User
[DEBUG] 2020-10-04 14:20:56.109 [main] EntityBinder - Bind entity edu.matc.entity.User on table user
[DEBUG] 2020-10-04 14:20:56.118 [main] Ejb3Column - Binding column: Ejb3Column{table=org.hibernate.mapping.Table(user), mappingColumn=user_id, insertable=true, updatable=true, unique=false}
[DEBUG] 2020-10-04 14:20:56.118 [main] PropertyBinder - MetadataSourceProcessor property userId with lazy=false
[DEBUG] 2020-10-04 14:20:56.119 [main] AbstractPropertyHolder - Attempting to locate auto-apply AttributeConverter for property [edu.matc.entity.User:userId]
[DEBUG] 2020-10-04 14:20:56.119 [main] SimpleValueBinder - building SimpleValue for userId
[DEBUG] 2020-10-04 14:20:56.119 [main] PropertyBinder - Building property userId
[DEBUG] 2020-10-04 14:20:56.121 [main] BinderHelper - #makeIdGenerator(org.hibernate.mapping.SimpleValue([org.hibernate.mapping.Column(user_id)]), userId, org.hibernate.id.enhanced.SequenceStyleGenerator, native, ...)
[DEBUG] 2020-10-04 14:20:56.122 [main] Ejb3Column - Binding column: Ejb3Column{table=org.hibernate.mapping.Table(user), mappingColumn=email, insertable=true, updatable=true, unique=false}
[DEBUG] 2020-10-04 14:20:56.122 [main] PropertyBinder - MetadataSourceProcessor property email with lazy=false
[DEBUG] 2020-10-04 14:20:56.126 [main] AbstractPropertyHolder - Attempting to locate auto-apply AttributeConverter for property [edu.matc.entity.User:email]
[DEBUG] 2020-10-04 14:20:56.126 [main] SimpleValueBinder - building SimpleValue for email
[DEBUG] 2020-10-04 14:20:56.126 [main] PropertyBinder - Building property email
[DEBUG] 2020-10-04 14:20:56.127 [main] Ejb3Column - Binding column: Ejb3Column{table=org.hibernate.mapping.Table(user), mappingColumn=first_name, insertable=true, updatable=true, unique=false}
[DEBUG] 2020-10-04 14:20:56.127 [main] PropertyBinder - MetadataSourceProcessor property firstName with lazy=false
[DEBUG] 2020-10-04 14:20:56.128 [main] AbstractPropertyHolder - Attempting to locate auto-apply AttributeConverter for property [edu.matc.entity.User:firstName]
[DEBUG] 2020-10-04 14:20:56.128 [main] SimpleValueBinder - building SimpleValue for firstName
[DEBUG] 2020-10-04 14:20:56.128 [main] PropertyBinder - Building property firstName
[DEBUG] 2020-10-04 14:20:56.128 [main] Ejb3Column - Binding column: Ejb3Column{table=org.hibernate.mapping.Table(user), mappingColumn=last_name, insertable=true, updatable=true, unique=false}
[DEBUG] 2020-10-04 14:20:56.129 [main] PropertyBinder - MetadataSourceProcessor property lastName with lazy=false
[DEBUG] 2020-10-04 14:20:56.129 [main] AbstractPropertyHolder - Attempting to locate auto-apply AttributeConverter for property [edu.matc.entity.User:lastName]
[DEBUG] 2020-10-04 14:20:56.129 [main] SimpleValueBinder - building SimpleValue for lastName
[DEBUG] 2020-10-04 14:20:56.129 [main] PropertyBinder - Building property lastName
[DEBUG] 2020-10-04 14:20:56.129 [main] Ejb3Column - Binding column: Ejb3Column{table=org.hibernate.mapping.Table(user), mappingColumn=password, insertable=true, updatable=true, unique=false}
[DEBUG] 2020-10-04 14:20:56.129 [main] PropertyBinder - MetadataSourceProcessor property password with lazy=false
[DEBUG] 2020-10-04 14:20:56.129 [main] AbstractPropertyHolder - Attempting to locate auto-apply AttributeConverter for property [edu.matc.entity.User:password]
[DEBUG] 2020-10-04 14:20:56.129 [main] SimpleValueBinder - building SimpleValue for password
[DEBUG] 2020-10-04 14:20:56.129 [main] PropertyBinder - Building property password
[DEBUG] 2020-10-04 14:20:56.129 [main] Ejb3Column - Binding column: Ejb3JoinColumn{logicalColumnName='null', referencedColumn='null', mappedBy='user'}
[DEBUG] 2020-10-04 14:20:56.132 [main] Ejb3Column - Binding column: Ejb3Column{table=org.hibernate.mapping.Table(user), mappingColumn=products, insertable=true, updatable=true, unique=false}
[DEBUG] 2020-10-04 14:20:56.135 [main] Ejb3Column - Binding column: Ejb3Column{table=org.hibernate.mapping.Table(user), mappingColumn=null, insertable=true, updatable=true, unique=false}
[DEBUG] 2020-10-04 14:20:56.149 [main] Ejb3Column - Binding column: Ejb3Column{table=org.hibernate.mapping.Table(user), mappingColumn=element, insertable=true, updatable=true, unique=false}
[DEBUG] 2020-10-04 14:20:56.150 [main] Ejb3Column - Binding column: Ejb3Column{table=org.hibernate.mapping.Table(user), mappingColumn=products_KEY, insertable=true, updatable=true, unique=false}
[DEBUG] 2020-10-04 14:20:56.154 [main] Ejb3Column - Binding column: Ejb3JoinColumn{logicalColumnName='products_KEY', referencedColumn='null', mappedBy='null'}
[DEBUG] 2020-10-04 14:20:56.155 [main] Ejb3Column - Binding column: Ejb3JoinColumn{logicalColumnName='null', referencedColumn='null', mappedBy='user'}
[DEBUG] 2020-10-04 14:20:56.155 [main] Ejb3Column - Binding column: Ejb3JoinColumn{logicalColumnName='null', referencedColumn='null', mappedBy='user'}
[DEBUG] 2020-10-04 14:20:56.156 [main] CollectionBinder - Collection role: edu.matc.entity.User.products
[DEBUG] 2020-10-04 14:20:56.158 [main] PropertyBinder - Building property products
[DEBUG] 2020-10-04 14:20:56.165 [main] SimpleValueBinder - Starting fillSimpleValue for itemId
[DEBUG] 2020-10-04 14:20:56.165 [main] SimpleValueBinder - Starting fillSimpleValue for customizable
[DEBUG] 2020-10-04 14:20:56.166 [main] SimpleValueBinder - Starting fillSimpleValue for description
[DEBUG] 2020-10-04 14:20:56.166 [main] SimpleValueBinder - Starting fillSimpleValue for image
[DEBUG] 2020-10-04 14:20:56.166 [main] SimpleValueBinder - Starting fillSimpleValue for price
[DEBUG] 2020-10-04 14:20:56.166 [main] SimpleValueBinder - Starting fillSimpleValue for productionCost
[DEBUG] 2020-10-04 14:20:56.166 [main] SimpleValueBinder - Starting fillSimpleValue for tags
[DEBUG] 2020-10-04 14:20:56.166 [main] SimpleValueBinder - Starting fillSimpleValue for title
[DEBUG] 2020-10-04 14:20:56.166 [main] SimpleValueBinder - Starting fillSimpleValue for userId
[DEBUG] 2020-10-04 14:20:56.166 [main] SimpleValueBinder - Starting fillSimpleValue for email
[DEBUG] 2020-10-04 14:20:56.166 [main] SimpleValueBinder - Starting fillSimpleValue for firstName
[DEBUG] 2020-10-04 14:20:56.166 [main] SimpleValueBinder - Starting fillSimpleValue for lastName
[DEBUG] 2020-10-04 14:20:56.166 [main] SimpleValueBinder - Starting fillSimpleValue for password
[DEBUG] 2020-10-04 14:20:56.170 [main] PrimaryKey - Forcing column [item_id] to be non-null as it is part of the primary key for table [product]
[DEBUG] 2020-10-04 14:20:56.171 [main] PrimaryKey - Forcing column [user_id] to be non-null as it is part of the primary key for table [user]
[DEBUG] 2020-10-04 14:20:56.172 [main] CollectionSecondPass - Second pass for collection: edu.matc.entity.User.products
[DEBUG] 2020-10-04 14:20:56.174 [main] CollectionBinder - Binding a OneToMany: edu.matc.entity.User.products through a foreign key
[DEBUG] 2020-10-04 14:20:56.176 [main] CollectionBinder - Mapping collection: edu.matc.entity.User.products -> product
[DEBUG] 2020-10-04 14:20:56.180 [main] TableBinder - Retrieving property edu.matc.entity.Product.user
[DEBUG] 2020-10-04 14:20:56.180 [main] CollectionSecondPass - Mapped collection key: user_id, one-to-many: edu.matc.entity.Product
[DEBUG] 2020-10-04 14:20:56.180 [main] InFlightMetadataCollectorImpl - Resolving reference to class: edu.matc.entity.User
[DEBUG] 2020-10-04 14:20:56.184 [main] InFlightMetadataCollectorImpl - Resolving reference to class: edu.matc.entity.User
[DEBUG] 2020-10-04 14:20:56.229 [main] SessionFactoryImpl - Building session factory
[DEBUG] 2020-10-04 14:20:56.230 [main] Settings - SessionFactory name : null
[DEBUG] 2020-10-04 14:20:56.231 [main] Settings - Automatic flush during beforeCompletion(): enabled
[DEBUG] 2020-10-04 14:20:56.231 [main] Settings - Automatic session close at end of transaction: disabled
[DEBUG] 2020-10-04 14:20:56.231 [main] Settings - Statistics: disabled
[DEBUG] 2020-10-04 14:20:56.231 [main] Settings - Deleted entity synthetic identifier rollback: disabled
[DEBUG] 2020-10-04 14:20:56.231 [main] Settings - Default entity-mode: pojo
[DEBUG] 2020-10-04 14:20:56.231 [main] Settings - Check Nullability in Core (should be disabled when Bean Validation is on): enabled
[DEBUG] 2020-10-04 14:20:56.231 [main] Settings - Allow initialization of lazy state outside session : disabled
[DEBUG] 2020-10-04 14:20:56.231 [main] Settings - Using BatchFetchStyle : LEGACY
[DEBUG] 2020-10-04 14:20:56.232 [main] Settings - Default batch fetch size: -1
[DEBUG] 2020-10-04 14:20:56.232 [main] Settings - Maximum outer join fetch depth: 2
[DEBUG] 2020-10-04 14:20:56.232 [main] Settings - Default null ordering: NONE
[DEBUG] 2020-10-04 14:20:56.232 [main] Settings - Order SQL updates by primary key: disabled
[DEBUG] 2020-10-04 14:20:56.232 [main] Settings - Order SQL inserts for batching: disabled
[DEBUG] 2020-10-04 14:20:56.232 [main] Settings - multi-tenancy strategy : NONE
[DEBUG] 2020-10-04 14:20:56.232 [main] Settings - JTA Track by Thread: enabled
[DEBUG] 2020-10-04 14:20:56.232 [main] Settings - Query language substitutions: {}
[DEBUG] 2020-10-04 14:20:56.235 [main] Settings - Named query checking : enabled
[DEBUG] 2020-10-04 14:20:56.236 [main] Settings - Second-level cache: disabled
[DEBUG] 2020-10-04 14:20:56.236 [main] Settings - Second-level query cache: disabled
[DEBUG] 2020-10-04 14:20:56.236 [main] Settings - Second-level query cache factory: null
[DEBUG] 2020-10-04 14:20:56.236 [main] Settings - Second-level cache region prefix: null
[DEBUG] 2020-10-04 14:20:56.236 [main] Settings - Optimize second-level cache for minimal puts: disabled
[DEBUG] 2020-10-04 14:20:56.236 [main] Settings - Structured second-level cache entries: disabled
[DEBUG] 2020-10-04 14:20:56.236 [main] Settings - Second-level cache direct-reference entries: disabled
[DEBUG] 2020-10-04 14:20:56.236 [main] Settings - Automatic eviction of collection cache: disabled
[DEBUG] 2020-10-04 14:20:56.236 [main] Settings - JDBC batch size: 15
[DEBUG] 2020-10-04 14:20:56.236 [main] Settings - JDBC batch updates for versioned data: enabled
[DEBUG] 2020-10-04 14:20:56.236 [main] Settings - Scrollable result sets: enabled
[DEBUG] 2020-10-04 14:20:56.236 [main] Settings - Wrap result sets: disabled
[DEBUG] 2020-10-04 14:20:56.236 [main] Settings - JDBC3 getGeneratedKeys(): enabled
[DEBUG] 2020-10-04 14:20:56.236 [main] Settings - JDBC result set fetch size: null
[DEBUG] 2020-10-04 14:20:56.236 [main] Settings - Connection release mode: AFTER_TRANSACTION
[DEBUG] 2020-10-04 14:20:56.236 [main] Settings - Generate SQL with comments: disabled
[DEBUG] 2020-10-04 14:20:56.237 [main] Settings - JPA compliance - query : 
[DEBUG] 2020-10-04 14:20:56.237 [main] Settings - JPA compliance - closed-handling : 
[DEBUG] 2020-10-04 14:20:56.237 [main] Settings - JPA compliance - lists : 
[DEBUG] 2020-10-04 14:20:56.237 [main] Settings - JPA compliance - transactions : 
[INFO ] 2020-10-04 14:20:56.332 [main] beans - HHH10005002: No explicit CDI BeanManager reference was passed to Hibernate, but CDI is available on the Hibernate ClassLoader.
[DEBUG] 2020-10-04 14:20:56.366 [main] SessionFactoryImpl - Session factory constructed with filter configurations : {}
[DEBUG] 2020-10-04 14:20:56.366 [main] SessionFactoryImpl - Instantiating session factory with properties: {sun.desktop=gnome, awt.toolkit=sun.awt.X11.XToolkit, java.specification.version=11, sun.cpu.isalist=, hibernate.c3p0.idle_test_period=3000, sun.jnu.encoding=UTF-8, hibernate.c3p0.min_size=5, java.class.path=/home/student/intellij/lib/idea_rt.jar:/home/student/intellij/plugins/junit/lib/junit-rt.jar:/home/student/intellij/plugins/junit/lib/junit5-rt.jar:/home/student/IdeaProjects/customCrafts/target/test-classes:/home/student/IdeaProjects/customCrafts/target/classes:/home/student/.m2/repository/org/junit/platform/junit-platform-runner/1.0.0/junit-platform-runner-1.0.0.jar:/home/student/.m2/repository/org/apiguardian/apiguardian-api/1.0.0/apiguardian-api-1.0.0.jar:/home/student/.m2/repository/org/junit/platform/junit-platform-launcher/1.0.0/junit-platform-launcher-1.0.0.jar:/home/student/.m2/repository/org/junit/platform/junit-platform-suite-api/1.0.0/junit-platform-suite-api-1.0.0.jar:/home/student/.m2/repository/org/junit/platform/junit-platform-commons/1.0.0/junit-platform-commons-1.0.0.jar:/home/student/.m2/repository/org/junit/vintage/junit-vintage-engine/4.12.0/junit-vintage-engine-4.12.0.jar:/home/student/.m2/repository/org/junit/platform/junit-platform-engine/1.0.0/junit-platform-engine-1.0.0.jar:/home/student/.m2/repository/org/opentest4j/opentest4j/1.0.0/opentest4j-1.0.0.jar:/home/student/.m2/repository/org/junit/jupiter/junit-jupiter-engine/5.0.0/junit-jupiter-engine-5.0.0.jar:/home/student/.m2/repository/org/junit/jupiter/junit-jupiter-api/5.0.0/junit-jupiter-api-5.0.0.jar:/home/student/.m2/repository/junit/junit/4.12/junit-4.12.jar:/home/student/.m2/repository/org/hamcrest/hamcrest-core/1.3/hamcrest-core-1.3.jar:/home/student/.m2/repository/javax/javaee-web-api/7.0/javaee-web-api-7.0.jar:/home/student/.m2/repository/mysql/mysql-connector-java/8.0.16/mysql-connector-java-8.0.16.jar:/home/student/.m2/repository/com/google/protobuf/protobuf-java/3.6.1/protobuf-java-3.6.1.jar:/home/student/.m2/repository/jstl/jstl/1.2/jstl-1.2.jar:/home/student/.m2/repository/org/apache/logging/log4j/log4j-api/2.10.0/log4j-api-2.10.0.jar:/home/student/.m2/repository/org/apache/logging/log4j/log4j-core/2.10.0/log4j-core-2.10.0.jar:/home/student/.m2/repository/org/hibernate/hibernate-core/5.4.4.Final/hibernate-core-5.4.4.Final.jar:/home/student/.m2/repository/org/jboss/logging/jboss-logging/3.3.2.Final/jboss-logging-3.3.2.Final.jar:/home/student/.m2/repository/javax/persistence/javax.persistence-api/2.2/javax.persistence-api-2.2.jar:/home/student/.m2/repository/org/javassist/javassist/3.24.0-GA/javassist-3.24.0-GA.jar:/home/student/.m2/repository/net/bytebuddy/byte-buddy/1.9.11/byte-buddy-1.9.11.jar:/home/student/.m2/repository/antlr/antlr/2.7.7/antlr-2.7.7.jar:/home/student/.m2/repository/org/jboss/spec/javax/transaction/jboss-transaction-api_1.2_spec/1.1.1.Final/jboss-transaction-api_1.2_spec-1.1.1.Final.jar:/home/student/.m2/repository/org/jboss/jandex/2.0.5.Final/jandex-2.0.5.Final.jar:/home/student/.m2/repository/com/fasterxml/classmate/1.3.4/classmate-1.3.4.jar:/home/student/.m2/repository/javax/activation/javax.activation-api/1.2.0/javax.activation-api-1.2.0.jar:/home/student/.m2/repository/org/dom4j/dom4j/2.1.1/dom4j-2.1.1.jar:/home/student/.m2/repository/org/hibernate/common/hibernate-commons-annotations/5.1.0.Final/hibernate-commons-annotations-5.1.0.Final.jar:/home/student/.m2/repository/javax/xml/bind/jaxb-api/2.3.1/jaxb-api-2.3.1.jar:/home/student/.m2/repository/org/glassfish/jaxb/jaxb-runtime/2.3.1/jaxb-runtime-2.3.1.jar:/home/student/.m2/repository/org/glassfish/jaxb/txw2/2.3.1/txw2-2.3.1.jar:/home/student/.m2/repository/com/sun/istack/istack-commons-runtime/3.0.7/istack-commons-runtime-3.0.7.jar:/home/student/.m2/repository/org/jvnet/staxex/stax-ex/1.8/stax-ex-1.8.jar:/home/student/.m2/repository/com/sun/xml/fastinfoset/FastInfoset/1.2.15/FastInfoset-1.2.15.jar:/home/student/.m2/repository/org/hibernate/hibernate-c3p0/5.4.4.Final/hibernate-c3p0-5.4.4.Final.jar:/home/student/.m2/repository/com/mchange/c3p0/0.9.5.3/c3p0-0.9.5.3.jar:/home/student/.m2/repository/com/mchange/mchange-commons-java/0.2.15/mchange-commons-java-0.2.15.jar, java.vm.vendor=Ubuntu, sun.arch.data.model=64, idea.test.cyclic.buffer.size=1048576, java.vendor.url=https://ubuntu.com/, user.timezone=America/Chicago, os.name=Linux, java.vm.specification.version=11, sun.java.launcher=SUN_STANDARD, user.country=US, sun.boot.library.path=/usr/lib/jvm/java-11-openjdk-amd64/lib, sun.java.command=com.intellij.rt.execution.junit.JUnitStarter -ideVersion5 -junit5 @w@/tmp/idea_working_dirs_junit.tmp @/tmp/idea_junit.tmp, jdk.debug=release, sun.cpu.endian=little, user.home=/home/student, hibernate.c3p0.max_statements=50, user.language=en, java.specification.vendor=Oracle Corporation, java.version.date=2020-07-14, java.home=/usr/lib/jvm/java-11-openjdk-amd64, file.separator=/, java.vm.compressedOopsMode=32-bit, line.separator=
, hibernate.c3p0.timeout=300, java.specification.name=Java Platform API Specification, java.vm.specification.vendor=Oracle Corporation, java.awt.graphicsenv=sun.awt.X11GraphicsEnvironment, connection.password=student, sun.management.compiler=HotSpot 64-Bit Tiered Compilers, hibernate.c3p0.max_size=20, java.runtime.version=11.0.8+10-post-Ubuntu-0ubuntu118.04.1, user.name=student, path.separator=:, hibernate.connection.username=****, os.version=5.4.0-48-generic, java.runtime.name=OpenJDK Runtime Environment, hibernate.connection.url=jdbc:mysql://localhost:3306/test?serverTimezone=UTC, file.encoding=UTF-8, java.vm.name=OpenJDK 64-Bit Server VM, hibernate.connection.driver_class=com.mysql.cj.jdbc.Driver, java.vendor.url.bug=https://bugs.launchpad.net/ubuntu/+source/openjdk-lts, java.io.tmpdir=/tmp, java.version=11.0.8, user.dir=/home/student/IdeaProjects/customCrafts, os.arch=amd64, connection.username=root, java.vm.specification.name=Java Virtual Machine Specification, java.awt.printerjob=sun.print.PSPrinterJob, hibernate.connection.password=****, sun.os.patch.level=unknown, connection.driver_class=com.mysql.cj.jdbc.Driver, hibernate.boot.CfgXmlAccessService.key=org.hibernate.boot.cfgxml.spi.LoadedConfig@43a09ce2, java.library.path=/usr/java/packages/lib:/usr/lib/x86_64-linux-gnu/jni:/lib/x86_64-linux-gnu:/usr/lib/x86_64-linux-gnu:/usr/lib/jni:/lib:/usr/lib, java.vendor=Ubuntu, java.vm.info=mixed mode, sharing, java.vm.version=11.0.8+10-post-Ubuntu-0ubuntu118.04.1, hibernate.bytecode.use_reflection_optimizer=false, sun.io.unicode.encoding=UnicodeLittle, connection.url=jdbc:mysql://localhost:3306/test?serverTimezone=UTC, java.class.version=55.0}
[DEBUG] 2020-10-04 14:20:56.402 [main] TypeSafeActivator - Unable to acquire Bean Validation ValidatorFactory, skipping activation
[DEBUG] 2020-10-04 14:20:56.403 [main] JaccIntegrator - Skipping JACC integration as it was not enabled
[DEBUG] 2020-10-04 14:20:56.404 [main] SessionFactoryImpl - Instantiated session factory
[DEBUG] 2020-10-04 14:20:56.404 [main] TypeConfiguration$Scope - Scoping TypeConfiguration [org.hibernate.type.spi.TypeConfiguration@4e1459ea] to SessionFactoryImpl [org.hibernate.internal.SessionFactoryImpl@4b76aa5a]
[DEBUG] 2020-10-04 14:20:56.614 [main] ClassLoaderAccessImpl - Not known whether passed class name [edu.matc.entity.User] is safe
[DEBUG] 2020-10-04 14:20:56.614 [main] ClassLoaderAccessImpl - No temp ClassLoader provided; using live ClassLoader for loading potentially unsafe class : edu.matc.entity.User
[DEBUG] 2020-10-04 14:20:56.646 [main] ClassLoaderAccessImpl - Not known whether passed class name [edu.matc.entity.User] is safe
[DEBUG] 2020-10-04 14:20:56.646 [main] ClassLoaderAccessImpl - No temp ClassLoader provided; using live ClassLoader for loading potentially unsafe class : edu.matc.entity.User
[DEBUG] 2020-10-04 14:20:56.992 [main] ClassLoaderAccessImpl - Not known whether passed class name [edu.matc.entity.Product] is safe
[DEBUG] 2020-10-04 14:20:56.992 [main] ClassLoaderAccessImpl - No temp ClassLoader provided; using live ClassLoader for loading potentially unsafe class : edu.matc.entity.Product
[DEBUG] 2020-10-04 14:20:56.993 [main] ClassLoaderAccessImpl - Not known whether passed class name [edu.matc.entity.Product] is safe
[DEBUG] 2020-10-04 14:20:56.994 [main] ClassLoaderAccessImpl - No temp ClassLoader provided; using live ClassLoader for loading potentially unsafe class : edu.matc.entity.Product
[DEBUG] 2020-10-04 14:20:57.094 [main] AbstractCollectionPersister - Static SQL for collection: edu.matc.entity.User.products
[DEBUG] 2020-10-04 14:20:57.098 [main] AbstractCollectionPersister -  Row insert: update product set user_id=? where item_id=?
[DEBUG] 2020-10-04 14:20:57.098 [main] AbstractCollectionPersister -  Row update: update product set  where item_id=?
[DEBUG] 2020-10-04 14:20:57.098 [main] AbstractCollectionPersister -  Row delete: update product set user_id=null where user_id=? and item_id=?
[DEBUG] 2020-10-04 14:20:57.098 [main] AbstractCollectionPersister -  One-shot delete: update product set user_id=null where user_id=?
[DEBUG] 2020-10-04 14:20:57.106 [main] AbstractEntityPersister - Static SQL for entity: edu.matc.entity.User
[DEBUG] 2020-10-04 14:20:57.106 [main] AbstractEntityPersister -  Version select: select user_id from user where user_id =?
[DEBUG] 2020-10-04 14:20:57.106 [main] AbstractEntityPersister -  Snapshot select: select user_.user_id, user_.email as email2_1_, user_.first_name as first_na3_1_, user_.last_name as last_nam4_1_, user_.password as password5_1_ from user user_ where user_.user_id=?
[DEBUG] 2020-10-04 14:20:57.106 [main] AbstractEntityPersister -  Insert 0: insert into user (email, first_name, last_name, password, user_id) values (?, ?, ?, ?, ?)
[DEBUG] 2020-10-04 14:20:57.106 [main] AbstractEntityPersister -  Update 0: update user set email=?, first_name=?, last_name=?, password=? where user_id=?
[DEBUG] 2020-10-04 14:20:57.106 [main] AbstractEntityPersister -  Delete 0: delete from user where user_id=?
[DEBUG] 2020-10-04 14:20:57.106 [main] AbstractEntityPersister -  Identity insert: insert into user (email, first_name, last_name, password) values (?, ?, ?, ?)
[DEBUG] 2020-10-04 14:20:57.155 [main] QuerySpacesImpl - Adding QuerySpace : uid = <gen:0> -> org.hibernate.loader.plan.build.internal.spaces.EntityQuerySpaceImpl@3d40a3b4]
[DEBUG] 2020-10-04 14:20:57.157 [main] MetamodelGraphWalker - Visiting attribute path : email
[DEBUG] 2020-10-04 14:20:57.157 [main] MetamodelGraphWalker - Visiting attribute path : firstName
[DEBUG] 2020-10-04 14:20:57.157 [main] MetamodelGraphWalker - Visiting attribute path : lastName
[DEBUG] 2020-10-04 14:20:57.157 [main] MetamodelGraphWalker - Visiting attribute path : password
[DEBUG] 2020-10-04 14:20:57.157 [main] MetamodelGraphWalker - Visiting attribute path : products
[DEBUG] 2020-10-04 14:20:57.164 [main] QuerySpacesImpl - Adding QuerySpace : uid = <gen:1> -> org.hibernate.loader.plan.build.internal.spaces.CollectionQuerySpaceImpl@58fd1214]
[DEBUG] 2020-10-04 14:20:57.172 [main] QuerySpacesImpl - Adding QuerySpace : uid = <gen:2> -> org.hibernate.loader.plan.build.internal.spaces.EntityQuerySpaceImpl@6f9e08d4]
[DEBUG] 2020-10-04 14:20:57.178 [main] MetamodelGraphWalker - Visiting attribute path : products.customizable
[DEBUG] 2020-10-04 14:20:57.178 [main] MetamodelGraphWalker - Visiting attribute path : products.description
[DEBUG] 2020-10-04 14:20:57.178 [main] MetamodelGraphWalker - Visiting attribute path : products.image
[DEBUG] 2020-10-04 14:20:57.178 [main] MetamodelGraphWalker - Visiting attribute path : products.price
[DEBUG] 2020-10-04 14:20:57.178 [main] MetamodelGraphWalker - Visiting attribute path : products.productionCost
[DEBUG] 2020-10-04 14:20:57.178 [main] MetamodelGraphWalker - Visiting attribute path : products.tags
[DEBUG] 2020-10-04 14:20:57.178 [main] MetamodelGraphWalker - Visiting attribute path : products.title
[DEBUG] 2020-10-04 14:20:57.180 [main] MetamodelGraphWalker - Visiting attribute path : products.user
[DEBUG] 2020-10-04 14:20:57.180 [main] MetamodelGraphWalker - Property path deemed to be circular : products.user
[DEBUG] 2020-10-04 14:20:57.182 [main] FetchStyleLoadPlanBuildingAssociationVisitationStrategy - Building LoadPlan...
[DEBUG] 2020-10-04 14:20:57.209 [main] LoadQueryJoinAndFetchProcessor - processing queryspace <gen:0>
[DEBUG] 2020-10-04 14:20:57.226 [main] LoadPlanTreePrinter - LoadPlan(entity=edu.matc.entity.User)
    - Returns
       - EntityReturnImpl(entity=edu.matc.entity.User, querySpaceUid=<gen:0>, path=edu.matc.entity.User)
          - CollectionAttributeFetchImpl(collection=edu.matc.entity.User.products, querySpaceUid=<gen:1>, path=edu.matc.entity.User.products)
             - (collection element) CollectionFetchableElementEntityGraph(entity=edu.matc.entity.Product, querySpaceUid=<gen:2>, path=edu.matc.entity.User.products.<elements>)
    - QuerySpaces
       - EntityQuerySpaceImpl(uid=<gen:0>, entity=edu.matc.entity.User)
          - SQL table alias mapping - user0_
          - alias suffix - 0_
          - suffixed key columns - {user_id1_1_0_}
          - JOIN (JoinDefinedByMetadata(products)) : <gen:0> -> <gen:1>
             - CollectionQuerySpaceImpl(uid=<gen:1>, collection=edu.matc.entity.User.products)
                - SQL table alias mapping - products1_
                - alias suffix - 1_
                - suffixed key columns - {user_id9_0_1_}
                - entity-element alias suffix - 2_
                - 2_entity-element suffixed key columns - item_id1_0_2_
                - JOIN (JoinDefinedByMetadata(elements)) : <gen:1> -> <gen:2>
                   - EntityQuerySpaceImpl(uid=<gen:2>, entity=edu.matc.entity.Product)
                      - SQL table alias mapping - products1_
                      - alias suffix - 2_
                      - suffixed key columns - {item_id1_0_2_}

[DEBUG] 2020-10-04 14:20:57.228 [main] EntityLoader - Static select for entity edu.matc.entity.User [NONE]: select user0_.user_id as user_id1_1_0_, user0_.email as email2_1_0_, user0_.first_name as first_na3_1_0_, user0_.last_name as last_nam4_1_0_, user0_.password as password5_1_0_, products1_.user_id as user_id9_0_1_, products1_.item_id as item_id1_0_1_, products1_.item_id as item_id1_0_2_, products1_.customizable as customiz2_0_2_, products1_.description as descript3_0_2_, products1_.image as image4_0_2_, products1_.price as price5_0_2_, products1_.production_cost as producti6_0_2_, products1_.tags as tags7_0_2_, products1_.title as title8_0_2_, products1_.user_id as user_id9_0_2_ from user user0_ left outer join product products1_ on user0_.user_id=products1_.user_id where user0_.user_id=?
[DEBUG] 2020-10-04 14:20:57.228 [main] QuerySpacesImpl - Adding QuerySpace : uid = <gen:0> -> org.hibernate.loader.plan.build.internal.spaces.EntityQuerySpaceImpl@75d366c2]
[DEBUG] 2020-10-04 14:20:57.228 [main] MetamodelGraphWalker - Visiting attribute path : email
[DEBUG] 2020-10-04 14:20:57.235 [main] MetamodelGraphWalker - Visiting attribute path : firstName
[DEBUG] 2020-10-04 14:20:57.235 [main] MetamodelGraphWalker - Visiting attribute path : lastName
[DEBUG] 2020-10-04 14:20:57.235 [main] MetamodelGraphWalker - Visiting attribute path : password
[DEBUG] 2020-10-04 14:20:57.235 [main] MetamodelGraphWalker - Visiting attribute path : products
[DEBUG] 2020-10-04 14:20:57.235 [main] QuerySpacesImpl - Adding QuerySpace : uid = <gen:1> -> org.hibernate.loader.plan.build.internal.spaces.CollectionQuerySpaceImpl@5232e3f1]
[DEBUG] 2020-10-04 14:20:57.235 [main] QuerySpacesImpl - Adding QuerySpace : uid = <gen:2> -> org.hibernate.loader.plan.build.internal.spaces.EntityQuerySpaceImpl@6c8fe7a4]
[DEBUG] 2020-10-04 14:20:57.236 [main] MetamodelGraphWalker - Visiting attribute path : products.customizable
[DEBUG] 2020-10-04 14:20:57.236 [main] MetamodelGraphWalker - Visiting attribute path : products.description
[DEBUG] 2020-10-04 14:20:57.236 [main] MetamodelGraphWalker - Visiting attribute path : products.image
[DEBUG] 2020-10-04 14:20:57.236 [main] MetamodelGraphWalker - Visiting attribute path : products.price
[DEBUG] 2020-10-04 14:20:57.236 [main] MetamodelGraphWalker - Visiting attribute path : products.productionCost
[DEBUG] 2020-10-04 14:20:57.236 [main] MetamodelGraphWalker - Visiting attribute path : products.tags
[DEBUG] 2020-10-04 14:20:57.236 [main] MetamodelGraphWalker - Visiting attribute path : products.title
[DEBUG] 2020-10-04 14:20:57.236 [main] MetamodelGraphWalker - Visiting attribute path : products.user
[DEBUG] 2020-10-04 14:20:57.236 [main] MetamodelGraphWalker - Property path deemed to be circular : products.user
[DEBUG] 2020-10-04 14:20:57.236 [main] FetchStyleLoadPlanBuildingAssociationVisitationStrategy - Building LoadPlan...
[DEBUG] 2020-10-04 14:20:57.237 [main] LoadQueryJoinAndFetchProcessor - processing queryspace <gen:0>
[DEBUG] 2020-10-04 14:20:57.237 [main] LoadPlanTreePrinter - LoadPlan(entity=edu.matc.entity.User)
    - Returns
       - EntityReturnImpl(entity=edu.matc.entity.User, querySpaceUid=<gen:0>, path=edu.matc.entity.User)
          - CollectionAttributeFetchImpl(collection=edu.matc.entity.User.products, querySpaceUid=<gen:1>, path=edu.matc.entity.User.products)
             - (collection element) CollectionFetchableElementEntityGraph(entity=edu.matc.entity.Product, querySpaceUid=<gen:2>, path=edu.matc.entity.User.products.<elements>)
    - QuerySpaces
       - EntityQuerySpaceImpl(uid=<gen:0>, entity=edu.matc.entity.User)
          - SQL table alias mapping - user0_
          - alias suffix - 0_
          - suffixed key columns - {user_id1_1_0_}
          - JOIN (JoinDefinedByMetadata(products)) : <gen:0> -> <gen:1>
             - CollectionQuerySpaceImpl(uid=<gen:1>, collection=edu.matc.entity.User.products)
                - SQL table alias mapping - products1_
                - alias suffix - 1_
                - suffixed key columns - {user_id9_0_1_}
                - entity-element alias suffix - 2_
                - 2_entity-element suffixed key columns - item_id1_0_2_
                - JOIN (JoinDefinedByMetadata(elements)) : <gen:1> -> <gen:2>
                   - EntityQuerySpaceImpl(uid=<gen:2>, entity=edu.matc.entity.Product)
                      - SQL table alias mapping - products1_
                      - alias suffix - 2_
                      - suffixed key columns - {item_id1_0_2_}

[DEBUG] 2020-10-04 14:20:57.238 [main] EntityLoader - Static select for entity edu.matc.entity.User [READ]: select user0_.user_id as user_id1_1_0_, user0_.email as email2_1_0_, user0_.first_name as first_na3_1_0_, user0_.last_name as last_nam4_1_0_, user0_.password as password5_1_0_, products1_.user_id as user_id9_0_1_, products1_.item_id as item_id1_0_1_, products1_.item_id as item_id1_0_2_, products1_.customizable as customiz2_0_2_, products1_.description as descript3_0_2_, products1_.image as image4_0_2_, products1_.price as price5_0_2_, products1_.production_cost as producti6_0_2_, products1_.tags as tags7_0_2_, products1_.title as title8_0_2_, products1_.user_id as user_id9_0_2_ from user user0_ left outer join product products1_ on user0_.user_id=products1_.user_id where user0_.user_id=?
[DEBUG] 2020-10-04 14:20:57.264 [main] Loader - Static select for action ACTION_MERGE on entity edu.matc.entity.User: select user0_.user_id as user_id1_1_1_, user0_.email as email2_1_1_, user0_.first_name as first_na3_1_1_, user0_.last_name as last_nam4_1_1_, user0_.password as password5_1_1_, products1_.user_id as user_id9_0_3_, products1_.item_id as item_id1_0_3_, products1_.item_id as item_id1_0_0_, products1_.customizable as customiz2_0_0_, products1_.description as descript3_0_0_, products1_.image as image4_0_0_, products1_.price as price5_0_0_, products1_.production_cost as producti6_0_0_, products1_.tags as tags7_0_0_, products1_.title as title8_0_0_, products1_.user_id as user_id9_0_0_ from user user0_ left outer join product products1_ on user0_.user_id=products1_.user_id where user0_.user_id=?
[DEBUG] 2020-10-04 14:20:57.265 [main] Loader - Static select for action ACTION_REFRESH on entity edu.matc.entity.User: select user0_.user_id as user_id1_1_1_, user0_.email as email2_1_1_, user0_.first_name as first_na3_1_1_, user0_.last_name as last_nam4_1_1_, user0_.password as password5_1_1_, products1_.user_id as user_id9_0_3_, products1_.item_id as item_id1_0_3_, products1_.item_id as item_id1_0_0_, products1_.customizable as customiz2_0_0_, products1_.description as descript3_0_0_, products1_.image as image4_0_0_, products1_.price as price5_0_0_, products1_.production_cost as producti6_0_0_, products1_.tags as tags7_0_0_, products1_.title as title8_0_0_, products1_.user_id as user_id9_0_0_ from user user0_ left outer join product products1_ on user0_.user_id=products1_.user_id where user0_.user_id=?
[DEBUG] 2020-10-04 14:20:57.266 [main] AbstractEntityPersister - Static SQL for entity: edu.matc.entity.Product
[DEBUG] 2020-10-04 14:20:57.266 [main] AbstractEntityPersister -  Version select: select item_id from product where item_id =?
[DEBUG] 2020-10-04 14:20:57.266 [main] AbstractEntityPersister -  Snapshot select: select product_.item_id, product_.customizable as customiz2_0_, product_.description as descript3_0_, product_.image as image4_0_, product_.price as price5_0_, product_.production_cost as producti6_0_, product_.tags as tags7_0_, product_.title as title8_0_, product_.user_id as user_id9_0_ from product product_ where product_.item_id=?
[DEBUG] 2020-10-04 14:20:57.266 [main] AbstractEntityPersister -  Insert 0: insert into product (customizable, description, image, price, production_cost, tags, title, user_id, item_id) values (?, ?, ?, ?, ?, ?, ?, ?, ?)
[DEBUG] 2020-10-04 14:20:57.266 [main] AbstractEntityPersister -  Update 0: update product set customizable=?, description=?, image=?, price=?, production_cost=?, tags=?, title=?, user_id=? where item_id=?
[DEBUG] 2020-10-04 14:20:57.266 [main] AbstractEntityPersister -  Delete 0: delete from product where item_id=?
[DEBUG] 2020-10-04 14:20:57.266 [main] AbstractEntityPersister -  Identity insert: insert into product (customizable, description, image, price, production_cost, tags, title, user_id) values (?, ?, ?, ?, ?, ?, ?, ?)
[DEBUG] 2020-10-04 14:20:57.267 [main] QuerySpacesImpl - Adding QuerySpace : uid = <gen:0> -> org.hibernate.loader.plan.build.internal.spaces.EntityQuerySpaceImpl@9a20cbd]
[DEBUG] 2020-10-04 14:20:57.267 [main] MetamodelGraphWalker - Visiting attribute path : customizable
[DEBUG] 2020-10-04 14:20:57.267 [main] MetamodelGraphWalker - Visiting attribute path : description
[DEBUG] 2020-10-04 14:20:57.270 [main] MetamodelGraphWalker - Visiting attribute path : image
[DEBUG] 2020-10-04 14:20:57.273 [main] MetamodelGraphWalker - Visiting attribute path : price
[DEBUG] 2020-10-04 14:20:57.273 [main] MetamodelGraphWalker - Visiting attribute path : productionCost
[DEBUG] 2020-10-04 14:20:57.273 [main] MetamodelGraphWalker - Visiting attribute path : tags
[DEBUG] 2020-10-04 14:20:57.273 [main] MetamodelGraphWalker - Visiting attribute path : title
[DEBUG] 2020-10-04 14:20:57.273 [main] MetamodelGraphWalker - Visiting attribute path : user
[DEBUG] 2020-10-04 14:20:57.273 [main] QuerySpacesImpl - Adding QuerySpace : uid = <gen:1> -> org.hibernate.loader.plan.build.internal.spaces.EntityQuerySpaceImpl@445821a6]
[DEBUG] 2020-10-04 14:20:57.278 [main] MetamodelGraphWalker - Visiting attribute path : user.email
[DEBUG] 2020-10-04 14:20:57.279 [main] MetamodelGraphWalker - Visiting attribute path : user.firstName
[DEBUG] 2020-10-04 14:20:57.279 [main] MetamodelGraphWalker - Visiting attribute path : user.lastName
[DEBUG] 2020-10-04 14:20:57.279 [main] MetamodelGraphWalker - Visiting attribute path : user.password
[DEBUG] 2020-10-04 14:20:57.279 [main] MetamodelGraphWalker - Visiting attribute path : user.products
[DEBUG] 2020-10-04 14:20:57.279 [main] MetamodelGraphWalker - Property path deemed to be circular : user.products
[DEBUG] 2020-10-04 14:20:57.279 [main] FetchStyleLoadPlanBuildingAssociationVisitationStrategy - Building LoadPlan...
[DEBUG] 2020-10-04 14:20:57.279 [main] LoadQueryJoinAndFetchProcessor - processing queryspace <gen:0>
[DEBUG] 2020-10-04 14:20:57.279 [main] LoadPlanTreePrinter - LoadPlan(entity=edu.matc.entity.Product)
    - Returns
       - EntityReturnImpl(entity=edu.matc.entity.Product, querySpaceUid=<gen:0>, path=edu.matc.entity.Product)
          - EntityAttributeFetchImpl(entity=edu.matc.entity.User, querySpaceUid=<gen:1>, path=edu.matc.entity.Product.user)
    - QuerySpaces
       - EntityQuerySpaceImpl(uid=<gen:0>, entity=edu.matc.entity.Product)
          - SQL table alias mapping - product0_
          - alias suffix - 0_
          - suffixed key columns - {item_id1_0_0_}
          - JOIN (JoinDefinedByMetadata(user)) : <gen:0> -> <gen:1>
             - EntityQuerySpaceImpl(uid=<gen:1>, entity=edu.matc.entity.User)
                - SQL table alias mapping - user1_
                - alias suffix - 1_
                - suffixed key columns - {user_id1_1_1_}

[DEBUG] 2020-10-04 14:20:57.280 [main] EntityLoader - Static select for entity edu.matc.entity.Product [NONE]: select product0_.item_id as item_id1_0_0_, product0_.customizable as customiz2_0_0_, product0_.description as descript3_0_0_, product0_.image as image4_0_0_, product0_.price as price5_0_0_, product0_.production_cost as producti6_0_0_, product0_.tags as tags7_0_0_, product0_.title as title8_0_0_, product0_.user_id as user_id9_0_0_, user1_.user_id as user_id1_1_1_, user1_.email as email2_1_1_, user1_.first_name as first_na3_1_1_, user1_.last_name as last_nam4_1_1_, user1_.password as password5_1_1_ from product product0_ left outer join user user1_ on product0_.user_id=user1_.user_id where product0_.item_id=?
[DEBUG] 2020-10-04 14:20:57.280 [main] QuerySpacesImpl - Adding QuerySpace : uid = <gen:0> -> org.hibernate.loader.plan.build.internal.spaces.EntityQuerySpaceImpl@66e21568]
[DEBUG] 2020-10-04 14:20:57.280 [main] MetamodelGraphWalker - Visiting attribute path : customizable
[DEBUG] 2020-10-04 14:20:57.280 [main] MetamodelGraphWalker - Visiting attribute path : description
[DEBUG] 2020-10-04 14:20:57.280 [main] MetamodelGraphWalker - Visiting attribute path : image
[DEBUG] 2020-10-04 14:20:57.280 [main] MetamodelGraphWalker - Visiting attribute path : price
[DEBUG] 2020-10-04 14:20:57.280 [main] MetamodelGraphWalker - Visiting attribute path : productionCost
[DEBUG] 2020-10-04 14:20:57.280 [main] MetamodelGraphWalker - Visiting attribute path : tags
[DEBUG] 2020-10-04 14:20:57.280 [main] MetamodelGraphWalker - Visiting attribute path : title
[DEBUG] 2020-10-04 14:20:57.280 [main] MetamodelGraphWalker - Visiting attribute path : user
[DEBUG] 2020-10-04 14:20:57.280 [main] QuerySpacesImpl - Adding QuerySpace : uid = <gen:1> -> org.hibernate.loader.plan.build.internal.spaces.EntityQuerySpaceImpl@611b35d6]
[DEBUG] 2020-10-04 14:20:57.280 [main] MetamodelGraphWalker - Visiting attribute path : user.email
[DEBUG] 2020-10-04 14:20:57.280 [main] MetamodelGraphWalker - Visiting attribute path : user.firstName
[DEBUG] 2020-10-04 14:20:57.280 [main] MetamodelGraphWalker - Visiting attribute path : user.lastName
[DEBUG] 2020-10-04 14:20:57.280 [main] MetamodelGraphWalker - Visiting attribute path : user.password
[DEBUG] 2020-10-04 14:20:57.280 [main] MetamodelGraphWalker - Visiting attribute path : user.products
[DEBUG] 2020-10-04 14:20:57.280 [main] MetamodelGraphWalker - Property path deemed to be circular : user.products
[DEBUG] 2020-10-04 14:20:57.280 [main] FetchStyleLoadPlanBuildingAssociationVisitationStrategy - Building LoadPlan...
[DEBUG] 2020-10-04 14:20:57.280 [main] LoadQueryJoinAndFetchProcessor - processing queryspace <gen:0>
[DEBUG] 2020-10-04 14:20:57.281 [main] LoadPlanTreePrinter - LoadPlan(entity=edu.matc.entity.Product)
    - Returns
       - EntityReturnImpl(entity=edu.matc.entity.Product, querySpaceUid=<gen:0>, path=edu.matc.entity.Product)
          - EntityAttributeFetchImpl(entity=edu.matc.entity.User, querySpaceUid=<gen:1>, path=edu.matc.entity.Product.user)
    - QuerySpaces
       - EntityQuerySpaceImpl(uid=<gen:0>, entity=edu.matc.entity.Product)
          - SQL table alias mapping - product0_
          - alias suffix - 0_
          - suffixed key columns - {item_id1_0_0_}
          - JOIN (JoinDefinedByMetadata(user)) : <gen:0> -> <gen:1>
             - EntityQuerySpaceImpl(uid=<gen:1>, entity=edu.matc.entity.User)
                - SQL table alias mapping - user1_
                - alias suffix - 1_
                - suffixed key columns - {user_id1_1_1_}

[DEBUG] 2020-10-04 14:20:57.281 [main] EntityLoader - Static select for entity edu.matc.entity.Product [READ]: select product0_.item_id as item_id1_0_0_, product0_.customizable as customiz2_0_0_, product0_.description as descript3_0_0_, product0_.image as image4_0_0_, product0_.price as price5_0_0_, product0_.production_cost as producti6_0_0_, product0_.tags as tags7_0_0_, product0_.title as title8_0_0_, product0_.user_id as user_id9_0_0_, user1_.user_id as user_id1_1_1_, user1_.email as email2_1_1_, user1_.first_name as first_na3_1_1_, user1_.last_name as last_nam4_1_1_, user1_.password as password5_1_1_ from product product0_ left outer join user user1_ on product0_.user_id=user1_.user_id where product0_.item_id=?
[DEBUG] 2020-10-04 14:20:57.281 [main] Loader - Static select for action ACTION_MERGE on entity edu.matc.entity.Product: select product0_.item_id as item_id1_0_0_, product0_.customizable as customiz2_0_0_, product0_.description as descript3_0_0_, product0_.image as image4_0_0_, product0_.price as price5_0_0_, product0_.production_cost as producti6_0_0_, product0_.tags as tags7_0_0_, product0_.title as title8_0_0_, product0_.user_id as user_id9_0_0_ from product product0_ where product0_.item_id=?
[DEBUG] 2020-10-04 14:20:57.281 [main] Loader - Static select for action ACTION_REFRESH on entity edu.matc.entity.Product: select product0_.item_id as item_id1_0_0_, product0_.customizable as customiz2_0_0_, product0_.description as descript3_0_0_, product0_.image as image4_0_0_, product0_.price as price5_0_0_, product0_.production_cost as producti6_0_0_, product0_.tags as tags7_0_0_, product0_.title as title8_0_0_, product0_.user_id as user_id9_0_0_ from product product0_ where product0_.item_id=?
[DEBUG] 2020-10-04 14:20:57.294 [main] QuerySpacesImpl - Adding QuerySpace : uid = <gen:0> -> org.hibernate.loader.plan.build.internal.spaces.CollectionQuerySpaceImpl@faea4da]
[DEBUG] 2020-10-04 14:20:57.294 [main] QuerySpacesImpl - Adding QuerySpace : uid = <gen:1> -> org.hibernate.loader.plan.build.internal.spaces.EntityQuerySpaceImpl@19b02dfd]
[DEBUG] 2020-10-04 14:20:57.295 [main] MetamodelGraphWalker - Visiting attribute path : customizable
[DEBUG] 2020-10-04 14:20:57.295 [main] MetamodelGraphWalker - Visiting attribute path : description
[DEBUG] 2020-10-04 14:20:57.295 [main] MetamodelGraphWalker - Visiting attribute path : image
[DEBUG] 2020-10-04 14:20:57.295 [main] MetamodelGraphWalker - Visiting attribute path : price
[DEBUG] 2020-10-04 14:20:57.295 [main] MetamodelGraphWalker - Visiting attribute path : productionCost
[DEBUG] 2020-10-04 14:20:57.295 [main] MetamodelGraphWalker - Visiting attribute path : tags
[DEBUG] 2020-10-04 14:20:57.295 [main] MetamodelGraphWalker - Visiting attribute path : title
[DEBUG] 2020-10-04 14:20:57.295 [main] MetamodelGraphWalker - Visiting attribute path : user
[DEBUG] 2020-10-04 14:20:57.295 [main] MetamodelGraphWalker - Property path deemed to be circular : user
[DEBUG] 2020-10-04 14:20:57.295 [main] FetchStyleLoadPlanBuildingAssociationVisitationStrategy - Building LoadPlan...
[DEBUG] 2020-10-04 14:20:57.297 [main] LoadQueryJoinAndFetchProcessor - processing queryspace <gen:0>
[DEBUG] 2020-10-04 14:20:57.297 [main] LoadPlanTreePrinter - LoadPlan(collection=edu.matc.entity.User.products)
    - Returns
       - CollectionReturnImpl(collection=edu.matc.entity.User.products, querySpaceUid=<gen:0>, path=[edu.matc.entity.User.products])
          - (collection element) CollectionFetchableElementEntityGraph(entity=edu.matc.entity.Product, querySpaceUid=<gen:1>, path=[edu.matc.entity.User.products].<elements>)
    - QuerySpaces
       - CollectionQuerySpaceImpl(uid=<gen:0>, collection=edu.matc.entity.User.products)
          - SQL table alias mapping - products0_
          - alias suffix - 0_
          - suffixed key columns - {user_id9_0_0_}
          - entity-element alias suffix - 1_
          - 1_entity-element suffixed key columns - item_id1_0_1_
          - JOIN (JoinDefinedByMetadata(elements)) : <gen:0> -> <gen:1>
             - EntityQuerySpaceImpl(uid=<gen:1>, entity=edu.matc.entity.Product)
                - SQL table alias mapping - products0_
                - alias suffix - 1_
                - suffixed key columns - {item_id1_0_1_}

[DEBUG] 2020-10-04 14:20:57.298 [main] CollectionLoader - Static select for collection edu.matc.entity.User.products: select products0_.user_id as user_id9_0_0_, products0_.item_id as item_id1_0_0_, products0_.item_id as item_id1_0_1_, products0_.customizable as customiz2_0_1_, products0_.description as descript3_0_1_, products0_.image as image4_0_1_, products0_.price as price5_0_1_, products0_.production_cost as producti6_0_1_, products0_.tags as tags7_0_1_, products0_.title as title8_0_1_, products0_.user_id as user_id9_0_1_ from product products0_ where products0_.user_id=?
[DEBUG] 2020-10-04 14:20:57.354 [main] SchemaManagementToolCoordinator - No actions specified; doing nothing
[DEBUG] 2020-10-04 14:20:57.358 [main] JtaPlatformInitiator - No JtaPlatform was specified, checking resolver
[DEBUG] 2020-10-04 14:20:57.359 [main] JtaPlatformResolverInitiator - No JtaPlatformResolver was specified, using default [org.hibernate.engine.transaction.jta.platform.internal.StandardJtaPlatformResolver]
[DEBUG] 2020-10-04 14:20:57.369 [main] StandardJtaPlatformResolver - Could not resolve JtaPlatform, using default [org.hibernate.engine.transaction.jta.platform.internal.NoJtaPlatform]
[INFO ] 2020-10-04 14:20:57.369 [main] JtaPlatformInitiator - HHH000490: Using JtaPlatform implementation: [org.hibernate.engine.transaction.jta.platform.internal.NoJtaPlatform]
[DEBUG] 2020-10-04 14:20:57.369 [main] NamedQueryRepository - Checking 0 named HQL queries
[DEBUG] 2020-10-04 14:20:57.370 [main] NamedQueryRepository - Checking 0 named SQL queries
[DEBUG] 2020-10-04 14:20:57.381 [main] SessionFactoryRegistry - Initializing SessionFactoryRegistry : org.hibernate.internal.SessionFactoryRegistry@19da993b
[DEBUG] 2020-10-04 14:20:57.389 [main] SessionFactoryRegistry - Registering SessionFactory: 9d47a463-4a12-4751-9384-bc3045dc3673 (<unnamed>)
[DEBUG] 2020-10-04 14:20:57.390 [main] SessionFactoryRegistry - Not binding SessionFactory to JNDI, no JNDI name configured
[DEBUG] 2020-10-04 14:20:57.728 [main] StatisticsInitiator - Statistics initialized [enabled=false]
[DEBUG] 2020-10-04 14:20:57.781 [main] CriteriaQueryImpl - Rendered criteria query -> select generatedAlias0 from Product as generatedAlias0
[DEBUG] 2020-10-04 14:20:57.813 [main] QueryTranslatorFactoryInitiator - QueryTranslatorFactory: org.hibernate.hql.internal.ast.ASTQueryTranslatorFactory@41def031
[DEBUG] 2020-10-04 14:20:57.862 [main] QueryTranslatorImpl - parse() - HQL: select generatedAlias0 from edu.matc.entity.Product as generatedAlias0
[DEBUG] 2020-10-04 14:20:57.869 [main] ErrorTracker - throwQueryException() : no errors
[DEBUG] 2020-10-04 14:20:57.888 [main] QueryTranslatorImpl - --- HQL AST ---
 \-[QUERY] Node: 'query'
    \-[SELECT_FROM] Node: 'SELECT_FROM'
       +-[FROM] Node: 'from'
       |  \-[RANGE] Node: 'RANGE'
       |     +-[DOT] Node: '.'
       |     |  +-[DOT] Node: '.'
       |     |  |  +-[DOT] Node: '.'
       |     |  |  |  +-[IDENT] Node: 'edu'
       |     |  |  |  \-[IDENT] Node: 'matc'
       |     |  |  \-[IDENT] Node: 'entity'
       |     |  \-[IDENT] Node: 'Product'
       |     \-[ALIAS] Node: 'generatedAlias0'
       \-[SELECT] Node: 'select'
          \-[IDENT] Node: 'generatedAlias0'

[DEBUG] 2020-10-04 14:20:57.938 [main] HqlSqlBaseWalker - select << begin [level=1, statement=select]
[DEBUG] 2020-10-04 14:20:57.961 [main] FromElement - FromClause{level=1} : edu.matc.entity.Product (generatedAlias0) -> product0_
[DEBUG] 2020-10-04 14:20:57.961 [main] FromReferenceNode - Resolved : generatedAlias0 -> product0_.item_id
[DEBUG] 2020-10-04 14:20:57.974 [main] HqlSqlBaseWalker - select : finishing up [level=1, statement=select]
[DEBUG] 2020-10-04 14:20:57.974 [main] HqlSqlWalker - processQuery() :  ( SELECT ( {select clause} product0_.item_id ) ( FromClause{level=1} product product0_ ) )
[DEBUG] 2020-10-04 14:20:57.996 [main] JoinProcessor - Using FROM fragment [product product0_]
[DEBUG] 2020-10-04 14:20:57.996 [main] HqlSqlBaseWalker - select >> end [level=1, statement=select]
[DEBUG] 2020-10-04 14:20:57.998 [main] QueryTranslatorImpl - --- SQL AST ---
 \-[SELECT] QueryNode: 'SELECT'  querySpaces (product)
    +-[SELECT_CLAUSE] SelectClause: '{select clause}'
    |  +-[ALIAS_REF] IdentNode: 'product0_.item_id as item_id1_0_' {alias=generatedAlias0, className=edu.matc.entity.Product, tableAlias=product0_}
    |  \-[SQL_TOKEN] SqlFragment: 'product0_.customizable as customiz2_0_, product0_.description as descript3_0_, product0_.image as image4_0_, product0_.price as price5_0_, product0_.production_cost as producti6_0_, product0_.tags as tags7_0_, product0_.title as title8_0_, product0_.user_id as user_id9_0_'
    \-[FROM] FromClause: 'from' FromClause{level=1, fromElementCounter=1, fromElements=1, fromElementByClassAlias=[generatedAlias0], fromElementByTableAlias=[product0_], fromElementsByPath=[], collectionJoinFromElementsByPath=[], impliedElements=[]}
       \-[FROM_FRAGMENT] FromElement: 'product product0_' FromElement{explicit,not a collection join,not a fetch join,fetch non-lazy properties,classAlias=generatedAlias0,role=null,tableName=product,tableAlias=product0_,origin=null,columns={,className=edu.matc.entity.Product}}

[DEBUG] 2020-10-04 14:20:57.998 [main] ErrorTracker - throwQueryException() : no errors
[DEBUG] 2020-10-04 14:20:58.007 [main] QueryTranslatorImpl - HQL: select generatedAlias0 from edu.matc.entity.Product as generatedAlias0
[DEBUG] 2020-10-04 14:20:58.008 [main] QueryTranslatorImpl - SQL: select product0_.item_id as item_id1_0_, product0_.customizable as customiz2_0_, product0_.description as descript3_0_, product0_.image as image4_0_, product0_.price as price5_0_, product0_.production_cost as producti6_0_, product0_.tags as tags7_0_, product0_.title as title8_0_, product0_.user_id as user_id9_0_ from product product0_
[DEBUG] 2020-10-04 14:20:58.008 [main] ErrorTracker - throwQueryException() : no errors
[DEBUG] 2020-10-04 14:20:58.040 [main] SQL - select product0_.item_id as item_id1_0_, product0_.customizable as customiz2_0_, product0_.description as descript3_0_, product0_.image as image4_0_, product0_.price as price5_0_, product0_.production_cost as producti6_0_, product0_.tags as tags7_0_, product0_.title as title8_0_, product0_.user_id as user_id9_0_ from product product0_
[DEBUG] 2020-10-04 14:20:58.079 [main] Loader - Result set row: 0
[DEBUG] 2020-10-04 14:20:58.085 [main] Loader - Result row: EntityKey[edu.matc.entity.Product#1]
[DEBUG] 2020-10-04 14:20:58.100 [main] Loader - Result set row: 1
[DEBUG] 2020-10-04 14:20:58.101 [main] Loader - Result row: EntityKey[edu.matc.entity.Product#2]
[DEBUG] 2020-10-04 14:20:58.102 [main] TwoPhaseLoad - Resolving attributes for [edu.matc.entity.Product#1]
[DEBUG] 2020-10-04 14:20:58.103 [main] TwoPhaseLoad - Processing attribute `customizable` : value = true
[DEBUG] 2020-10-04 14:20:58.103 [main] TwoPhaseLoad - Attribute (`customizable`)  - enhanced for lazy-loading? - false
[DEBUG] 2020-10-04 14:20:58.103 [main] TwoPhaseLoad - Processing attribute `description` : value = this is the first test product
[DEBUG] 2020-10-04 14:20:58.103 [main] TwoPhaseLoad - Attribute (`description`)  - enhanced for lazy-loading? - false
[DEBUG] 2020-10-04 14:20:58.103 [main] TwoPhaseLoad - Processing attribute `image` : value = img
[DEBUG] 2020-10-04 14:20:58.104 [main] TwoPhaseLoad - Attribute (`image`)  - enhanced for lazy-loading? - false
[DEBUG] 2020-10-04 14:20:58.104 [main] TwoPhaseLoad - Processing attribute `price` : value = 10.00
[DEBUG] 2020-10-04 14:20:58.104 [main] TwoPhaseLoad - Attribute (`price`)  - enhanced for lazy-loading? - false
[DEBUG] 2020-10-04 14:20:58.104 [main] TwoPhaseLoad - Processing attribute `productionCost` : value = 2.00
[DEBUG] 2020-10-04 14:20:58.104 [main] TwoPhaseLoad - Attribute (`productionCost`)  - enhanced for lazy-loading? - false
[DEBUG] 2020-10-04 14:20:58.104 [main] TwoPhaseLoad - Processing attribute `tags` : value = #firstTestProduct
[DEBUG] 2020-10-04 14:20:58.106 [main] TwoPhaseLoad - Attribute (`tags`)  - enhanced for lazy-loading? - false
[DEBUG] 2020-10-04 14:20:58.106 [main] TwoPhaseLoad - Processing attribute `title` : value = Product 1
[DEBUG] 2020-10-04 14:20:58.107 [main] TwoPhaseLoad - Attribute (`title`)  - enhanced for lazy-loading? - false
[DEBUG] 2020-10-04 14:20:58.107 [main] TwoPhaseLoad - Processing attribute `user` : value = 1
[DEBUG] 2020-10-04 14:20:58.107 [main] TwoPhaseLoad - Attribute (`user`)  - enhanced for lazy-loading? - false
[DEBUG] 2020-10-04 14:20:58.115 [main] SQL - select user0_.user_id as user_id1_1_0_, user0_.email as email2_1_0_, user0_.first_name as first_na3_1_0_, user0_.last_name as last_nam4_1_0_, user0_.password as password5_1_0_, products1_.user_id as user_id9_0_1_, products1_.item_id as item_id1_0_1_, products1_.item_id as item_id1_0_2_, products1_.customizable as customiz2_0_2_, products1_.description as descript3_0_2_, products1_.image as image4_0_2_, products1_.price as price5_0_2_, products1_.production_cost as producti6_0_2_, products1_.tags as tags7_0_2_, products1_.title as title8_0_2_, products1_.user_id as user_id9_0_2_ from user user0_ left outer join product products1_ on user0_.user_id=products1_.user_id where user0_.user_id=?
[DEBUG] 2020-10-04 14:20:58.128 [main] ResultSetProcessorImpl - Starting ResultSet row #0
[DEBUG] 2020-10-04 14:20:58.129 [main] EntityReferenceInitializerImpl - On call to EntityIdentifierReaderImpl#resolve, EntityKey was already known; should only happen on root returns with an optional identifier specified
[DEBUG] 2020-10-04 14:20:58.129 [main] CollectionReferenceInitializerImpl - Found row of collection: [edu.matc.entity.User.products#1]
[DEBUG] 2020-10-04 14:20:58.144 [main] ResultSetProcessorImpl - Starting ResultSet row #1
[DEBUG] 2020-10-04 14:20:58.144 [main] EntityReferenceInitializerImpl - On call to EntityIdentifierReaderImpl#resolve, EntityKey was already known; should only happen on root returns with an optional identifier specified
[DEBUG] 2020-10-04 14:20:58.144 [main] CollectionReferenceInitializerImpl - Found row of collection: [edu.matc.entity.User.products#1]
[DEBUG] 2020-10-04 14:20:58.145 [main] TwoPhaseLoad - Resolving attributes for [edu.matc.entity.User#1]
[DEBUG] 2020-10-04 14:20:58.145 [main] TwoPhaseLoad - Processing attribute `email` : value = es@gmail.com
[DEBUG] 2020-10-04 14:20:58.145 [main] TwoPhaseLoad - Attribute (`email`)  - enhanced for lazy-loading? - false
[DEBUG] 2020-10-04 14:20:58.145 [main] TwoPhaseLoad - Processing attribute `firstName` : value = Elizabeth
[DEBUG] 2020-10-04 14:20:58.145 [main] TwoPhaseLoad - Attribute (`firstName`)  - enhanced for lazy-loading? - false
[DEBUG] 2020-10-04 14:20:58.145 [main] TwoPhaseLoad - Processing attribute `lastName` : value = Sajdak
[DEBUG] 2020-10-04 14:20:58.145 [main] TwoPhaseLoad - Attribute (`lastName`)  - enhanced for lazy-loading? - false
[DEBUG] 2020-10-04 14:20:58.145 [main] TwoPhaseLoad - Processing attribute `password` : value = password
[DEBUG] 2020-10-04 14:20:58.145 [main] TwoPhaseLoad - Attribute (`password`)  - enhanced for lazy-loading? - false
[DEBUG] 2020-10-04 14:20:58.145 [main] TwoPhaseLoad - Processing attribute `products` : value = NOT NULL COLLECTION
[DEBUG] 2020-10-04 14:20:58.145 [main] TwoPhaseLoad - Attribute (`products`)  - enhanced for lazy-loading? - false
[DEBUG] 2020-10-04 14:20:58.146 [main] TwoPhaseLoad - Done materializing entity [edu.matc.entity.User#1]
[DEBUG] 2020-10-04 14:20:58.146 [main] CollectionLoadContext - 1 collections were found in result set for role: edu.matc.entity.User.products
[DEBUG] 2020-10-04 14:20:58.151 [main] CollectionLoadContext - Collection fully initialized: [edu.matc.entity.User.products#1]
[DEBUG] 2020-10-04 14:20:58.151 [main] CollectionLoadContext - 1 collections initialized for role: edu.matc.entity.User.products
[DEBUG] 2020-10-04 14:20:58.152 [main] ResourceRegistryStandardImpl - HHH000387: ResultSet's statement was not registered
[DEBUG] 2020-10-04 14:20:58.152 [main] AbstractLoadPlanBasedEntityLoader - Done entity load : edu.matc.entity.User#1
[DEBUG] 2020-10-04 14:20:58.152 [main] TwoPhaseLoad - Done materializing entity [edu.matc.entity.Product#1]
[DEBUG] 2020-10-04 14:20:58.152 [main] TwoPhaseLoad - Resolving attributes for [edu.matc.entity.Product#2]
[DEBUG] 2020-10-04 14:20:58.152 [main] TwoPhaseLoad - Processing attribute `customizable` : value = true
[DEBUG] 2020-10-04 14:20:58.152 [main] TwoPhaseLoad - Attribute (`customizable`)  - enhanced for lazy-loading? - false
[DEBUG] 2020-10-04 14:20:58.161 [main] TwoPhaseLoad - Processing attribute `description` : value = this is the second test product
[DEBUG] 2020-10-04 14:20:58.161 [main] TwoPhaseLoad - Attribute (`description`)  - enhanced for lazy-loading? - false
[DEBUG] 2020-10-04 14:20:58.161 [main] TwoPhaseLoad - Processing attribute `image` : value = img
[DEBUG] 2020-10-04 14:20:58.161 [main] TwoPhaseLoad - Attribute (`image`)  - enhanced for lazy-loading? - false
[DEBUG] 2020-10-04 14:20:58.161 [main] TwoPhaseLoad - Processing attribute `price` : value = 12.00
[DEBUG] 2020-10-04 14:20:58.161 [main] TwoPhaseLoad - Attribute (`price`)  - enhanced for lazy-loading? - false
[DEBUG] 2020-10-04 14:20:58.161 [main] TwoPhaseLoad - Processing attribute `productionCost` : value = 3.00
[DEBUG] 2020-10-04 14:20:58.161 [main] TwoPhaseLoad - Attribute (`productionCost`)  - enhanced for lazy-loading? - false
[DEBUG] 2020-10-04 14:20:58.161 [main] TwoPhaseLoad - Processing attribute `tags` : value = #secondTestProduct
[DEBUG] 2020-10-04 14:20:58.161 [main] TwoPhaseLoad - Attribute (`tags`)  - enhanced for lazy-loading? - false
[DEBUG] 2020-10-04 14:20:58.161 [main] TwoPhaseLoad - Processing attribute `title` : value = Product 2
[DEBUG] 2020-10-04 14:20:58.161 [main] TwoPhaseLoad - Attribute (`title`)  - enhanced for lazy-loading? - false
[DEBUG] 2020-10-04 14:20:58.161 [main] TwoPhaseLoad - Processing attribute `user` : value = 1
[DEBUG] 2020-10-04 14:20:58.161 [main] TwoPhaseLoad - Attribute (`user`)  - enhanced for lazy-loading? - false
[DEBUG] 2020-10-04 14:20:58.162 [main] TwoPhaseLoad - Done materializing entity [edu.matc.entity.Product#2]
[DEBUG] 2020-10-04 14:20:58.165 [main] LogicalConnectionManagedImpl - Initiating JDBC connection release from afterTransaction
