[DEBUG] 2020-10-06 17:08:38.635 [main] IntegratorServiceImpl - Adding Integrator [org.hibernate.cfg.beanvalidation.BeanValidationIntegrator].
[DEBUG] 2020-10-06 17:08:38.658 [main] IntegratorServiceImpl - Adding Integrator [org.hibernate.secure.spi.JaccIntegrator].
[DEBUG] 2020-10-06 17:08:38.682 [main] IntegratorServiceImpl - Adding Integrator [org.hibernate.cache.internal.CollectionCacheInvalidator].
[INFO ] 2020-10-06 17:08:39.026 [main] Version - HHH000412: Hibernate Core {5.4.4.Final}
[DEBUG] 2020-10-06 17:08:39.043 [main] Environment - HHH000206: hibernate.properties not found
[DEBUG] 2020-10-06 17:08:40.003 [main] LocalXmlResourceResolver - Interpreting public/system identifier : [-//Hibernate/Hibernate Configuration DTD//EN] - [http://www.hibernate.org/dtd/hibernate-configuration-3.0.dtd]
[DEBUG] 2020-10-06 17:08:40.005 [main] LocalXmlResourceResolver - Recognized hibernate-configuration identifier; attempting to resolve on classpath under org/hibernate/
[DEBUG] 2020-10-06 17:08:40.031 [main] JaxbCfgProcessor - cfg.xml document did not define namespaces; wrapping in custom event reader to introduce namespace information
[DEBUG] 2020-10-06 17:08:41.216 [main] ServiceBinding - Overriding existing service binding [org.hibernate.secure.spi.JaccService]
[DEBUG] 2020-10-06 17:08:41.302 [main] RegionFactoryInitiator - Cannot default RegionFactory based on registered strategies as `[]` RegionFactory strategies were registered
[DEBUG] 2020-10-06 17:08:41.304 [main] RegionFactoryInitiator - Cache region factory : org.hibernate.cache.internal.NoCachingRegionFactory
[INFO ] 2020-10-06 17:08:41.366 [main] Version - HCANN000001: Hibernate Commons Annotations {5.1.0.Final}
[DEBUG] 2020-10-06 17:08:41.446 [main] BasicTypeRegistry - Adding type registration boolean -> org.hibernate.type.BooleanType@5f462e3b
[DEBUG] 2020-10-06 17:08:41.446 [main] BasicTypeRegistry - Adding type registration boolean -> org.hibernate.type.BooleanType@5f462e3b
[DEBUG] 2020-10-06 17:08:41.446 [main] BasicTypeRegistry - Adding type registration java.lang.Boolean -> org.hibernate.type.BooleanType@5f462e3b
[DEBUG] 2020-10-06 17:08:41.453 [main] BasicTypeRegistry - Adding type registration numeric_boolean -> org.hibernate.type.NumericBooleanType@585c13de
[DEBUG] 2020-10-06 17:08:41.453 [main] BasicTypeRegistry - Adding type registration true_false -> org.hibernate.type.TrueFalseType@522b2631
[DEBUG] 2020-10-06 17:08:41.454 [main] BasicTypeRegistry - Adding type registration yes_no -> org.hibernate.type.YesNoType@77128dab
[DEBUG] 2020-10-06 17:08:41.456 [main] BasicTypeRegistry - Adding type registration byte -> org.hibernate.type.ByteType@61533ae
[DEBUG] 2020-10-06 17:08:41.456 [main] BasicTypeRegistry - Adding type registration byte -> org.hibernate.type.ByteType@61533ae
[DEBUG] 2020-10-06 17:08:41.461 [main] BasicTypeRegistry - Adding type registration java.lang.Byte -> org.hibernate.type.ByteType@61533ae
[DEBUG] 2020-10-06 17:08:41.462 [main] BasicTypeRegistry - Adding type registration character -> org.hibernate.type.CharacterType@5395ea39
[DEBUG] 2020-10-06 17:08:41.464 [main] BasicTypeRegistry - Adding type registration char -> org.hibernate.type.CharacterType@5395ea39
[DEBUG] 2020-10-06 17:08:41.464 [main] BasicTypeRegistry - Adding type registration java.lang.Character -> org.hibernate.type.CharacterType@5395ea39
[DEBUG] 2020-10-06 17:08:41.465 [main] BasicTypeRegistry - Adding type registration short -> org.hibernate.type.ShortType@15723761
[DEBUG] 2020-10-06 17:08:41.465 [main] BasicTypeRegistry - Adding type registration short -> org.hibernate.type.ShortType@15723761
[DEBUG] 2020-10-06 17:08:41.465 [main] BasicTypeRegistry - Adding type registration java.lang.Short -> org.hibernate.type.ShortType@15723761
[DEBUG] 2020-10-06 17:08:41.466 [main] BasicTypeRegistry - Adding type registration integer -> org.hibernate.type.IntegerType@710d7aff
[DEBUG] 2020-10-06 17:08:41.466 [main] BasicTypeRegistry - Adding type registration int -> org.hibernate.type.IntegerType@710d7aff
[DEBUG] 2020-10-06 17:08:41.466 [main] BasicTypeRegistry - Adding type registration java.lang.Integer -> org.hibernate.type.IntegerType@710d7aff
[DEBUG] 2020-10-06 17:08:41.468 [main] BasicTypeRegistry - Adding type registration long -> org.hibernate.type.LongType@36bc415e
[DEBUG] 2020-10-06 17:08:41.468 [main] BasicTypeRegistry - Adding type registration long -> org.hibernate.type.LongType@36bc415e
[DEBUG] 2020-10-06 17:08:41.469 [main] BasicTypeRegistry - Adding type registration java.lang.Long -> org.hibernate.type.LongType@36bc415e
[DEBUG] 2020-10-06 17:08:41.470 [main] BasicTypeRegistry - Adding type registration float -> org.hibernate.type.FloatType@4ebadd3d
[DEBUG] 2020-10-06 17:08:41.470 [main] BasicTypeRegistry - Adding type registration float -> org.hibernate.type.FloatType@4ebadd3d
[DEBUG] 2020-10-06 17:08:41.470 [main] BasicTypeRegistry - Adding type registration java.lang.Float -> org.hibernate.type.FloatType@4ebadd3d
[DEBUG] 2020-10-06 17:08:41.471 [main] BasicTypeRegistry - Adding type registration double -> org.hibernate.type.DoubleType@4a699efa
[DEBUG] 2020-10-06 17:08:41.472 [main] BasicTypeRegistry - Adding type registration double -> org.hibernate.type.DoubleType@4a699efa
[DEBUG] 2020-10-06 17:08:41.473 [main] BasicTypeRegistry - Adding type registration java.lang.Double -> org.hibernate.type.DoubleType@4a699efa
[DEBUG] 2020-10-06 17:08:41.475 [main] BasicTypeRegistry - Adding type registration big_decimal -> org.hibernate.type.BigDecimalType@66434cc8
[DEBUG] 2020-10-06 17:08:41.475 [main] BasicTypeRegistry - Adding type registration java.math.BigDecimal -> org.hibernate.type.BigDecimalType@66434cc8
[DEBUG] 2020-10-06 17:08:41.476 [main] BasicTypeRegistry - Adding type registration big_integer -> org.hibernate.type.BigIntegerType@6d467c87
[DEBUG] 2020-10-06 17:08:41.476 [main] BasicTypeRegistry - Adding type registration java.math.BigInteger -> org.hibernate.type.BigIntegerType@6d467c87
[DEBUG] 2020-10-06 17:08:41.478 [main] BasicTypeRegistry - Adding type registration string -> org.hibernate.type.StringType@511d5d04
[DEBUG] 2020-10-06 17:08:41.478 [main] BasicTypeRegistry - Adding type registration java.lang.String -> org.hibernate.type.StringType@511d5d04
[DEBUG] 2020-10-06 17:08:41.479 [main] BasicTypeRegistry - Adding type registration nstring -> org.hibernate.type.StringNVarcharType@5328a9c1
[DEBUG] 2020-10-06 17:08:41.479 [main] BasicTypeRegistry - Adding type registration ncharacter -> org.hibernate.type.CharacterNCharType@715fb77
[DEBUG] 2020-10-06 17:08:41.480 [main] BasicTypeRegistry - Adding type registration url -> org.hibernate.type.UrlType@1eea9d2d
[DEBUG] 2020-10-06 17:08:41.481 [main] BasicTypeRegistry - Adding type registration java.net.URL -> org.hibernate.type.UrlType@1eea9d2d
[DEBUG] 2020-10-06 17:08:41.482 [main] BasicTypeRegistry - Adding type registration Duration -> org.hibernate.type.DurationType@6d91790b
[DEBUG] 2020-10-06 17:08:41.482 [main] BasicTypeRegistry - Adding type registration java.time.Duration -> org.hibernate.type.DurationType@6d91790b
[DEBUG] 2020-10-06 17:08:41.487 [main] BasicTypeRegistry - Adding type registration Instant -> org.hibernate.type.InstantType@7c28c1
[DEBUG] 2020-10-06 17:08:41.489 [main] BasicTypeRegistry - Adding type registration java.time.Instant -> org.hibernate.type.InstantType@7c28c1
[DEBUG] 2020-10-06 17:08:41.490 [main] BasicTypeRegistry - Adding type registration LocalDateTime -> org.hibernate.type.LocalDateTimeType@5b3f3ba0
[DEBUG] 2020-10-06 17:08:41.492 [main] BasicTypeRegistry - Adding type registration java.time.LocalDateTime -> org.hibernate.type.LocalDateTimeType@5b3f3ba0
[DEBUG] 2020-10-06 17:08:41.493 [main] BasicTypeRegistry - Adding type registration LocalDate -> org.hibernate.type.LocalDateType@5eeedb60
[DEBUG] 2020-10-06 17:08:41.494 [main] BasicTypeRegistry - Adding type registration java.time.LocalDate -> org.hibernate.type.LocalDateType@5eeedb60
[DEBUG] 2020-10-06 17:08:41.495 [main] BasicTypeRegistry - Adding type registration LocalTime -> org.hibernate.type.LocalTimeType@2b9b7f1f
[DEBUG] 2020-10-06 17:08:41.496 [main] BasicTypeRegistry - Adding type registration java.time.LocalTime -> org.hibernate.type.LocalTimeType@2b9b7f1f
[DEBUG] 2020-10-06 17:08:41.497 [main] BasicTypeRegistry - Adding type registration OffsetDateTime -> org.hibernate.type.OffsetDateTimeType@55ea2d70
[DEBUG] 2020-10-06 17:08:41.498 [main] BasicTypeRegistry - Adding type registration java.time.OffsetDateTime -> org.hibernate.type.OffsetDateTimeType@55ea2d70
[DEBUG] 2020-10-06 17:08:41.500 [main] BasicTypeRegistry - Adding type registration OffsetTime -> org.hibernate.type.OffsetTimeType@67a056f1
[DEBUG] 2020-10-06 17:08:41.500 [main] BasicTypeRegistry - Adding type registration java.time.OffsetTime -> org.hibernate.type.OffsetTimeType@67a056f1
[DEBUG] 2020-10-06 17:08:41.502 [main] BasicTypeRegistry - Adding type registration ZonedDateTime -> org.hibernate.type.ZonedDateTimeType@7fedfe27
[DEBUG] 2020-10-06 17:08:41.503 [main] BasicTypeRegistry - Adding type registration java.time.ZonedDateTime -> org.hibernate.type.ZonedDateTimeType@7fedfe27
[DEBUG] 2020-10-06 17:08:41.506 [main] BasicTypeRegistry - Adding type registration date -> org.hibernate.type.DateType@59712875
[DEBUG] 2020-10-06 17:08:41.506 [main] BasicTypeRegistry - Adding type registration java.sql.Date -> org.hibernate.type.DateType@59712875
[DEBUG] 2020-10-06 17:08:41.507 [main] BasicTypeRegistry - Adding type registration time -> org.hibernate.type.TimeType@25b865b5
[DEBUG] 2020-10-06 17:08:41.508 [main] BasicTypeRegistry - Adding type registration java.sql.Time -> org.hibernate.type.TimeType@25b865b5
[DEBUG] 2020-10-06 17:08:41.510 [main] BasicTypeRegistry - Adding type registration timestamp -> org.hibernate.type.TimestampType@5d58c727
[DEBUG] 2020-10-06 17:08:41.510 [main] BasicTypeRegistry - Adding type registration java.sql.Timestamp -> org.hibernate.type.TimestampType@5d58c727
[DEBUG] 2020-10-06 17:08:41.510 [main] BasicTypeRegistry - Adding type registration java.util.Date -> org.hibernate.type.TimestampType@5d58c727
[DEBUG] 2020-10-06 17:08:41.512 [main] BasicTypeRegistry - Adding type registration dbtimestamp -> org.hibernate.type.DbTimestampType@54da32dc
[DEBUG] 2020-10-06 17:08:41.513 [main] BasicTypeRegistry - Adding type registration calendar -> org.hibernate.type.CalendarType@66bfd864
[DEBUG] 2020-10-06 17:08:41.513 [main] BasicTypeRegistry - Adding type registration java.util.Calendar -> org.hibernate.type.CalendarType@66bfd864
[DEBUG] 2020-10-06 17:08:41.513 [main] BasicTypeRegistry - Adding type registration java.util.GregorianCalendar -> org.hibernate.type.CalendarType@66bfd864
[DEBUG] 2020-10-06 17:08:41.514 [main] BasicTypeRegistry - Adding type registration calendar_date -> org.hibernate.type.CalendarDateType@30cecdca
[DEBUG] 2020-10-06 17:08:41.515 [main] BasicTypeRegistry - Adding type registration locale -> org.hibernate.type.LocaleType@1ddd3478
[DEBUG] 2020-10-06 17:08:41.515 [main] BasicTypeRegistry - Adding type registration java.util.Locale -> org.hibernate.type.LocaleType@1ddd3478
[DEBUG] 2020-10-06 17:08:41.519 [main] BasicTypeRegistry - Adding type registration currency -> org.hibernate.type.CurrencyType@68809cc7
[DEBUG] 2020-10-06 17:08:41.520 [main] BasicTypeRegistry - Adding type registration java.util.Currency -> org.hibernate.type.CurrencyType@68809cc7
[DEBUG] 2020-10-06 17:08:41.521 [main] BasicTypeRegistry - Adding type registration timezone -> org.hibernate.type.TimeZoneType@13cd7ea5
[DEBUG] 2020-10-06 17:08:41.521 [main] BasicTypeRegistry - Adding type registration java.util.TimeZone -> org.hibernate.type.TimeZoneType@13cd7ea5
[DEBUG] 2020-10-06 17:08:41.527 [main] BasicTypeRegistry - Adding type registration class -> org.hibernate.type.ClassType@ff6077
[DEBUG] 2020-10-06 17:08:41.528 [main] BasicTypeRegistry - Adding type registration java.lang.Class -> org.hibernate.type.ClassType@ff6077
[DEBUG] 2020-10-06 17:08:41.530 [main] BasicTypeRegistry - Adding type registration uuid-binary -> org.hibernate.type.UUIDBinaryType@29be7749
[DEBUG] 2020-10-06 17:08:41.530 [main] BasicTypeRegistry - Adding type registration java.util.UUID -> org.hibernate.type.UUIDBinaryType@29be7749
[DEBUG] 2020-10-06 17:08:41.531 [main] BasicTypeRegistry - Adding type registration uuid-char -> org.hibernate.type.UUIDCharType@6a4d7f76
[DEBUG] 2020-10-06 17:08:41.532 [main] BasicTypeRegistry - Adding type registration binary -> org.hibernate.type.BinaryType@1e63d216
[DEBUG] 2020-10-06 17:08:41.533 [main] BasicTypeRegistry - Adding type registration byte[] -> org.hibernate.type.BinaryType@1e63d216
[DEBUG] 2020-10-06 17:08:41.533 [main] BasicTypeRegistry - Adding type registration [B -> org.hibernate.type.BinaryType@1e63d216
[DEBUG] 2020-10-06 17:08:41.534 [main] BasicTypeRegistry - Adding type registration wrapper-binary -> org.hibernate.type.WrapperBinaryType@4e38d975
[DEBUG] 2020-10-06 17:08:41.535 [main] BasicTypeRegistry - Adding type registration Byte[] -> org.hibernate.type.WrapperBinaryType@4e38d975
[DEBUG] 2020-10-06 17:08:41.535 [main] BasicTypeRegistry - Adding type registration [Ljava.lang.Byte; -> org.hibernate.type.WrapperBinaryType@4e38d975
[DEBUG] 2020-10-06 17:08:41.537 [main] BasicTypeRegistry - Adding type registration row_version -> org.hibernate.type.RowVersionType@1280851e
[DEBUG] 2020-10-06 17:08:41.538 [main] BasicTypeRegistry - Adding type registration image -> org.hibernate.type.ImageType@4fcc0416
[DEBUG] 2020-10-06 17:08:41.539 [main] BasicTypeRegistry - Adding type registration characters -> org.hibernate.type.CharArrayType@6ef81f31
[DEBUG] 2020-10-06 17:08:41.539 [main] BasicTypeRegistry - Adding type registration char[] -> org.hibernate.type.CharArrayType@6ef81f31
[DEBUG] 2020-10-06 17:08:41.539 [main] BasicTypeRegistry - Adding type registration [C -> org.hibernate.type.CharArrayType@6ef81f31
[DEBUG] 2020-10-06 17:08:41.541 [main] BasicTypeRegistry - Adding type registration wrapper-characters -> org.hibernate.type.CharacterArrayType@3028e50e
[DEBUG] 2020-10-06 17:08:41.541 [main] BasicTypeRegistry - Adding type registration [Ljava.lang.Character; -> org.hibernate.type.CharacterArrayType@3028e50e
[DEBUG] 2020-10-06 17:08:41.541 [main] BasicTypeRegistry - Adding type registration Character[] -> org.hibernate.type.CharacterArrayType@3028e50e
[DEBUG] 2020-10-06 17:08:41.541 [main] BasicTypeRegistry - Adding type registration text -> org.hibernate.type.TextType@777c350f
[DEBUG] 2020-10-06 17:08:41.542 [main] BasicTypeRegistry - Adding type registration ntext -> org.hibernate.type.NTextType@4bdc8b5d
[DEBUG] 2020-10-06 17:08:41.544 [main] BasicTypeRegistry - Adding type registration blob -> org.hibernate.type.BlobType@40ab8a8
[DEBUG] 2020-10-06 17:08:41.545 [main] BasicTypeRegistry - Adding type registration java.sql.Blob -> org.hibernate.type.BlobType@40ab8a8
[DEBUG] 2020-10-06 17:08:41.546 [main] BasicTypeRegistry - Adding type registration materialized_blob -> org.hibernate.type.MaterializedBlobType@21719a0
[DEBUG] 2020-10-06 17:08:41.549 [main] BasicTypeRegistry - Adding type registration clob -> org.hibernate.type.ClobType@37095ded
[DEBUG] 2020-10-06 17:08:41.550 [main] BasicTypeRegistry - Adding type registration java.sql.Clob -> org.hibernate.type.ClobType@37095ded
[DEBUG] 2020-10-06 17:08:41.552 [main] BasicTypeRegistry - Adding type registration nclob -> org.hibernate.type.NClobType@11a7ba62
[DEBUG] 2020-10-06 17:08:41.553 [main] BasicTypeRegistry - Adding type registration java.sql.NClob -> org.hibernate.type.NClobType@11a7ba62
[DEBUG] 2020-10-06 17:08:41.558 [main] BasicTypeRegistry - Adding type registration materialized_clob -> org.hibernate.type.MaterializedClobType@4c0884e8
[DEBUG] 2020-10-06 17:08:41.558 [main] BasicTypeRegistry - Adding type registration materialized_nclob -> org.hibernate.type.MaterializedNClobType@7b208b45
[DEBUG] 2020-10-06 17:08:41.560 [main] BasicTypeRegistry - Adding type registration serializable -> org.hibernate.type.SerializableType@4443ef6f
[DEBUG] 2020-10-06 17:08:41.563 [main] BasicTypeRegistry - Adding type registration object -> org.hibernate.type.ObjectType@42c2f48c
[DEBUG] 2020-10-06 17:08:41.563 [main] BasicTypeRegistry - Adding type registration java.lang.Object -> org.hibernate.type.ObjectType@42c2f48c
[DEBUG] 2020-10-06 17:08:41.563 [main] BasicTypeRegistry - Adding type registration imm_date -> org.hibernate.type.AdaptedImmutableType@4cbd03e7
[DEBUG] 2020-10-06 17:08:41.564 [main] BasicTypeRegistry - Adding type registration imm_time -> org.hibernate.type.AdaptedImmutableType@52fc5eb1
[DEBUG] 2020-10-06 17:08:41.568 [main] BasicTypeRegistry - Adding type registration imm_timestamp -> org.hibernate.type.AdaptedImmutableType@7a639ec5
[DEBUG] 2020-10-06 17:08:41.569 [main] BasicTypeRegistry - Adding type registration imm_dbtimestamp -> org.hibernate.type.AdaptedImmutableType@14151bc5
[DEBUG] 2020-10-06 17:08:41.569 [main] BasicTypeRegistry - Adding type registration imm_calendar -> org.hibernate.type.AdaptedImmutableType@3013909b
[DEBUG] 2020-10-06 17:08:41.569 [main] BasicTypeRegistry - Adding type registration imm_calendar_date -> org.hibernate.type.AdaptedImmutableType@2a49fe
[DEBUG] 2020-10-06 17:08:41.569 [main] BasicTypeRegistry - Adding type registration imm_binary -> org.hibernate.type.AdaptedImmutableType@66596a88
[DEBUG] 2020-10-06 17:08:41.569 [main] BasicTypeRegistry - Adding type registration imm_serializable -> org.hibernate.type.AdaptedImmutableType@5aae8eb5
[DEBUG] 2020-10-06 17:08:41.636 [main] DefaultIdentifierGeneratorFactory - Registering IdentifierGenerator strategy [uuid2] -> [org.hibernate.id.UUIDGenerator]
[DEBUG] 2020-10-06 17:08:41.637 [main] DefaultIdentifierGeneratorFactory - Registering IdentifierGenerator strategy [guid] -> [org.hibernate.id.GUIDGenerator]
[DEBUG] 2020-10-06 17:08:41.638 [main] DefaultIdentifierGeneratorFactory - Registering IdentifierGenerator strategy [uuid] -> [org.hibernate.id.UUIDHexGenerator]
[DEBUG] 2020-10-06 17:08:41.639 [main] DefaultIdentifierGeneratorFactory - Registering IdentifierGenerator strategy [uuid.hex] -> [org.hibernate.id.UUIDHexGenerator]
[DEBUG] 2020-10-06 17:08:41.641 [main] DefaultIdentifierGeneratorFactory - Registering IdentifierGenerator strategy [assigned] -> [org.hibernate.id.Assigned]
[DEBUG] 2020-10-06 17:08:41.642 [main] DefaultIdentifierGeneratorFactory - Registering IdentifierGenerator strategy [identity] -> [org.hibernate.id.IdentityGenerator]
[DEBUG] 2020-10-06 17:08:41.643 [main] DefaultIdentifierGeneratorFactory - Registering IdentifierGenerator strategy [select] -> [org.hibernate.id.SelectGenerator]
[DEBUG] 2020-10-06 17:08:41.644 [main] DefaultIdentifierGeneratorFactory - Registering IdentifierGenerator strategy [sequence] -> [org.hibernate.id.enhanced.SequenceStyleGenerator]
[DEBUG] 2020-10-06 17:08:41.645 [main] DefaultIdentifierGeneratorFactory - Registering IdentifierGenerator strategy [seqhilo] -> [org.hibernate.id.SequenceHiLoGenerator]
[DEBUG] 2020-10-06 17:08:41.646 [main] DefaultIdentifierGeneratorFactory - Registering IdentifierGenerator strategy [increment] -> [org.hibernate.id.IncrementGenerator]
[DEBUG] 2020-10-06 17:08:41.646 [main] DefaultIdentifierGeneratorFactory - Registering IdentifierGenerator strategy [foreign] -> [org.hibernate.id.ForeignGenerator]
[DEBUG] 2020-10-06 17:08:41.647 [main] DefaultIdentifierGeneratorFactory - Registering IdentifierGenerator strategy [sequence-identity] -> [org.hibernate.id.SequenceIdentityGenerator]
[DEBUG] 2020-10-06 17:08:41.647 [main] DefaultIdentifierGeneratorFactory - Registering IdentifierGenerator strategy [enhanced-sequence] -> [org.hibernate.id.enhanced.SequenceStyleGenerator]
[DEBUG] 2020-10-06 17:08:41.648 [main] DefaultIdentifierGeneratorFactory - Registering IdentifierGenerator strategy [enhanced-table] -> [org.hibernate.id.enhanced.TableGenerator]
[INFO ] 2020-10-06 17:08:41.656 [main] C3P0ConnectionProvider - HHH010002: C3P0 using driver: com.mysql.cj.jdbc.Driver at URL: jdbc:mysql://localhost:3306/test?serverTimezone=UTC
[INFO ] 2020-10-06 17:08:41.657 [main] C3P0ConnectionProvider - HHH10001001: Connection properties: {password=****, user=root}
[INFO ] 2020-10-06 17:08:41.657 [main] C3P0ConnectionProvider - HHH10001003: Autocommit mode: false
[INFO ] 2020-10-06 17:08:41.973 [main] C3P0ConnectionProvider - HHH10001007: JDBC isolation level: <unknown>
[DEBUG] 2020-10-06 17:08:43.152 [main] JdbcEnvironmentInitiator - Database ->
       name : MySQL
    version : 8.0.16
      major : 8
      minor : 0
[DEBUG] 2020-10-06 17:08:43.155 [main] JdbcEnvironmentInitiator - Driver ->
       name : MySQL Connector/J
    version : mysql-connector-java-8.0.16 (Revision: 34cbc6bc61f72836e26327537a432d6db7c77de6)
      major : 8
      minor : 0
[DEBUG] 2020-10-06 17:08:43.155 [main] JdbcEnvironmentInitiator - JDBC version : 4.2
[INFO ] 2020-10-06 17:08:43.244 [main] Dialect - HHH000400: Using dialect: org.hibernate.dialect.MySQL8Dialect
[DEBUG] 2020-10-06 17:08:43.278 [main] IdentifierHelperBuilder - JDBC driver metadata reported database stores quoted identifiers in more than one case
[DEBUG] 2020-10-06 17:08:43.344 [main] IdentifierHelperBuilder - IdentifierCaseStrategy for both quoted and unquoted identifiers was set to the same strategy [MIXED]; that will likely lead to problems in schema update and validation if using quoted identifiers
[DEBUG] 2020-10-06 17:08:43.446 [main] Namespace - Created database namespace [logicalName=Name{catalog=null, schema=null}, physicalName=Name{catalog=null, schema=null}]
[DEBUG] 2020-10-06 17:08:43.458 [main] TypeConfiguration$Scope - Scoping TypeConfiguration [org.hibernate.type.spi.TypeConfiguration@53a665ad] to MetadataBuildingContext [org.hibernate.boot.internal.MetadataBuildingContextRootImpl@2c0b4c83]
[DEBUG] 2020-10-06 17:08:43.583 [main] AnnotationBinder - Binding entity from annotated class: edu.matc.entity.Product
[DEBUG] 2020-10-06 17:08:43.633 [main] Ejb3Column - Binding column: Ejb3DiscriminatorColumn{logicalColumnName'DTYPE', discriminatorTypeName='string'}
[DEBUG] 2020-10-06 17:08:43.638 [main] EntityBinder - Import with entity name Product
[DEBUG] 2020-10-06 17:08:43.647 [main] EntityBinder - Bind entity edu.matc.entity.Product on table product
[DEBUG] 2020-10-06 17:08:43.705 [main] Ejb3Column - Binding column: Ejb3Column{table=org.hibernate.mapping.Table(product), mappingColumn=item_id, insertable=true, updatable=true, unique=false}
[DEBUG] 2020-10-06 17:08:43.713 [main] PropertyBinder - MetadataSourceProcessor property itemId with lazy=false
[DEBUG] 2020-10-06 17:08:43.715 [main] AbstractPropertyHolder - Attempting to locate auto-apply AttributeConverter for property [edu.matc.entity.Product:itemId]
[DEBUG] 2020-10-06 17:08:43.720 [main] SimpleValueBinder - building SimpleValue for itemId
[DEBUG] 2020-10-06 17:08:43.722 [main] PropertyBinder - Building property itemId
[DEBUG] 2020-10-06 17:08:43.732 [main] BinderHelper - #makeIdGenerator(org.hibernate.mapping.SimpleValue([org.hibernate.mapping.Column(item_id)]), itemId, org.hibernate.id.enhanced.SequenceStyleGenerator, native, ...)
[DEBUG] 2020-10-06 17:08:43.733 [main] Ejb3Column - Binding column: Ejb3Column{table=org.hibernate.mapping.Table(product), mappingColumn=customizable, insertable=true, updatable=true, unique=false}
[DEBUG] 2020-10-06 17:08:43.734 [main] PropertyBinder - MetadataSourceProcessor property customizable with lazy=false
[DEBUG] 2020-10-06 17:08:43.735 [main] AbstractPropertyHolder - Attempting to locate auto-apply AttributeConverter for property [edu.matc.entity.Product:customizable]
[DEBUG] 2020-10-06 17:08:43.735 [main] SimpleValueBinder - building SimpleValue for customizable
[DEBUG] 2020-10-06 17:08:43.735 [main] PropertyBinder - Building property customizable
[DEBUG] 2020-10-06 17:08:43.738 [main] Ejb3Column - Binding column: Ejb3Column{table=org.hibernate.mapping.Table(product), mappingColumn=description, insertable=true, updatable=true, unique=false}
[DEBUG] 2020-10-06 17:08:43.738 [main] PropertyBinder - MetadataSourceProcessor property description with lazy=false
[DEBUG] 2020-10-06 17:08:43.738 [main] AbstractPropertyHolder - Attempting to locate auto-apply AttributeConverter for property [edu.matc.entity.Product:description]
[DEBUG] 2020-10-06 17:08:43.738 [main] SimpleValueBinder - building SimpleValue for description
[DEBUG] 2020-10-06 17:08:43.745 [main] PropertyBinder - Building property description
[DEBUG] 2020-10-06 17:08:43.746 [main] Ejb3Column - Binding column: Ejb3Column{table=org.hibernate.mapping.Table(product), mappingColumn=image, insertable=true, updatable=true, unique=false}
[DEBUG] 2020-10-06 17:08:43.748 [main] PropertyBinder - MetadataSourceProcessor property image with lazy=false
[DEBUG] 2020-10-06 17:08:43.750 [main] AbstractPropertyHolder - Attempting to locate auto-apply AttributeConverter for property [edu.matc.entity.Product:image]
[DEBUG] 2020-10-06 17:08:43.750 [main] SimpleValueBinder - building SimpleValue for image
[DEBUG] 2020-10-06 17:08:43.750 [main] PropertyBinder - Building property image
[DEBUG] 2020-10-06 17:08:43.750 [main] Ejb3Column - Binding column: Ejb3Column{table=org.hibernate.mapping.Table(product), mappingColumn=price, insertable=true, updatable=true, unique=false}
[DEBUG] 2020-10-06 17:08:43.750 [main] PropertyBinder - MetadataSourceProcessor property price with lazy=false
[DEBUG] 2020-10-06 17:08:43.750 [main] AbstractPropertyHolder - Attempting to locate auto-apply AttributeConverter for property [edu.matc.entity.Product:price]
[DEBUG] 2020-10-06 17:08:43.750 [main] SimpleValueBinder - building SimpleValue for price
[DEBUG] 2020-10-06 17:08:43.750 [main] PropertyBinder - Building property price
[DEBUG] 2020-10-06 17:08:43.752 [main] Ejb3Column - Binding column: Ejb3Column{table=org.hibernate.mapping.Table(product), mappingColumn=production_cost, insertable=true, updatable=true, unique=false}
[DEBUG] 2020-10-06 17:08:43.753 [main] PropertyBinder - MetadataSourceProcessor property productionCost with lazy=false
[DEBUG] 2020-10-06 17:08:43.753 [main] AbstractPropertyHolder - Attempting to locate auto-apply AttributeConverter for property [edu.matc.entity.Product:productionCost]
[DEBUG] 2020-10-06 17:08:43.753 [main] SimpleValueBinder - building SimpleValue for productionCost
[DEBUG] 2020-10-06 17:08:43.753 [main] PropertyBinder - Building property productionCost
[DEBUG] 2020-10-06 17:08:43.753 [main] Ejb3Column - Binding column: Ejb3Column{table=org.hibernate.mapping.Table(product), mappingColumn=tags, insertable=true, updatable=true, unique=false}
[DEBUG] 2020-10-06 17:08:43.753 [main] PropertyBinder - MetadataSourceProcessor property tags with lazy=false
[DEBUG] 2020-10-06 17:08:43.753 [main] AbstractPropertyHolder - Attempting to locate auto-apply AttributeConverter for property [edu.matc.entity.Product:tags]
[DEBUG] 2020-10-06 17:08:43.753 [main] SimpleValueBinder - building SimpleValue for tags
[DEBUG] 2020-10-06 17:08:43.753 [main] PropertyBinder - Building property tags
[DEBUG] 2020-10-06 17:08:43.753 [main] Ejb3Column - Binding column: Ejb3Column{table=org.hibernate.mapping.Table(product), mappingColumn=title, insertable=true, updatable=true, unique=false}
[DEBUG] 2020-10-06 17:08:43.753 [main] PropertyBinder - MetadataSourceProcessor property title with lazy=false
[DEBUG] 2020-10-06 17:08:43.753 [main] AbstractPropertyHolder - Attempting to locate auto-apply AttributeConverter for property [edu.matc.entity.Product:title]
[DEBUG] 2020-10-06 17:08:43.754 [main] SimpleValueBinder - building SimpleValue for title
[DEBUG] 2020-10-06 17:08:43.754 [main] PropertyBinder - Building property title
[DEBUG] 2020-10-06 17:08:43.762 [main] Ejb3Column - Binding column: Ejb3JoinColumn{logicalColumnName='user_id', referencedColumn='', mappedBy=''}
[DEBUG] 2020-10-06 17:08:43.762 [main] Ejb3Column - Binding column: Ejb3Column{table=org.hibernate.mapping.Table(product), mappingColumn=user, insertable=true, updatable=true, unique=false}
[DEBUG] 2020-10-06 17:08:43.773 [main] PropertyBinder - Building property user
[DEBUG] 2020-10-06 17:08:43.778 [main] AnnotationBinder - Binding entity from annotated class: edu.matc.entity.User
[DEBUG] 2020-10-06 17:08:43.779 [main] Ejb3Column - Binding column: Ejb3DiscriminatorColumn{logicalColumnName'DTYPE', discriminatorTypeName='string'}
[DEBUG] 2020-10-06 17:08:43.780 [main] EntityBinder - Import with entity name User
[DEBUG] 2020-10-06 17:08:43.780 [main] EntityBinder - Bind entity edu.matc.entity.User on table user
[DEBUG] 2020-10-06 17:08:43.797 [main] Ejb3Column - Binding column: Ejb3Column{table=org.hibernate.mapping.Table(user), mappingColumn=user_id, insertable=true, updatable=true, unique=false}
[DEBUG] 2020-10-06 17:08:43.799 [main] PropertyBinder - MetadataSourceProcessor property userId with lazy=false
[DEBUG] 2020-10-06 17:08:43.799 [main] AbstractPropertyHolder - Attempting to locate auto-apply AttributeConverter for property [edu.matc.entity.User:userId]
[DEBUG] 2020-10-06 17:08:43.799 [main] SimpleValueBinder - building SimpleValue for userId
[DEBUG] 2020-10-06 17:08:43.799 [main] PropertyBinder - Building property userId
[DEBUG] 2020-10-06 17:08:43.800 [main] BinderHelper - #makeIdGenerator(org.hibernate.mapping.SimpleValue([org.hibernate.mapping.Column(user_id)]), userId, org.hibernate.id.enhanced.SequenceStyleGenerator, native, ...)
[DEBUG] 2020-10-06 17:08:43.800 [main] Ejb3Column - Binding column: Ejb3Column{table=org.hibernate.mapping.Table(user), mappingColumn=email, insertable=true, updatable=true, unique=false}
[DEBUG] 2020-10-06 17:08:43.803 [main] PropertyBinder - MetadataSourceProcessor property email with lazy=false
[DEBUG] 2020-10-06 17:08:43.804 [main] AbstractPropertyHolder - Attempting to locate auto-apply AttributeConverter for property [edu.matc.entity.User:email]
[DEBUG] 2020-10-06 17:08:43.804 [main] SimpleValueBinder - building SimpleValue for email
[DEBUG] 2020-10-06 17:08:43.806 [main] PropertyBinder - Building property email
[DEBUG] 2020-10-06 17:08:43.807 [main] Ejb3Column - Binding column: Ejb3Column{table=org.hibernate.mapping.Table(user), mappingColumn=first_name, insertable=true, updatable=true, unique=false}
[DEBUG] 2020-10-06 17:08:43.807 [main] PropertyBinder - MetadataSourceProcessor property firstName with lazy=false
[DEBUG] 2020-10-06 17:08:43.810 [main] AbstractPropertyHolder - Attempting to locate auto-apply AttributeConverter for property [edu.matc.entity.User:firstName]
[DEBUG] 2020-10-06 17:08:43.810 [main] SimpleValueBinder - building SimpleValue for firstName
[DEBUG] 2020-10-06 17:08:43.810 [main] PropertyBinder - Building property firstName
[DEBUG] 2020-10-06 17:08:43.811 [main] Ejb3Column - Binding column: Ejb3Column{table=org.hibernate.mapping.Table(user), mappingColumn=last_name, insertable=true, updatable=true, unique=false}
[DEBUG] 2020-10-06 17:08:43.811 [main] PropertyBinder - MetadataSourceProcessor property lastName with lazy=false
[DEBUG] 2020-10-06 17:08:43.811 [main] AbstractPropertyHolder - Attempting to locate auto-apply AttributeConverter for property [edu.matc.entity.User:lastName]
[DEBUG] 2020-10-06 17:08:43.811 [main] SimpleValueBinder - building SimpleValue for lastName
[DEBUG] 2020-10-06 17:08:43.811 [main] PropertyBinder - Building property lastName
[DEBUG] 2020-10-06 17:08:43.811 [main] Ejb3Column - Binding column: Ejb3Column{table=org.hibernate.mapping.Table(user), mappingColumn=password, insertable=true, updatable=true, unique=false}
[DEBUG] 2020-10-06 17:08:43.811 [main] PropertyBinder - MetadataSourceProcessor property password with lazy=false
[DEBUG] 2020-10-06 17:08:43.811 [main] AbstractPropertyHolder - Attempting to locate auto-apply AttributeConverter for property [edu.matc.entity.User:password]
[DEBUG] 2020-10-06 17:08:43.811 [main] SimpleValueBinder - building SimpleValue for password
[DEBUG] 2020-10-06 17:08:43.812 [main] PropertyBinder - Building property password
[DEBUG] 2020-10-06 17:08:43.812 [main] Ejb3Column - Binding column: Ejb3JoinColumn{logicalColumnName='null', referencedColumn='null', mappedBy='user'}
[DEBUG] 2020-10-06 17:08:43.813 [main] Ejb3Column - Binding column: Ejb3Column{table=org.hibernate.mapping.Table(user), mappingColumn=products, insertable=true, updatable=true, unique=false}
[DEBUG] 2020-10-06 17:08:43.820 [main] Ejb3Column - Binding column: Ejb3Column{table=org.hibernate.mapping.Table(user), mappingColumn=null, insertable=true, updatable=true, unique=false}
[DEBUG] 2020-10-06 17:08:43.872 [main] Ejb3Column - Binding column: Ejb3Column{table=org.hibernate.mapping.Table(user), mappingColumn=element, insertable=true, updatable=true, unique=false}
[DEBUG] 2020-10-06 17:08:43.874 [main] Ejb3Column - Binding column: Ejb3Column{table=org.hibernate.mapping.Table(user), mappingColumn=products_KEY, insertable=true, updatable=true, unique=false}
[DEBUG] 2020-10-06 17:08:43.874 [main] Ejb3Column - Binding column: Ejb3JoinColumn{logicalColumnName='products_KEY', referencedColumn='null', mappedBy='null'}
[DEBUG] 2020-10-06 17:08:43.876 [main] Ejb3Column - Binding column: Ejb3JoinColumn{logicalColumnName='null', referencedColumn='null', mappedBy='user'}
[DEBUG] 2020-10-06 17:08:43.876 [main] Ejb3Column - Binding column: Ejb3JoinColumn{logicalColumnName='null', referencedColumn='null', mappedBy='user'}
[DEBUG] 2020-10-06 17:08:43.877 [main] CollectionBinder - Collection role: edu.matc.entity.User.products
[DEBUG] 2020-10-06 17:08:43.880 [main] PropertyBinder - Building property products
[DEBUG] 2020-10-06 17:08:43.887 [main] SimpleValueBinder - Starting fillSimpleValue for itemId
[DEBUG] 2020-10-06 17:08:43.888 [main] SimpleValueBinder - Starting fillSimpleValue for customizable
[DEBUG] 2020-10-06 17:08:43.890 [main] SimpleValueBinder - Starting fillSimpleValue for description
[DEBUG] 2020-10-06 17:08:43.890 [main] SimpleValueBinder - Starting fillSimpleValue for image
[DEBUG] 2020-10-06 17:08:43.894 [main] SimpleValueBinder - Starting fillSimpleValue for price
[DEBUG] 2020-10-06 17:08:43.894 [main] SimpleValueBinder - Starting fillSimpleValue for productionCost
[DEBUG] 2020-10-06 17:08:43.894 [main] SimpleValueBinder - Starting fillSimpleValue for tags
[DEBUG] 2020-10-06 17:08:43.894 [main] SimpleValueBinder - Starting fillSimpleValue for title
[DEBUG] 2020-10-06 17:08:43.894 [main] SimpleValueBinder - Starting fillSimpleValue for userId
[DEBUG] 2020-10-06 17:08:43.894 [main] SimpleValueBinder - Starting fillSimpleValue for email
[DEBUG] 2020-10-06 17:08:43.894 [main] SimpleValueBinder - Starting fillSimpleValue for firstName
[DEBUG] 2020-10-06 17:08:43.895 [main] SimpleValueBinder - Starting fillSimpleValue for lastName
[DEBUG] 2020-10-06 17:08:43.895 [main] SimpleValueBinder - Starting fillSimpleValue for password
[DEBUG] 2020-10-06 17:08:43.899 [main] PrimaryKey - Forcing column [item_id] to be non-null as it is part of the primary key for table [product]
[DEBUG] 2020-10-06 17:08:43.902 [main] PrimaryKey - Forcing column [user_id] to be non-null as it is part of the primary key for table [user]
[DEBUG] 2020-10-06 17:08:43.907 [main] CollectionSecondPass - Second pass for collection: edu.matc.entity.User.products
[DEBUG] 2020-10-06 17:08:43.909 [main] CollectionBinder - Binding a OneToMany: edu.matc.entity.User.products through a foreign key
[DEBUG] 2020-10-06 17:08:43.912 [main] CollectionBinder - Mapping collection: edu.matc.entity.User.products -> product
[DEBUG] 2020-10-06 17:08:43.914 [main] TableBinder - Retrieving property edu.matc.entity.Product.user
[DEBUG] 2020-10-06 17:08:43.916 [main] CollectionSecondPass - Mapped collection key: user_id, one-to-many: edu.matc.entity.Product
[DEBUG] 2020-10-06 17:08:43.919 [main] InFlightMetadataCollectorImpl - Resolving reference to class: edu.matc.entity.User
[DEBUG] 2020-10-06 17:08:43.926 [main] InFlightMetadataCollectorImpl - Resolving reference to class: edu.matc.entity.User
[DEBUG] 2020-10-06 17:08:44.032 [main] SessionFactoryImpl - Building session factory
[DEBUG] 2020-10-06 17:08:44.033 [main] Settings - SessionFactory name : null
[DEBUG] 2020-10-06 17:08:44.036 [main] Settings - Automatic flush during beforeCompletion(): enabled
[DEBUG] 2020-10-06 17:08:44.036 [main] Settings - Automatic session close at end of transaction: disabled
[DEBUG] 2020-10-06 17:08:44.036 [main] Settings - Statistics: disabled
[DEBUG] 2020-10-06 17:08:44.036 [main] Settings - Deleted entity synthetic identifier rollback: disabled
[DEBUG] 2020-10-06 17:08:44.036 [main] Settings - Default entity-mode: pojo
[DEBUG] 2020-10-06 17:08:44.036 [main] Settings - Check Nullability in Core (should be disabled when Bean Validation is on): enabled
[DEBUG] 2020-10-06 17:08:44.036 [main] Settings - Allow initialization of lazy state outside session : disabled
[DEBUG] 2020-10-06 17:08:44.036 [main] Settings - Using BatchFetchStyle : LEGACY
[DEBUG] 2020-10-06 17:08:44.036 [main] Settings - Default batch fetch size: -1
[DEBUG] 2020-10-06 17:08:44.036 [main] Settings - Maximum outer join fetch depth: 2
[DEBUG] 2020-10-06 17:08:44.036 [main] Settings - Default null ordering: NONE
[DEBUG] 2020-10-06 17:08:44.036 [main] Settings - Order SQL updates by primary key: disabled
[DEBUG] 2020-10-06 17:08:44.043 [main] Settings - Order SQL inserts for batching: disabled
[DEBUG] 2020-10-06 17:08:44.043 [main] Settings - multi-tenancy strategy : NONE
[DEBUG] 2020-10-06 17:08:44.043 [main] Settings - JTA Track by Thread: enabled
[DEBUG] 2020-10-06 17:08:44.043 [main] Settings - Query language substitutions: {}
[DEBUG] 2020-10-06 17:08:44.044 [main] Settings - Named query checking : enabled
[DEBUG] 2020-10-06 17:08:44.044 [main] Settings - Second-level cache: disabled
[DEBUG] 2020-10-06 17:08:44.044 [main] Settings - Second-level query cache: disabled
[DEBUG] 2020-10-06 17:08:44.044 [main] Settings - Second-level query cache factory: null
[DEBUG] 2020-10-06 17:08:44.044 [main] Settings - Second-level cache region prefix: null
[DEBUG] 2020-10-06 17:08:44.045 [main] Settings - Optimize second-level cache for minimal puts: disabled
[DEBUG] 2020-10-06 17:08:44.045 [main] Settings - Structured second-level cache entries: disabled
[DEBUG] 2020-10-06 17:08:44.045 [main] Settings - Second-level cache direct-reference entries: disabled
[DEBUG] 2020-10-06 17:08:44.045 [main] Settings - Automatic eviction of collection cache: disabled
[DEBUG] 2020-10-06 17:08:44.045 [main] Settings - JDBC batch size: 15
[DEBUG] 2020-10-06 17:08:44.045 [main] Settings - JDBC batch updates for versioned data: enabled
[DEBUG] 2020-10-06 17:08:44.045 [main] Settings - Scrollable result sets: enabled
[DEBUG] 2020-10-06 17:08:44.045 [main] Settings - Wrap result sets: disabled
[DEBUG] 2020-10-06 17:08:44.045 [main] Settings - JDBC3 getGeneratedKeys(): enabled
[DEBUG] 2020-10-06 17:08:44.045 [main] Settings - JDBC result set fetch size: null
[DEBUG] 2020-10-06 17:08:44.045 [main] Settings - Connection release mode: AFTER_TRANSACTION
[DEBUG] 2020-10-06 17:08:44.045 [main] Settings - Generate SQL with comments: disabled
[DEBUG] 2020-10-06 17:08:44.045 [main] Settings - JPA compliance - query : 
[DEBUG] 2020-10-06 17:08:44.045 [main] Settings - JPA compliance - closed-handling : 
[DEBUG] 2020-10-06 17:08:44.045 [main] Settings - JPA compliance - lists : 
[DEBUG] 2020-10-06 17:08:44.045 [main] Settings - JPA compliance - transactions : 
[INFO ] 2020-10-06 17:08:44.149 [main] beans - HHH10005002: No explicit CDI BeanManager reference was passed to Hibernate, but CDI is available on the Hibernate ClassLoader.
[DEBUG] 2020-10-06 17:08:44.201 [main] SessionFactoryImpl - Session factory constructed with filter configurations : {}
[DEBUG] 2020-10-06 17:08:44.202 [main] SessionFactoryImpl - Instantiating session factory with properties: {sun.desktop=gnome, awt.toolkit=sun.awt.X11.XToolkit, java.specification.version=11, sun.cpu.isalist=, hibernate.c3p0.idle_test_period=3000, sun.jnu.encoding=UTF-8, hibernate.c3p0.min_size=5, java.class.path=/home/student/intellij/lib/idea_rt.jar:/home/student/intellij/plugins/junit/lib/junit-rt.jar:/home/student/intellij/plugins/junit/lib/junit5-rt.jar:/home/student/IdeaProjects/customCrafts/target/test-classes:/home/student/IdeaProjects/customCrafts/target/classes:/home/student/.m2/repository/org/junit/platform/junit-platform-runner/1.0.0/junit-platform-runner-1.0.0.jar:/home/student/.m2/repository/org/apiguardian/apiguardian-api/1.0.0/apiguardian-api-1.0.0.jar:/home/student/.m2/repository/org/junit/platform/junit-platform-launcher/1.0.0/junit-platform-launcher-1.0.0.jar:/home/student/.m2/repository/org/junit/platform/junit-platform-suite-api/1.0.0/junit-platform-suite-api-1.0.0.jar:/home/student/.m2/repository/org/junit/platform/junit-platform-commons/1.0.0/junit-platform-commons-1.0.0.jar:/home/student/.m2/repository/org/junit/vintage/junit-vintage-engine/4.12.0/junit-vintage-engine-4.12.0.jar:/home/student/.m2/repository/org/junit/platform/junit-platform-engine/1.0.0/junit-platform-engine-1.0.0.jar:/home/student/.m2/repository/org/opentest4j/opentest4j/1.0.0/opentest4j-1.0.0.jar:/home/student/.m2/repository/org/junit/jupiter/junit-jupiter-engine/5.0.0/junit-jupiter-engine-5.0.0.jar:/home/student/.m2/repository/org/junit/jupiter/junit-jupiter-api/5.0.0/junit-jupiter-api-5.0.0.jar:/home/student/.m2/repository/junit/junit/4.12/junit-4.12.jar:/home/student/.m2/repository/org/hamcrest/hamcrest-core/1.3/hamcrest-core-1.3.jar:/home/student/.m2/repository/javax/javaee-web-api/7.0/javaee-web-api-7.0.jar:/home/student/.m2/repository/mysql/mysql-connector-java/8.0.16/mysql-connector-java-8.0.16.jar:/home/student/.m2/repository/com/google/protobuf/protobuf-java/3.6.1/protobuf-java-3.6.1.jar:/home/student/.m2/repository/jstl/jstl/1.2/jstl-1.2.jar:/home/student/.m2/repository/org/apache/logging/log4j/log4j-api/2.10.0/log4j-api-2.10.0.jar:/home/student/.m2/repository/org/apache/logging/log4j/log4j-core/2.10.0/log4j-core-2.10.0.jar:/home/student/.m2/repository/org/hibernate/hibernate-core/5.4.4.Final/hibernate-core-5.4.4.Final.jar:/home/student/.m2/repository/org/jboss/logging/jboss-logging/3.3.2.Final/jboss-logging-3.3.2.Final.jar:/home/student/.m2/repository/javax/persistence/javax.persistence-api/2.2/javax.persistence-api-2.2.jar:/home/student/.m2/repository/org/javassist/javassist/3.24.0-GA/javassist-3.24.0-GA.jar:/home/student/.m2/repository/net/bytebuddy/byte-buddy/1.9.11/byte-buddy-1.9.11.jar:/home/student/.m2/repository/antlr/antlr/2.7.7/antlr-2.7.7.jar:/home/student/.m2/repository/org/jboss/spec/javax/transaction/jboss-transaction-api_1.2_spec/1.1.1.Final/jboss-transaction-api_1.2_spec-1.1.1.Final.jar:/home/student/.m2/repository/org/jboss/jandex/2.0.5.Final/jandex-2.0.5.Final.jar:/home/student/.m2/repository/com/fasterxml/classmate/1.3.4/classmate-1.3.4.jar:/home/student/.m2/repository/javax/activation/javax.activation-api/1.2.0/javax.activation-api-1.2.0.jar:/home/student/.m2/repository/org/dom4j/dom4j/2.1.1/dom4j-2.1.1.jar:/home/student/.m2/repository/org/hibernate/common/hibernate-commons-annotations/5.1.0.Final/hibernate-commons-annotations-5.1.0.Final.jar:/home/student/.m2/repository/javax/xml/bind/jaxb-api/2.3.1/jaxb-api-2.3.1.jar:/home/student/.m2/repository/org/glassfish/jaxb/jaxb-runtime/2.3.1/jaxb-runtime-2.3.1.jar:/home/student/.m2/repository/org/glassfish/jaxb/txw2/2.3.1/txw2-2.3.1.jar:/home/student/.m2/repository/com/sun/istack/istack-commons-runtime/3.0.7/istack-commons-runtime-3.0.7.jar:/home/student/.m2/repository/org/jvnet/staxex/stax-ex/1.8/stax-ex-1.8.jar:/home/student/.m2/repository/com/sun/xml/fastinfoset/FastInfoset/1.2.15/FastInfoset-1.2.15.jar:/home/student/.m2/repository/org/hibernate/hibernate-c3p0/5.4.4.Final/hibernate-c3p0-5.4.4.Final.jar:/home/student/.m2/repository/com/mchange/c3p0/0.9.5.3/c3p0-0.9.5.3.jar:/home/student/.m2/repository/com/mchange/mchange-commons-java/0.2.15/mchange-commons-java-0.2.15.jar, java.vm.vendor=Ubuntu, sun.arch.data.model=64, idea.test.cyclic.buffer.size=1048576, java.vendor.url=https://ubuntu.com/, user.timezone=America/Chicago, os.name=Linux, java.vm.specification.version=11, sun.java.launcher=SUN_STANDARD, user.country=US, sun.boot.library.path=/usr/lib/jvm/java-11-openjdk-amd64/lib, sun.java.command=com.intellij.rt.execution.junit.JUnitStarter -ideVersion5 -junit5 edu.matc.persistence.UserDaoTest,insertWithProductSuccess, jdk.debug=release, sun.cpu.endian=little, user.home=/home/student, hibernate.c3p0.max_statements=50, user.language=en, java.specification.vendor=Oracle Corporation, java.version.date=2020-07-14, java.home=/usr/lib/jvm/java-11-openjdk-amd64, file.separator=/, java.vm.compressedOopsMode=32-bit, line.separator=
, hibernate.c3p0.timeout=300, java.specification.name=Java Platform API Specification, java.vm.specification.vendor=Oracle Corporation, java.awt.graphicsenv=sun.awt.X11GraphicsEnvironment, connection.password=student, sun.management.compiler=HotSpot 64-Bit Tiered Compilers, hibernate.c3p0.max_size=20, java.runtime.version=11.0.8+10-post-Ubuntu-0ubuntu118.04.1, user.name=student, path.separator=:, hibernate.connection.username=****, os.version=5.4.0-48-generic, java.runtime.name=OpenJDK Runtime Environment, hibernate.connection.url=jdbc:mysql://localhost:3306/test?serverTimezone=UTC, file.encoding=UTF-8, java.vm.name=OpenJDK 64-Bit Server VM, hibernate.connection.driver_class=com.mysql.cj.jdbc.Driver, java.vendor.url.bug=https://bugs.launchpad.net/ubuntu/+source/openjdk-lts, java.io.tmpdir=/tmp, java.version=11.0.8, user.dir=/home/student/IdeaProjects/customCrafts, os.arch=amd64, connection.username=root, java.vm.specification.name=Java Virtual Machine Specification, java.awt.printerjob=sun.print.PSPrinterJob, hibernate.connection.password=****, sun.os.patch.level=unknown, connection.driver_class=com.mysql.cj.jdbc.Driver, hibernate.boot.CfgXmlAccessService.key=org.hibernate.boot.cfgxml.spi.LoadedConfig@2d5ef498, java.library.path=/usr/java/packages/lib:/usr/lib/x86_64-linux-gnu/jni:/lib/x86_64-linux-gnu:/usr/lib/x86_64-linux-gnu:/usr/lib/jni:/lib:/usr/lib, java.vendor=Ubuntu, java.vm.info=mixed mode, sharing, java.vm.version=11.0.8+10-post-Ubuntu-0ubuntu118.04.1, hibernate.bytecode.use_reflection_optimizer=false, sun.io.unicode.encoding=UnicodeLittle, connection.url=jdbc:mysql://localhost:3306/test?serverTimezone=UTC, java.class.version=55.0}
[DEBUG] 2020-10-06 17:08:44.244 [main] TypeSafeActivator - Unable to acquire Bean Validation ValidatorFactory, skipping activation
[DEBUG] 2020-10-06 17:08:44.245 [main] JaccIntegrator - Skipping JACC integration as it was not enabled
[DEBUG] 2020-10-06 17:08:44.248 [main] SessionFactoryImpl - Instantiated session factory
[DEBUG] 2020-10-06 17:08:44.248 [main] TypeConfiguration$Scope - Scoping TypeConfiguration [org.hibernate.type.spi.TypeConfiguration@53a665ad] to SessionFactoryImpl [org.hibernate.internal.SessionFactoryImpl@4317850d]
[DEBUG] 2020-10-06 17:08:44.476 [main] ClassLoaderAccessImpl - Not known whether passed class name [edu.matc.entity.User] is safe
[DEBUG] 2020-10-06 17:08:44.481 [main] ClassLoaderAccessImpl - No temp ClassLoader provided; using live ClassLoader for loading potentially unsafe class : edu.matc.entity.User
[DEBUG] 2020-10-06 17:08:44.511 [main] ClassLoaderAccessImpl - Not known whether passed class name [edu.matc.entity.User] is safe
[DEBUG] 2020-10-06 17:08:44.512 [main] ClassLoaderAccessImpl - No temp ClassLoader provided; using live ClassLoader for loading potentially unsafe class : edu.matc.entity.User
[DEBUG] 2020-10-06 17:08:45.049 [main] ClassLoaderAccessImpl - Not known whether passed class name [edu.matc.entity.Product] is safe
[DEBUG] 2020-10-06 17:08:45.054 [main] ClassLoaderAccessImpl - No temp ClassLoader provided; using live ClassLoader for loading potentially unsafe class : edu.matc.entity.Product
[DEBUG] 2020-10-06 17:08:45.055 [main] ClassLoaderAccessImpl - Not known whether passed class name [edu.matc.entity.Product] is safe
[DEBUG] 2020-10-06 17:08:45.055 [main] ClassLoaderAccessImpl - No temp ClassLoader provided; using live ClassLoader for loading potentially unsafe class : edu.matc.entity.Product
[DEBUG] 2020-10-06 17:08:45.144 [main] AbstractCollectionPersister - Static SQL for collection: edu.matc.entity.User.products
[DEBUG] 2020-10-06 17:08:45.144 [main] AbstractCollectionPersister -  Row insert: update product set user_id=? where item_id=?
[DEBUG] 2020-10-06 17:08:45.144 [main] AbstractCollectionPersister -  Row update: update product set  where item_id=?
[DEBUG] 2020-10-06 17:08:45.144 [main] AbstractCollectionPersister -  Row delete: update product set user_id=null where user_id=? and item_id=?
[DEBUG] 2020-10-06 17:08:45.144 [main] AbstractCollectionPersister -  One-shot delete: update product set user_id=null where user_id=?
[DEBUG] 2020-10-06 17:08:45.153 [main] AbstractEntityPersister - Static SQL for entity: edu.matc.entity.User
[DEBUG] 2020-10-06 17:08:45.153 [main] AbstractEntityPersister -  Version select: select user_id from user where user_id =?
[DEBUG] 2020-10-06 17:08:45.153 [main] AbstractEntityPersister -  Snapshot select: select user_.user_id, user_.email as email2_1_, user_.first_name as first_na3_1_, user_.last_name as last_nam4_1_, user_.password as password5_1_ from user user_ where user_.user_id=?
[DEBUG] 2020-10-06 17:08:45.154 [main] AbstractEntityPersister -  Insert 0: insert into user (email, first_name, last_name, password, user_id) values (?, ?, ?, ?, ?)
[DEBUG] 2020-10-06 17:08:45.155 [main] AbstractEntityPersister -  Update 0: update user set email=?, first_name=?, last_name=?, password=? where user_id=?
[DEBUG] 2020-10-06 17:08:45.155 [main] AbstractEntityPersister -  Delete 0: delete from user where user_id=?
[DEBUG] 2020-10-06 17:08:45.155 [main] AbstractEntityPersister -  Identity insert: insert into user (email, first_name, last_name, password) values (?, ?, ?, ?)
[DEBUG] 2020-10-06 17:08:45.209 [main] QuerySpacesImpl - Adding QuerySpace : uid = <gen:0> -> org.hibernate.loader.plan.build.internal.spaces.EntityQuerySpaceImpl@6f5d0190]
[DEBUG] 2020-10-06 17:08:45.210 [main] MetamodelGraphWalker - Visiting attribute path : email
[DEBUG] 2020-10-06 17:08:45.210 [main] MetamodelGraphWalker - Visiting attribute path : firstName
[DEBUG] 2020-10-06 17:08:45.210 [main] MetamodelGraphWalker - Visiting attribute path : lastName
[DEBUG] 2020-10-06 17:08:45.210 [main] MetamodelGraphWalker - Visiting attribute path : password
[DEBUG] 2020-10-06 17:08:45.210 [main] MetamodelGraphWalker - Visiting attribute path : products
[DEBUG] 2020-10-06 17:08:45.213 [main] QuerySpacesImpl - Adding QuerySpace : uid = <gen:1> -> org.hibernate.loader.plan.build.internal.spaces.CollectionQuerySpaceImpl@7e87ef9e]
[DEBUG] 2020-10-06 17:08:45.229 [main] QuerySpacesImpl - Adding QuerySpace : uid = <gen:2> -> org.hibernate.loader.plan.build.internal.spaces.EntityQuerySpaceImpl@7d8cf9ac]
[DEBUG] 2020-10-06 17:08:45.231 [main] MetamodelGraphWalker - Visiting attribute path : products.customizable
[DEBUG] 2020-10-06 17:08:45.231 [main] MetamodelGraphWalker - Visiting attribute path : products.description
[DEBUG] 2020-10-06 17:08:45.231 [main] MetamodelGraphWalker - Visiting attribute path : products.image
[DEBUG] 2020-10-06 17:08:45.231 [main] MetamodelGraphWalker - Visiting attribute path : products.price
[DEBUG] 2020-10-06 17:08:45.231 [main] MetamodelGraphWalker - Visiting attribute path : products.productionCost
[DEBUG] 2020-10-06 17:08:45.231 [main] MetamodelGraphWalker - Visiting attribute path : products.tags
[DEBUG] 2020-10-06 17:08:45.231 [main] MetamodelGraphWalker - Visiting attribute path : products.title
[DEBUG] 2020-10-06 17:08:45.233 [main] MetamodelGraphWalker - Visiting attribute path : products.user
[DEBUG] 2020-10-06 17:08:45.233 [main] MetamodelGraphWalker - Property path deemed to be circular : products.user
[DEBUG] 2020-10-06 17:08:45.234 [main] FetchStyleLoadPlanBuildingAssociationVisitationStrategy - Building LoadPlan...
[DEBUG] 2020-10-06 17:08:45.267 [main] LoadQueryJoinAndFetchProcessor - processing queryspace <gen:0>
[DEBUG] 2020-10-06 17:08:45.277 [main] LoadPlanTreePrinter - LoadPlan(entity=edu.matc.entity.User)
    - Returns
       - EntityReturnImpl(entity=edu.matc.entity.User, querySpaceUid=<gen:0>, path=edu.matc.entity.User)
          - CollectionAttributeFetchImpl(collection=edu.matc.entity.User.products, querySpaceUid=<gen:1>, path=edu.matc.entity.User.products)
             - (collection element) CollectionFetchableElementEntityGraph(entity=edu.matc.entity.Product, querySpaceUid=<gen:2>, path=edu.matc.entity.User.products.<elements>)
    - QuerySpaces
       - EntityQuerySpaceImpl(uid=<gen:0>, entity=edu.matc.entity.User)
          - SQL table alias mapping - user0_
          - alias suffix - 0_
          - suffixed key columns - {user_id1_1_0_}
          - JOIN (JoinDefinedByMetadata(products)) : <gen:0> -> <gen:1>
             - CollectionQuerySpaceImpl(uid=<gen:1>, collection=edu.matc.entity.User.products)
                - SQL table alias mapping - products1_
                - alias suffix - 1_
                - suffixed key columns - {user_id9_0_1_}
                - entity-element alias suffix - 2_
                - 2_entity-element suffixed key columns - item_id1_0_2_
                - JOIN (JoinDefinedByMetadata(elements)) : <gen:1> -> <gen:2>
                   - EntityQuerySpaceImpl(uid=<gen:2>, entity=edu.matc.entity.Product)
                      - SQL table alias mapping - products1_
                      - alias suffix - 2_
                      - suffixed key columns - {item_id1_0_2_}

[DEBUG] 2020-10-06 17:08:45.291 [main] EntityLoader - Static select for entity edu.matc.entity.User [NONE]: select user0_.user_id as user_id1_1_0_, user0_.email as email2_1_0_, user0_.first_name as first_na3_1_0_, user0_.last_name as last_nam4_1_0_, user0_.password as password5_1_0_, products1_.user_id as user_id9_0_1_, products1_.item_id as item_id1_0_1_, products1_.item_id as item_id1_0_2_, products1_.customizable as customiz2_0_2_, products1_.description as descript3_0_2_, products1_.image as image4_0_2_, products1_.price as price5_0_2_, products1_.production_cost as producti6_0_2_, products1_.tags as tags7_0_2_, products1_.title as title8_0_2_, products1_.user_id as user_id9_0_2_ from user user0_ left outer join product products1_ on user0_.user_id=products1_.user_id where user0_.user_id=?
[DEBUG] 2020-10-06 17:08:45.291 [main] QuerySpacesImpl - Adding QuerySpace : uid = <gen:0> -> org.hibernate.loader.plan.build.internal.spaces.EntityQuerySpaceImpl@5f0a2638]
[DEBUG] 2020-10-06 17:08:45.291 [main] MetamodelGraphWalker - Visiting attribute path : email
[DEBUG] 2020-10-06 17:08:45.292 [main] MetamodelGraphWalker - Visiting attribute path : firstName
[DEBUG] 2020-10-06 17:08:45.292 [main] MetamodelGraphWalker - Visiting attribute path : lastName
[DEBUG] 2020-10-06 17:08:45.292 [main] MetamodelGraphWalker - Visiting attribute path : password
[DEBUG] 2020-10-06 17:08:45.292 [main] MetamodelGraphWalker - Visiting attribute path : products
[DEBUG] 2020-10-06 17:08:45.292 [main] QuerySpacesImpl - Adding QuerySpace : uid = <gen:1> -> org.hibernate.loader.plan.build.internal.spaces.CollectionQuerySpaceImpl@77cb452c]
[DEBUG] 2020-10-06 17:08:45.292 [main] QuerySpacesImpl - Adding QuerySpace : uid = <gen:2> -> org.hibernate.loader.plan.build.internal.spaces.EntityQuerySpaceImpl@2213639b]
[DEBUG] 2020-10-06 17:08:45.294 [main] MetamodelGraphWalker - Visiting attribute path : products.customizable
[DEBUG] 2020-10-06 17:08:45.294 [main] MetamodelGraphWalker - Visiting attribute path : products.description
[DEBUG] 2020-10-06 17:08:45.294 [main] MetamodelGraphWalker - Visiting attribute path : products.image
[DEBUG] 2020-10-06 17:08:45.294 [main] MetamodelGraphWalker - Visiting attribute path : products.price
[DEBUG] 2020-10-06 17:08:45.294 [main] MetamodelGraphWalker - Visiting attribute path : products.productionCost
[DEBUG] 2020-10-06 17:08:45.294 [main] MetamodelGraphWalker - Visiting attribute path : products.tags
[DEBUG] 2020-10-06 17:08:45.294 [main] MetamodelGraphWalker - Visiting attribute path : products.title
[DEBUG] 2020-10-06 17:08:45.294 [main] MetamodelGraphWalker - Visiting attribute path : products.user
[DEBUG] 2020-10-06 17:08:45.296 [main] MetamodelGraphWalker - Property path deemed to be circular : products.user
[DEBUG] 2020-10-06 17:08:45.297 [main] FetchStyleLoadPlanBuildingAssociationVisitationStrategy - Building LoadPlan...
[DEBUG] 2020-10-06 17:08:45.301 [main] LoadQueryJoinAndFetchProcessor - processing queryspace <gen:0>
[DEBUG] 2020-10-06 17:08:45.302 [main] LoadPlanTreePrinter - LoadPlan(entity=edu.matc.entity.User)
    - Returns
       - EntityReturnImpl(entity=edu.matc.entity.User, querySpaceUid=<gen:0>, path=edu.matc.entity.User)
          - CollectionAttributeFetchImpl(collection=edu.matc.entity.User.products, querySpaceUid=<gen:1>, path=edu.matc.entity.User.products)
             - (collection element) CollectionFetchableElementEntityGraph(entity=edu.matc.entity.Product, querySpaceUid=<gen:2>, path=edu.matc.entity.User.products.<elements>)
    - QuerySpaces
       - EntityQuerySpaceImpl(uid=<gen:0>, entity=edu.matc.entity.User)
          - SQL table alias mapping - user0_
          - alias suffix - 0_
          - suffixed key columns - {user_id1_1_0_}
          - JOIN (JoinDefinedByMetadata(products)) : <gen:0> -> <gen:1>
             - CollectionQuerySpaceImpl(uid=<gen:1>, collection=edu.matc.entity.User.products)
                - SQL table alias mapping - products1_
                - alias suffix - 1_
                - suffixed key columns - {user_id9_0_1_}
                - entity-element alias suffix - 2_
                - 2_entity-element suffixed key columns - item_id1_0_2_
                - JOIN (JoinDefinedByMetadata(elements)) : <gen:1> -> <gen:2>
                   - EntityQuerySpaceImpl(uid=<gen:2>, entity=edu.matc.entity.Product)
                      - SQL table alias mapping - products1_
                      - alias suffix - 2_
                      - suffixed key columns - {item_id1_0_2_}

[DEBUG] 2020-10-06 17:08:45.306 [main] EntityLoader - Static select for entity edu.matc.entity.User [READ]: select user0_.user_id as user_id1_1_0_, user0_.email as email2_1_0_, user0_.first_name as first_na3_1_0_, user0_.last_name as last_nam4_1_0_, user0_.password as password5_1_0_, products1_.user_id as user_id9_0_1_, products1_.item_id as item_id1_0_1_, products1_.item_id as item_id1_0_2_, products1_.customizable as customiz2_0_2_, products1_.description as descript3_0_2_, products1_.image as image4_0_2_, products1_.price as price5_0_2_, products1_.production_cost as producti6_0_2_, products1_.tags as tags7_0_2_, products1_.title as title8_0_2_, products1_.user_id as user_id9_0_2_ from user user0_ left outer join product products1_ on user0_.user_id=products1_.user_id where user0_.user_id=?
[DEBUG] 2020-10-06 17:08:45.345 [main] Loader - Static select for action ACTION_MERGE on entity edu.matc.entity.User: select user0_.user_id as user_id1_1_1_, user0_.email as email2_1_1_, user0_.first_name as first_na3_1_1_, user0_.last_name as last_nam4_1_1_, user0_.password as password5_1_1_, products1_.user_id as user_id9_0_3_, products1_.item_id as item_id1_0_3_, products1_.item_id as item_id1_0_0_, products1_.customizable as customiz2_0_0_, products1_.description as descript3_0_0_, products1_.image as image4_0_0_, products1_.price as price5_0_0_, products1_.production_cost as producti6_0_0_, products1_.tags as tags7_0_0_, products1_.title as title8_0_0_, products1_.user_id as user_id9_0_0_ from user user0_ left outer join product products1_ on user0_.user_id=products1_.user_id where user0_.user_id=?
[DEBUG] 2020-10-06 17:08:45.348 [main] Loader - Static select for action ACTION_REFRESH on entity edu.matc.entity.User: select user0_.user_id as user_id1_1_1_, user0_.email as email2_1_1_, user0_.first_name as first_na3_1_1_, user0_.last_name as last_nam4_1_1_, user0_.password as password5_1_1_, products1_.user_id as user_id9_0_3_, products1_.item_id as item_id1_0_3_, products1_.item_id as item_id1_0_0_, products1_.customizable as customiz2_0_0_, products1_.description as descript3_0_0_, products1_.image as image4_0_0_, products1_.price as price5_0_0_, products1_.production_cost as producti6_0_0_, products1_.tags as tags7_0_0_, products1_.title as title8_0_0_, products1_.user_id as user_id9_0_0_ from user user0_ left outer join product products1_ on user0_.user_id=products1_.user_id where user0_.user_id=?
[DEBUG] 2020-10-06 17:08:45.349 [main] AbstractEntityPersister - Static SQL for entity: edu.matc.entity.Product
[DEBUG] 2020-10-06 17:08:45.349 [main] AbstractEntityPersister -  Version select: select item_id from product where item_id =?
[DEBUG] 2020-10-06 17:08:45.349 [main] AbstractEntityPersister -  Snapshot select: select product_.item_id, product_.customizable as customiz2_0_, product_.description as descript3_0_, product_.image as image4_0_, product_.price as price5_0_, product_.production_cost as producti6_0_, product_.tags as tags7_0_, product_.title as title8_0_, product_.user_id as user_id9_0_ from product product_ where product_.item_id=?
[DEBUG] 2020-10-06 17:08:45.352 [main] AbstractEntityPersister -  Insert 0: insert into product (customizable, description, image, price, production_cost, tags, title, user_id, item_id) values (?, ?, ?, ?, ?, ?, ?, ?, ?)
[DEBUG] 2020-10-06 17:08:45.352 [main] AbstractEntityPersister -  Update 0: update product set customizable=?, description=?, image=?, price=?, production_cost=?, tags=?, title=?, user_id=? where item_id=?
[DEBUG] 2020-10-06 17:08:45.353 [main] AbstractEntityPersister -  Delete 0: delete from product where item_id=?
[DEBUG] 2020-10-06 17:08:45.353 [main] AbstractEntityPersister -  Identity insert: insert into product (customizable, description, image, price, production_cost, tags, title, user_id) values (?, ?, ?, ?, ?, ?, ?, ?)
[DEBUG] 2020-10-06 17:08:45.353 [main] QuerySpacesImpl - Adding QuerySpace : uid = <gen:0> -> org.hibernate.loader.plan.build.internal.spaces.EntityQuerySpaceImpl@f5a7226]
[DEBUG] 2020-10-06 17:08:45.353 [main] MetamodelGraphWalker - Visiting attribute path : customizable
[DEBUG] 2020-10-06 17:08:45.353 [main] MetamodelGraphWalker - Visiting attribute path : description
[DEBUG] 2020-10-06 17:08:45.355 [main] MetamodelGraphWalker - Visiting attribute path : image
[DEBUG] 2020-10-06 17:08:45.356 [main] MetamodelGraphWalker - Visiting attribute path : price
[DEBUG] 2020-10-06 17:08:45.356 [main] MetamodelGraphWalker - Visiting attribute path : productionCost
[DEBUG] 2020-10-06 17:08:45.356 [main] MetamodelGraphWalker - Visiting attribute path : tags
[DEBUG] 2020-10-06 17:08:45.360 [main] MetamodelGraphWalker - Visiting attribute path : title
[DEBUG] 2020-10-06 17:08:45.360 [main] MetamodelGraphWalker - Visiting attribute path : user
[DEBUG] 2020-10-06 17:08:45.361 [main] QuerySpacesImpl - Adding QuerySpace : uid = <gen:1> -> org.hibernate.loader.plan.build.internal.spaces.EntityQuerySpaceImpl@6ad1701a]
[DEBUG] 2020-10-06 17:08:45.366 [main] MetamodelGraphWalker - Visiting attribute path : user.email
[DEBUG] 2020-10-06 17:08:45.366 [main] MetamodelGraphWalker - Visiting attribute path : user.firstName
[DEBUG] 2020-10-06 17:08:45.366 [main] MetamodelGraphWalker - Visiting attribute path : user.lastName
[DEBUG] 2020-10-06 17:08:45.366 [main] MetamodelGraphWalker - Visiting attribute path : user.password
[DEBUG] 2020-10-06 17:08:45.366 [main] MetamodelGraphWalker - Visiting attribute path : user.products
[DEBUG] 2020-10-06 17:08:45.366 [main] MetamodelGraphWalker - Property path deemed to be circular : user.products
[DEBUG] 2020-10-06 17:08:45.366 [main] FetchStyleLoadPlanBuildingAssociationVisitationStrategy - Building LoadPlan...
[DEBUG] 2020-10-06 17:08:45.367 [main] LoadQueryJoinAndFetchProcessor - processing queryspace <gen:0>
[DEBUG] 2020-10-06 17:08:45.367 [main] LoadPlanTreePrinter - LoadPlan(entity=edu.matc.entity.Product)
    - Returns
       - EntityReturnImpl(entity=edu.matc.entity.Product, querySpaceUid=<gen:0>, path=edu.matc.entity.Product)
          - EntityAttributeFetchImpl(entity=edu.matc.entity.User, querySpaceUid=<gen:1>, path=edu.matc.entity.Product.user)
    - QuerySpaces
       - EntityQuerySpaceImpl(uid=<gen:0>, entity=edu.matc.entity.Product)
          - SQL table alias mapping - product0_
          - alias suffix - 0_
          - suffixed key columns - {item_id1_0_0_}
          - JOIN (JoinDefinedByMetadata(user)) : <gen:0> -> <gen:1>
             - EntityQuerySpaceImpl(uid=<gen:1>, entity=edu.matc.entity.User)
                - SQL table alias mapping - user1_
                - alias suffix - 1_
                - suffixed key columns - {user_id1_1_1_}

[DEBUG] 2020-10-06 17:08:45.367 [main] EntityLoader - Static select for entity edu.matc.entity.Product [NONE]: select product0_.item_id as item_id1_0_0_, product0_.customizable as customiz2_0_0_, product0_.description as descript3_0_0_, product0_.image as image4_0_0_, product0_.price as price5_0_0_, product0_.production_cost as producti6_0_0_, product0_.tags as tags7_0_0_, product0_.title as title8_0_0_, product0_.user_id as user_id9_0_0_, user1_.user_id as user_id1_1_1_, user1_.email as email2_1_1_, user1_.first_name as first_na3_1_1_, user1_.last_name as last_nam4_1_1_, user1_.password as password5_1_1_ from product product0_ left outer join user user1_ on product0_.user_id=user1_.user_id where product0_.item_id=?
[DEBUG] 2020-10-06 17:08:45.368 [main] QuerySpacesImpl - Adding QuerySpace : uid = <gen:0> -> org.hibernate.loader.plan.build.internal.spaces.EntityQuerySpaceImpl@11787b64]
[DEBUG] 2020-10-06 17:08:45.370 [main] MetamodelGraphWalker - Visiting attribute path : customizable
[DEBUG] 2020-10-06 17:08:45.370 [main] MetamodelGraphWalker - Visiting attribute path : description
[DEBUG] 2020-10-06 17:08:45.370 [main] MetamodelGraphWalker - Visiting attribute path : image
[DEBUG] 2020-10-06 17:08:45.370 [main] MetamodelGraphWalker - Visiting attribute path : price
[DEBUG] 2020-10-06 17:08:45.370 [main] MetamodelGraphWalker - Visiting attribute path : productionCost
[DEBUG] 2020-10-06 17:08:45.370 [main] MetamodelGraphWalker - Visiting attribute path : tags
[DEBUG] 2020-10-06 17:08:45.370 [main] MetamodelGraphWalker - Visiting attribute path : title
[DEBUG] 2020-10-06 17:08:45.370 [main] MetamodelGraphWalker - Visiting attribute path : user
[DEBUG] 2020-10-06 17:08:45.370 [main] QuerySpacesImpl - Adding QuerySpace : uid = <gen:1> -> org.hibernate.loader.plan.build.internal.spaces.EntityQuerySpaceImpl@77b3752b]
[DEBUG] 2020-10-06 17:08:45.370 [main] MetamodelGraphWalker - Visiting attribute path : user.email
[DEBUG] 2020-10-06 17:08:45.370 [main] MetamodelGraphWalker - Visiting attribute path : user.firstName
[DEBUG] 2020-10-06 17:08:45.370 [main] MetamodelGraphWalker - Visiting attribute path : user.lastName
[DEBUG] 2020-10-06 17:08:45.370 [main] MetamodelGraphWalker - Visiting attribute path : user.password
[DEBUG] 2020-10-06 17:08:45.370 [main] MetamodelGraphWalker - Visiting attribute path : user.products
[DEBUG] 2020-10-06 17:08:45.370 [main] MetamodelGraphWalker - Property path deemed to be circular : user.products
[DEBUG] 2020-10-06 17:08:45.371 [main] FetchStyleLoadPlanBuildingAssociationVisitationStrategy - Building LoadPlan...
[DEBUG] 2020-10-06 17:08:45.371 [main] LoadQueryJoinAndFetchProcessor - processing queryspace <gen:0>
[DEBUG] 2020-10-06 17:08:45.371 [main] LoadPlanTreePrinter - LoadPlan(entity=edu.matc.entity.Product)
    - Returns
       - EntityReturnImpl(entity=edu.matc.entity.Product, querySpaceUid=<gen:0>, path=edu.matc.entity.Product)
          - EntityAttributeFetchImpl(entity=edu.matc.entity.User, querySpaceUid=<gen:1>, path=edu.matc.entity.Product.user)
    - QuerySpaces
       - EntityQuerySpaceImpl(uid=<gen:0>, entity=edu.matc.entity.Product)
          - SQL table alias mapping - product0_
          - alias suffix - 0_
          - suffixed key columns - {item_id1_0_0_}
          - JOIN (JoinDefinedByMetadata(user)) : <gen:0> -> <gen:1>
             - EntityQuerySpaceImpl(uid=<gen:1>, entity=edu.matc.entity.User)
                - SQL table alias mapping - user1_
                - alias suffix - 1_
                - suffixed key columns - {user_id1_1_1_}

[DEBUG] 2020-10-06 17:08:45.371 [main] EntityLoader - Static select for entity edu.matc.entity.Product [READ]: select product0_.item_id as item_id1_0_0_, product0_.customizable as customiz2_0_0_, product0_.description as descript3_0_0_, product0_.image as image4_0_0_, product0_.price as price5_0_0_, product0_.production_cost as producti6_0_0_, product0_.tags as tags7_0_0_, product0_.title as title8_0_0_, product0_.user_id as user_id9_0_0_, user1_.user_id as user_id1_1_1_, user1_.email as email2_1_1_, user1_.first_name as first_na3_1_1_, user1_.last_name as last_nam4_1_1_, user1_.password as password5_1_1_ from product product0_ left outer join user user1_ on product0_.user_id=user1_.user_id where product0_.item_id=?
[DEBUG] 2020-10-06 17:08:45.374 [main] Loader - Static select for action ACTION_MERGE on entity edu.matc.entity.Product: select product0_.item_id as item_id1_0_0_, product0_.customizable as customiz2_0_0_, product0_.description as descript3_0_0_, product0_.image as image4_0_0_, product0_.price as price5_0_0_, product0_.production_cost as producti6_0_0_, product0_.tags as tags7_0_0_, product0_.title as title8_0_0_, product0_.user_id as user_id9_0_0_ from product product0_ where product0_.item_id=?
[DEBUG] 2020-10-06 17:08:45.374 [main] Loader - Static select for action ACTION_REFRESH on entity edu.matc.entity.Product: select product0_.item_id as item_id1_0_0_, product0_.customizable as customiz2_0_0_, product0_.description as descript3_0_0_, product0_.image as image4_0_0_, product0_.price as price5_0_0_, product0_.production_cost as producti6_0_0_, product0_.tags as tags7_0_0_, product0_.title as title8_0_0_, product0_.user_id as user_id9_0_0_ from product product0_ where product0_.item_id=?
[DEBUG] 2020-10-06 17:08:45.383 [main] QuerySpacesImpl - Adding QuerySpace : uid = <gen:0> -> org.hibernate.loader.plan.build.internal.spaces.CollectionQuerySpaceImpl@65c5bf0e]
[DEBUG] 2020-10-06 17:08:45.383 [main] QuerySpacesImpl - Adding QuerySpace : uid = <gen:1> -> org.hibernate.loader.plan.build.internal.spaces.EntityQuerySpaceImpl@697d6ded]
[DEBUG] 2020-10-06 17:08:45.384 [main] MetamodelGraphWalker - Visiting attribute path : customizable
[DEBUG] 2020-10-06 17:08:45.384 [main] MetamodelGraphWalker - Visiting attribute path : description
[DEBUG] 2020-10-06 17:08:45.384 [main] MetamodelGraphWalker - Visiting attribute path : image
[DEBUG] 2020-10-06 17:08:45.384 [main] MetamodelGraphWalker - Visiting attribute path : price
[DEBUG] 2020-10-06 17:08:45.384 [main] MetamodelGraphWalker - Visiting attribute path : productionCost
[DEBUG] 2020-10-06 17:08:45.384 [main] MetamodelGraphWalker - Visiting attribute path : tags
[DEBUG] 2020-10-06 17:08:45.384 [main] MetamodelGraphWalker - Visiting attribute path : title
[DEBUG] 2020-10-06 17:08:45.384 [main] MetamodelGraphWalker - Visiting attribute path : user
[DEBUG] 2020-10-06 17:08:45.384 [main] MetamodelGraphWalker - Property path deemed to be circular : user
[DEBUG] 2020-10-06 17:08:45.384 [main] FetchStyleLoadPlanBuildingAssociationVisitationStrategy - Building LoadPlan...
[DEBUG] 2020-10-06 17:08:45.392 [main] LoadQueryJoinAndFetchProcessor - processing queryspace <gen:0>
[DEBUG] 2020-10-06 17:08:45.394 [main] LoadPlanTreePrinter - LoadPlan(collection=edu.matc.entity.User.products)
    - Returns
       - CollectionReturnImpl(collection=edu.matc.entity.User.products, querySpaceUid=<gen:0>, path=[edu.matc.entity.User.products])
          - (collection element) CollectionFetchableElementEntityGraph(entity=edu.matc.entity.Product, querySpaceUid=<gen:1>, path=[edu.matc.entity.User.products].<elements>)
    - QuerySpaces
       - CollectionQuerySpaceImpl(uid=<gen:0>, collection=edu.matc.entity.User.products)
          - SQL table alias mapping - products0_
          - alias suffix - 0_
          - suffixed key columns - {user_id9_0_0_}
          - entity-element alias suffix - 1_
          - 1_entity-element suffixed key columns - item_id1_0_1_
          - JOIN (JoinDefinedByMetadata(elements)) : <gen:0> -> <gen:1>
             - EntityQuerySpaceImpl(uid=<gen:1>, entity=edu.matc.entity.Product)
                - SQL table alias mapping - products0_
                - alias suffix - 1_
                - suffixed key columns - {item_id1_0_1_}

[DEBUG] 2020-10-06 17:08:45.395 [main] CollectionLoader - Static select for collection edu.matc.entity.User.products: select products0_.user_id as user_id9_0_0_, products0_.item_id as item_id1_0_0_, products0_.item_id as item_id1_0_1_, products0_.customizable as customiz2_0_1_, products0_.description as descript3_0_1_, products0_.image as image4_0_1_, products0_.price as price5_0_1_, products0_.production_cost as producti6_0_1_, products0_.tags as tags7_0_1_, products0_.title as title8_0_1_, products0_.user_id as user_id9_0_1_ from product products0_ where products0_.user_id=?
[DEBUG] 2020-10-06 17:08:45.435 [main] SchemaManagementToolCoordinator - No actions specified; doing nothing
[DEBUG] 2020-10-06 17:08:45.435 [main] JtaPlatformInitiator - No JtaPlatform was specified, checking resolver
[DEBUG] 2020-10-06 17:08:45.435 [main] JtaPlatformResolverInitiator - No JtaPlatformResolver was specified, using default [org.hibernate.engine.transaction.jta.platform.internal.StandardJtaPlatformResolver]
[DEBUG] 2020-10-06 17:08:45.442 [main] StandardJtaPlatformResolver - Could not resolve JtaPlatform, using default [org.hibernate.engine.transaction.jta.platform.internal.NoJtaPlatform]
[INFO ] 2020-10-06 17:08:45.442 [main] JtaPlatformInitiator - HHH000490: Using JtaPlatform implementation: [org.hibernate.engine.transaction.jta.platform.internal.NoJtaPlatform]
[DEBUG] 2020-10-06 17:08:45.443 [main] NamedQueryRepository - Checking 0 named HQL queries
[DEBUG] 2020-10-06 17:08:45.443 [main] NamedQueryRepository - Checking 0 named SQL queries
[DEBUG] 2020-10-06 17:08:45.445 [main] SessionFactoryRegistry - Initializing SessionFactoryRegistry : org.hibernate.internal.SessionFactoryRegistry@2c604965
[DEBUG] 2020-10-06 17:08:45.449 [main] SessionFactoryRegistry - Registering SessionFactory: 0d31fba0-a486-465c-8624-ea4523e03afe (<unnamed>)
[DEBUG] 2020-10-06 17:08:45.450 [main] SessionFactoryRegistry - Not binding SessionFactory to JNDI, no JNDI name configured
[DEBUG] 2020-10-06 17:08:45.699 [main] StatisticsInitiator - Statistics initialized [enabled=false]
[DEBUG] 2020-10-06 17:08:45.716 [main] TransactionImpl - On TransactionImpl creation, JpaCompliance#isJpaTransactionComplianceEnabled == false
[DEBUG] 2020-10-06 17:08:45.716 [main] TransactionImpl - begin
[DEBUG] 2020-10-06 17:08:45.747 [main] ActionQueue - Executing identity-insert immediately
[DEBUG] 2020-10-06 17:08:45.750 [main] SQL - insert into user (email, first_name, last_name, password) values (?, ?, ?, ?)
[DEBUG] 2020-10-06 17:08:45.792 [main] IdentifierGeneratorHelper - Natively generated identity: 36
[DEBUG] 2020-10-06 17:08:45.792 [main] ResourceRegistryStandardImpl - HHH000387: ResultSet's statement was not registered
[DEBUG] 2020-10-06 17:08:45.801 [main] ActionQueue - Executing identity-insert immediately
[DEBUG] 2020-10-06 17:08:45.802 [main] SQL - insert into product (customizable, description, image, price, production_cost, tags, title, user_id) values (?, ?, ?, ?, ?, ?, ?, ?)
[DEBUG] 2020-10-06 17:08:45.811 [main] IdentifierGeneratorHelper - Natively generated identity: 22
[DEBUG] 2020-10-06 17:08:45.811 [main] ResourceRegistryStandardImpl - HHH000387: ResultSet's statement was not registered
[DEBUG] 2020-10-06 17:08:45.814 [main] TransactionImpl - committing
[DEBUG] 2020-10-06 17:08:45.815 [main] AbstractFlushingEventListener - Processing flush-time cascades
[DEBUG] 2020-10-06 17:08:45.818 [main] AbstractFlushingEventListener - Dirty checking collections
[DEBUG] 2020-10-06 17:08:45.828 [main] Collections - Collection found: [edu.matc.entity.User.products#36], was: [<unreferenced>] (initialized)
[DEBUG] 2020-10-06 17:08:45.832 [main] AbstractFlushingEventListener - Flushed: 0 insertions, 0 updates, 0 deletions to 2 objects
[DEBUG] 2020-10-06 17:08:45.832 [main] AbstractFlushingEventListener - Flushed: 1 (re)creations, 0 updates, 0 removals to 1 collections
[DEBUG] 2020-10-06 17:08:45.835 [main] EntityPrinter - Listing entities:
[DEBUG] 2020-10-06 17:08:45.835 [main] EntityPrinter - edu.matc.entity.User{firstName=John, lastName=Doe, password=password, userId=36, email=jdd@yahoo.com, products=[edu.matc.entity.Product#22]}
[DEBUG] 2020-10-06 17:08:45.835 [main] EntityPrinter - edu.matc.entity.Product{itemId=22, image=Image 1, productionCost=2.00, price=15.00, customizable=false, description=Product 1, title=First Product, user=edu.matc.entity.User#36, tags=#FirstProduct}
[DEBUG] 2020-10-06 17:08:45.844 [main] LogicalConnectionManagedImpl - Initiating JDBC connection release from afterTransaction
[DEBUG] 2020-10-06 17:08:45.846 [main] LogicalConnectionManagedImpl - Initiating JDBC connection release from afterTransaction
[DEBUG] 2020-10-06 17:08:45.870 [main] SQL - select user0_.user_id as user_id1_1_0_, user0_.email as email2_1_0_, user0_.first_name as first_na3_1_0_, user0_.last_name as last_nam4_1_0_, user0_.password as password5_1_0_, products1_.user_id as user_id9_0_1_, products1_.item_id as item_id1_0_1_, products1_.item_id as item_id1_0_2_, products1_.customizable as customiz2_0_2_, products1_.description as descript3_0_2_, products1_.image as image4_0_2_, products1_.price as price5_0_2_, products1_.production_cost as producti6_0_2_, products1_.tags as tags7_0_2_, products1_.title as title8_0_2_, products1_.user_id as user_id9_0_2_ from user user0_ left outer join product products1_ on user0_.user_id=products1_.user_id where user0_.user_id=?
[DEBUG] 2020-10-06 17:08:45.878 [main] ResultSetProcessorImpl - Starting ResultSet row #0
[DEBUG] 2020-10-06 17:08:45.886 [main] EntityReferenceInitializerImpl - On call to EntityIdentifierReaderImpl#resolve, EntityKey was already known; should only happen on root returns with an optional identifier specified
[DEBUG] 2020-10-06 17:08:45.895 [main] CollectionReferenceInitializerImpl - Found row of collection: [edu.matc.entity.User.products#36]
[DEBUG] 2020-10-06 17:08:45.911 [main] TwoPhaseLoad - Resolving attributes for [edu.matc.entity.User#36]
[DEBUG] 2020-10-06 17:08:45.911 [main] TwoPhaseLoad - Processing attribute `email` : value = jdd@yahoo.com
[DEBUG] 2020-10-06 17:08:45.911 [main] TwoPhaseLoad - Attribute (`email`)  - enhanced for lazy-loading? - false
[DEBUG] 2020-10-06 17:08:45.911 [main] TwoPhaseLoad - Processing attribute `firstName` : value = John
[DEBUG] 2020-10-06 17:08:45.911 [main] TwoPhaseLoad - Attribute (`firstName`)  - enhanced for lazy-loading? - false
[DEBUG] 2020-10-06 17:08:45.911 [main] TwoPhaseLoad - Processing attribute `lastName` : value = Doe
[DEBUG] 2020-10-06 17:08:45.911 [main] TwoPhaseLoad - Attribute (`lastName`)  - enhanced for lazy-loading? - false
[DEBUG] 2020-10-06 17:08:45.911 [main] TwoPhaseLoad - Processing attribute `password` : value = password
[DEBUG] 2020-10-06 17:08:45.911 [main] TwoPhaseLoad - Attribute (`password`)  - enhanced for lazy-loading? - false
[DEBUG] 2020-10-06 17:08:45.911 [main] TwoPhaseLoad - Processing attribute `products` : value = NOT NULL COLLECTION
[DEBUG] 2020-10-06 17:08:45.911 [main] TwoPhaseLoad - Attribute (`products`)  - enhanced for lazy-loading? - false
[DEBUG] 2020-10-06 17:08:45.911 [main] TwoPhaseLoad - Done materializing entity [edu.matc.entity.User#36]
[DEBUG] 2020-10-06 17:08:45.912 [main] TwoPhaseLoad - Resolving attributes for [edu.matc.entity.Product#22]
[DEBUG] 2020-10-06 17:08:45.912 [main] TwoPhaseLoad - Processing attribute `customizable` : value = false
[DEBUG] 2020-10-06 17:08:45.912 [main] TwoPhaseLoad - Attribute (`customizable`)  - enhanced for lazy-loading? - false
[DEBUG] 2020-10-06 17:08:45.912 [main] TwoPhaseLoad - Processing attribute `description` : value = Product 1
[DEBUG] 2020-10-06 17:08:45.912 [main] TwoPhaseLoad - Attribute (`description`)  - enhanced for lazy-loading? - false
[DEBUG] 2020-10-06 17:08:45.912 [main] TwoPhaseLoad - Processing attribute `image` : value = Image 1
[DEBUG] 2020-10-06 17:08:45.913 [main] TwoPhaseLoad - Attribute (`image`)  - enhanced for lazy-loading? - false
[DEBUG] 2020-10-06 17:08:45.915 [main] TwoPhaseLoad - Processing attribute `price` : value = 15.00
[DEBUG] 2020-10-06 17:08:45.915 [main] TwoPhaseLoad - Attribute (`price`)  - enhanced for lazy-loading? - false
[DEBUG] 2020-10-06 17:08:45.915 [main] TwoPhaseLoad - Processing attribute `productionCost` : value = 2.00
[DEBUG] 2020-10-06 17:08:45.915 [main] TwoPhaseLoad - Attribute (`productionCost`)  - enhanced for lazy-loading? - false
[DEBUG] 2020-10-06 17:08:45.915 [main] TwoPhaseLoad - Processing attribute `tags` : value = #FirstProduct
[DEBUG] 2020-10-06 17:08:45.915 [main] TwoPhaseLoad - Attribute (`tags`)  - enhanced for lazy-loading? - false
[DEBUG] 2020-10-06 17:08:45.915 [main] TwoPhaseLoad - Processing attribute `title` : value = First Product
[DEBUG] 2020-10-06 17:08:45.917 [main] TwoPhaseLoad - Attribute (`title`)  - enhanced for lazy-loading? - false
[DEBUG] 2020-10-06 17:08:45.917 [main] TwoPhaseLoad - Processing attribute `user` : value = 36
[DEBUG] 2020-10-06 17:08:45.917 [main] TwoPhaseLoad - Attribute (`user`)  - enhanced for lazy-loading? - false
[DEBUG] 2020-10-06 17:08:45.917 [main] TwoPhaseLoad - Done materializing entity [edu.matc.entity.Product#22]
[DEBUG] 2020-10-06 17:08:45.918 [main] CollectionLoadContext - 1 collections were found in result set for role: edu.matc.entity.User.products
[DEBUG] 2020-10-06 17:08:45.918 [main] CollectionLoadContext - Collection fully initialized: [edu.matc.entity.User.products#36]
[DEBUG] 2020-10-06 17:08:45.918 [main] CollectionLoadContext - 1 collections initialized for role: edu.matc.entity.User.products
[DEBUG] 2020-10-06 17:08:45.918 [main] ResourceRegistryStandardImpl - HHH000387: ResultSet's statement was not registered
[DEBUG] 2020-10-06 17:08:45.922 [main] AbstractLoadPlanBasedEntityLoader - Done entity load : edu.matc.entity.User#36
[DEBUG] 2020-10-06 17:08:45.922 [main] LogicalConnectionManagedImpl - Initiating JDBC connection release from afterTransaction
