[DEBUG] 2020-10-06 17:06:44.777 [main] IntegratorServiceImpl - Adding Integrator [org.hibernate.cfg.beanvalidation.BeanValidationIntegrator].
[DEBUG] 2020-10-06 17:06:44.812 [main] IntegratorServiceImpl - Adding Integrator [org.hibernate.secure.spi.JaccIntegrator].
[DEBUG] 2020-10-06 17:06:44.826 [main] IntegratorServiceImpl - Adding Integrator [org.hibernate.cache.internal.CollectionCacheInvalidator].
[INFO ] 2020-10-06 17:06:45.225 [main] Version - HHH000412: Hibernate Core {5.4.4.Final}
[DEBUG] 2020-10-06 17:06:45.241 [main] Environment - HHH000206: hibernate.properties not found
[DEBUG] 2020-10-06 17:06:46.021 [main] LocalXmlResourceResolver - Interpreting public/system identifier : [-//Hibernate/Hibernate Configuration DTD//EN] - [http://www.hibernate.org/dtd/hibernate-configuration-3.0.dtd]
[DEBUG] 2020-10-06 17:06:46.032 [main] LocalXmlResourceResolver - Recognized hibernate-configuration identifier; attempting to resolve on classpath under org/hibernate/
[DEBUG] 2020-10-06 17:06:46.057 [main] JaxbCfgProcessor - cfg.xml document did not define namespaces; wrapping in custom event reader to introduce namespace information
[DEBUG] 2020-10-06 17:06:47.220 [main] ServiceBinding - Overriding existing service binding [org.hibernate.secure.spi.JaccService]
[DEBUG] 2020-10-06 17:06:47.304 [main] RegionFactoryInitiator - Cannot default RegionFactory based on registered strategies as `[]` RegionFactory strategies were registered
[DEBUG] 2020-10-06 17:06:47.309 [main] RegionFactoryInitiator - Cache region factory : org.hibernate.cache.internal.NoCachingRegionFactory
[INFO ] 2020-10-06 17:06:47.355 [main] Version - HCANN000001: Hibernate Commons Annotations {5.1.0.Final}
[DEBUG] 2020-10-06 17:06:47.433 [main] BasicTypeRegistry - Adding type registration boolean -> org.hibernate.type.BooleanType@58065f0c
[DEBUG] 2020-10-06 17:06:47.436 [main] BasicTypeRegistry - Adding type registration boolean -> org.hibernate.type.BooleanType@58065f0c
[DEBUG] 2020-10-06 17:06:47.436 [main] BasicTypeRegistry - Adding type registration java.lang.Boolean -> org.hibernate.type.BooleanType@58065f0c
[DEBUG] 2020-10-06 17:06:47.437 [main] BasicTypeRegistry - Adding type registration numeric_boolean -> org.hibernate.type.NumericBooleanType@726a6b94
[DEBUG] 2020-10-06 17:06:47.438 [main] BasicTypeRegistry - Adding type registration true_false -> org.hibernate.type.TrueFalseType@1ee29c84
[DEBUG] 2020-10-06 17:06:47.438 [main] BasicTypeRegistry - Adding type registration yes_no -> org.hibernate.type.YesNoType@69ce2f62
[DEBUG] 2020-10-06 17:06:47.442 [main] BasicTypeRegistry - Adding type registration byte -> org.hibernate.type.ByteType@720653c2
[DEBUG] 2020-10-06 17:06:47.442 [main] BasicTypeRegistry - Adding type registration byte -> org.hibernate.type.ByteType@720653c2
[DEBUG] 2020-10-06 17:06:47.448 [main] BasicTypeRegistry - Adding type registration java.lang.Byte -> org.hibernate.type.ByteType@720653c2
[DEBUG] 2020-10-06 17:06:47.450 [main] BasicTypeRegistry - Adding type registration character -> org.hibernate.type.CharacterType@4fe01803
[DEBUG] 2020-10-06 17:06:47.452 [main] BasicTypeRegistry - Adding type registration char -> org.hibernate.type.CharacterType@4fe01803
[DEBUG] 2020-10-06 17:06:47.452 [main] BasicTypeRegistry - Adding type registration java.lang.Character -> org.hibernate.type.CharacterType@4fe01803
[DEBUG] 2020-10-06 17:06:47.456 [main] BasicTypeRegistry - Adding type registration short -> org.hibernate.type.ShortType@599f571f
[DEBUG] 2020-10-06 17:06:47.456 [main] BasicTypeRegistry - Adding type registration short -> org.hibernate.type.ShortType@599f571f
[DEBUG] 2020-10-06 17:06:47.456 [main] BasicTypeRegistry - Adding type registration java.lang.Short -> org.hibernate.type.ShortType@599f571f
[DEBUG] 2020-10-06 17:06:47.458 [main] BasicTypeRegistry - Adding type registration integer -> org.hibernate.type.IntegerType@65327f5
[DEBUG] 2020-10-06 17:06:47.459 [main] BasicTypeRegistry - Adding type registration int -> org.hibernate.type.IntegerType@65327f5
[DEBUG] 2020-10-06 17:06:47.459 [main] BasicTypeRegistry - Adding type registration java.lang.Integer -> org.hibernate.type.IntegerType@65327f5
[DEBUG] 2020-10-06 17:06:47.461 [main] BasicTypeRegistry - Adding type registration long -> org.hibernate.type.LongType@349d0836
[DEBUG] 2020-10-06 17:06:47.461 [main] BasicTypeRegistry - Adding type registration long -> org.hibernate.type.LongType@349d0836
[DEBUG] 2020-10-06 17:06:47.462 [main] BasicTypeRegistry - Adding type registration java.lang.Long -> org.hibernate.type.LongType@349d0836
[DEBUG] 2020-10-06 17:06:47.463 [main] BasicTypeRegistry - Adding type registration float -> org.hibernate.type.FloatType@4917d36b
[DEBUG] 2020-10-06 17:06:47.464 [main] BasicTypeRegistry - Adding type registration float -> org.hibernate.type.FloatType@4917d36b
[DEBUG] 2020-10-06 17:06:47.464 [main] BasicTypeRegistry - Adding type registration java.lang.Float -> org.hibernate.type.FloatType@4917d36b
[DEBUG] 2020-10-06 17:06:47.465 [main] BasicTypeRegistry - Adding type registration double -> org.hibernate.type.DoubleType@4905c46b
[DEBUG] 2020-10-06 17:06:47.465 [main] BasicTypeRegistry - Adding type registration double -> org.hibernate.type.DoubleType@4905c46b
[DEBUG] 2020-10-06 17:06:47.466 [main] BasicTypeRegistry - Adding type registration java.lang.Double -> org.hibernate.type.DoubleType@4905c46b
[DEBUG] 2020-10-06 17:06:47.467 [main] BasicTypeRegistry - Adding type registration big_decimal -> org.hibernate.type.BigDecimalType@693e4d19
[DEBUG] 2020-10-06 17:06:47.467 [main] BasicTypeRegistry - Adding type registration java.math.BigDecimal -> org.hibernate.type.BigDecimalType@693e4d19
[DEBUG] 2020-10-06 17:06:47.469 [main] BasicTypeRegistry - Adding type registration big_integer -> org.hibernate.type.BigIntegerType@57bd802b
[DEBUG] 2020-10-06 17:06:47.470 [main] BasicTypeRegistry - Adding type registration java.math.BigInteger -> org.hibernate.type.BigIntegerType@57bd802b
[DEBUG] 2020-10-06 17:06:47.471 [main] BasicTypeRegistry - Adding type registration string -> org.hibernate.type.StringType@27068a50
[DEBUG] 2020-10-06 17:06:47.471 [main] BasicTypeRegistry - Adding type registration java.lang.String -> org.hibernate.type.StringType@27068a50
[DEBUG] 2020-10-06 17:06:47.472 [main] BasicTypeRegistry - Adding type registration nstring -> org.hibernate.type.StringNVarcharType@48bfb884
[DEBUG] 2020-10-06 17:06:47.472 [main] BasicTypeRegistry - Adding type registration ncharacter -> org.hibernate.type.CharacterNCharType@2e52fb3e
[DEBUG] 2020-10-06 17:06:47.474 [main] BasicTypeRegistry - Adding type registration url -> org.hibernate.type.UrlType@bd2f5a9
[DEBUG] 2020-10-06 17:06:47.475 [main] BasicTypeRegistry - Adding type registration java.net.URL -> org.hibernate.type.UrlType@bd2f5a9
[DEBUG] 2020-10-06 17:06:47.476 [main] BasicTypeRegistry - Adding type registration Duration -> org.hibernate.type.DurationType@47c64cfe
[DEBUG] 2020-10-06 17:06:47.476 [main] BasicTypeRegistry - Adding type registration java.time.Duration -> org.hibernate.type.DurationType@47c64cfe
[DEBUG] 2020-10-06 17:06:47.485 [main] BasicTypeRegistry - Adding type registration Instant -> org.hibernate.type.InstantType@67ec8477
[DEBUG] 2020-10-06 17:06:47.485 [main] BasicTypeRegistry - Adding type registration java.time.Instant -> org.hibernate.type.InstantType@67ec8477
[DEBUG] 2020-10-06 17:06:47.487 [main] BasicTypeRegistry - Adding type registration LocalDateTime -> org.hibernate.type.LocalDateTimeType@278f8425
[DEBUG] 2020-10-06 17:06:47.487 [main] BasicTypeRegistry - Adding type registration java.time.LocalDateTime -> org.hibernate.type.LocalDateTimeType@278f8425
[DEBUG] 2020-10-06 17:06:47.489 [main] BasicTypeRegistry - Adding type registration LocalDate -> org.hibernate.type.LocalDateType@4a1c0752
[DEBUG] 2020-10-06 17:06:47.490 [main] BasicTypeRegistry - Adding type registration java.time.LocalDate -> org.hibernate.type.LocalDateType@4a1c0752
[DEBUG] 2020-10-06 17:06:47.491 [main] BasicTypeRegistry - Adding type registration LocalTime -> org.hibernate.type.LocalTimeType@847f3e7
[DEBUG] 2020-10-06 17:06:47.492 [main] BasicTypeRegistry - Adding type registration java.time.LocalTime -> org.hibernate.type.LocalTimeType@847f3e7
[DEBUG] 2020-10-06 17:06:47.494 [main] BasicTypeRegistry - Adding type registration OffsetDateTime -> org.hibernate.type.OffsetDateTimeType@175acfb2
[DEBUG] 2020-10-06 17:06:47.494 [main] BasicTypeRegistry - Adding type registration java.time.OffsetDateTime -> org.hibernate.type.OffsetDateTimeType@175acfb2
[DEBUG] 2020-10-06 17:06:47.495 [main] BasicTypeRegistry - Adding type registration OffsetTime -> org.hibernate.type.OffsetTimeType@247667dd
[DEBUG] 2020-10-06 17:06:47.495 [main] BasicTypeRegistry - Adding type registration java.time.OffsetTime -> org.hibernate.type.OffsetTimeType@247667dd
[DEBUG] 2020-10-06 17:06:47.497 [main] BasicTypeRegistry - Adding type registration ZonedDateTime -> org.hibernate.type.ZonedDateTimeType@1d4664d7
[DEBUG] 2020-10-06 17:06:47.497 [main] BasicTypeRegistry - Adding type registration java.time.ZonedDateTime -> org.hibernate.type.ZonedDateTimeType@1d4664d7
[DEBUG] 2020-10-06 17:06:47.498 [main] BasicTypeRegistry - Adding type registration date -> org.hibernate.type.DateType@59942b48
[DEBUG] 2020-10-06 17:06:47.499 [main] BasicTypeRegistry - Adding type registration java.sql.Date -> org.hibernate.type.DateType@59942b48
[DEBUG] 2020-10-06 17:06:47.500 [main] BasicTypeRegistry - Adding type registration time -> org.hibernate.type.TimeType@6872f9c8
[DEBUG] 2020-10-06 17:06:47.500 [main] BasicTypeRegistry - Adding type registration java.sql.Time -> org.hibernate.type.TimeType@6872f9c8
[DEBUG] 2020-10-06 17:06:47.503 [main] BasicTypeRegistry - Adding type registration timestamp -> org.hibernate.type.TimestampType@3a095ec0
[DEBUG] 2020-10-06 17:06:47.503 [main] BasicTypeRegistry - Adding type registration java.sql.Timestamp -> org.hibernate.type.TimestampType@3a095ec0
[DEBUG] 2020-10-06 17:06:47.503 [main] BasicTypeRegistry - Adding type registration java.util.Date -> org.hibernate.type.TimestampType@3a095ec0
[DEBUG] 2020-10-06 17:06:47.505 [main] BasicTypeRegistry - Adding type registration dbtimestamp -> org.hibernate.type.DbTimestampType@6df7988f
[DEBUG] 2020-10-06 17:06:47.507 [main] BasicTypeRegistry - Adding type registration calendar -> org.hibernate.type.CalendarType@21fff664
[DEBUG] 2020-10-06 17:06:47.507 [main] BasicTypeRegistry - Adding type registration java.util.Calendar -> org.hibernate.type.CalendarType@21fff664
[DEBUG] 2020-10-06 17:06:47.508 [main] BasicTypeRegistry - Adding type registration java.util.GregorianCalendar -> org.hibernate.type.CalendarType@21fff664
[DEBUG] 2020-10-06 17:06:47.509 [main] BasicTypeRegistry - Adding type registration calendar_date -> org.hibernate.type.CalendarDateType@5486887b
[DEBUG] 2020-10-06 17:06:47.511 [main] BasicTypeRegistry - Adding type registration locale -> org.hibernate.type.LocaleType@4d33940d
[DEBUG] 2020-10-06 17:06:47.511 [main] BasicTypeRegistry - Adding type registration java.util.Locale -> org.hibernate.type.LocaleType@4d33940d
[DEBUG] 2020-10-06 17:06:47.513 [main] BasicTypeRegistry - Adding type registration currency -> org.hibernate.type.CurrencyType@7051777c
[DEBUG] 2020-10-06 17:06:47.514 [main] BasicTypeRegistry - Adding type registration java.util.Currency -> org.hibernate.type.CurrencyType@7051777c
[DEBUG] 2020-10-06 17:06:47.515 [main] BasicTypeRegistry - Adding type registration timezone -> org.hibernate.type.TimeZoneType@2b97cc1f
[DEBUG] 2020-10-06 17:06:47.515 [main] BasicTypeRegistry - Adding type registration java.util.TimeZone -> org.hibernate.type.TimeZoneType@2b97cc1f
[DEBUG] 2020-10-06 17:06:47.516 [main] BasicTypeRegistry - Adding type registration class -> org.hibernate.type.ClassType@44afefd5
[DEBUG] 2020-10-06 17:06:47.516 [main] BasicTypeRegistry - Adding type registration java.lang.Class -> org.hibernate.type.ClassType@44afefd5
[DEBUG] 2020-10-06 17:06:47.517 [main] BasicTypeRegistry - Adding type registration uuid-binary -> org.hibernate.type.UUIDBinaryType@4650a407
[DEBUG] 2020-10-06 17:06:47.518 [main] BasicTypeRegistry - Adding type registration java.util.UUID -> org.hibernate.type.UUIDBinaryType@4650a407
[DEBUG] 2020-10-06 17:06:47.518 [main] BasicTypeRegistry - Adding type registration uuid-char -> org.hibernate.type.UUIDCharType@53dfacba
[DEBUG] 2020-10-06 17:06:47.521 [main] BasicTypeRegistry - Adding type registration binary -> org.hibernate.type.BinaryType@16c3ca31
[DEBUG] 2020-10-06 17:06:47.521 [main] BasicTypeRegistry - Adding type registration byte[] -> org.hibernate.type.BinaryType@16c3ca31
[DEBUG] 2020-10-06 17:06:47.524 [main] BasicTypeRegistry - Adding type registration [B -> org.hibernate.type.BinaryType@16c3ca31
[DEBUG] 2020-10-06 17:06:47.525 [main] BasicTypeRegistry - Adding type registration wrapper-binary -> org.hibernate.type.WrapperBinaryType@48ea2003
[DEBUG] 2020-10-06 17:06:47.530 [main] BasicTypeRegistry - Adding type registration Byte[] -> org.hibernate.type.WrapperBinaryType@48ea2003
[DEBUG] 2020-10-06 17:06:47.531 [main] BasicTypeRegistry - Adding type registration [Ljava.lang.Byte; -> org.hibernate.type.WrapperBinaryType@48ea2003
[DEBUG] 2020-10-06 17:06:47.532 [main] BasicTypeRegistry - Adding type registration row_version -> org.hibernate.type.RowVersionType@56de6d6b
[DEBUG] 2020-10-06 17:06:47.535 [main] BasicTypeRegistry - Adding type registration image -> org.hibernate.type.ImageType@1473b8c0
[DEBUG] 2020-10-06 17:06:47.535 [main] BasicTypeRegistry - Adding type registration characters -> org.hibernate.type.CharArrayType@33abde31
[DEBUG] 2020-10-06 17:06:47.536 [main] BasicTypeRegistry - Adding type registration char[] -> org.hibernate.type.CharArrayType@33abde31
[DEBUG] 2020-10-06 17:06:47.536 [main] BasicTypeRegistry - Adding type registration [C -> org.hibernate.type.CharArrayType@33abde31
[DEBUG] 2020-10-06 17:06:47.538 [main] BasicTypeRegistry - Adding type registration wrapper-characters -> org.hibernate.type.CharacterArrayType@b558294
[DEBUG] 2020-10-06 17:06:47.538 [main] BasicTypeRegistry - Adding type registration [Ljava.lang.Character; -> org.hibernate.type.CharacterArrayType@b558294
[DEBUG] 2020-10-06 17:06:47.539 [main] BasicTypeRegistry - Adding type registration Character[] -> org.hibernate.type.CharacterArrayType@b558294
[DEBUG] 2020-10-06 17:06:47.540 [main] BasicTypeRegistry - Adding type registration text -> org.hibernate.type.TextType@4c9e38
[DEBUG] 2020-10-06 17:06:47.541 [main] BasicTypeRegistry - Adding type registration ntext -> org.hibernate.type.NTextType@5f14a673
[DEBUG] 2020-10-06 17:06:47.543 [main] BasicTypeRegistry - Adding type registration blob -> org.hibernate.type.BlobType@65cc8228
[DEBUG] 2020-10-06 17:06:47.543 [main] BasicTypeRegistry - Adding type registration java.sql.Blob -> org.hibernate.type.BlobType@65cc8228
[DEBUG] 2020-10-06 17:06:47.543 [main] BasicTypeRegistry - Adding type registration materialized_blob -> org.hibernate.type.MaterializedBlobType@77ee25f1
[DEBUG] 2020-10-06 17:06:47.545 [main] BasicTypeRegistry - Adding type registration clob -> org.hibernate.type.ClobType@2ca6546f
[DEBUG] 2020-10-06 17:06:47.545 [main] BasicTypeRegistry - Adding type registration java.sql.Clob -> org.hibernate.type.ClobType@2ca6546f
[DEBUG] 2020-10-06 17:06:47.547 [main] BasicTypeRegistry - Adding type registration nclob -> org.hibernate.type.NClobType@30404dba
[DEBUG] 2020-10-06 17:06:47.547 [main] BasicTypeRegistry - Adding type registration java.sql.NClob -> org.hibernate.type.NClobType@30404dba
[DEBUG] 2020-10-06 17:06:47.552 [main] BasicTypeRegistry - Adding type registration materialized_clob -> org.hibernate.type.MaterializedClobType@11841b15
[DEBUG] 2020-10-06 17:06:47.552 [main] BasicTypeRegistry - Adding type registration materialized_nclob -> org.hibernate.type.MaterializedNClobType@34523d46
[DEBUG] 2020-10-06 17:06:47.554 [main] BasicTypeRegistry - Adding type registration serializable -> org.hibernate.type.SerializableType@51751e5f
[DEBUG] 2020-10-06 17:06:47.558 [main] BasicTypeRegistry - Adding type registration object -> org.hibernate.type.ObjectType@425d5d46
[DEBUG] 2020-10-06 17:06:47.558 [main] BasicTypeRegistry - Adding type registration java.lang.Object -> org.hibernate.type.ObjectType@425d5d46
[DEBUG] 2020-10-06 17:06:47.559 [main] BasicTypeRegistry - Adding type registration imm_date -> org.hibernate.type.AdaptedImmutableType@7a639ec5
[DEBUG] 2020-10-06 17:06:47.560 [main] BasicTypeRegistry - Adding type registration imm_time -> org.hibernate.type.AdaptedImmutableType@14151bc5
[DEBUG] 2020-10-06 17:06:47.563 [main] BasicTypeRegistry - Adding type registration imm_timestamp -> org.hibernate.type.AdaptedImmutableType@3013909b
[DEBUG] 2020-10-06 17:06:47.563 [main] BasicTypeRegistry - Adding type registration imm_dbtimestamp -> org.hibernate.type.AdaptedImmutableType@2a49fe
[DEBUG] 2020-10-06 17:06:47.563 [main] BasicTypeRegistry - Adding type registration imm_calendar -> org.hibernate.type.AdaptedImmutableType@66596a88
[DEBUG] 2020-10-06 17:06:47.563 [main] BasicTypeRegistry - Adding type registration imm_calendar_date -> org.hibernate.type.AdaptedImmutableType@5aae8eb5
[DEBUG] 2020-10-06 17:06:47.564 [main] BasicTypeRegistry - Adding type registration imm_binary -> org.hibernate.type.AdaptedImmutableType@76954a33
[DEBUG] 2020-10-06 17:06:47.564 [main] BasicTypeRegistry - Adding type registration imm_serializable -> org.hibernate.type.AdaptedImmutableType@24a298a6
[DEBUG] 2020-10-06 17:06:47.606 [main] DefaultIdentifierGeneratorFactory - Registering IdentifierGenerator strategy [uuid2] -> [org.hibernate.id.UUIDGenerator]
[DEBUG] 2020-10-06 17:06:47.607 [main] DefaultIdentifierGeneratorFactory - Registering IdentifierGenerator strategy [guid] -> [org.hibernate.id.GUIDGenerator]
[DEBUG] 2020-10-06 17:06:47.608 [main] DefaultIdentifierGeneratorFactory - Registering IdentifierGenerator strategy [uuid] -> [org.hibernate.id.UUIDHexGenerator]
[DEBUG] 2020-10-06 17:06:47.608 [main] DefaultIdentifierGeneratorFactory - Registering IdentifierGenerator strategy [uuid.hex] -> [org.hibernate.id.UUIDHexGenerator]
[DEBUG] 2020-10-06 17:06:47.610 [main] DefaultIdentifierGeneratorFactory - Registering IdentifierGenerator strategy [assigned] -> [org.hibernate.id.Assigned]
[DEBUG] 2020-10-06 17:06:47.612 [main] DefaultIdentifierGeneratorFactory - Registering IdentifierGenerator strategy [identity] -> [org.hibernate.id.IdentityGenerator]
[DEBUG] 2020-10-06 17:06:47.612 [main] DefaultIdentifierGeneratorFactory - Registering IdentifierGenerator strategy [select] -> [org.hibernate.id.SelectGenerator]
[DEBUG] 2020-10-06 17:06:47.646 [main] DefaultIdentifierGeneratorFactory - Registering IdentifierGenerator strategy [sequence] -> [org.hibernate.id.enhanced.SequenceStyleGenerator]
[DEBUG] 2020-10-06 17:06:47.647 [main] DefaultIdentifierGeneratorFactory - Registering IdentifierGenerator strategy [seqhilo] -> [org.hibernate.id.SequenceHiLoGenerator]
[DEBUG] 2020-10-06 17:06:47.648 [main] DefaultIdentifierGeneratorFactory - Registering IdentifierGenerator strategy [increment] -> [org.hibernate.id.IncrementGenerator]
[DEBUG] 2020-10-06 17:06:47.648 [main] DefaultIdentifierGeneratorFactory - Registering IdentifierGenerator strategy [foreign] -> [org.hibernate.id.ForeignGenerator]
[DEBUG] 2020-10-06 17:06:47.649 [main] DefaultIdentifierGeneratorFactory - Registering IdentifierGenerator strategy [sequence-identity] -> [org.hibernate.id.SequenceIdentityGenerator]
[DEBUG] 2020-10-06 17:06:47.649 [main] DefaultIdentifierGeneratorFactory - Registering IdentifierGenerator strategy [enhanced-sequence] -> [org.hibernate.id.enhanced.SequenceStyleGenerator]
[DEBUG] 2020-10-06 17:06:47.650 [main] DefaultIdentifierGeneratorFactory - Registering IdentifierGenerator strategy [enhanced-table] -> [org.hibernate.id.enhanced.TableGenerator]
[INFO ] 2020-10-06 17:06:47.663 [main] C3P0ConnectionProvider - HHH010002: C3P0 using driver: com.mysql.cj.jdbc.Driver at URL: jdbc:mysql://localhost:3306/test?serverTimezone=UTC
[INFO ] 2020-10-06 17:06:47.664 [main] C3P0ConnectionProvider - HHH10001001: Connection properties: {password=****, user=root}
[INFO ] 2020-10-06 17:06:47.664 [main] C3P0ConnectionProvider - HHH10001003: Autocommit mode: false
[INFO ] 2020-10-06 17:06:47.981 [main] C3P0ConnectionProvider - HHH10001007: JDBC isolation level: <unknown>
[DEBUG] 2020-10-06 17:06:49.172 [main] JdbcEnvironmentInitiator - Database ->
       name : MySQL
    version : 8.0.16
      major : 8
      minor : 0
[DEBUG] 2020-10-06 17:06:49.209 [main] JdbcEnvironmentInitiator - Driver ->
       name : MySQL Connector/J
    version : mysql-connector-java-8.0.16 (Revision: 34cbc6bc61f72836e26327537a432d6db7c77de6)
      major : 8
      minor : 0
[DEBUG] 2020-10-06 17:06:49.209 [main] JdbcEnvironmentInitiator - JDBC version : 4.2
[INFO ] 2020-10-06 17:06:49.335 [main] Dialect - HHH000400: Using dialect: org.hibernate.dialect.MySQL8Dialect
[DEBUG] 2020-10-06 17:06:49.391 [main] IdentifierHelperBuilder - JDBC driver metadata reported database stores quoted identifiers in more than one case
[DEBUG] 2020-10-06 17:06:49.489 [main] IdentifierHelperBuilder - IdentifierCaseStrategy for both quoted and unquoted identifiers was set to the same strategy [MIXED]; that will likely lead to problems in schema update and validation if using quoted identifiers
[DEBUG] 2020-10-06 17:06:49.642 [main] Namespace - Created database namespace [logicalName=Name{catalog=null, schema=null}, physicalName=Name{catalog=null, schema=null}]
[DEBUG] 2020-10-06 17:06:49.654 [main] TypeConfiguration$Scope - Scoping TypeConfiguration [org.hibernate.type.spi.TypeConfiguration@78525ef9] to MetadataBuildingContext [org.hibernate.boot.internal.MetadataBuildingContextRootImpl@2d0ecb24]
[DEBUG] 2020-10-06 17:06:49.820 [main] AnnotationBinder - Binding entity from annotated class: edu.matc.entity.Product
[DEBUG] 2020-10-06 17:06:49.904 [main] Ejb3Column - Binding column: Ejb3DiscriminatorColumn{logicalColumnName'DTYPE', discriminatorTypeName='string'}
[DEBUG] 2020-10-06 17:06:49.921 [main] EntityBinder - Import with entity name Product
[DEBUG] 2020-10-06 17:06:49.923 [main] EntityBinder - Bind entity edu.matc.entity.Product on table product
[DEBUG] 2020-10-06 17:06:50.005 [main] Ejb3Column - Binding column: Ejb3Column{table=org.hibernate.mapping.Table(product), mappingColumn=item_id, insertable=true, updatable=true, unique=false}
[DEBUG] 2020-10-06 17:06:50.025 [main] PropertyBinder - MetadataSourceProcessor property itemId with lazy=false
[DEBUG] 2020-10-06 17:06:50.033 [main] AbstractPropertyHolder - Attempting to locate auto-apply AttributeConverter for property [edu.matc.entity.Product:itemId]
[DEBUG] 2020-10-06 17:06:50.038 [main] SimpleValueBinder - building SimpleValue for itemId
[DEBUG] 2020-10-06 17:06:50.040 [main] PropertyBinder - Building property itemId
[DEBUG] 2020-10-06 17:06:50.058 [main] BinderHelper - #makeIdGenerator(org.hibernate.mapping.SimpleValue([org.hibernate.mapping.Column(item_id)]), itemId, org.hibernate.id.enhanced.SequenceStyleGenerator, native, ...)
[DEBUG] 2020-10-06 17:06:50.068 [main] Ejb3Column - Binding column: Ejb3Column{table=org.hibernate.mapping.Table(product), mappingColumn=customizable, insertable=true, updatable=true, unique=false}
[DEBUG] 2020-10-06 17:06:50.069 [main] PropertyBinder - MetadataSourceProcessor property customizable with lazy=false
[DEBUG] 2020-10-06 17:06:50.070 [main] AbstractPropertyHolder - Attempting to locate auto-apply AttributeConverter for property [edu.matc.entity.Product:customizable]
[DEBUG] 2020-10-06 17:06:50.070 [main] SimpleValueBinder - building SimpleValue for customizable
[DEBUG] 2020-10-06 17:06:50.070 [main] PropertyBinder - Building property customizable
[DEBUG] 2020-10-06 17:06:50.071 [main] Ejb3Column - Binding column: Ejb3Column{table=org.hibernate.mapping.Table(product), mappingColumn=description, insertable=true, updatable=true, unique=false}
[DEBUG] 2020-10-06 17:06:50.076 [main] PropertyBinder - MetadataSourceProcessor property description with lazy=false
[DEBUG] 2020-10-06 17:06:50.076 [main] AbstractPropertyHolder - Attempting to locate auto-apply AttributeConverter for property [edu.matc.entity.Product:description]
[DEBUG] 2020-10-06 17:06:50.076 [main] SimpleValueBinder - building SimpleValue for description
[DEBUG] 2020-10-06 17:06:50.077 [main] PropertyBinder - Building property description
[DEBUG] 2020-10-06 17:06:50.081 [main] Ejb3Column - Binding column: Ejb3Column{table=org.hibernate.mapping.Table(product), mappingColumn=image, insertable=true, updatable=true, unique=false}
[DEBUG] 2020-10-06 17:06:50.085 [main] PropertyBinder - MetadataSourceProcessor property image with lazy=false
[DEBUG] 2020-10-06 17:06:50.085 [main] AbstractPropertyHolder - Attempting to locate auto-apply AttributeConverter for property [edu.matc.entity.Product:image]
[DEBUG] 2020-10-06 17:06:50.085 [main] SimpleValueBinder - building SimpleValue for image
[DEBUG] 2020-10-06 17:06:50.085 [main] PropertyBinder - Building property image
[DEBUG] 2020-10-06 17:06:50.085 [main] Ejb3Column - Binding column: Ejb3Column{table=org.hibernate.mapping.Table(product), mappingColumn=price, insertable=true, updatable=true, unique=false}
[DEBUG] 2020-10-06 17:06:50.086 [main] PropertyBinder - MetadataSourceProcessor property price with lazy=false
[DEBUG] 2020-10-06 17:06:50.086 [main] AbstractPropertyHolder - Attempting to locate auto-apply AttributeConverter for property [edu.matc.entity.Product:price]
[DEBUG] 2020-10-06 17:06:50.086 [main] SimpleValueBinder - building SimpleValue for price
[DEBUG] 2020-10-06 17:06:50.086 [main] PropertyBinder - Building property price
[DEBUG] 2020-10-06 17:06:50.086 [main] Ejb3Column - Binding column: Ejb3Column{table=org.hibernate.mapping.Table(product), mappingColumn=production_cost, insertable=true, updatable=true, unique=false}
[DEBUG] 2020-10-06 17:06:50.086 [main] PropertyBinder - MetadataSourceProcessor property productionCost with lazy=false
[DEBUG] 2020-10-06 17:06:50.086 [main] AbstractPropertyHolder - Attempting to locate auto-apply AttributeConverter for property [edu.matc.entity.Product:productionCost]
[DEBUG] 2020-10-06 17:06:50.086 [main] SimpleValueBinder - building SimpleValue for productionCost
[DEBUG] 2020-10-06 17:06:50.087 [main] PropertyBinder - Building property productionCost
[DEBUG] 2020-10-06 17:06:50.087 [main] Ejb3Column - Binding column: Ejb3Column{table=org.hibernate.mapping.Table(product), mappingColumn=tags, insertable=true, updatable=true, unique=false}
[DEBUG] 2020-10-06 17:06:50.087 [main] PropertyBinder - MetadataSourceProcessor property tags with lazy=false
[DEBUG] 2020-10-06 17:06:50.087 [main] AbstractPropertyHolder - Attempting to locate auto-apply AttributeConverter for property [edu.matc.entity.Product:tags]
[DEBUG] 2020-10-06 17:06:50.087 [main] SimpleValueBinder - building SimpleValue for tags
[DEBUG] 2020-10-06 17:06:50.087 [main] PropertyBinder - Building property tags
[DEBUG] 2020-10-06 17:06:50.087 [main] Ejb3Column - Binding column: Ejb3Column{table=org.hibernate.mapping.Table(product), mappingColumn=title, insertable=true, updatable=true, unique=false}
[DEBUG] 2020-10-06 17:06:50.087 [main] PropertyBinder - MetadataSourceProcessor property title with lazy=false
[DEBUG] 2020-10-06 17:06:50.087 [main] AbstractPropertyHolder - Attempting to locate auto-apply AttributeConverter for property [edu.matc.entity.Product:title]
[DEBUG] 2020-10-06 17:06:50.087 [main] SimpleValueBinder - building SimpleValue for title
[DEBUG] 2020-10-06 17:06:50.087 [main] PropertyBinder - Building property title
[DEBUG] 2020-10-06 17:06:50.098 [main] Ejb3Column - Binding column: Ejb3JoinColumn{logicalColumnName='user_id', referencedColumn='', mappedBy=''}
[DEBUG] 2020-10-06 17:06:50.098 [main] Ejb3Column - Binding column: Ejb3Column{table=org.hibernate.mapping.Table(product), mappingColumn=user, insertable=true, updatable=true, unique=false}
[DEBUG] 2020-10-06 17:06:50.111 [main] PropertyBinder - Building property user
[DEBUG] 2020-10-06 17:06:50.118 [main] AnnotationBinder - Binding entity from annotated class: edu.matc.entity.User
[DEBUG] 2020-10-06 17:06:50.119 [main] Ejb3Column - Binding column: Ejb3DiscriminatorColumn{logicalColumnName'DTYPE', discriminatorTypeName='string'}
[DEBUG] 2020-10-06 17:06:50.119 [main] EntityBinder - Import with entity name User
[DEBUG] 2020-10-06 17:06:50.119 [main] EntityBinder - Bind entity edu.matc.entity.User on table user
[DEBUG] 2020-10-06 17:06:50.137 [main] Ejb3Column - Binding column: Ejb3Column{table=org.hibernate.mapping.Table(user), mappingColumn=user_id, insertable=true, updatable=true, unique=false}
[DEBUG] 2020-10-06 17:06:50.137 [main] PropertyBinder - MetadataSourceProcessor property userId with lazy=false
[DEBUG] 2020-10-06 17:06:50.137 [main] AbstractPropertyHolder - Attempting to locate auto-apply AttributeConverter for property [edu.matc.entity.User:userId]
[DEBUG] 2020-10-06 17:06:50.137 [main] SimpleValueBinder - building SimpleValue for userId
[DEBUG] 2020-10-06 17:06:50.139 [main] PropertyBinder - Building property userId
[DEBUG] 2020-10-06 17:06:50.139 [main] BinderHelper - #makeIdGenerator(org.hibernate.mapping.SimpleValue([org.hibernate.mapping.Column(user_id)]), userId, org.hibernate.id.enhanced.SequenceStyleGenerator, native, ...)
[DEBUG] 2020-10-06 17:06:50.144 [main] Ejb3Column - Binding column: Ejb3Column{table=org.hibernate.mapping.Table(user), mappingColumn=email, insertable=true, updatable=true, unique=false}
[DEBUG] 2020-10-06 17:06:50.148 [main] PropertyBinder - MetadataSourceProcessor property email with lazy=false
[DEBUG] 2020-10-06 17:06:50.148 [main] AbstractPropertyHolder - Attempting to locate auto-apply AttributeConverter for property [edu.matc.entity.User:email]
[DEBUG] 2020-10-06 17:06:50.148 [main] SimpleValueBinder - building SimpleValue for email
[DEBUG] 2020-10-06 17:06:50.148 [main] PropertyBinder - Building property email
[DEBUG] 2020-10-06 17:06:50.148 [main] Ejb3Column - Binding column: Ejb3Column{table=org.hibernate.mapping.Table(user), mappingColumn=first_name, insertable=true, updatable=true, unique=false}
[DEBUG] 2020-10-06 17:06:50.148 [main] PropertyBinder - MetadataSourceProcessor property firstName with lazy=false
[DEBUG] 2020-10-06 17:06:50.150 [main] AbstractPropertyHolder - Attempting to locate auto-apply AttributeConverter for property [edu.matc.entity.User:firstName]
[DEBUG] 2020-10-06 17:06:50.150 [main] SimpleValueBinder - building SimpleValue for firstName
[DEBUG] 2020-10-06 17:06:50.152 [main] PropertyBinder - Building property firstName
[DEBUG] 2020-10-06 17:06:50.152 [main] Ejb3Column - Binding column: Ejb3Column{table=org.hibernate.mapping.Table(user), mappingColumn=last_name, insertable=true, updatable=true, unique=false}
[DEBUG] 2020-10-06 17:06:50.152 [main] PropertyBinder - MetadataSourceProcessor property lastName with lazy=false
[DEBUG] 2020-10-06 17:06:50.152 [main] AbstractPropertyHolder - Attempting to locate auto-apply AttributeConverter for property [edu.matc.entity.User:lastName]
[DEBUG] 2020-10-06 17:06:50.152 [main] SimpleValueBinder - building SimpleValue for lastName
[DEBUG] 2020-10-06 17:06:50.152 [main] PropertyBinder - Building property lastName
[DEBUG] 2020-10-06 17:06:50.152 [main] Ejb3Column - Binding column: Ejb3Column{table=org.hibernate.mapping.Table(user), mappingColumn=password, insertable=true, updatable=true, unique=false}
[DEBUG] 2020-10-06 17:06:50.152 [main] PropertyBinder - MetadataSourceProcessor property password with lazy=false
[DEBUG] 2020-10-06 17:06:50.157 [main] AbstractPropertyHolder - Attempting to locate auto-apply AttributeConverter for property [edu.matc.entity.User:password]
[DEBUG] 2020-10-06 17:06:50.157 [main] SimpleValueBinder - building SimpleValue for password
[DEBUG] 2020-10-06 17:06:50.157 [main] PropertyBinder - Building property password
[DEBUG] 2020-10-06 17:06:50.157 [main] Ejb3Column - Binding column: Ejb3JoinColumn{logicalColumnName='null', referencedColumn='null', mappedBy='user'}
[DEBUG] 2020-10-06 17:06:50.164 [main] Ejb3Column - Binding column: Ejb3Column{table=org.hibernate.mapping.Table(user), mappingColumn=products, insertable=true, updatable=true, unique=false}
[DEBUG] 2020-10-06 17:06:50.168 [main] Ejb3Column - Binding column: Ejb3Column{table=org.hibernate.mapping.Table(user), mappingColumn=null, insertable=true, updatable=true, unique=false}
[DEBUG] 2020-10-06 17:06:50.188 [main] Ejb3Column - Binding column: Ejb3Column{table=org.hibernate.mapping.Table(user), mappingColumn=element, insertable=true, updatable=true, unique=false}
[DEBUG] 2020-10-06 17:06:50.188 [main] Ejb3Column - Binding column: Ejb3Column{table=org.hibernate.mapping.Table(user), mappingColumn=products_KEY, insertable=true, updatable=true, unique=false}
[DEBUG] 2020-10-06 17:06:50.192 [main] Ejb3Column - Binding column: Ejb3JoinColumn{logicalColumnName='products_KEY', referencedColumn='null', mappedBy='null'}
[DEBUG] 2020-10-06 17:06:50.198 [main] Ejb3Column - Binding column: Ejb3JoinColumn{logicalColumnName='null', referencedColumn='null', mappedBy='user'}
[DEBUG] 2020-10-06 17:06:50.202 [main] Ejb3Column - Binding column: Ejb3JoinColumn{logicalColumnName='null', referencedColumn='null', mappedBy='user'}
[DEBUG] 2020-10-06 17:06:50.203 [main] CollectionBinder - Collection role: edu.matc.entity.User.products
[DEBUG] 2020-10-06 17:06:50.210 [main] PropertyBinder - Building property products
[DEBUG] 2020-10-06 17:06:50.216 [main] SimpleValueBinder - Starting fillSimpleValue for itemId
[DEBUG] 2020-10-06 17:06:50.221 [main] SimpleValueBinder - Starting fillSimpleValue for customizable
[DEBUG] 2020-10-06 17:06:50.221 [main] SimpleValueBinder - Starting fillSimpleValue for description
[DEBUG] 2020-10-06 17:06:50.221 [main] SimpleValueBinder - Starting fillSimpleValue for image
[DEBUG] 2020-10-06 17:06:50.221 [main] SimpleValueBinder - Starting fillSimpleValue for price
[DEBUG] 2020-10-06 17:06:50.221 [main] SimpleValueBinder - Starting fillSimpleValue for productionCost
[DEBUG] 2020-10-06 17:06:50.221 [main] SimpleValueBinder - Starting fillSimpleValue for tags
[DEBUG] 2020-10-06 17:06:50.222 [main] SimpleValueBinder - Starting fillSimpleValue for title
[DEBUG] 2020-10-06 17:06:50.222 [main] SimpleValueBinder - Starting fillSimpleValue for userId
[DEBUG] 2020-10-06 17:06:50.222 [main] SimpleValueBinder - Starting fillSimpleValue for email
[DEBUG] 2020-10-06 17:06:50.222 [main] SimpleValueBinder - Starting fillSimpleValue for firstName
[DEBUG] 2020-10-06 17:06:50.222 [main] SimpleValueBinder - Starting fillSimpleValue for lastName
[DEBUG] 2020-10-06 17:06:50.222 [main] SimpleValueBinder - Starting fillSimpleValue for password
[DEBUG] 2020-10-06 17:06:50.227 [main] PrimaryKey - Forcing column [item_id] to be non-null as it is part of the primary key for table [product]
[DEBUG] 2020-10-06 17:06:50.235 [main] PrimaryKey - Forcing column [user_id] to be non-null as it is part of the primary key for table [user]
[DEBUG] 2020-10-06 17:06:50.237 [main] CollectionSecondPass - Second pass for collection: edu.matc.entity.User.products
[DEBUG] 2020-10-06 17:06:50.239 [main] CollectionBinder - Binding a OneToMany: edu.matc.entity.User.products through a foreign key
[DEBUG] 2020-10-06 17:06:50.243 [main] CollectionBinder - Mapping collection: edu.matc.entity.User.products -> product
[DEBUG] 2020-10-06 17:06:50.244 [main] TableBinder - Retrieving property edu.matc.entity.Product.user
[DEBUG] 2020-10-06 17:06:50.244 [main] CollectionSecondPass - Mapped collection key: user_id, one-to-many: edu.matc.entity.Product
[DEBUG] 2020-10-06 17:06:50.244 [main] InFlightMetadataCollectorImpl - Resolving reference to class: edu.matc.entity.User
[DEBUG] 2020-10-06 17:06:50.252 [main] InFlightMetadataCollectorImpl - Resolving reference to class: edu.matc.entity.User
[DEBUG] 2020-10-06 17:06:50.398 [main] SessionFactoryImpl - Building session factory
[DEBUG] 2020-10-06 17:06:50.401 [main] Settings - SessionFactory name : null
[DEBUG] 2020-10-06 17:06:50.414 [main] Settings - Automatic flush during beforeCompletion(): enabled
[DEBUG] 2020-10-06 17:06:50.414 [main] Settings - Automatic session close at end of transaction: disabled
[DEBUG] 2020-10-06 17:06:50.414 [main] Settings - Statistics: disabled
[DEBUG] 2020-10-06 17:06:50.414 [main] Settings - Deleted entity synthetic identifier rollback: disabled
[DEBUG] 2020-10-06 17:06:50.414 [main] Settings - Default entity-mode: pojo
[DEBUG] 2020-10-06 17:06:50.415 [main] Settings - Check Nullability in Core (should be disabled when Bean Validation is on): enabled
[DEBUG] 2020-10-06 17:06:50.415 [main] Settings - Allow initialization of lazy state outside session : disabled
[DEBUG] 2020-10-06 17:06:50.415 [main] Settings - Using BatchFetchStyle : LEGACY
[DEBUG] 2020-10-06 17:06:50.415 [main] Settings - Default batch fetch size: -1
[DEBUG] 2020-10-06 17:06:50.415 [main] Settings - Maximum outer join fetch depth: 2
[DEBUG] 2020-10-06 17:06:50.415 [main] Settings - Default null ordering: NONE
[DEBUG] 2020-10-06 17:06:50.415 [main] Settings - Order SQL updates by primary key: disabled
[DEBUG] 2020-10-06 17:06:50.424 [main] Settings - Order SQL inserts for batching: disabled
[DEBUG] 2020-10-06 17:06:50.425 [main] Settings - multi-tenancy strategy : NONE
[DEBUG] 2020-10-06 17:06:50.425 [main] Settings - JTA Track by Thread: enabled
[DEBUG] 2020-10-06 17:06:50.425 [main] Settings - Query language substitutions: {}
[DEBUG] 2020-10-06 17:06:50.425 [main] Settings - Named query checking : enabled
[DEBUG] 2020-10-06 17:06:50.425 [main] Settings - Second-level cache: disabled
[DEBUG] 2020-10-06 17:06:50.425 [main] Settings - Second-level query cache: disabled
[DEBUG] 2020-10-06 17:06:50.425 [main] Settings - Second-level query cache factory: null
[DEBUG] 2020-10-06 17:06:50.425 [main] Settings - Second-level cache region prefix: null
[DEBUG] 2020-10-06 17:06:50.425 [main] Settings - Optimize second-level cache for minimal puts: disabled
[DEBUG] 2020-10-06 17:06:50.425 [main] Settings - Structured second-level cache entries: disabled
[DEBUG] 2020-10-06 17:06:50.425 [main] Settings - Second-level cache direct-reference entries: disabled
[DEBUG] 2020-10-06 17:06:50.425 [main] Settings - Automatic eviction of collection cache: disabled
[DEBUG] 2020-10-06 17:06:50.430 [main] Settings - JDBC batch size: 15
[DEBUG] 2020-10-06 17:06:50.431 [main] Settings - JDBC batch updates for versioned data: enabled
[DEBUG] 2020-10-06 17:06:50.431 [main] Settings - Scrollable result sets: enabled
[DEBUG] 2020-10-06 17:06:50.431 [main] Settings - Wrap result sets: disabled
[DEBUG] 2020-10-06 17:06:50.431 [main] Settings - JDBC3 getGeneratedKeys(): enabled
[DEBUG] 2020-10-06 17:06:50.431 [main] Settings - JDBC result set fetch size: null
[DEBUG] 2020-10-06 17:06:50.431 [main] Settings - Connection release mode: AFTER_TRANSACTION
[DEBUG] 2020-10-06 17:06:50.431 [main] Settings - Generate SQL with comments: disabled
[DEBUG] 2020-10-06 17:06:50.431 [main] Settings - JPA compliance - query : 
[DEBUG] 2020-10-06 17:06:50.431 [main] Settings - JPA compliance - closed-handling : 
[DEBUG] 2020-10-06 17:06:50.432 [main] Settings - JPA compliance - lists : 
[DEBUG] 2020-10-06 17:06:50.432 [main] Settings - JPA compliance - transactions : 
[INFO ] 2020-10-06 17:06:51.384 [main] beans - HHH10005002: No explicit CDI BeanManager reference was passed to Hibernate, but CDI is available on the Hibernate ClassLoader.
[DEBUG] 2020-10-06 17:06:51.450 [main] SessionFactoryImpl - Session factory constructed with filter configurations : {}
[DEBUG] 2020-10-06 17:06:51.451 [main] SessionFactoryImpl - Instantiating session factory with properties: {sun.desktop=gnome, awt.toolkit=sun.awt.X11.XToolkit, java.specification.version=11, sun.cpu.isalist=, hibernate.c3p0.idle_test_period=3000, sun.jnu.encoding=UTF-8, hibernate.c3p0.min_size=5, java.class.path=/home/student/intellij/lib/idea_rt.jar:/home/student/intellij/plugins/junit/lib/junit-rt.jar:/home/student/intellij/plugins/junit/lib/junit5-rt.jar:/home/student/IdeaProjects/customCrafts/target/test-classes:/home/student/IdeaProjects/customCrafts/target/classes:/home/student/.m2/repository/org/junit/platform/junit-platform-runner/1.0.0/junit-platform-runner-1.0.0.jar:/home/student/.m2/repository/org/apiguardian/apiguardian-api/1.0.0/apiguardian-api-1.0.0.jar:/home/student/.m2/repository/org/junit/platform/junit-platform-launcher/1.0.0/junit-platform-launcher-1.0.0.jar:/home/student/.m2/repository/org/junit/platform/junit-platform-suite-api/1.0.0/junit-platform-suite-api-1.0.0.jar:/home/student/.m2/repository/org/junit/platform/junit-platform-commons/1.0.0/junit-platform-commons-1.0.0.jar:/home/student/.m2/repository/org/junit/vintage/junit-vintage-engine/4.12.0/junit-vintage-engine-4.12.0.jar:/home/student/.m2/repository/org/junit/platform/junit-platform-engine/1.0.0/junit-platform-engine-1.0.0.jar:/home/student/.m2/repository/org/opentest4j/opentest4j/1.0.0/opentest4j-1.0.0.jar:/home/student/.m2/repository/org/junit/jupiter/junit-jupiter-engine/5.0.0/junit-jupiter-engine-5.0.0.jar:/home/student/.m2/repository/org/junit/jupiter/junit-jupiter-api/5.0.0/junit-jupiter-api-5.0.0.jar:/home/student/.m2/repository/junit/junit/4.12/junit-4.12.jar:/home/student/.m2/repository/org/hamcrest/hamcrest-core/1.3/hamcrest-core-1.3.jar:/home/student/.m2/repository/javax/javaee-web-api/7.0/javaee-web-api-7.0.jar:/home/student/.m2/repository/mysql/mysql-connector-java/8.0.16/mysql-connector-java-8.0.16.jar:/home/student/.m2/repository/com/google/protobuf/protobuf-java/3.6.1/protobuf-java-3.6.1.jar:/home/student/.m2/repository/jstl/jstl/1.2/jstl-1.2.jar:/home/student/.m2/repository/org/apache/logging/log4j/log4j-api/2.10.0/log4j-api-2.10.0.jar:/home/student/.m2/repository/org/apache/logging/log4j/log4j-core/2.10.0/log4j-core-2.10.0.jar:/home/student/.m2/repository/org/hibernate/hibernate-core/5.4.4.Final/hibernate-core-5.4.4.Final.jar:/home/student/.m2/repository/org/jboss/logging/jboss-logging/3.3.2.Final/jboss-logging-3.3.2.Final.jar:/home/student/.m2/repository/javax/persistence/javax.persistence-api/2.2/javax.persistence-api-2.2.jar:/home/student/.m2/repository/org/javassist/javassist/3.24.0-GA/javassist-3.24.0-GA.jar:/home/student/.m2/repository/net/bytebuddy/byte-buddy/1.9.11/byte-buddy-1.9.11.jar:/home/student/.m2/repository/antlr/antlr/2.7.7/antlr-2.7.7.jar:/home/student/.m2/repository/org/jboss/spec/javax/transaction/jboss-transaction-api_1.2_spec/1.1.1.Final/jboss-transaction-api_1.2_spec-1.1.1.Final.jar:/home/student/.m2/repository/org/jboss/jandex/2.0.5.Final/jandex-2.0.5.Final.jar:/home/student/.m2/repository/com/fasterxml/classmate/1.3.4/classmate-1.3.4.jar:/home/student/.m2/repository/javax/activation/javax.activation-api/1.2.0/javax.activation-api-1.2.0.jar:/home/student/.m2/repository/org/dom4j/dom4j/2.1.1/dom4j-2.1.1.jar:/home/student/.m2/repository/org/hibernate/common/hibernate-commons-annotations/5.1.0.Final/hibernate-commons-annotations-5.1.0.Final.jar:/home/student/.m2/repository/javax/xml/bind/jaxb-api/2.3.1/jaxb-api-2.3.1.jar:/home/student/.m2/repository/org/glassfish/jaxb/jaxb-runtime/2.3.1/jaxb-runtime-2.3.1.jar:/home/student/.m2/repository/org/glassfish/jaxb/txw2/2.3.1/txw2-2.3.1.jar:/home/student/.m2/repository/com/sun/istack/istack-commons-runtime/3.0.7/istack-commons-runtime-3.0.7.jar:/home/student/.m2/repository/org/jvnet/staxex/stax-ex/1.8/stax-ex-1.8.jar:/home/student/.m2/repository/com/sun/xml/fastinfoset/FastInfoset/1.2.15/FastInfoset-1.2.15.jar:/home/student/.m2/repository/org/hibernate/hibernate-c3p0/5.4.4.Final/hibernate-c3p0-5.4.4.Final.jar:/home/student/.m2/repository/com/mchange/c3p0/0.9.5.3/c3p0-0.9.5.3.jar:/home/student/.m2/repository/com/mchange/mchange-commons-java/0.2.15/mchange-commons-java-0.2.15.jar, java.vm.vendor=Ubuntu, sun.arch.data.model=64, idea.test.cyclic.buffer.size=1048576, java.vendor.url=https://ubuntu.com/, user.timezone=America/Chicago, os.name=Linux, java.vm.specification.version=11, sun.java.launcher=SUN_STANDARD, user.country=US, sun.boot.library.path=/usr/lib/jvm/java-11-openjdk-amd64/lib, sun.java.command=com.intellij.rt.execution.junit.JUnitStarter -ideVersion5 -junit5 edu.matc.persistence.UserDaoTest,getByPropertyLikeSuccess, jdk.debug=release, sun.cpu.endian=little, user.home=/home/student, hibernate.c3p0.max_statements=50, user.language=en, java.specification.vendor=Oracle Corporation, java.version.date=2020-07-14, java.home=/usr/lib/jvm/java-11-openjdk-amd64, file.separator=/, java.vm.compressedOopsMode=32-bit, line.separator=
, hibernate.c3p0.timeout=300, java.specification.name=Java Platform API Specification, java.vm.specification.vendor=Oracle Corporation, java.awt.graphicsenv=sun.awt.X11GraphicsEnvironment, connection.password=student, sun.management.compiler=HotSpot 64-Bit Tiered Compilers, hibernate.c3p0.max_size=20, java.runtime.version=11.0.8+10-post-Ubuntu-0ubuntu118.04.1, user.name=student, path.separator=:, hibernate.connection.username=****, os.version=5.4.0-48-generic, java.runtime.name=OpenJDK Runtime Environment, hibernate.connection.url=jdbc:mysql://localhost:3306/test?serverTimezone=UTC, file.encoding=UTF-8, java.vm.name=OpenJDK 64-Bit Server VM, hibernate.connection.driver_class=com.mysql.cj.jdbc.Driver, java.vendor.url.bug=https://bugs.launchpad.net/ubuntu/+source/openjdk-lts, java.io.tmpdir=/tmp, java.version=11.0.8, user.dir=/home/student/IdeaProjects/customCrafts, os.arch=amd64, connection.username=root, java.vm.specification.name=Java Virtual Machine Specification, java.awt.printerjob=sun.print.PSPrinterJob, hibernate.connection.password=****, sun.os.patch.level=unknown, connection.driver_class=com.mysql.cj.jdbc.Driver, hibernate.boot.CfgXmlAccessService.key=org.hibernate.boot.cfgxml.spi.LoadedConfig@2f521c4, java.library.path=/usr/java/packages/lib:/usr/lib/x86_64-linux-gnu/jni:/lib/x86_64-linux-gnu:/usr/lib/x86_64-linux-gnu:/usr/lib/jni:/lib:/usr/lib, java.vendor=Ubuntu, java.vm.info=mixed mode, sharing, java.vm.version=11.0.8+10-post-Ubuntu-0ubuntu118.04.1, hibernate.bytecode.use_reflection_optimizer=false, sun.io.unicode.encoding=UnicodeLittle, connection.url=jdbc:mysql://localhost:3306/test?serverTimezone=UTC, java.class.version=55.0}
[DEBUG] 2020-10-06 17:06:51.591 [main] TypeSafeActivator - Unable to acquire Bean Validation ValidatorFactory, skipping activation
[DEBUG] 2020-10-06 17:06:51.594 [main] JaccIntegrator - Skipping JACC integration as it was not enabled
[DEBUG] 2020-10-06 17:06:51.595 [main] SessionFactoryImpl - Instantiated session factory
[DEBUG] 2020-10-06 17:06:51.595 [main] TypeConfiguration$Scope - Scoping TypeConfiguration [org.hibernate.type.spi.TypeConfiguration@78525ef9] to SessionFactoryImpl [org.hibernate.internal.SessionFactoryImpl@6cd64b3f]
[DEBUG] 2020-10-06 17:06:51.817 [main] ClassLoaderAccessImpl - Not known whether passed class name [edu.matc.entity.User] is safe
[DEBUG] 2020-10-06 17:06:51.817 [main] ClassLoaderAccessImpl - No temp ClassLoader provided; using live ClassLoader for loading potentially unsafe class : edu.matc.entity.User
[DEBUG] 2020-10-06 17:06:51.856 [main] ClassLoaderAccessImpl - Not known whether passed class name [edu.matc.entity.User] is safe
[DEBUG] 2020-10-06 17:06:51.857 [main] ClassLoaderAccessImpl - No temp ClassLoader provided; using live ClassLoader for loading potentially unsafe class : edu.matc.entity.User
[DEBUG] 2020-10-06 17:06:52.548 [main] ClassLoaderAccessImpl - Not known whether passed class name [edu.matc.entity.Product] is safe
[DEBUG] 2020-10-06 17:06:52.549 [main] ClassLoaderAccessImpl - No temp ClassLoader provided; using live ClassLoader for loading potentially unsafe class : edu.matc.entity.Product
[DEBUG] 2020-10-06 17:06:52.550 [main] ClassLoaderAccessImpl - Not known whether passed class name [edu.matc.entity.Product] is safe
[DEBUG] 2020-10-06 17:06:52.550 [main] ClassLoaderAccessImpl - No temp ClassLoader provided; using live ClassLoader for loading potentially unsafe class : edu.matc.entity.Product
[DEBUG] 2020-10-06 17:06:52.713 [main] AbstractCollectionPersister - Static SQL for collection: edu.matc.entity.User.products
[DEBUG] 2020-10-06 17:06:52.713 [main] AbstractCollectionPersister -  Row insert: update product set user_id=? where item_id=?
[DEBUG] 2020-10-06 17:06:52.713 [main] AbstractCollectionPersister -  Row update: update product set  where item_id=?
[DEBUG] 2020-10-06 17:06:52.713 [main] AbstractCollectionPersister -  Row delete: update product set user_id=null where user_id=? and item_id=?
[DEBUG] 2020-10-06 17:06:52.714 [main] AbstractCollectionPersister -  One-shot delete: update product set user_id=null where user_id=?
[DEBUG] 2020-10-06 17:06:52.728 [main] AbstractEntityPersister - Static SQL for entity: edu.matc.entity.User
[DEBUG] 2020-10-06 17:06:52.730 [main] AbstractEntityPersister -  Version select: select user_id from user where user_id =?
[DEBUG] 2020-10-06 17:06:52.730 [main] AbstractEntityPersister -  Snapshot select: select user_.user_id, user_.email as email2_1_, user_.first_name as first_na3_1_, user_.last_name as last_nam4_1_, user_.password as password5_1_ from user user_ where user_.user_id=?
[DEBUG] 2020-10-06 17:06:52.732 [main] AbstractEntityPersister -  Insert 0: insert into user (email, first_name, last_name, password, user_id) values (?, ?, ?, ?, ?)
[DEBUG] 2020-10-06 17:06:52.733 [main] AbstractEntityPersister -  Update 0: update user set email=?, first_name=?, last_name=?, password=? where user_id=?
[DEBUG] 2020-10-06 17:06:52.733 [main] AbstractEntityPersister -  Delete 0: delete from user where user_id=?
[DEBUG] 2020-10-06 17:06:52.733 [main] AbstractEntityPersister -  Identity insert: insert into user (email, first_name, last_name, password) values (?, ?, ?, ?)
[DEBUG] 2020-10-06 17:06:52.814 [main] QuerySpacesImpl - Adding QuerySpace : uid = <gen:0> -> org.hibernate.loader.plan.build.internal.spaces.EntityQuerySpaceImpl@7e34b127]
[DEBUG] 2020-10-06 17:06:52.824 [main] MetamodelGraphWalker - Visiting attribute path : email
[DEBUG] 2020-10-06 17:06:52.827 [main] MetamodelGraphWalker - Visiting attribute path : firstName
[DEBUG] 2020-10-06 17:06:52.827 [main] MetamodelGraphWalker - Visiting attribute path : lastName
[DEBUG] 2020-10-06 17:06:52.827 [main] MetamodelGraphWalker - Visiting attribute path : password
[DEBUG] 2020-10-06 17:06:52.827 [main] MetamodelGraphWalker - Visiting attribute path : products
[DEBUG] 2020-10-06 17:06:52.844 [main] QuerySpacesImpl - Adding QuerySpace : uid = <gen:1> -> org.hibernate.loader.plan.build.internal.spaces.CollectionQuerySpaceImpl@45843650]
[DEBUG] 2020-10-06 17:06:52.859 [main] QuerySpacesImpl - Adding QuerySpace : uid = <gen:2> -> org.hibernate.loader.plan.build.internal.spaces.EntityQuerySpaceImpl@3a7b2e2]
[DEBUG] 2020-10-06 17:06:52.862 [main] MetamodelGraphWalker - Visiting attribute path : products.customizable
[DEBUG] 2020-10-06 17:06:52.862 [main] MetamodelGraphWalker - Visiting attribute path : products.description
[DEBUG] 2020-10-06 17:06:52.862 [main] MetamodelGraphWalker - Visiting attribute path : products.image
[DEBUG] 2020-10-06 17:06:52.863 [main] MetamodelGraphWalker - Visiting attribute path : products.price
[DEBUG] 2020-10-06 17:06:52.866 [main] MetamodelGraphWalker - Visiting attribute path : products.productionCost
[DEBUG] 2020-10-06 17:06:52.866 [main] MetamodelGraphWalker - Visiting attribute path : products.tags
[DEBUG] 2020-10-06 17:06:52.866 [main] MetamodelGraphWalker - Visiting attribute path : products.title
[DEBUG] 2020-10-06 17:06:52.868 [main] MetamodelGraphWalker - Visiting attribute path : products.user
[DEBUG] 2020-10-06 17:06:52.868 [main] MetamodelGraphWalker - Property path deemed to be circular : products.user
[DEBUG] 2020-10-06 17:06:52.869 [main] FetchStyleLoadPlanBuildingAssociationVisitationStrategy - Building LoadPlan...
[DEBUG] 2020-10-06 17:06:52.931 [main] LoadQueryJoinAndFetchProcessor - processing queryspace <gen:0>
[DEBUG] 2020-10-06 17:06:52.962 [main] LoadPlanTreePrinter - LoadPlan(entity=edu.matc.entity.User)
    - Returns
       - EntityReturnImpl(entity=edu.matc.entity.User, querySpaceUid=<gen:0>, path=edu.matc.entity.User)
          - CollectionAttributeFetchImpl(collection=edu.matc.entity.User.products, querySpaceUid=<gen:1>, path=edu.matc.entity.User.products)
             - (collection element) CollectionFetchableElementEntityGraph(entity=edu.matc.entity.Product, querySpaceUid=<gen:2>, path=edu.matc.entity.User.products.<elements>)
    - QuerySpaces
       - EntityQuerySpaceImpl(uid=<gen:0>, entity=edu.matc.entity.User)
          - SQL table alias mapping - user0_
          - alias suffix - 0_
          - suffixed key columns - {user_id1_1_0_}
          - JOIN (JoinDefinedByMetadata(products)) : <gen:0> -> <gen:1>
             - CollectionQuerySpaceImpl(uid=<gen:1>, collection=edu.matc.entity.User.products)
                - SQL table alias mapping - products1_
                - alias suffix - 1_
                - suffixed key columns - {user_id9_0_1_}
                - entity-element alias suffix - 2_
                - 2_entity-element suffixed key columns - item_id1_0_2_
                - JOIN (JoinDefinedByMetadata(elements)) : <gen:1> -> <gen:2>
                   - EntityQuerySpaceImpl(uid=<gen:2>, entity=edu.matc.entity.Product)
                      - SQL table alias mapping - products1_
                      - alias suffix - 2_
                      - suffixed key columns - {item_id1_0_2_}

[DEBUG] 2020-10-06 17:06:52.983 [main] EntityLoader - Static select for entity edu.matc.entity.User [NONE]: select user0_.user_id as user_id1_1_0_, user0_.email as email2_1_0_, user0_.first_name as first_na3_1_0_, user0_.last_name as last_nam4_1_0_, user0_.password as password5_1_0_, products1_.user_id as user_id9_0_1_, products1_.item_id as item_id1_0_1_, products1_.item_id as item_id1_0_2_, products1_.customizable as customiz2_0_2_, products1_.description as descript3_0_2_, products1_.image as image4_0_2_, products1_.price as price5_0_2_, products1_.production_cost as producti6_0_2_, products1_.tags as tags7_0_2_, products1_.title as title8_0_2_, products1_.user_id as user_id9_0_2_ from user user0_ left outer join product products1_ on user0_.user_id=products1_.user_id where user0_.user_id=?
[DEBUG] 2020-10-06 17:06:52.983 [main] QuerySpacesImpl - Adding QuerySpace : uid = <gen:0> -> org.hibernate.loader.plan.build.internal.spaces.EntityQuerySpaceImpl@77cb452c]
[DEBUG] 2020-10-06 17:06:52.983 [main] MetamodelGraphWalker - Visiting attribute path : email
[DEBUG] 2020-10-06 17:06:52.989 [main] MetamodelGraphWalker - Visiting attribute path : firstName
[DEBUG] 2020-10-06 17:06:52.992 [main] MetamodelGraphWalker - Visiting attribute path : lastName
[DEBUG] 2020-10-06 17:06:52.993 [main] MetamodelGraphWalker - Visiting attribute path : password
[DEBUG] 2020-10-06 17:06:52.993 [main] MetamodelGraphWalker - Visiting attribute path : products
[DEBUG] 2020-10-06 17:06:52.993 [main] QuerySpacesImpl - Adding QuerySpace : uid = <gen:1> -> org.hibernate.loader.plan.build.internal.spaces.CollectionQuerySpaceImpl@2c26ba07]
[DEBUG] 2020-10-06 17:06:52.993 [main] QuerySpacesImpl - Adding QuerySpace : uid = <gen:2> -> org.hibernate.loader.plan.build.internal.spaces.EntityQuerySpaceImpl@6f25bf88]
[DEBUG] 2020-10-06 17:06:52.993 [main] MetamodelGraphWalker - Visiting attribute path : products.customizable
[DEBUG] 2020-10-06 17:06:52.993 [main] MetamodelGraphWalker - Visiting attribute path : products.description
[DEBUG] 2020-10-06 17:06:52.999 [main] MetamodelGraphWalker - Visiting attribute path : products.image
[DEBUG] 2020-10-06 17:06:52.999 [main] MetamodelGraphWalker - Visiting attribute path : products.price
[DEBUG] 2020-10-06 17:06:53.000 [main] MetamodelGraphWalker - Visiting attribute path : products.productionCost
[DEBUG] 2020-10-06 17:06:53.000 [main] MetamodelGraphWalker - Visiting attribute path : products.tags
[DEBUG] 2020-10-06 17:06:53.001 [main] MetamodelGraphWalker - Visiting attribute path : products.title
[DEBUG] 2020-10-06 17:06:53.009 [main] MetamodelGraphWalker - Visiting attribute path : products.user
[DEBUG] 2020-10-06 17:06:53.010 [main] MetamodelGraphWalker - Property path deemed to be circular : products.user
[DEBUG] 2020-10-06 17:06:53.011 [main] FetchStyleLoadPlanBuildingAssociationVisitationStrategy - Building LoadPlan...
[DEBUG] 2020-10-06 17:06:53.011 [main] LoadQueryJoinAndFetchProcessor - processing queryspace <gen:0>
[DEBUG] 2020-10-06 17:06:53.019 [main] LoadPlanTreePrinter - LoadPlan(entity=edu.matc.entity.User)
    - Returns
       - EntityReturnImpl(entity=edu.matc.entity.User, querySpaceUid=<gen:0>, path=edu.matc.entity.User)
          - CollectionAttributeFetchImpl(collection=edu.matc.entity.User.products, querySpaceUid=<gen:1>, path=edu.matc.entity.User.products)
             - (collection element) CollectionFetchableElementEntityGraph(entity=edu.matc.entity.Product, querySpaceUid=<gen:2>, path=edu.matc.entity.User.products.<elements>)
    - QuerySpaces
       - EntityQuerySpaceImpl(uid=<gen:0>, entity=edu.matc.entity.User)
          - SQL table alias mapping - user0_
          - alias suffix - 0_
          - suffixed key columns - {user_id1_1_0_}
          - JOIN (JoinDefinedByMetadata(products)) : <gen:0> -> <gen:1>
             - CollectionQuerySpaceImpl(uid=<gen:1>, collection=edu.matc.entity.User.products)
                - SQL table alias mapping - products1_
                - alias suffix - 1_
                - suffixed key columns - {user_id9_0_1_}
                - entity-element alias suffix - 2_
                - 2_entity-element suffixed key columns - item_id1_0_2_
                - JOIN (JoinDefinedByMetadata(elements)) : <gen:1> -> <gen:2>
                   - EntityQuerySpaceImpl(uid=<gen:2>, entity=edu.matc.entity.Product)
                      - SQL table alias mapping - products1_
                      - alias suffix - 2_
                      - suffixed key columns - {item_id1_0_2_}

[DEBUG] 2020-10-06 17:06:53.021 [main] EntityLoader - Static select for entity edu.matc.entity.User [READ]: select user0_.user_id as user_id1_1_0_, user0_.email as email2_1_0_, user0_.first_name as first_na3_1_0_, user0_.last_name as last_nam4_1_0_, user0_.password as password5_1_0_, products1_.user_id as user_id9_0_1_, products1_.item_id as item_id1_0_1_, products1_.item_id as item_id1_0_2_, products1_.customizable as customiz2_0_2_, products1_.description as descript3_0_2_, products1_.image as image4_0_2_, products1_.price as price5_0_2_, products1_.production_cost as producti6_0_2_, products1_.tags as tags7_0_2_, products1_.title as title8_0_2_, products1_.user_id as user_id9_0_2_ from user user0_ left outer join product products1_ on user0_.user_id=products1_.user_id where user0_.user_id=?
[DEBUG] 2020-10-06 17:06:53.139 [main] Loader - Static select for action ACTION_MERGE on entity edu.matc.entity.User: select user0_.user_id as user_id1_1_1_, user0_.email as email2_1_1_, user0_.first_name as first_na3_1_1_, user0_.last_name as last_nam4_1_1_, user0_.password as password5_1_1_, products1_.user_id as user_id9_0_3_, products1_.item_id as item_id1_0_3_, products1_.item_id as item_id1_0_0_, products1_.customizable as customiz2_0_0_, products1_.description as descript3_0_0_, products1_.image as image4_0_0_, products1_.price as price5_0_0_, products1_.production_cost as producti6_0_0_, products1_.tags as tags7_0_0_, products1_.title as title8_0_0_, products1_.user_id as user_id9_0_0_ from user user0_ left outer join product products1_ on user0_.user_id=products1_.user_id where user0_.user_id=?
[DEBUG] 2020-10-06 17:06:53.141 [main] Loader - Static select for action ACTION_REFRESH on entity edu.matc.entity.User: select user0_.user_id as user_id1_1_1_, user0_.email as email2_1_1_, user0_.first_name as first_na3_1_1_, user0_.last_name as last_nam4_1_1_, user0_.password as password5_1_1_, products1_.user_id as user_id9_0_3_, products1_.item_id as item_id1_0_3_, products1_.item_id as item_id1_0_0_, products1_.customizable as customiz2_0_0_, products1_.description as descript3_0_0_, products1_.image as image4_0_0_, products1_.price as price5_0_0_, products1_.production_cost as producti6_0_0_, products1_.tags as tags7_0_0_, products1_.title as title8_0_0_, products1_.user_id as user_id9_0_0_ from user user0_ left outer join product products1_ on user0_.user_id=products1_.user_id where user0_.user_id=?
[DEBUG] 2020-10-06 17:06:53.144 [main] AbstractEntityPersister - Static SQL for entity: edu.matc.entity.Product
[DEBUG] 2020-10-06 17:06:53.144 [main] AbstractEntityPersister -  Version select: select item_id from product where item_id =?
[DEBUG] 2020-10-06 17:06:53.144 [main] AbstractEntityPersister -  Snapshot select: select product_.item_id, product_.customizable as customiz2_0_, product_.description as descript3_0_, product_.image as image4_0_, product_.price as price5_0_, product_.production_cost as producti6_0_, product_.tags as tags7_0_, product_.title as title8_0_, product_.user_id as user_id9_0_ from product product_ where product_.item_id=?
[DEBUG] 2020-10-06 17:06:53.144 [main] AbstractEntityPersister -  Insert 0: insert into product (customizable, description, image, price, production_cost, tags, title, user_id, item_id) values (?, ?, ?, ?, ?, ?, ?, ?, ?)
[DEBUG] 2020-10-06 17:06:53.144 [main] AbstractEntityPersister -  Update 0: update product set customizable=?, description=?, image=?, price=?, production_cost=?, tags=?, title=?, user_id=? where item_id=?
[DEBUG] 2020-10-06 17:06:53.144 [main] AbstractEntityPersister -  Delete 0: delete from product where item_id=?
[DEBUG] 2020-10-06 17:06:53.144 [main] AbstractEntityPersister -  Identity insert: insert into product (customizable, description, image, price, production_cost, tags, title, user_id) values (?, ?, ?, ?, ?, ?, ?, ?)
[DEBUG] 2020-10-06 17:06:53.144 [main] QuerySpacesImpl - Adding QuerySpace : uid = <gen:0> -> org.hibernate.loader.plan.build.internal.spaces.EntityQuerySpaceImpl@6ad1701a]
[DEBUG] 2020-10-06 17:06:53.144 [main] MetamodelGraphWalker - Visiting attribute path : customizable
[DEBUG] 2020-10-06 17:06:53.144 [main] MetamodelGraphWalker - Visiting attribute path : description
[DEBUG] 2020-10-06 17:06:53.146 [main] MetamodelGraphWalker - Visiting attribute path : image
[DEBUG] 2020-10-06 17:06:53.154 [main] MetamodelGraphWalker - Visiting attribute path : price
[DEBUG] 2020-10-06 17:06:53.154 [main] MetamodelGraphWalker - Visiting attribute path : productionCost
[DEBUG] 2020-10-06 17:06:53.154 [main] MetamodelGraphWalker - Visiting attribute path : tags
[DEBUG] 2020-10-06 17:06:53.154 [main] MetamodelGraphWalker - Visiting attribute path : title
[DEBUG] 2020-10-06 17:06:53.154 [main] MetamodelGraphWalker - Visiting attribute path : user
[DEBUG] 2020-10-06 17:06:53.155 [main] QuerySpacesImpl - Adding QuerySpace : uid = <gen:1> -> org.hibernate.loader.plan.build.internal.spaces.EntityQuerySpaceImpl@22da2fe6]
[DEBUG] 2020-10-06 17:06:53.162 [main] MetamodelGraphWalker - Visiting attribute path : user.email
[DEBUG] 2020-10-06 17:06:53.162 [main] MetamodelGraphWalker - Visiting attribute path : user.firstName
[DEBUG] 2020-10-06 17:06:53.162 [main] MetamodelGraphWalker - Visiting attribute path : user.lastName
[DEBUG] 2020-10-06 17:06:53.163 [main] MetamodelGraphWalker - Visiting attribute path : user.password
[DEBUG] 2020-10-06 17:06:53.163 [main] MetamodelGraphWalker - Visiting attribute path : user.products
[DEBUG] 2020-10-06 17:06:53.163 [main] MetamodelGraphWalker - Property path deemed to be circular : user.products
[DEBUG] 2020-10-06 17:06:53.163 [main] FetchStyleLoadPlanBuildingAssociationVisitationStrategy - Building LoadPlan...
[DEBUG] 2020-10-06 17:06:53.168 [main] LoadQueryJoinAndFetchProcessor - processing queryspace <gen:0>
[DEBUG] 2020-10-06 17:06:53.168 [main] LoadPlanTreePrinter - LoadPlan(entity=edu.matc.entity.Product)
    - Returns
       - EntityReturnImpl(entity=edu.matc.entity.Product, querySpaceUid=<gen:0>, path=edu.matc.entity.Product)
          - EntityAttributeFetchImpl(entity=edu.matc.entity.User, querySpaceUid=<gen:1>, path=edu.matc.entity.Product.user)
    - QuerySpaces
       - EntityQuerySpaceImpl(uid=<gen:0>, entity=edu.matc.entity.Product)
          - SQL table alias mapping - product0_
          - alias suffix - 0_
          - suffixed key columns - {item_id1_0_0_}
          - JOIN (JoinDefinedByMetadata(user)) : <gen:0> -> <gen:1>
             - EntityQuerySpaceImpl(uid=<gen:1>, entity=edu.matc.entity.User)
                - SQL table alias mapping - user1_
                - alias suffix - 1_
                - suffixed key columns - {user_id1_1_1_}

[DEBUG] 2020-10-06 17:06:53.169 [main] EntityLoader - Static select for entity edu.matc.entity.Product [NONE]: select product0_.item_id as item_id1_0_0_, product0_.customizable as customiz2_0_0_, product0_.description as descript3_0_0_, product0_.image as image4_0_0_, product0_.price as price5_0_0_, product0_.production_cost as producti6_0_0_, product0_.tags as tags7_0_0_, product0_.title as title8_0_0_, product0_.user_id as user_id9_0_0_, user1_.user_id as user_id1_1_1_, user1_.email as email2_1_1_, user1_.first_name as first_na3_1_1_, user1_.last_name as last_nam4_1_1_, user1_.password as password5_1_1_ from product product0_ left outer join user user1_ on product0_.user_id=user1_.user_id where product0_.item_id=?
[DEBUG] 2020-10-06 17:06:53.169 [main] QuerySpacesImpl - Adding QuerySpace : uid = <gen:0> -> org.hibernate.loader.plan.build.internal.spaces.EntityQuerySpaceImpl@77b3752b]
[DEBUG] 2020-10-06 17:06:53.169 [main] MetamodelGraphWalker - Visiting attribute path : customizable
[DEBUG] 2020-10-06 17:06:53.169 [main] MetamodelGraphWalker - Visiting attribute path : description
[DEBUG] 2020-10-06 17:06:53.169 [main] MetamodelGraphWalker - Visiting attribute path : image
[DEBUG] 2020-10-06 17:06:53.169 [main] MetamodelGraphWalker - Visiting attribute path : price
[DEBUG] 2020-10-06 17:06:53.169 [main] MetamodelGraphWalker - Visiting attribute path : productionCost
[DEBUG] 2020-10-06 17:06:53.169 [main] MetamodelGraphWalker - Visiting attribute path : tags
[DEBUG] 2020-10-06 17:06:53.169 [main] MetamodelGraphWalker - Visiting attribute path : title
[DEBUG] 2020-10-06 17:06:53.169 [main] MetamodelGraphWalker - Visiting attribute path : user
[DEBUG] 2020-10-06 17:06:53.170 [main] QuerySpacesImpl - Adding QuerySpace : uid = <gen:1> -> org.hibernate.loader.plan.build.internal.spaces.EntityQuerySpaceImpl@319642db]
[DEBUG] 2020-10-06 17:06:53.170 [main] MetamodelGraphWalker - Visiting attribute path : user.email
[DEBUG] 2020-10-06 17:06:53.170 [main] MetamodelGraphWalker - Visiting attribute path : user.firstName
[DEBUG] 2020-10-06 17:06:53.170 [main] MetamodelGraphWalker - Visiting attribute path : user.lastName
[DEBUG] 2020-10-06 17:06:53.176 [main] MetamodelGraphWalker - Visiting attribute path : user.password
[DEBUG] 2020-10-06 17:06:53.176 [main] MetamodelGraphWalker - Visiting attribute path : user.products
[DEBUG] 2020-10-06 17:06:53.176 [main] MetamodelGraphWalker - Property path deemed to be circular : user.products
[DEBUG] 2020-10-06 17:06:53.176 [main] FetchStyleLoadPlanBuildingAssociationVisitationStrategy - Building LoadPlan...
[DEBUG] 2020-10-06 17:06:53.178 [main] LoadQueryJoinAndFetchProcessor - processing queryspace <gen:0>
[DEBUG] 2020-10-06 17:06:53.179 [main] LoadPlanTreePrinter - LoadPlan(entity=edu.matc.entity.Product)
    - Returns
       - EntityReturnImpl(entity=edu.matc.entity.Product, querySpaceUid=<gen:0>, path=edu.matc.entity.Product)
          - EntityAttributeFetchImpl(entity=edu.matc.entity.User, querySpaceUid=<gen:1>, path=edu.matc.entity.Product.user)
    - QuerySpaces
       - EntityQuerySpaceImpl(uid=<gen:0>, entity=edu.matc.entity.Product)
          - SQL table alias mapping - product0_
          - alias suffix - 0_
          - suffixed key columns - {item_id1_0_0_}
          - JOIN (JoinDefinedByMetadata(user)) : <gen:0> -> <gen:1>
             - EntityQuerySpaceImpl(uid=<gen:1>, entity=edu.matc.entity.User)
                - SQL table alias mapping - user1_
                - alias suffix - 1_
                - suffixed key columns - {user_id1_1_1_}

[DEBUG] 2020-10-06 17:06:53.182 [main] EntityLoader - Static select for entity edu.matc.entity.Product [READ]: select product0_.item_id as item_id1_0_0_, product0_.customizable as customiz2_0_0_, product0_.description as descript3_0_0_, product0_.image as image4_0_0_, product0_.price as price5_0_0_, product0_.production_cost as producti6_0_0_, product0_.tags as tags7_0_0_, product0_.title as title8_0_0_, product0_.user_id as user_id9_0_0_, user1_.user_id as user_id1_1_1_, user1_.email as email2_1_1_, user1_.first_name as first_na3_1_1_, user1_.last_name as last_nam4_1_1_, user1_.password as password5_1_1_ from product product0_ left outer join user user1_ on product0_.user_id=user1_.user_id where product0_.item_id=?
[DEBUG] 2020-10-06 17:06:53.183 [main] Loader - Static select for action ACTION_MERGE on entity edu.matc.entity.Product: select product0_.item_id as item_id1_0_0_, product0_.customizable as customiz2_0_0_, product0_.description as descript3_0_0_, product0_.image as image4_0_0_, product0_.price as price5_0_0_, product0_.production_cost as producti6_0_0_, product0_.tags as tags7_0_0_, product0_.title as title8_0_0_, product0_.user_id as user_id9_0_0_ from product product0_ where product0_.item_id=?
[DEBUG] 2020-10-06 17:06:53.183 [main] Loader - Static select for action ACTION_REFRESH on entity edu.matc.entity.Product: select product0_.item_id as item_id1_0_0_, product0_.customizable as customiz2_0_0_, product0_.description as descript3_0_0_, product0_.image as image4_0_0_, product0_.price as price5_0_0_, product0_.production_cost as producti6_0_0_, product0_.tags as tags7_0_0_, product0_.title as title8_0_0_, product0_.user_id as user_id9_0_0_ from product product0_ where product0_.item_id=?
[DEBUG] 2020-10-06 17:06:53.193 [main] QuerySpacesImpl - Adding QuerySpace : uid = <gen:0> -> org.hibernate.loader.plan.build.internal.spaces.CollectionQuerySpaceImpl@5d05f453]
[DEBUG] 2020-10-06 17:06:53.193 [main] QuerySpacesImpl - Adding QuerySpace : uid = <gen:1> -> org.hibernate.loader.plan.build.internal.spaces.EntityQuerySpaceImpl@5efeb117]
[DEBUG] 2020-10-06 17:06:53.193 [main] MetamodelGraphWalker - Visiting attribute path : customizable
[DEBUG] 2020-10-06 17:06:53.193 [main] MetamodelGraphWalker - Visiting attribute path : description
[DEBUG] 2020-10-06 17:06:53.193 [main] MetamodelGraphWalker - Visiting attribute path : image
[DEBUG] 2020-10-06 17:06:53.193 [main] MetamodelGraphWalker - Visiting attribute path : price
[DEBUG] 2020-10-06 17:06:53.196 [main] MetamodelGraphWalker - Visiting attribute path : productionCost
[DEBUG] 2020-10-06 17:06:53.196 [main] MetamodelGraphWalker - Visiting attribute path : tags
[DEBUG] 2020-10-06 17:06:53.196 [main] MetamodelGraphWalker - Visiting attribute path : title
[DEBUG] 2020-10-06 17:06:53.196 [main] MetamodelGraphWalker - Visiting attribute path : user
[DEBUG] 2020-10-06 17:06:53.197 [main] MetamodelGraphWalker - Property path deemed to be circular : user
[DEBUG] 2020-10-06 17:06:53.197 [main] FetchStyleLoadPlanBuildingAssociationVisitationStrategy - Building LoadPlan...
[DEBUG] 2020-10-06 17:06:53.204 [main] LoadQueryJoinAndFetchProcessor - processing queryspace <gen:0>
[DEBUG] 2020-10-06 17:06:53.205 [main] LoadPlanTreePrinter - LoadPlan(collection=edu.matc.entity.User.products)
    - Returns
       - CollectionReturnImpl(collection=edu.matc.entity.User.products, querySpaceUid=<gen:0>, path=[edu.matc.entity.User.products])
          - (collection element) CollectionFetchableElementEntityGraph(entity=edu.matc.entity.Product, querySpaceUid=<gen:1>, path=[edu.matc.entity.User.products].<elements>)
    - QuerySpaces
       - CollectionQuerySpaceImpl(uid=<gen:0>, collection=edu.matc.entity.User.products)
          - SQL table alias mapping - products0_
          - alias suffix - 0_
          - suffixed key columns - {user_id9_0_0_}
          - entity-element alias suffix - 1_
          - 1_entity-element suffixed key columns - item_id1_0_1_
          - JOIN (JoinDefinedByMetadata(elements)) : <gen:0> -> <gen:1>
             - EntityQuerySpaceImpl(uid=<gen:1>, entity=edu.matc.entity.Product)
                - SQL table alias mapping - products0_
                - alias suffix - 1_
                - suffixed key columns - {item_id1_0_1_}

[DEBUG] 2020-10-06 17:06:53.205 [main] CollectionLoader - Static select for collection edu.matc.entity.User.products: select products0_.user_id as user_id9_0_0_, products0_.item_id as item_id1_0_0_, products0_.item_id as item_id1_0_1_, products0_.customizable as customiz2_0_1_, products0_.description as descript3_0_1_, products0_.image as image4_0_1_, products0_.price as price5_0_1_, products0_.production_cost as producti6_0_1_, products0_.tags as tags7_0_1_, products0_.title as title8_0_1_, products0_.user_id as user_id9_0_1_ from product products0_ where products0_.user_id=?
[DEBUG] 2020-10-06 17:06:53.333 [main] SchemaManagementToolCoordinator - No actions specified; doing nothing
[DEBUG] 2020-10-06 17:06:53.335 [main] JtaPlatformInitiator - No JtaPlatform was specified, checking resolver
[DEBUG] 2020-10-06 17:06:53.336 [main] JtaPlatformResolverInitiator - No JtaPlatformResolver was specified, using default [org.hibernate.engine.transaction.jta.platform.internal.StandardJtaPlatformResolver]
[DEBUG] 2020-10-06 17:06:53.363 [main] StandardJtaPlatformResolver - Could not resolve JtaPlatform, using default [org.hibernate.engine.transaction.jta.platform.internal.NoJtaPlatform]
[INFO ] 2020-10-06 17:06:53.363 [main] JtaPlatformInitiator - HHH000490: Using JtaPlatform implementation: [org.hibernate.engine.transaction.jta.platform.internal.NoJtaPlatform]
[DEBUG] 2020-10-06 17:06:53.364 [main] NamedQueryRepository - Checking 0 named HQL queries
[DEBUG] 2020-10-06 17:06:53.364 [main] NamedQueryRepository - Checking 0 named SQL queries
[DEBUG] 2020-10-06 17:06:53.385 [main] SessionFactoryRegistry - Initializing SessionFactoryRegistry : org.hibernate.internal.SessionFactoryRegistry@6c17c0f8
[DEBUG] 2020-10-06 17:06:53.399 [main] SessionFactoryRegistry - Registering SessionFactory: 854217bf-f380-4d58-8cfa-8930f6843275 (<unnamed>)
[DEBUG] 2020-10-06 17:06:53.399 [main] SessionFactoryRegistry - Not binding SessionFactory to JNDI, no JNDI name configured
[DEBUG] 2020-10-06 17:06:54.117 [main] StatisticsInitiator - Statistics initialized [enabled=false]
[DEBUG] 2020-10-06 17:06:54.365 [main] CriteriaQueryImpl - Rendered criteria query -> select generatedAlias0 from User as generatedAlias0 where generatedAlias0.lastName like :param0
[DEBUG] 2020-10-06 17:06:54.459 [main] QueryTranslatorFactoryInitiator - QueryTranslatorFactory: org.hibernate.hql.internal.ast.ASTQueryTranslatorFactory@34045582
[DEBUG] 2020-10-06 17:06:54.630 [main] QueryTranslatorImpl - parse() - HQL: select generatedAlias0 from edu.matc.entity.User as generatedAlias0 where generatedAlias0.lastName like :param0
[DEBUG] 2020-10-06 17:06:54.651 [main] ErrorTracker - throwQueryException() : no errors
[DEBUG] 2020-10-06 17:06:54.688 [main] QueryTranslatorImpl - --- HQL AST ---
 \-[QUERY] Node: 'query'
    +-[SELECT_FROM] Node: 'SELECT_FROM'
    |  +-[FROM] Node: 'from'
    |  |  \-[RANGE] Node: 'RANGE'
    |  |     +-[DOT] Node: '.'
    |  |     |  +-[DOT] Node: '.'
    |  |     |  |  +-[DOT] Node: '.'
    |  |     |  |  |  +-[IDENT] Node: 'edu'
    |  |     |  |  |  \-[IDENT] Node: 'matc'
    |  |     |  |  \-[IDENT] Node: 'entity'
    |  |     |  \-[IDENT] Node: 'User'
    |  |     \-[ALIAS] Node: 'generatedAlias0'
    |  \-[SELECT] Node: 'select'
    |     \-[IDENT] Node: 'generatedAlias0'
    \-[WHERE] Node: 'where'
       \-[LIKE] Node: 'like'
          +-[DOT] Node: '.'
          |  +-[IDENT] Node: 'generatedAlias0'
          |  \-[IDENT] Node: 'lastName'
          \-[COLON] Node: ':'
             \-[IDENT] Node: 'param0'

[DEBUG] 2020-10-06 17:06:54.801 [main] HqlSqlBaseWalker - select << begin [level=1, statement=select]
[DEBUG] 2020-10-06 17:06:54.861 [main] FromElement - FromClause{level=1} : edu.matc.entity.User (generatedAlias0) -> user0_
[DEBUG] 2020-10-06 17:06:54.878 [main] FromReferenceNode - Resolved : generatedAlias0 -> user0_.user_id
[DEBUG] 2020-10-06 17:06:54.896 [main] FromReferenceNode - Resolved : generatedAlias0 -> user0_.user_id
[DEBUG] 2020-10-06 17:06:54.897 [main] DotNode - getDataType() : lastName -> org.hibernate.type.StringType@27068a50
[DEBUG] 2020-10-06 17:06:54.901 [main] FromReferenceNode - Resolved : generatedAlias0.lastName -> user0_.last_name
[DEBUG] 2020-10-06 17:06:54.908 [main] HqlSqlBaseWalker - select : finishing up [level=1, statement=select]
[DEBUG] 2020-10-06 17:06:54.908 [main] HqlSqlWalker - processQuery() :  ( SELECT ( {select clause} user0_.user_id ) ( FromClause{level=1} user user0_ ) ( where ( like ( user0_.last_name user0_.user_id lastName ) ? ) ) )
[DEBUG] 2020-10-06 17:06:54.981 [main] JoinProcessor - Using FROM fragment [user user0_]
[DEBUG] 2020-10-06 17:06:54.989 [main] HqlSqlBaseWalker - select >> end [level=1, statement=select]
[DEBUG] 2020-10-06 17:06:54.991 [main] QueryTranslatorImpl - --- SQL AST ---
 \-[SELECT] QueryNode: 'SELECT'  querySpaces (user)
    +-[SELECT_CLAUSE] SelectClause: '{select clause}'
    |  +-[ALIAS_REF] IdentNode: 'user0_.user_id as user_id1_1_' {alias=generatedAlias0, className=edu.matc.entity.User, tableAlias=user0_}
    |  \-[SQL_TOKEN] SqlFragment: 'user0_.email as email2_1_, user0_.first_name as first_na3_1_, user0_.last_name as last_nam4_1_, user0_.password as password5_1_'
    +-[FROM] FromClause: 'from' FromClause{level=1, fromElementCounter=1, fromElements=1, fromElementByClassAlias=[generatedAlias0], fromElementByTableAlias=[user0_], fromElementsByPath=[], collectionJoinFromElementsByPath=[], impliedElements=[]}
    |  \-[FROM_FRAGMENT] FromElement: 'user user0_' FromElement{explicit,not a collection join,not a fetch join,fetch non-lazy properties,classAlias=generatedAlias0,role=null,tableName=user,tableAlias=user0_,origin=null,columns={,className=edu.matc.entity.User}}
    \-[WHERE] SqlNode: 'where'
       \-[LIKE] BinaryLogicOperatorNode: 'like'
          +-[DOT] DotNode: 'user0_.last_name' {propertyName=lastName,dereferenceType=PRIMITIVE,getPropertyPath=lastName,path=generatedAlias0.lastName,tableAlias=user0_,className=edu.matc.entity.User,classAlias=generatedAlias0}
          |  +-[ALIAS_REF] IdentNode: 'user0_.user_id' {alias=generatedAlias0, className=edu.matc.entity.User, tableAlias=user0_}
          |  \-[IDENT] IdentNode: 'lastName' {originalText=lastName}
          \-[NAMED_PARAM] ParameterNode: '?' {name=param0, expectedType=org.hibernate.type.StringType@27068a50}

[DEBUG] 2020-10-06 17:06:54.991 [main] ErrorTracker - throwQueryException() : no errors
[DEBUG] 2020-10-06 17:06:54.997 [main] QueryTranslatorImpl - HQL: select generatedAlias0 from edu.matc.entity.User as generatedAlias0 where generatedAlias0.lastName like :param0
[DEBUG] 2020-10-06 17:06:55.015 [main] QueryTranslatorImpl - SQL: select user0_.user_id as user_id1_1_, user0_.email as email2_1_, user0_.first_name as first_na3_1_, user0_.last_name as last_nam4_1_, user0_.password as password5_1_ from user user0_ where user0_.last_name like ?
[DEBUG] 2020-10-06 17:06:55.015 [main] ErrorTracker - throwQueryException() : no errors
[DEBUG] 2020-10-06 17:06:55.107 [main] SQL - select user0_.user_id as user_id1_1_, user0_.email as email2_1_, user0_.first_name as first_na3_1_, user0_.last_name as last_nam4_1_, user0_.password as password5_1_ from user user0_ where user0_.last_name like ?
[DEBUG] 2020-10-06 17:06:55.181 [main] Loader - Result set row: 0
[DEBUG] 2020-10-06 17:06:55.223 [main] Loader - Result row: EntityKey[edu.matc.entity.User#1]
[DEBUG] 2020-10-06 17:06:55.262 [main] Loader - Result set row: 1
[DEBUG] 2020-10-06 17:06:55.263 [main] Loader - Result row: EntityKey[edu.matc.entity.User#3]
[DEBUG] 2020-10-06 17:06:55.264 [main] TwoPhaseLoad - Resolving attributes for [edu.matc.entity.User#1]
[DEBUG] 2020-10-06 17:06:55.280 [main] TwoPhaseLoad - Processing attribute `email` : value = es@gmail.com
[DEBUG] 2020-10-06 17:06:55.280 [main] TwoPhaseLoad - Attribute (`email`)  - enhanced for lazy-loading? - false
[DEBUG] 2020-10-06 17:06:55.281 [main] TwoPhaseLoad - Processing attribute `firstName` : value = Elizabeth
[DEBUG] 2020-10-06 17:06:55.287 [main] TwoPhaseLoad - Attribute (`firstName`)  - enhanced for lazy-loading? - false
[DEBUG] 2020-10-06 17:06:55.288 [main] TwoPhaseLoad - Processing attribute `lastName` : value = Sajdak
[DEBUG] 2020-10-06 17:06:55.288 [main] TwoPhaseLoad - Attribute (`lastName`)  - enhanced for lazy-loading? - false
[DEBUG] 2020-10-06 17:06:55.288 [main] TwoPhaseLoad - Processing attribute `password` : value = password
[DEBUG] 2020-10-06 17:06:55.288 [main] TwoPhaseLoad - Attribute (`password`)  - enhanced for lazy-loading? - false
[DEBUG] 2020-10-06 17:06:55.295 [main] TwoPhaseLoad - Processing attribute `products` : value = NOT NULL COLLECTION
[DEBUG] 2020-10-06 17:06:55.295 [main] TwoPhaseLoad - Attribute (`products`)  - enhanced for lazy-loading? - false
[DEBUG] 2020-10-06 17:06:55.334 [main] TwoPhaseLoad - Done materializing entity [edu.matc.entity.User#1]
[DEBUG] 2020-10-06 17:06:55.334 [main] TwoPhaseLoad - Resolving attributes for [edu.matc.entity.User#3]
[DEBUG] 2020-10-06 17:06:55.334 [main] TwoPhaseLoad - Processing attribute `email` : value = eg@gmail.com
[DEBUG] 2020-10-06 17:06:55.334 [main] TwoPhaseLoad - Attribute (`email`)  - enhanced for lazy-loading? - false
[DEBUG] 2020-10-06 17:06:55.334 [main] TwoPhaseLoad - Processing attribute `firstName` : value = Emily
[DEBUG] 2020-10-06 17:06:55.334 [main] TwoPhaseLoad - Attribute (`firstName`)  - enhanced for lazy-loading? - false
[DEBUG] 2020-10-06 17:06:55.334 [main] TwoPhaseLoad - Processing attribute `lastName` : value = Gorman
[DEBUG] 2020-10-06 17:06:55.334 [main] TwoPhaseLoad - Attribute (`lastName`)  - enhanced for lazy-loading? - false
[DEBUG] 2020-10-06 17:06:55.335 [main] TwoPhaseLoad - Processing attribute `password` : value = password
[DEBUG] 2020-10-06 17:06:55.335 [main] TwoPhaseLoad - Attribute (`password`)  - enhanced for lazy-loading? - false
[DEBUG] 2020-10-06 17:06:55.335 [main] TwoPhaseLoad - Processing attribute `products` : value = NOT NULL COLLECTION
[DEBUG] 2020-10-06 17:06:55.335 [main] TwoPhaseLoad - Attribute (`products`)  - enhanced for lazy-loading? - false
[DEBUG] 2020-10-06 17:06:55.335 [main] TwoPhaseLoad - Done materializing entity [edu.matc.entity.User#3]
[DEBUG] 2020-10-06 17:06:55.336 [main] AbstractLoadPlanBasedCollectionInitializer - Loading collection: [edu.matc.entity.User.products#3]
[DEBUG] 2020-10-06 17:06:55.336 [main] SQL - select products0_.user_id as user_id9_0_0_, products0_.item_id as item_id1_0_0_, products0_.item_id as item_id1_0_1_, products0_.customizable as customiz2_0_1_, products0_.description as descript3_0_1_, products0_.image as image4_0_1_, products0_.price as price5_0_1_, products0_.production_cost as producti6_0_1_, products0_.tags as tags7_0_1_, products0_.title as title8_0_1_, products0_.user_id as user_id9_0_1_ from product products0_ where products0_.user_id=?
[DEBUG] 2020-10-06 17:06:55.363 [main] ResultSetProcessorImpl - Preparing collection initializer : [edu.matc.entity.User.products#3]
[DEBUG] 2020-10-06 17:06:55.380 [main] CollectionLoadContext - 1 collections were found in result set for role: edu.matc.entity.User.products
[DEBUG] 2020-10-06 17:06:55.380 [main] CollectionLoadContext - Collection fully initialized: [edu.matc.entity.User.products#3]
[DEBUG] 2020-10-06 17:06:55.380 [main] CollectionLoadContext - 1 collections initialized for role: edu.matc.entity.User.products
[DEBUG] 2020-10-06 17:06:55.381 [main] ResourceRegistryStandardImpl - HHH000387: ResultSet's statement was not registered
[DEBUG] 2020-10-06 17:06:55.381 [main] AbstractLoadPlanBasedCollectionInitializer - Done loading collection
[DEBUG] 2020-10-06 17:06:55.386 [main] AbstractLoadPlanBasedCollectionInitializer - Loading collection: [edu.matc.entity.User.products#1]
[DEBUG] 2020-10-06 17:06:55.386 [main] SQL - select products0_.user_id as user_id9_0_0_, products0_.item_id as item_id1_0_0_, products0_.item_id as item_id1_0_1_, products0_.customizable as customiz2_0_1_, products0_.description as descript3_0_1_, products0_.image as image4_0_1_, products0_.price as price5_0_1_, products0_.production_cost as producti6_0_1_, products0_.tags as tags7_0_1_, products0_.title as title8_0_1_, products0_.user_id as user_id9_0_1_ from product products0_ where products0_.user_id=?
[DEBUG] 2020-10-06 17:06:55.396 [main] ResultSetProcessorImpl - Preparing collection initializer : [edu.matc.entity.User.products#1]
[DEBUG] 2020-10-06 17:06:55.397 [main] ResultSetProcessorImpl - Starting ResultSet row #0
[DEBUG] 2020-10-06 17:06:55.408 [main] CollectionReferenceInitializerImpl - Found row of collection: [edu.matc.entity.User.products#1]
[DEBUG] 2020-10-06 17:06:55.424 [main] ResultSetProcessorImpl - Starting ResultSet row #1
[DEBUG] 2020-10-06 17:06:55.424 [main] CollectionReferenceInitializerImpl - Found row of collection: [edu.matc.entity.User.products#1]
[DEBUG] 2020-10-06 17:06:55.448 [main] TwoPhaseLoad - Resolving attributes for [edu.matc.entity.Product#1]
[DEBUG] 2020-10-06 17:06:55.448 [main] TwoPhaseLoad - Processing attribute `customizable` : value = true
[DEBUG] 2020-10-06 17:06:55.451 [main] TwoPhaseLoad - Attribute (`customizable`)  - enhanced for lazy-loading? - false
[DEBUG] 2020-10-06 17:06:55.451 [main] TwoPhaseLoad - Processing attribute `description` : value = this is the first test product
[DEBUG] 2020-10-06 17:06:55.451 [main] TwoPhaseLoad - Attribute (`description`)  - enhanced for lazy-loading? - false
[DEBUG] 2020-10-06 17:06:55.451 [main] TwoPhaseLoad - Processing attribute `image` : value = img
[DEBUG] 2020-10-06 17:06:55.451 [main] TwoPhaseLoad - Attribute (`image`)  - enhanced for lazy-loading? - false
[DEBUG] 2020-10-06 17:06:55.451 [main] TwoPhaseLoad - Processing attribute `price` : value = 10.00
[DEBUG] 2020-10-06 17:06:55.451 [main] TwoPhaseLoad - Attribute (`price`)  - enhanced for lazy-loading? - false
[DEBUG] 2020-10-06 17:06:55.451 [main] TwoPhaseLoad - Processing attribute `productionCost` : value = 2.00
[DEBUG] 2020-10-06 17:06:55.451 [main] TwoPhaseLoad - Attribute (`productionCost`)  - enhanced for lazy-loading? - false
[DEBUG] 2020-10-06 17:06:55.451 [main] TwoPhaseLoad - Processing attribute `tags` : value = #firstTestProduct
[DEBUG] 2020-10-06 17:06:55.452 [main] TwoPhaseLoad - Attribute (`tags`)  - enhanced for lazy-loading? - false
[DEBUG] 2020-10-06 17:06:55.452 [main] TwoPhaseLoad - Processing attribute `title` : value = Product 1
[DEBUG] 2020-10-06 17:06:55.452 [main] TwoPhaseLoad - Attribute (`title`)  - enhanced for lazy-loading? - false
[DEBUG] 2020-10-06 17:06:55.452 [main] TwoPhaseLoad - Processing attribute `user` : value = 1
[DEBUG] 2020-10-06 17:06:55.452 [main] TwoPhaseLoad - Attribute (`user`)  - enhanced for lazy-loading? - false
[DEBUG] 2020-10-06 17:06:55.452 [main] TwoPhaseLoad - Done materializing entity [edu.matc.entity.Product#1]
[DEBUG] 2020-10-06 17:06:55.460 [main] TwoPhaseLoad - Resolving attributes for [edu.matc.entity.Product#2]
[DEBUG] 2020-10-06 17:06:55.461 [main] TwoPhaseLoad - Processing attribute `customizable` : value = true
[DEBUG] 2020-10-06 17:06:55.461 [main] TwoPhaseLoad - Attribute (`customizable`)  - enhanced for lazy-loading? - false
[DEBUG] 2020-10-06 17:06:55.461 [main] TwoPhaseLoad - Processing attribute `description` : value = this is the second test product
[DEBUG] 2020-10-06 17:06:55.461 [main] TwoPhaseLoad - Attribute (`description`)  - enhanced for lazy-loading? - false
[DEBUG] 2020-10-06 17:06:55.461 [main] TwoPhaseLoad - Processing attribute `image` : value = img
[DEBUG] 2020-10-06 17:06:55.461 [main] TwoPhaseLoad - Attribute (`image`)  - enhanced for lazy-loading? - false
[DEBUG] 2020-10-06 17:06:55.461 [main] TwoPhaseLoad - Processing attribute `price` : value = 12.00
[DEBUG] 2020-10-06 17:06:55.461 [main] TwoPhaseLoad - Attribute (`price`)  - enhanced for lazy-loading? - false
[DEBUG] 2020-10-06 17:06:55.461 [main] TwoPhaseLoad - Processing attribute `productionCost` : value = 3.00
[DEBUG] 2020-10-06 17:06:55.465 [main] TwoPhaseLoad - Attribute (`productionCost`)  - enhanced for lazy-loading? - false
[DEBUG] 2020-10-06 17:06:55.465 [main] TwoPhaseLoad - Processing attribute `tags` : value = #secondTestProduct
[DEBUG] 2020-10-06 17:06:55.465 [main] TwoPhaseLoad - Attribute (`tags`)  - enhanced for lazy-loading? - false
[DEBUG] 2020-10-06 17:06:55.465 [main] TwoPhaseLoad - Processing attribute `title` : value = Product 2
[DEBUG] 2020-10-06 17:06:55.465 [main] TwoPhaseLoad - Attribute (`title`)  - enhanced for lazy-loading? - false
[DEBUG] 2020-10-06 17:06:55.465 [main] TwoPhaseLoad - Processing attribute `user` : value = 1
[DEBUG] 2020-10-06 17:06:55.465 [main] TwoPhaseLoad - Attribute (`user`)  - enhanced for lazy-loading? - false
[DEBUG] 2020-10-06 17:06:55.466 [main] TwoPhaseLoad - Done materializing entity [edu.matc.entity.Product#2]
[DEBUG] 2020-10-06 17:06:55.466 [main] CollectionLoadContext - 1 collections were found in result set for role: edu.matc.entity.User.products
[DEBUG] 2020-10-06 17:06:55.466 [main] CollectionLoadContext - Collection fully initialized: [edu.matc.entity.User.products#1]
[DEBUG] 2020-10-06 17:06:55.466 [main] CollectionLoadContext - 1 collections initialized for role: edu.matc.entity.User.products
[DEBUG] 2020-10-06 17:06:55.466 [main] ResourceRegistryStandardImpl - HHH000387: ResultSet's statement was not registered
[DEBUG] 2020-10-06 17:06:55.466 [main] AbstractLoadPlanBasedCollectionInitializer - Done loading collection
[DEBUG] 2020-10-06 17:06:55.485 [main] LogicalConnectionManagedImpl - Initiating JDBC connection release from afterTransaction
