[ERROR] 2020-09-29 22:23:56.403 [main] Database - java.lang.NullPointerException
[ERROR] 2020-09-29 22:23:56.773 [main] Database - java.lang.NullPointerException
[DEBUG] 2020-09-29 22:23:56.775 [main] UserDao - Searching for user with lastName = k
[ERROR] 2020-09-29 22:23:57.066 [main] Database - java.lang.NullPointerException
[ERROR] 2020-09-29 22:26:10.792 [main] Database - java.lang.NullPointerException
[DEBUG] 2020-09-29 22:26:10.928 [main] UserDao - Searching for user with lastName = k
[ERROR] 2020-09-29 22:26:11.238 [main] Database - java.lang.NullPointerException
[ERROR] 2020-09-29 22:27:28.755 [main] Database - java.lang.NullPointerException
[DEBUG] 2020-09-29 22:27:29.089 [main] UserDao - Searching for user with lastName = k
[ERROR] 2020-09-29 22:27:30.160 [main] Database - java.lang.NullPointerException
[ERROR] 2020-09-29 22:28:24.425 [main] Database - java.lang.NullPointerException
[DEBUG] 2020-09-29 22:28:24.600 [main] UserDao - Searching for user with lastName = a
[ERROR] 2020-09-29 22:29:25.909 [main] Database - java.lang.NullPointerException
[DEBUG] 2020-09-29 22:29:26.086 [main] UserDao - Searching for user with lastName = a
[ERROR] 2020-09-29 22:29:57.804 [main] Database - java.lang.NullPointerException
[ERROR] 2020-09-29 22:29:58.156 [main] Database - java.lang.NullPointerException
[ERROR] 2020-09-29 22:29:58.230 [main] Database - java.lang.NullPointerException
[INFO ] 2020-09-29 22:29:58.557 [main] UserDao - [edu.matc.entity.User@2a8dd942, edu.matc.entity.User@2322e56f, edu.matc.entity.User@35025a0a]
[ERROR] 2020-09-29 22:29:58.572 [main] Database - java.lang.NullPointerException
[DEBUG] 2020-09-29 22:29:58.609 [main] UserDao - Searching for user with lastName = Kelley
[ERROR] 2020-09-29 22:29:58.703 [main] Database - java.lang.NullPointerException
[DEBUG] 2020-09-29 22:29:58.707 [main] UserDao - Searching for user with lastName = a
[ERROR] 2020-09-29 22:29:58.778 [main] Database - java.lang.NullPointerException
[ERROR] 2020-09-29 22:29:58.880 [main] Database - java.lang.NullPointerException
[ERROR] 2020-09-29 22:30:41.661 [main] Database - java.lang.NullPointerException
[ERROR] 2020-09-29 22:30:46.510 [main] Database - java.lang.NullPointerException
[ERROR] 2020-09-29 22:30:54.283 [main] Database - java.lang.NullPointerException
[INFO ] 2020-09-29 22:30:54.613 [main] UserDao - [edu.matc.entity.User@176333ee, edu.matc.entity.User@18e6b72b, edu.matc.entity.User@316d30ad]
[ERROR] 2020-09-29 22:31:28.058 [main] Database - java.lang.NullPointerException
[DEBUG] 2020-09-29 22:32:04.421 [main] UserDao - Searching for user with lastName = Kelley
[ERROR] 2020-09-29 22:32:06.486 [main] Database - java.lang.NullPointerException
[DEBUG] 2020-09-29 22:32:06.970 [main] UserDao - Searching for user with lastName = a
[ERROR] 2020-09-29 22:32:08.711 [main] Database - java.lang.NullPointerException
[ERROR] 2020-09-29 22:32:10.928 [main] Database - java.lang.NullPointerException
[ERROR] 2020-09-29 22:33:07.691 [main] Database - java.lang.NullPointerException
[ERROR] 2020-09-29 22:33:09.774 [main] Database - java.lang.NullPointerException
[INFO ] 2020-09-29 22:33:11.564 [main] UserDao - [edu.matc.entity.User@49631cfb, edu.matc.entity.User@e795a1d, edu.matc.entity.User@38c10190]
[ERROR] 2020-09-29 22:33:11.628 [main] Database - java.lang.NullPointerException
[DEBUG] 2020-09-29 22:33:11.745 [main] UserDao - Searching for user with lastName = Kelley
[ERROR] 2020-09-29 22:33:12.065 [main] Database - java.lang.NullPointerException
[DEBUG] 2020-09-29 22:33:12.079 [main] UserDao - Searching for user with lastName = a
[ERROR] 2020-09-29 22:33:12.219 [main] Database - java.lang.NullPointerException
[ERROR] 2020-09-29 22:33:22.401 [main] Database - java.lang.NullPointerException
[ERROR] 2020-09-29 22:33:22.970 [main] Database - java.lang.NullPointerException
[INFO ] 2020-09-29 22:33:23.807 [main] UserDao - [edu.matc.entity.User@52a67293, edu.matc.entity.User@e154848, edu.matc.entity.User@16ea0f22]
[ERROR] 2020-09-29 22:33:23.857 [main] Database - java.lang.NullPointerException
[DEBUG] 2020-09-29 22:33:23.987 [main] UserDao - Searching for user with lastName = Kelley
[ERROR] 2020-09-29 22:33:24.214 [main] Database - java.lang.NullPointerException
[DEBUG] 2020-09-29 22:33:24.228 [main] UserDao - Searching for user with lastName = a
[ERROR] 2020-09-29 22:33:24.350 [main] Database - java.lang.NullPointerException
[ERROR] 2020-09-29 22:34:19.685 [main] Database - java.lang.NullPointerException
[INFO ] 2020-09-29 22:34:20.905 [main] UserDao - [edu.matc.entity.User@5ec88f9e, edu.matc.entity.User@7a31ca20, edu.matc.entity.User@349c4d1c]
[ERROR] 2020-09-29 22:34:26.732 [main] Database - java.lang.NullPointerException
[ERROR] 2020-09-29 22:34:27.002 [main] Database - java.lang.NullPointerException
[ERROR] 2020-09-29 22:34:27.101 [main] Database - java.lang.NullPointerException
[INFO ] 2020-09-29 22:34:27.356 [main] UserDao - [edu.matc.entity.User@492be039, edu.matc.entity.User@1cd2143b, edu.matc.entity.User@1118d539]
[ERROR] 2020-09-29 22:34:27.369 [main] Database - java.lang.NullPointerException
[DEBUG] 2020-09-29 22:34:27.402 [main] UserDao - Searching for user with lastName = Kelley
[ERROR] 2020-09-29 22:34:27.505 [main] Database - java.lang.NullPointerException
[DEBUG] 2020-09-29 22:34:27.512 [main] UserDao - Searching for user with lastName = a
[ERROR] 2020-09-29 22:34:27.571 [main] Database - java.lang.NullPointerException
[ERROR] 2020-09-29 22:34:27.689 [main] Database - java.lang.NullPointerException
[ERROR] 2020-09-29 22:36:39.927 [main] Database - java.lang.NullPointerException
[ERROR] 2020-09-29 22:36:40.241 [main] Database - java.lang.NullPointerException
[ERROR] 2020-09-29 22:36:40.308 [main] Database - java.lang.NullPointerException
[INFO ] 2020-09-29 22:36:40.631 [main] UserDao - [edu.matc.entity.User@2a8dd942, edu.matc.entity.User@2322e56f, edu.matc.entity.User@35025a0a]
[ERROR] 2020-09-29 22:36:40.647 [main] Database - java.lang.NullPointerException
[DEBUG] 2020-09-29 22:36:40.677 [main] UserDao - Searching for user with lastName = Kelley
[ERROR] 2020-09-29 22:36:40.757 [main] Database - java.lang.NullPointerException
[DEBUG] 2020-09-29 22:36:40.763 [main] UserDao - Searching for user with lastName = a
[ERROR] 2020-09-29 22:36:40.844 [main] Database - java.lang.NullPointerException
[ERROR] 2020-09-29 22:36:40.956 [main] Database - java.lang.NullPointerException
[ERROR] 2020-09-29 22:38:26.623 [main] Database - java.lang.NullPointerException
[ERROR] 2020-09-29 22:38:38.272 [main] Database - java.lang.NullPointerException
[ERROR] 2020-09-29 22:38:43.780 [main] Database - java.lang.NullPointerException
[INFO ] 2020-09-29 22:38:47.036 [main] UserDao - [edu.matc.entity.User@6d17914a, edu.matc.entity.User@49631cfb, edu.matc.entity.User@77b71c9]
[ERROR] 2020-09-29 22:38:50.575 [main] Database - java.lang.NullPointerException
[DEBUG] 2020-09-29 22:38:52.637 [main] UserDao - Searching for user with lastName = Kelley
[ERROR] 2020-09-29 22:38:55.352 [main] Database - java.lang.NullPointerException
[DEBUG] 2020-09-29 22:38:57.736 [main] UserDao - Searching for user with lastName = a
[ERROR] 2020-09-29 22:38:59.464 [main] Database - java.lang.NullPointerException
[ERROR] 2020-09-29 22:39:04.861 [main] Database - java.lang.NullPointerException
[ERROR] 2020-09-29 22:43:11.229 [main] Database - java.lang.NullPointerException
[ERROR] 2020-09-29 22:43:11.567 [main] Database - java.lang.NullPointerException
[ERROR] 2020-09-29 22:43:11.659 [main] Database - java.lang.NullPointerException
[INFO ] 2020-09-29 22:43:11.924 [main] UserDao - [edu.matc.entity.User@2a8dd942, edu.matc.entity.User@2322e56f, edu.matc.entity.User@35025a0a]
[ERROR] 2020-09-29 22:43:11.943 [main] Database - java.lang.NullPointerException
[DEBUG] 2020-09-29 22:43:12.004 [main] UserDao - Searching for user with lastName = Kelley
[ERROR] 2020-09-29 22:43:12.085 [main] Database - java.lang.NullPointerException
[DEBUG] 2020-09-29 22:43:12.095 [main] UserDao - Searching for user with lastName = a
[ERROR] 2020-09-29 22:43:12.177 [main] Database - java.lang.NullPointerException
[ERROR] 2020-09-29 22:43:12.461 [main] Database - java.lang.NullPointerException
[ERROR] 2020-09-29 22:50:03.175 [main] Database - java.lang.NullPointerException
[ERROR] 2020-09-29 22:53:42.036 [main] Database - java.lang.NullPointerException
[ERROR] 2020-09-29 22:54:36.701 [main] Database - java.lang.NullPointerException
[ERROR] 2020-09-29 22:54:36.881 [main] Database - java.lang.NullPointerException
[ERROR] 2020-09-29 22:54:58.231 [main] Database - java.lang.NullPointerException
[ERROR] 2020-09-29 22:54:58.555 [main] Database - java.lang.NullPointerException
[ERROR] 2020-09-29 22:54:58.649 [main] Database - java.lang.NullPointerException
[INFO ] 2020-09-29 22:54:58.964 [main] UserDao - [edu.matc.entity.User@2a8dd942, edu.matc.entity.User@2322e56f, edu.matc.entity.User@35025a0a]
[ERROR] 2020-09-29 22:54:58.991 [main] Database - java.lang.NullPointerException
[DEBUG] 2020-09-29 22:54:59.030 [main] UserDao - Searching for user with lastName = Kelley
[ERROR] 2020-09-29 22:54:59.133 [main] Database - java.lang.NullPointerException
[DEBUG] 2020-09-29 22:54:59.138 [main] UserDao - Searching for user with lastName = a
[ERROR] 2020-09-29 22:54:59.207 [main] Database - java.lang.NullPointerException
[ERROR] 2020-09-29 22:54:59.315 [main] Database - java.lang.NullPointerException
[ERROR] 2020-09-30 15:55:04.797 [main] Database - java.lang.NullPointerException
[ERROR] 2020-09-30 15:55:05.091 [main] Database - java.lang.NullPointerException
[ERROR] 2020-09-30 15:55:05.192 [main] Database - java.lang.NullPointerException
[INFO ] 2020-09-30 15:55:05.505 [main] UserDao - [edu.matc.entity.User@2a8dd942, edu.matc.entity.User@2322e56f, edu.matc.entity.User@35025a0a]
[ERROR] 2020-09-30 15:55:05.522 [main] Database - java.lang.NullPointerException
[DEBUG] 2020-09-30 15:55:05.562 [main] UserDao - Searching for user with lastName = Kelley
[ERROR] 2020-09-30 15:55:05.650 [main] Database - java.lang.NullPointerException
[DEBUG] 2020-09-30 15:55:05.659 [main] UserDao - Searching for user with lastName = a
[ERROR] 2020-09-30 15:55:05.719 [main] Database - java.lang.NullPointerException
[ERROR] 2020-09-30 15:55:05.829 [main] Database - java.lang.NullPointerException
[ERROR] 2020-09-30 15:56:45.851 [main] Database - java.lang.NullPointerException
[ERROR] 2020-09-30 15:56:46.464 [main] Database - java.lang.NullPointerException
[DEBUG] 2020-09-30 15:56:46.504 [main] UserDao - Searching for user with lastName = Kelley
[ERROR] 2020-09-30 15:56:47.350 [main] Database - java.lang.NullPointerException
[DEBUG] 2020-09-30 15:56:47.355 [main] UserDao - Searching for user with lastName = a
[ERROR] 2020-09-30 15:56:47.454 [main] Database - java.lang.NullPointerException
[ERROR] 2020-09-30 15:59:22.380 [main] Database - java.lang.NullPointerException
[ERROR] 2020-09-30 15:59:22.682 [main] Database - java.lang.NullPointerException
[DEBUG] 2020-09-30 15:59:22.715 [main] UserDao - Searching for user with lastName = Kelley
[ERROR] 2020-09-30 15:59:23.048 [main] Database - java.lang.NullPointerException
[DEBUG] 2020-09-30 15:59:23.053 [main] UserDao - Searching for user with lastName = a
[ERROR] 2020-09-30 15:59:23.131 [main] Database - java.lang.NullPointerException
[ERROR] 2020-09-30 16:05:46.639 [main] Database - java.lang.NullPointerException
[ERROR] 2020-09-30 16:42:24.823 [main] Database - java.lang.NullPointerException
[INFO ] 2020-09-30 16:53:50.068 [main] UserDao - [edu.matc.entity.User@4f1afe8f, edu.matc.entity.User@492521c4, edu.matc.entity.User@443a06ad]
[DEBUG] 2020-09-30 16:53:50.489 [main] UserDao - Searching for user with lastName = Kelley
[DEBUG] 2020-09-30 16:53:51.470 [main] UserDao - Searching for user with lastName = a
[INFO ] 2020-09-30 16:59:09.251 [main] UserDao - [edu.matc.entity.User@2a8dd942, edu.matc.entity.User@2322e56f, edu.matc.entity.User@35025a0a]
[DEBUG] 2020-09-30 16:59:09.742 [main] UserDao - Searching for user with lastName = Kelley
[DEBUG] 2020-09-30 16:59:10.379 [main] UserDao - Searching for user with lastName = a
[INFO ] 2020-09-30 17:02:12.693 [main] UserDao - [edu.matc.entity.User@1cd2ff5b, edu.matc.entity.User@38ac8968, edu.matc.entity.User@17ff8810]
[DEBUG] 2020-09-30 17:02:12.826 [main] UserDao - Searching for user with lastName = Kelley
[DEBUG] 2020-09-30 17:02:12.988 [main] UserDao - Searching for user with lastName = a
