[DEBUG] 2020-10-04 14:31:46.510 [main] IntegratorServiceImpl - Adding Integrator [org.hibernate.cfg.beanvalidation.BeanValidationIntegrator].
[DEBUG] 2020-10-04 14:31:46.531 [main] IntegratorServiceImpl - Adding Integrator [org.hibernate.secure.spi.JaccIntegrator].
[DEBUG] 2020-10-04 14:31:46.552 [main] IntegratorServiceImpl - Adding Integrator [org.hibernate.cache.internal.CollectionCacheInvalidator].
[INFO ] 2020-10-04 14:31:46.931 [main] Version - HHH000412: Hibernate Core {5.4.4.Final}
[DEBUG] 2020-10-04 14:31:46.942 [main] Environment - HHH000206: hibernate.properties not found
[DEBUG] 2020-10-04 14:31:47.695 [main] LocalXmlResourceResolver - Interpreting public/system identifier : [-//Hibernate/Hibernate Configuration DTD//EN] - [http://www.hibernate.org/dtd/hibernate-configuration-3.0.dtd]
[DEBUG] 2020-10-04 14:31:47.699 [main] LocalXmlResourceResolver - Recognized hibernate-configuration identifier; attempting to resolve on classpath under org/hibernate/
[DEBUG] 2020-10-04 14:31:47.712 [main] JaxbCfgProcessor - cfg.xml document did not define namespaces; wrapping in custom event reader to introduce namespace information
[DEBUG] 2020-10-04 14:31:48.313 [main] ServiceBinding - Overriding existing service binding [org.hibernate.secure.spi.JaccService]
[DEBUG] 2020-10-04 14:31:48.397 [main] RegionFactoryInitiator - Cannot default RegionFactory based on registered strategies as `[]` RegionFactory strategies were registered
[DEBUG] 2020-10-04 14:31:48.399 [main] RegionFactoryInitiator - Cache region factory : org.hibernate.cache.internal.NoCachingRegionFactory
[INFO ] 2020-10-04 14:31:48.444 [main] Version - HCANN000001: Hibernate Commons Annotations {5.1.0.Final}
[DEBUG] 2020-10-04 14:31:48.539 [main] BasicTypeRegistry - Adding type registration boolean -> org.hibernate.type.BooleanType@1416a80a
[DEBUG] 2020-10-04 14:31:48.539 [main] BasicTypeRegistry - Adding type registration boolean -> org.hibernate.type.BooleanType@1416a80a
[DEBUG] 2020-10-04 14:31:48.539 [main] BasicTypeRegistry - Adding type registration java.lang.Boolean -> org.hibernate.type.BooleanType@1416a80a
[DEBUG] 2020-10-04 14:31:48.540 [main] BasicTypeRegistry - Adding type registration numeric_boolean -> org.hibernate.type.NumericBooleanType@4d27d9d
[DEBUG] 2020-10-04 14:31:48.541 [main] BasicTypeRegistry - Adding type registration true_false -> org.hibernate.type.TrueFalseType@3c782d8e
[DEBUG] 2020-10-04 14:31:48.542 [main] BasicTypeRegistry - Adding type registration yes_no -> org.hibernate.type.YesNoType@255e5e2e
[DEBUG] 2020-10-04 14:31:48.543 [main] BasicTypeRegistry - Adding type registration byte -> org.hibernate.type.ByteType@20011bf
[DEBUG] 2020-10-04 14:31:48.544 [main] BasicTypeRegistry - Adding type registration byte -> org.hibernate.type.ByteType@20011bf
[DEBUG] 2020-10-04 14:31:48.545 [main] BasicTypeRegistry - Adding type registration java.lang.Byte -> org.hibernate.type.ByteType@20011bf
[DEBUG] 2020-10-04 14:31:48.546 [main] BasicTypeRegistry - Adding type registration character -> org.hibernate.type.CharacterType@3fbcfe81
[DEBUG] 2020-10-04 14:31:48.547 [main] BasicTypeRegistry - Adding type registration char -> org.hibernate.type.CharacterType@3fbcfe81
[DEBUG] 2020-10-04 14:31:48.547 [main] BasicTypeRegistry - Adding type registration java.lang.Character -> org.hibernate.type.CharacterType@3fbcfe81
[DEBUG] 2020-10-04 14:31:48.548 [main] BasicTypeRegistry - Adding type registration short -> org.hibernate.type.ShortType@c6b2dd9
[DEBUG] 2020-10-04 14:31:48.548 [main] BasicTypeRegistry - Adding type registration short -> org.hibernate.type.ShortType@c6b2dd9
[DEBUG] 2020-10-04 14:31:48.549 [main] BasicTypeRegistry - Adding type registration java.lang.Short -> org.hibernate.type.ShortType@c6b2dd9
[DEBUG] 2020-10-04 14:31:48.550 [main] BasicTypeRegistry - Adding type registration integer -> org.hibernate.type.IntegerType@3d278b4d
[DEBUG] 2020-10-04 14:31:48.550 [main] BasicTypeRegistry - Adding type registration int -> org.hibernate.type.IntegerType@3d278b4d
[DEBUG] 2020-10-04 14:31:48.550 [main] BasicTypeRegistry - Adding type registration java.lang.Integer -> org.hibernate.type.IntegerType@3d278b4d
[DEBUG] 2020-10-04 14:31:48.552 [main] BasicTypeRegistry - Adding type registration long -> org.hibernate.type.LongType@1e530163
[DEBUG] 2020-10-04 14:31:48.552 [main] BasicTypeRegistry - Adding type registration long -> org.hibernate.type.LongType@1e530163
[DEBUG] 2020-10-04 14:31:48.553 [main] BasicTypeRegistry - Adding type registration java.lang.Long -> org.hibernate.type.LongType@1e530163
[DEBUG] 2020-10-04 14:31:48.555 [main] BasicTypeRegistry - Adding type registration float -> org.hibernate.type.FloatType@23706db8
[DEBUG] 2020-10-04 14:31:48.555 [main] BasicTypeRegistry - Adding type registration float -> org.hibernate.type.FloatType@23706db8
[DEBUG] 2020-10-04 14:31:48.557 [main] BasicTypeRegistry - Adding type registration java.lang.Float -> org.hibernate.type.FloatType@23706db8
[DEBUG] 2020-10-04 14:31:48.558 [main] BasicTypeRegistry - Adding type registration double -> org.hibernate.type.DoubleType@7bca6fac
[DEBUG] 2020-10-04 14:31:48.558 [main] BasicTypeRegistry - Adding type registration double -> org.hibernate.type.DoubleType@7bca6fac
[DEBUG] 2020-10-04 14:31:48.558 [main] BasicTypeRegistry - Adding type registration java.lang.Double -> org.hibernate.type.DoubleType@7bca6fac
[DEBUG] 2020-10-04 14:31:48.560 [main] BasicTypeRegistry - Adding type registration big_decimal -> org.hibernate.type.BigDecimalType@31d6f3fe
[DEBUG] 2020-10-04 14:31:48.560 [main] BasicTypeRegistry - Adding type registration java.math.BigDecimal -> org.hibernate.type.BigDecimalType@31d6f3fe
[DEBUG] 2020-10-04 14:31:48.561 [main] BasicTypeRegistry - Adding type registration big_integer -> org.hibernate.type.BigIntegerType@165e389b
[DEBUG] 2020-10-04 14:31:48.562 [main] BasicTypeRegistry - Adding type registration java.math.BigInteger -> org.hibernate.type.BigIntegerType@165e389b
[DEBUG] 2020-10-04 14:31:48.564 [main] BasicTypeRegistry - Adding type registration string -> org.hibernate.type.StringType@71f0b72e
[DEBUG] 2020-10-04 14:31:48.564 [main] BasicTypeRegistry - Adding type registration java.lang.String -> org.hibernate.type.StringType@71f0b72e
[DEBUG] 2020-10-04 14:31:48.565 [main] BasicTypeRegistry - Adding type registration nstring -> org.hibernate.type.StringNVarcharType@4aedaf61
[DEBUG] 2020-10-04 14:31:48.566 [main] BasicTypeRegistry - Adding type registration ncharacter -> org.hibernate.type.CharacterNCharType@2459319c
[DEBUG] 2020-10-04 14:31:48.567 [main] BasicTypeRegistry - Adding type registration url -> org.hibernate.type.UrlType@7808f638
[DEBUG] 2020-10-04 14:31:48.568 [main] BasicTypeRegistry - Adding type registration java.net.URL -> org.hibernate.type.UrlType@7808f638
[DEBUG] 2020-10-04 14:31:48.570 [main] BasicTypeRegistry - Adding type registration Duration -> org.hibernate.type.DurationType@3db663d0
[DEBUG] 2020-10-04 14:31:48.570 [main] BasicTypeRegistry - Adding type registration java.time.Duration -> org.hibernate.type.DurationType@3db663d0
[DEBUG] 2020-10-04 14:31:48.582 [main] BasicTypeRegistry - Adding type registration Instant -> org.hibernate.type.InstantType@51b35e4e
[DEBUG] 2020-10-04 14:31:48.583 [main] BasicTypeRegistry - Adding type registration java.time.Instant -> org.hibernate.type.InstantType@51b35e4e
[DEBUG] 2020-10-04 14:31:48.585 [main] BasicTypeRegistry - Adding type registration LocalDateTime -> org.hibernate.type.LocalDateTimeType@62db0521
[DEBUG] 2020-10-04 14:31:48.585 [main] BasicTypeRegistry - Adding type registration java.time.LocalDateTime -> org.hibernate.type.LocalDateTimeType@62db0521
[DEBUG] 2020-10-04 14:31:48.586 [main] BasicTypeRegistry - Adding type registration LocalDate -> org.hibernate.type.LocalDateType@7be3a9ce
[DEBUG] 2020-10-04 14:31:48.586 [main] BasicTypeRegistry - Adding type registration java.time.LocalDate -> org.hibernate.type.LocalDateType@7be3a9ce
[DEBUG] 2020-10-04 14:31:48.588 [main] BasicTypeRegistry - Adding type registration LocalTime -> org.hibernate.type.LocalTimeType@2b59501e
[DEBUG] 2020-10-04 14:31:48.588 [main] BasicTypeRegistry - Adding type registration java.time.LocalTime -> org.hibernate.type.LocalTimeType@2b59501e
[DEBUG] 2020-10-04 14:31:48.589 [main] BasicTypeRegistry - Adding type registration OffsetDateTime -> org.hibernate.type.OffsetDateTimeType@153cd6bb
[DEBUG] 2020-10-04 14:31:48.590 [main] BasicTypeRegistry - Adding type registration java.time.OffsetDateTime -> org.hibernate.type.OffsetDateTimeType@153cd6bb
[DEBUG] 2020-10-04 14:31:48.592 [main] BasicTypeRegistry - Adding type registration OffsetTime -> org.hibernate.type.OffsetTimeType@6428591a
[DEBUG] 2020-10-04 14:31:48.592 [main] BasicTypeRegistry - Adding type registration java.time.OffsetTime -> org.hibernate.type.OffsetTimeType@6428591a
[DEBUG] 2020-10-04 14:31:48.596 [main] BasicTypeRegistry - Adding type registration ZonedDateTime -> org.hibernate.type.ZonedDateTimeType@4492eede
[DEBUG] 2020-10-04 14:31:48.596 [main] BasicTypeRegistry - Adding type registration java.time.ZonedDateTime -> org.hibernate.type.ZonedDateTimeType@4492eede
[DEBUG] 2020-10-04 14:31:48.599 [main] BasicTypeRegistry - Adding type registration date -> org.hibernate.type.DateType@671facee
[DEBUG] 2020-10-04 14:31:48.599 [main] BasicTypeRegistry - Adding type registration java.sql.Date -> org.hibernate.type.DateType@671facee
[DEBUG] 2020-10-04 14:31:48.600 [main] BasicTypeRegistry - Adding type registration time -> org.hibernate.type.TimeType@680a66dd
[DEBUG] 2020-10-04 14:31:48.601 [main] BasicTypeRegistry - Adding type registration java.sql.Time -> org.hibernate.type.TimeType@680a66dd
[DEBUG] 2020-10-04 14:31:48.603 [main] BasicTypeRegistry - Adding type registration timestamp -> org.hibernate.type.TimestampType@3f92a84e
[DEBUG] 2020-10-04 14:31:48.604 [main] BasicTypeRegistry - Adding type registration java.sql.Timestamp -> org.hibernate.type.TimestampType@3f92a84e
[DEBUG] 2020-10-04 14:31:48.604 [main] BasicTypeRegistry - Adding type registration java.util.Date -> org.hibernate.type.TimestampType@3f92a84e
[DEBUG] 2020-10-04 14:31:48.607 [main] BasicTypeRegistry - Adding type registration dbtimestamp -> org.hibernate.type.DbTimestampType@53b8afea
[DEBUG] 2020-10-04 14:31:48.608 [main] BasicTypeRegistry - Adding type registration calendar -> org.hibernate.type.CalendarType@16eedaa6
[DEBUG] 2020-10-04 14:31:48.609 [main] BasicTypeRegistry - Adding type registration java.util.Calendar -> org.hibernate.type.CalendarType@16eedaa6
[DEBUG] 2020-10-04 14:31:48.609 [main] BasicTypeRegistry - Adding type registration java.util.GregorianCalendar -> org.hibernate.type.CalendarType@16eedaa6
[DEBUG] 2020-10-04 14:31:48.611 [main] BasicTypeRegistry - Adding type registration calendar_date -> org.hibernate.type.CalendarDateType@2bebb74f
[DEBUG] 2020-10-04 14:31:48.618 [main] BasicTypeRegistry - Adding type registration locale -> org.hibernate.type.LocaleType@3f9f71ff
[DEBUG] 2020-10-04 14:31:48.618 [main] BasicTypeRegistry - Adding type registration java.util.Locale -> org.hibernate.type.LocaleType@3f9f71ff
[DEBUG] 2020-10-04 14:31:48.624 [main] BasicTypeRegistry - Adding type registration currency -> org.hibernate.type.CurrencyType@ad3324b
[DEBUG] 2020-10-04 14:31:48.624 [main] BasicTypeRegistry - Adding type registration java.util.Currency -> org.hibernate.type.CurrencyType@ad3324b
[DEBUG] 2020-10-04 14:31:48.626 [main] BasicTypeRegistry - Adding type registration timezone -> org.hibernate.type.TimeZoneType@48eb9836
[DEBUG] 2020-10-04 14:31:48.626 [main] BasicTypeRegistry - Adding type registration java.util.TimeZone -> org.hibernate.type.TimeZoneType@48eb9836
[DEBUG] 2020-10-04 14:31:48.627 [main] BasicTypeRegistry - Adding type registration class -> org.hibernate.type.ClassType@74294c1a
[DEBUG] 2020-10-04 14:31:48.628 [main] BasicTypeRegistry - Adding type registration java.lang.Class -> org.hibernate.type.ClassType@74294c1a
[DEBUG] 2020-10-04 14:31:48.629 [main] BasicTypeRegistry - Adding type registration uuid-binary -> org.hibernate.type.UUIDBinaryType@e8ea697
[DEBUG] 2020-10-04 14:31:48.630 [main] BasicTypeRegistry - Adding type registration java.util.UUID -> org.hibernate.type.UUIDBinaryType@e8ea697
[DEBUG] 2020-10-04 14:31:48.632 [main] BasicTypeRegistry - Adding type registration uuid-char -> org.hibernate.type.UUIDCharType@45bf6f39
[DEBUG] 2020-10-04 14:31:48.634 [main] BasicTypeRegistry - Adding type registration binary -> org.hibernate.type.BinaryType@4867ab9f
[DEBUG] 2020-10-04 14:31:48.635 [main] BasicTypeRegistry - Adding type registration byte[] -> org.hibernate.type.BinaryType@4867ab9f
[DEBUG] 2020-10-04 14:31:48.635 [main] BasicTypeRegistry - Adding type registration [B -> org.hibernate.type.BinaryType@4867ab9f
[DEBUG] 2020-10-04 14:31:48.637 [main] BasicTypeRegistry - Adding type registration wrapper-binary -> org.hibernate.type.WrapperBinaryType@46c3a14d
[DEBUG] 2020-10-04 14:31:48.637 [main] BasicTypeRegistry - Adding type registration Byte[] -> org.hibernate.type.WrapperBinaryType@46c3a14d
[DEBUG] 2020-10-04 14:31:48.637 [main] BasicTypeRegistry - Adding type registration [Ljava.lang.Byte; -> org.hibernate.type.WrapperBinaryType@46c3a14d
[DEBUG] 2020-10-04 14:31:48.639 [main] BasicTypeRegistry - Adding type registration row_version -> org.hibernate.type.RowVersionType@1de0a46c
[DEBUG] 2020-10-04 14:31:48.639 [main] BasicTypeRegistry - Adding type registration image -> org.hibernate.type.ImageType@54f4a7f0
[DEBUG] 2020-10-04 14:31:48.641 [main] BasicTypeRegistry - Adding type registration characters -> org.hibernate.type.CharArrayType@e9dc4d0
[DEBUG] 2020-10-04 14:31:48.641 [main] BasicTypeRegistry - Adding type registration char[] -> org.hibernate.type.CharArrayType@e9dc4d0
[DEBUG] 2020-10-04 14:31:48.641 [main] BasicTypeRegistry - Adding type registration [C -> org.hibernate.type.CharArrayType@e9dc4d0
[DEBUG] 2020-10-04 14:31:48.643 [main] BasicTypeRegistry - Adding type registration wrapper-characters -> org.hibernate.type.CharacterArrayType@2184b4f4
[DEBUG] 2020-10-04 14:31:48.643 [main] BasicTypeRegistry - Adding type registration [Ljava.lang.Character; -> org.hibernate.type.CharacterArrayType@2184b4f4
[DEBUG] 2020-10-04 14:31:48.643 [main] BasicTypeRegistry - Adding type registration Character[] -> org.hibernate.type.CharacterArrayType@2184b4f4
[DEBUG] 2020-10-04 14:31:48.650 [main] BasicTypeRegistry - Adding type registration text -> org.hibernate.type.TextType@316a598d
[DEBUG] 2020-10-04 14:31:48.651 [main] BasicTypeRegistry - Adding type registration ntext -> org.hibernate.type.NTextType@5633dafd
[DEBUG] 2020-10-04 14:31:48.653 [main] BasicTypeRegistry - Adding type registration blob -> org.hibernate.type.BlobType@d8d9199
[DEBUG] 2020-10-04 14:31:48.653 [main] BasicTypeRegistry - Adding type registration java.sql.Blob -> org.hibernate.type.BlobType@d8d9199
[DEBUG] 2020-10-04 14:31:48.656 [main] BasicTypeRegistry - Adding type registration materialized_blob -> org.hibernate.type.MaterializedBlobType@71ad3d8a
[DEBUG] 2020-10-04 14:31:48.659 [main] BasicTypeRegistry - Adding type registration clob -> org.hibernate.type.ClobType@319c3a25
[DEBUG] 2020-10-04 14:31:48.660 [main] BasicTypeRegistry - Adding type registration java.sql.Clob -> org.hibernate.type.ClobType@319c3a25
[DEBUG] 2020-10-04 14:31:48.663 [main] BasicTypeRegistry - Adding type registration nclob -> org.hibernate.type.NClobType@3e17a0a1
[DEBUG] 2020-10-04 14:31:48.663 [main] BasicTypeRegistry - Adding type registration java.sql.NClob -> org.hibernate.type.NClobType@3e17a0a1
[DEBUG] 2020-10-04 14:31:48.664 [main] BasicTypeRegistry - Adding type registration materialized_clob -> org.hibernate.type.MaterializedClobType@161f6623
[DEBUG] 2020-10-04 14:31:48.665 [main] BasicTypeRegistry - Adding type registration materialized_nclob -> org.hibernate.type.MaterializedNClobType@69228e85
[DEBUG] 2020-10-04 14:31:48.667 [main] BasicTypeRegistry - Adding type registration serializable -> org.hibernate.type.SerializableType@4d192aef
[DEBUG] 2020-10-04 14:31:48.670 [main] BasicTypeRegistry - Adding type registration object -> org.hibernate.type.ObjectType@1b9776f5
[DEBUG] 2020-10-04 14:31:48.671 [main] BasicTypeRegistry - Adding type registration java.lang.Object -> org.hibernate.type.ObjectType@1b9776f5
[DEBUG] 2020-10-04 14:31:48.675 [main] BasicTypeRegistry - Adding type registration imm_date -> org.hibernate.type.AdaptedImmutableType@1dd7796b
[DEBUG] 2020-10-04 14:31:48.676 [main] BasicTypeRegistry - Adding type registration imm_time -> org.hibernate.type.AdaptedImmutableType@67a3bd51
[DEBUG] 2020-10-04 14:31:48.676 [main] BasicTypeRegistry - Adding type registration imm_timestamp -> org.hibernate.type.AdaptedImmutableType@57402ba1
[DEBUG] 2020-10-04 14:31:48.676 [main] BasicTypeRegistry - Adding type registration imm_dbtimestamp -> org.hibernate.type.AdaptedImmutableType@56913163
[DEBUG] 2020-10-04 14:31:48.676 [main] BasicTypeRegistry - Adding type registration imm_calendar -> org.hibernate.type.AdaptedImmutableType@702b06fb
[DEBUG] 2020-10-04 14:31:48.676 [main] BasicTypeRegistry - Adding type registration imm_calendar_date -> org.hibernate.type.AdaptedImmutableType@a18649a
[DEBUG] 2020-10-04 14:31:48.676 [main] BasicTypeRegistry - Adding type registration imm_binary -> org.hibernate.type.AdaptedImmutableType@5c534b5b
[DEBUG] 2020-10-04 14:31:48.676 [main] BasicTypeRegistry - Adding type registration imm_serializable -> org.hibernate.type.AdaptedImmutableType@396639b
[DEBUG] 2020-10-04 14:31:48.798 [main] DefaultIdentifierGeneratorFactory - Registering IdentifierGenerator strategy [uuid2] -> [org.hibernate.id.UUIDGenerator]
[DEBUG] 2020-10-04 14:31:48.799 [main] DefaultIdentifierGeneratorFactory - Registering IdentifierGenerator strategy [guid] -> [org.hibernate.id.GUIDGenerator]
[DEBUG] 2020-10-04 14:31:48.800 [main] DefaultIdentifierGeneratorFactory - Registering IdentifierGenerator strategy [uuid] -> [org.hibernate.id.UUIDHexGenerator]
[DEBUG] 2020-10-04 14:31:48.810 [main] DefaultIdentifierGeneratorFactory - Registering IdentifierGenerator strategy [uuid.hex] -> [org.hibernate.id.UUIDHexGenerator]
[DEBUG] 2020-10-04 14:31:48.813 [main] DefaultIdentifierGeneratorFactory - Registering IdentifierGenerator strategy [assigned] -> [org.hibernate.id.Assigned]
[DEBUG] 2020-10-04 14:31:48.814 [main] DefaultIdentifierGeneratorFactory - Registering IdentifierGenerator strategy [identity] -> [org.hibernate.id.IdentityGenerator]
[DEBUG] 2020-10-04 14:31:48.814 [main] DefaultIdentifierGeneratorFactory - Registering IdentifierGenerator strategy [select] -> [org.hibernate.id.SelectGenerator]
[DEBUG] 2020-10-04 14:31:48.816 [main] DefaultIdentifierGeneratorFactory - Registering IdentifierGenerator strategy [sequence] -> [org.hibernate.id.enhanced.SequenceStyleGenerator]
[DEBUG] 2020-10-04 14:31:48.830 [main] DefaultIdentifierGeneratorFactory - Registering IdentifierGenerator strategy [seqhilo] -> [org.hibernate.id.SequenceHiLoGenerator]
[DEBUG] 2020-10-04 14:31:48.832 [main] DefaultIdentifierGeneratorFactory - Registering IdentifierGenerator strategy [increment] -> [org.hibernate.id.IncrementGenerator]
[DEBUG] 2020-10-04 14:31:48.846 [main] DefaultIdentifierGeneratorFactory - Registering IdentifierGenerator strategy [foreign] -> [org.hibernate.id.ForeignGenerator]
[DEBUG] 2020-10-04 14:31:48.847 [main] DefaultIdentifierGeneratorFactory - Registering IdentifierGenerator strategy [sequence-identity] -> [org.hibernate.id.SequenceIdentityGenerator]
[DEBUG] 2020-10-04 14:31:48.847 [main] DefaultIdentifierGeneratorFactory - Registering IdentifierGenerator strategy [enhanced-sequence] -> [org.hibernate.id.enhanced.SequenceStyleGenerator]
[DEBUG] 2020-10-04 14:31:48.848 [main] DefaultIdentifierGeneratorFactory - Registering IdentifierGenerator strategy [enhanced-table] -> [org.hibernate.id.enhanced.TableGenerator]
[INFO ] 2020-10-04 14:31:48.887 [main] C3P0ConnectionProvider - HHH010002: C3P0 using driver: com.mysql.cj.jdbc.Driver at URL: jdbc:mysql://localhost:3306/test?serverTimezone=UTC
[INFO ] 2020-10-04 14:31:48.887 [main] C3P0ConnectionProvider - HHH10001001: Connection properties: {password=****, user=root}
[INFO ] 2020-10-04 14:31:48.887 [main] C3P0ConnectionProvider - HHH10001003: Autocommit mode: false
[INFO ] 2020-10-04 14:31:49.283 [main] C3P0ConnectionProvider - HHH10001007: JDBC isolation level: <unknown>
[DEBUG] 2020-10-04 14:31:50.977 [main] JdbcEnvironmentInitiator - Database ->
       name : MySQL
    version : 8.0.16
      major : 8
      minor : 0
[DEBUG] 2020-10-04 14:31:50.980 [main] JdbcEnvironmentInitiator - Driver ->
       name : MySQL Connector/J
    version : mysql-connector-java-8.0.16 (Revision: 34cbc6bc61f72836e26327537a432d6db7c77de6)
      major : 8
      minor : 0
[DEBUG] 2020-10-04 14:31:50.980 [main] JdbcEnvironmentInitiator - JDBC version : 4.2
[INFO ] 2020-10-04 14:31:51.107 [main] Dialect - HHH000400: Using dialect: org.hibernate.dialect.MySQL8Dialect
[DEBUG] 2020-10-04 14:31:51.167 [main] IdentifierHelperBuilder - JDBC driver metadata reported database stores quoted identifiers in more than one case
[DEBUG] 2020-10-04 14:31:51.243 [main] IdentifierHelperBuilder - IdentifierCaseStrategy for both quoted and unquoted identifiers was set to the same strategy [MIXED]; that will likely lead to problems in schema update and validation if using quoted identifiers
[DEBUG] 2020-10-04 14:31:51.426 [main] Namespace - Created database namespace [logicalName=Name{catalog=null, schema=null}, physicalName=Name{catalog=null, schema=null}]
[DEBUG] 2020-10-04 14:31:51.453 [main] TypeConfiguration$Scope - Scoping TypeConfiguration [org.hibernate.type.spi.TypeConfiguration@3e5fd2b1] to MetadataBuildingContext [org.hibernate.boot.internal.MetadataBuildingContextRootImpl@43982337]
[DEBUG] 2020-10-04 14:31:51.853 [main] AnnotationBinder - Binding entity from annotated class: edu.matc.entity.Product
[DEBUG] 2020-10-04 14:31:51.956 [main] Ejb3Column - Binding column: Ejb3DiscriminatorColumn{logicalColumnName'DTYPE', discriminatorTypeName='string'}
[DEBUG] 2020-10-04 14:31:51.971 [main] EntityBinder - Import with entity name Product
[DEBUG] 2020-10-04 14:31:51.987 [main] EntityBinder - Bind entity edu.matc.entity.Product on table product
[DEBUG] 2020-10-04 14:31:52.105 [main] Ejb3Column - Binding column: Ejb3Column{table=org.hibernate.mapping.Table(product), mappingColumn=item_id, insertable=true, updatable=true, unique=false}
[DEBUG] 2020-10-04 14:31:52.118 [main] PropertyBinder - MetadataSourceProcessor property itemId with lazy=false
[DEBUG] 2020-10-04 14:31:52.125 [main] AbstractPropertyHolder - Attempting to locate auto-apply AttributeConverter for property [edu.matc.entity.Product:itemId]
[DEBUG] 2020-10-04 14:31:52.135 [main] SimpleValueBinder - building SimpleValue for itemId
[DEBUG] 2020-10-04 14:31:52.144 [main] PropertyBinder - Building property itemId
[DEBUG] 2020-10-04 14:31:52.172 [main] BinderHelper - #makeIdGenerator(org.hibernate.mapping.SimpleValue([org.hibernate.mapping.Column(item_id)]), itemId, org.hibernate.id.enhanced.SequenceStyleGenerator, native, ...)
[DEBUG] 2020-10-04 14:31:52.175 [main] Ejb3Column - Binding column: Ejb3Column{table=org.hibernate.mapping.Table(product), mappingColumn=customizable, insertable=true, updatable=true, unique=false}
[DEBUG] 2020-10-04 14:31:52.177 [main] PropertyBinder - MetadataSourceProcessor property customizable with lazy=false
[DEBUG] 2020-10-04 14:31:52.178 [main] AbstractPropertyHolder - Attempting to locate auto-apply AttributeConverter for property [edu.matc.entity.Product:customizable]
[DEBUG] 2020-10-04 14:31:52.178 [main] SimpleValueBinder - building SimpleValue for customizable
[DEBUG] 2020-10-04 14:31:52.179 [main] PropertyBinder - Building property customizable
[DEBUG] 2020-10-04 14:31:52.190 [main] Ejb3Column - Binding column: Ejb3Column{table=org.hibernate.mapping.Table(product), mappingColumn=description, insertable=true, updatable=true, unique=false}
[DEBUG] 2020-10-04 14:31:52.190 [main] PropertyBinder - MetadataSourceProcessor property description with lazy=false
[DEBUG] 2020-10-04 14:31:52.190 [main] AbstractPropertyHolder - Attempting to locate auto-apply AttributeConverter for property [edu.matc.entity.Product:description]
[DEBUG] 2020-10-04 14:31:52.196 [main] SimpleValueBinder - building SimpleValue for description
[DEBUG] 2020-10-04 14:31:52.200 [main] PropertyBinder - Building property description
[DEBUG] 2020-10-04 14:31:52.201 [main] Ejb3Column - Binding column: Ejb3Column{table=org.hibernate.mapping.Table(product), mappingColumn=image, insertable=true, updatable=true, unique=false}
[DEBUG] 2020-10-04 14:31:52.201 [main] PropertyBinder - MetadataSourceProcessor property image with lazy=false
[DEBUG] 2020-10-04 14:31:52.201 [main] AbstractPropertyHolder - Attempting to locate auto-apply AttributeConverter for property [edu.matc.entity.Product:image]
[DEBUG] 2020-10-04 14:31:52.204 [main] SimpleValueBinder - building SimpleValue for image
[DEBUG] 2020-10-04 14:31:52.205 [main] PropertyBinder - Building property image
[DEBUG] 2020-10-04 14:31:52.205 [main] Ejb3Column - Binding column: Ejb3Column{table=org.hibernate.mapping.Table(product), mappingColumn=price, insertable=true, updatable=true, unique=false}
[DEBUG] 2020-10-04 14:31:52.205 [main] PropertyBinder - MetadataSourceProcessor property price with lazy=false
[DEBUG] 2020-10-04 14:31:52.205 [main] AbstractPropertyHolder - Attempting to locate auto-apply AttributeConverter for property [edu.matc.entity.Product:price]
[DEBUG] 2020-10-04 14:31:52.205 [main] SimpleValueBinder - building SimpleValue for price
[DEBUG] 2020-10-04 14:31:52.205 [main] PropertyBinder - Building property price
[DEBUG] 2020-10-04 14:31:52.205 [main] Ejb3Column - Binding column: Ejb3Column{table=org.hibernate.mapping.Table(product), mappingColumn=production_cost, insertable=true, updatable=true, unique=false}
[DEBUG] 2020-10-04 14:31:52.205 [main] PropertyBinder - MetadataSourceProcessor property productionCost with lazy=false
[DEBUG] 2020-10-04 14:31:52.205 [main] AbstractPropertyHolder - Attempting to locate auto-apply AttributeConverter for property [edu.matc.entity.Product:productionCost]
[DEBUG] 2020-10-04 14:31:52.206 [main] SimpleValueBinder - building SimpleValue for productionCost
[DEBUG] 2020-10-04 14:31:52.206 [main] PropertyBinder - Building property productionCost
[DEBUG] 2020-10-04 14:31:52.206 [main] Ejb3Column - Binding column: Ejb3Column{table=org.hibernate.mapping.Table(product), mappingColumn=tags, insertable=true, updatable=true, unique=false}
[DEBUG] 2020-10-04 14:31:52.206 [main] PropertyBinder - MetadataSourceProcessor property tags with lazy=false
[DEBUG] 2020-10-04 14:31:52.210 [main] AbstractPropertyHolder - Attempting to locate auto-apply AttributeConverter for property [edu.matc.entity.Product:tags]
[DEBUG] 2020-10-04 14:31:52.211 [main] SimpleValueBinder - building SimpleValue for tags
[DEBUG] 2020-10-04 14:31:52.211 [main] PropertyBinder - Building property tags
[DEBUG] 2020-10-04 14:31:52.211 [main] Ejb3Column - Binding column: Ejb3Column{table=org.hibernate.mapping.Table(product), mappingColumn=title, insertable=true, updatable=true, unique=false}
[DEBUG] 2020-10-04 14:31:52.212 [main] PropertyBinder - MetadataSourceProcessor property title with lazy=false
[DEBUG] 2020-10-04 14:31:52.212 [main] AbstractPropertyHolder - Attempting to locate auto-apply AttributeConverter for property [edu.matc.entity.Product:title]
[DEBUG] 2020-10-04 14:31:52.212 [main] SimpleValueBinder - building SimpleValue for title
[DEBUG] 2020-10-04 14:31:52.212 [main] PropertyBinder - Building property title
[DEBUG] 2020-10-04 14:31:52.215 [main] Ejb3Column - Binding column: Ejb3JoinColumn{logicalColumnName='user_id', referencedColumn='', mappedBy=''}
[DEBUG] 2020-10-04 14:31:52.216 [main] Ejb3Column - Binding column: Ejb3Column{table=org.hibernate.mapping.Table(product), mappingColumn=user, insertable=true, updatable=true, unique=false}
[DEBUG] 2020-10-04 14:31:52.229 [main] PropertyBinder - Building property user
[DEBUG] 2020-10-04 14:31:52.240 [main] AnnotationBinder - Binding entity from annotated class: edu.matc.entity.User
[DEBUG] 2020-10-04 14:31:52.242 [main] Ejb3Column - Binding column: Ejb3DiscriminatorColumn{logicalColumnName'DTYPE', discriminatorTypeName='string'}
[DEBUG] 2020-10-04 14:31:52.243 [main] EntityBinder - Import with entity name User
[DEBUG] 2020-10-04 14:31:52.243 [main] EntityBinder - Bind entity edu.matc.entity.User on table user
[DEBUG] 2020-10-04 14:31:52.266 [main] Ejb3Column - Binding column: Ejb3Column{table=org.hibernate.mapping.Table(user), mappingColumn=user_id, insertable=true, updatable=true, unique=false}
[DEBUG] 2020-10-04 14:31:52.270 [main] PropertyBinder - MetadataSourceProcessor property userId with lazy=false
[DEBUG] 2020-10-04 14:31:52.270 [main] AbstractPropertyHolder - Attempting to locate auto-apply AttributeConverter for property [edu.matc.entity.User:userId]
[DEBUG] 2020-10-04 14:31:52.270 [main] SimpleValueBinder - building SimpleValue for userId
[DEBUG] 2020-10-04 14:31:52.270 [main] PropertyBinder - Building property userId
[DEBUG] 2020-10-04 14:31:52.273 [main] BinderHelper - #makeIdGenerator(org.hibernate.mapping.SimpleValue([org.hibernate.mapping.Column(user_id)]), userId, org.hibernate.id.enhanced.SequenceStyleGenerator, native, ...)
[DEBUG] 2020-10-04 14:31:52.276 [main] Ejb3Column - Binding column: Ejb3Column{table=org.hibernate.mapping.Table(user), mappingColumn=email, insertable=true, updatable=true, unique=false}
[DEBUG] 2020-10-04 14:31:52.278 [main] PropertyBinder - MetadataSourceProcessor property email with lazy=false
[DEBUG] 2020-10-04 14:31:52.278 [main] AbstractPropertyHolder - Attempting to locate auto-apply AttributeConverter for property [edu.matc.entity.User:email]
[DEBUG] 2020-10-04 14:31:52.278 [main] SimpleValueBinder - building SimpleValue for email
[DEBUG] 2020-10-04 14:31:52.278 [main] PropertyBinder - Building property email
[DEBUG] 2020-10-04 14:31:52.278 [main] Ejb3Column - Binding column: Ejb3Column{table=org.hibernate.mapping.Table(user), mappingColumn=first_name, insertable=true, updatable=true, unique=false}
[DEBUG] 2020-10-04 14:31:52.278 [main] PropertyBinder - MetadataSourceProcessor property firstName with lazy=false
[DEBUG] 2020-10-04 14:31:52.280 [main] AbstractPropertyHolder - Attempting to locate auto-apply AttributeConverter for property [edu.matc.entity.User:firstName]
[DEBUG] 2020-10-04 14:31:52.281 [main] SimpleValueBinder - building SimpleValue for firstName
[DEBUG] 2020-10-04 14:31:52.281 [main] PropertyBinder - Building property firstName
[DEBUG] 2020-10-04 14:31:52.284 [main] Ejb3Column - Binding column: Ejb3Column{table=org.hibernate.mapping.Table(user), mappingColumn=last_name, insertable=true, updatable=true, unique=false}
[DEBUG] 2020-10-04 14:31:52.285 [main] PropertyBinder - MetadataSourceProcessor property lastName with lazy=false
[DEBUG] 2020-10-04 14:31:52.285 [main] AbstractPropertyHolder - Attempting to locate auto-apply AttributeConverter for property [edu.matc.entity.User:lastName]
[DEBUG] 2020-10-04 14:31:52.285 [main] SimpleValueBinder - building SimpleValue for lastName
[DEBUG] 2020-10-04 14:31:52.286 [main] PropertyBinder - Building property lastName
[DEBUG] 2020-10-04 14:31:52.286 [main] Ejb3Column - Binding column: Ejb3Column{table=org.hibernate.mapping.Table(user), mappingColumn=password, insertable=true, updatable=true, unique=false}
[DEBUG] 2020-10-04 14:31:52.286 [main] PropertyBinder - MetadataSourceProcessor property password with lazy=false
[DEBUG] 2020-10-04 14:31:52.286 [main] AbstractPropertyHolder - Attempting to locate auto-apply AttributeConverter for property [edu.matc.entity.User:password]
[DEBUG] 2020-10-04 14:31:52.286 [main] SimpleValueBinder - building SimpleValue for password
[DEBUG] 2020-10-04 14:31:52.286 [main] PropertyBinder - Building property password
[DEBUG] 2020-10-04 14:31:52.286 [main] Ejb3Column - Binding column: Ejb3JoinColumn{logicalColumnName='null', referencedColumn='null', mappedBy='user'}
[DEBUG] 2020-10-04 14:31:52.291 [main] Ejb3Column - Binding column: Ejb3Column{table=org.hibernate.mapping.Table(user), mappingColumn=products, insertable=true, updatable=true, unique=false}
[DEBUG] 2020-10-04 14:31:52.305 [main] Ejb3Column - Binding column: Ejb3Column{table=org.hibernate.mapping.Table(user), mappingColumn=null, insertable=true, updatable=true, unique=false}
[DEBUG] 2020-10-04 14:31:52.334 [main] Ejb3Column - Binding column: Ejb3Column{table=org.hibernate.mapping.Table(user), mappingColumn=element, insertable=true, updatable=true, unique=false}
[DEBUG] 2020-10-04 14:31:52.335 [main] Ejb3Column - Binding column: Ejb3Column{table=org.hibernate.mapping.Table(user), mappingColumn=products_KEY, insertable=true, updatable=true, unique=false}
[DEBUG] 2020-10-04 14:31:52.336 [main] Ejb3Column - Binding column: Ejb3JoinColumn{logicalColumnName='products_KEY', referencedColumn='null', mappedBy='null'}
[DEBUG] 2020-10-04 14:31:52.341 [main] Ejb3Column - Binding column: Ejb3JoinColumn{logicalColumnName='null', referencedColumn='null', mappedBy='user'}
[DEBUG] 2020-10-04 14:31:52.341 [main] Ejb3Column - Binding column: Ejb3JoinColumn{logicalColumnName='null', referencedColumn='null', mappedBy='user'}
[DEBUG] 2020-10-04 14:31:52.345 [main] CollectionBinder - Collection role: edu.matc.entity.User.products
[DEBUG] 2020-10-04 14:31:52.352 [main] PropertyBinder - Building property products
[DEBUG] 2020-10-04 14:31:52.358 [main] SimpleValueBinder - Starting fillSimpleValue for itemId
[DEBUG] 2020-10-04 14:31:52.358 [main] SimpleValueBinder - Starting fillSimpleValue for customizable
[DEBUG] 2020-10-04 14:31:52.359 [main] SimpleValueBinder - Starting fillSimpleValue for description
[DEBUG] 2020-10-04 14:31:52.359 [main] SimpleValueBinder - Starting fillSimpleValue for image
[DEBUG] 2020-10-04 14:31:52.359 [main] SimpleValueBinder - Starting fillSimpleValue for price
[DEBUG] 2020-10-04 14:31:52.359 [main] SimpleValueBinder - Starting fillSimpleValue for productionCost
[DEBUG] 2020-10-04 14:31:52.359 [main] SimpleValueBinder - Starting fillSimpleValue for tags
[DEBUG] 2020-10-04 14:31:52.359 [main] SimpleValueBinder - Starting fillSimpleValue for title
[DEBUG] 2020-10-04 14:31:52.359 [main] SimpleValueBinder - Starting fillSimpleValue for userId
[DEBUG] 2020-10-04 14:31:52.359 [main] SimpleValueBinder - Starting fillSimpleValue for email
[DEBUG] 2020-10-04 14:31:52.360 [main] SimpleValueBinder - Starting fillSimpleValue for firstName
[DEBUG] 2020-10-04 14:31:52.361 [main] SimpleValueBinder - Starting fillSimpleValue for lastName
[DEBUG] 2020-10-04 14:31:52.361 [main] SimpleValueBinder - Starting fillSimpleValue for password
[DEBUG] 2020-10-04 14:31:52.378 [main] PrimaryKey - Forcing column [item_id] to be non-null as it is part of the primary key for table [product]
[DEBUG] 2020-10-04 14:31:52.381 [main] PrimaryKey - Forcing column [user_id] to be non-null as it is part of the primary key for table [user]
[DEBUG] 2020-10-04 14:31:52.382 [main] CollectionSecondPass - Second pass for collection: edu.matc.entity.User.products
[DEBUG] 2020-10-04 14:31:52.396 [main] CollectionBinder - Binding a OneToMany: edu.matc.entity.User.products through a foreign key
[DEBUG] 2020-10-04 14:31:52.414 [main] CollectionBinder - Mapping collection: edu.matc.entity.User.products -> product
[DEBUG] 2020-10-04 14:31:52.423 [main] TableBinder - Retrieving property edu.matc.entity.Product.user
[DEBUG] 2020-10-04 14:31:52.424 [main] CollectionSecondPass - Mapped collection key: user_id, one-to-many: edu.matc.entity.Product
[DEBUG] 2020-10-04 14:31:52.431 [main] InFlightMetadataCollectorImpl - Resolving reference to class: edu.matc.entity.User
[DEBUG] 2020-10-04 14:31:52.449 [main] InFlightMetadataCollectorImpl - Resolving reference to class: edu.matc.entity.User
[DEBUG] 2020-10-04 14:31:52.679 [main] SessionFactoryImpl - Building session factory
[DEBUG] 2020-10-04 14:31:52.682 [main] Settings - SessionFactory name : null
[DEBUG] 2020-10-04 14:31:52.686 [main] Settings - Automatic flush during beforeCompletion(): enabled
[DEBUG] 2020-10-04 14:31:52.686 [main] Settings - Automatic session close at end of transaction: disabled
[DEBUG] 2020-10-04 14:31:52.686 [main] Settings - Statistics: disabled
[DEBUG] 2020-10-04 14:31:52.686 [main] Settings - Deleted entity synthetic identifier rollback: disabled
[DEBUG] 2020-10-04 14:31:52.686 [main] Settings - Default entity-mode: pojo
[DEBUG] 2020-10-04 14:31:52.686 [main] Settings - Check Nullability in Core (should be disabled when Bean Validation is on): enabled
[DEBUG] 2020-10-04 14:31:52.686 [main] Settings - Allow initialization of lazy state outside session : disabled
[DEBUG] 2020-10-04 14:31:52.686 [main] Settings - Using BatchFetchStyle : LEGACY
[DEBUG] 2020-10-04 14:31:52.686 [main] Settings - Default batch fetch size: -1
[DEBUG] 2020-10-04 14:31:52.686 [main] Settings - Maximum outer join fetch depth: 2
[DEBUG] 2020-10-04 14:31:52.686 [main] Settings - Default null ordering: NONE
[DEBUG] 2020-10-04 14:31:52.687 [main] Settings - Order SQL updates by primary key: disabled
[DEBUG] 2020-10-04 14:31:52.687 [main] Settings - Order SQL inserts for batching: disabled
[DEBUG] 2020-10-04 14:31:52.687 [main] Settings - multi-tenancy strategy : NONE
[DEBUG] 2020-10-04 14:31:52.687 [main] Settings - JTA Track by Thread: enabled
[DEBUG] 2020-10-04 14:31:52.687 [main] Settings - Query language substitutions: {}
[DEBUG] 2020-10-04 14:31:52.689 [main] Settings - Named query checking : enabled
[DEBUG] 2020-10-04 14:31:52.690 [main] Settings - Second-level cache: disabled
[DEBUG] 2020-10-04 14:31:52.690 [main] Settings - Second-level query cache: disabled
[DEBUG] 2020-10-04 14:31:52.690 [main] Settings - Second-level query cache factory: null
[DEBUG] 2020-10-04 14:31:52.690 [main] Settings - Second-level cache region prefix: null
[DEBUG] 2020-10-04 14:31:52.690 [main] Settings - Optimize second-level cache for minimal puts: disabled
[DEBUG] 2020-10-04 14:31:52.690 [main] Settings - Structured second-level cache entries: disabled
[DEBUG] 2020-10-04 14:31:52.690 [main] Settings - Second-level cache direct-reference entries: disabled
[DEBUG] 2020-10-04 14:31:52.690 [main] Settings - Automatic eviction of collection cache: disabled
[DEBUG] 2020-10-04 14:31:52.690 [main] Settings - JDBC batch size: 15
[DEBUG] 2020-10-04 14:31:52.690 [main] Settings - JDBC batch updates for versioned data: enabled
[DEBUG] 2020-10-04 14:31:52.690 [main] Settings - Scrollable result sets: enabled
[DEBUG] 2020-10-04 14:31:52.690 [main] Settings - Wrap result sets: disabled
[DEBUG] 2020-10-04 14:31:52.690 [main] Settings - JDBC3 getGeneratedKeys(): enabled
[DEBUG] 2020-10-04 14:31:52.690 [main] Settings - JDBC result set fetch size: null
[DEBUG] 2020-10-04 14:31:52.690 [main] Settings - Connection release mode: AFTER_TRANSACTION
[DEBUG] 2020-10-04 14:31:52.690 [main] Settings - Generate SQL with comments: disabled
[DEBUG] 2020-10-04 14:31:52.690 [main] Settings - JPA compliance - query : 
[DEBUG] 2020-10-04 14:31:52.690 [main] Settings - JPA compliance - closed-handling : 
[DEBUG] 2020-10-04 14:31:52.690 [main] Settings - JPA compliance - lists : 
[DEBUG] 2020-10-04 14:31:52.690 [main] Settings - JPA compliance - transactions : 
[INFO ] 2020-10-04 14:31:52.912 [main] beans - HHH10005002: No explicit CDI BeanManager reference was passed to Hibernate, but CDI is available on the Hibernate ClassLoader.
[DEBUG] 2020-10-04 14:31:53.124 [main] SessionFactoryImpl - Session factory constructed with filter configurations : {}
[DEBUG] 2020-10-04 14:31:53.125 [main] SessionFactoryImpl - Instantiating session factory with properties: {sun.desktop=gnome, awt.toolkit=sun.awt.X11.XToolkit, java.specification.version=11, sun.cpu.isalist=, hibernate.c3p0.idle_test_period=3000, sun.jnu.encoding=UTF-8, hibernate.c3p0.min_size=5, java.class.path=/home/student/intellij/lib/idea_rt.jar:/home/student/intellij/plugins/junit/lib/junit-rt.jar:/home/student/intellij/plugins/junit/lib/junit5-rt.jar:/home/student/IdeaProjects/customCrafts/target/test-classes:/home/student/IdeaProjects/customCrafts/target/classes:/home/student/.m2/repository/org/junit/platform/junit-platform-runner/1.0.0/junit-platform-runner-1.0.0.jar:/home/student/.m2/repository/org/apiguardian/apiguardian-api/1.0.0/apiguardian-api-1.0.0.jar:/home/student/.m2/repository/org/junit/platform/junit-platform-launcher/1.0.0/junit-platform-launcher-1.0.0.jar:/home/student/.m2/repository/org/junit/platform/junit-platform-suite-api/1.0.0/junit-platform-suite-api-1.0.0.jar:/home/student/.m2/repository/org/junit/platform/junit-platform-commons/1.0.0/junit-platform-commons-1.0.0.jar:/home/student/.m2/repository/org/junit/vintage/junit-vintage-engine/4.12.0/junit-vintage-engine-4.12.0.jar:/home/student/.m2/repository/org/junit/platform/junit-platform-engine/1.0.0/junit-platform-engine-1.0.0.jar:/home/student/.m2/repository/org/opentest4j/opentest4j/1.0.0/opentest4j-1.0.0.jar:/home/student/.m2/repository/org/junit/jupiter/junit-jupiter-engine/5.0.0/junit-jupiter-engine-5.0.0.jar:/home/student/.m2/repository/org/junit/jupiter/junit-jupiter-api/5.0.0/junit-jupiter-api-5.0.0.jar:/home/student/.m2/repository/junit/junit/4.12/junit-4.12.jar:/home/student/.m2/repository/org/hamcrest/hamcrest-core/1.3/hamcrest-core-1.3.jar:/home/student/.m2/repository/javax/javaee-web-api/7.0/javaee-web-api-7.0.jar:/home/student/.m2/repository/mysql/mysql-connector-java/8.0.16/mysql-connector-java-8.0.16.jar:/home/student/.m2/repository/com/google/protobuf/protobuf-java/3.6.1/protobuf-java-3.6.1.jar:/home/student/.m2/repository/jstl/jstl/1.2/jstl-1.2.jar:/home/student/.m2/repository/org/apache/logging/log4j/log4j-api/2.10.0/log4j-api-2.10.0.jar:/home/student/.m2/repository/org/apache/logging/log4j/log4j-core/2.10.0/log4j-core-2.10.0.jar:/home/student/.m2/repository/org/hibernate/hibernate-core/5.4.4.Final/hibernate-core-5.4.4.Final.jar:/home/student/.m2/repository/org/jboss/logging/jboss-logging/3.3.2.Final/jboss-logging-3.3.2.Final.jar:/home/student/.m2/repository/javax/persistence/javax.persistence-api/2.2/javax.persistence-api-2.2.jar:/home/student/.m2/repository/org/javassist/javassist/3.24.0-GA/javassist-3.24.0-GA.jar:/home/student/.m2/repository/net/bytebuddy/byte-buddy/1.9.11/byte-buddy-1.9.11.jar:/home/student/.m2/repository/antlr/antlr/2.7.7/antlr-2.7.7.jar:/home/student/.m2/repository/org/jboss/spec/javax/transaction/jboss-transaction-api_1.2_spec/1.1.1.Final/jboss-transaction-api_1.2_spec-1.1.1.Final.jar:/home/student/.m2/repository/org/jboss/jandex/2.0.5.Final/jandex-2.0.5.Final.jar:/home/student/.m2/repository/com/fasterxml/classmate/1.3.4/classmate-1.3.4.jar:/home/student/.m2/repository/javax/activation/javax.activation-api/1.2.0/javax.activation-api-1.2.0.jar:/home/student/.m2/repository/org/dom4j/dom4j/2.1.1/dom4j-2.1.1.jar:/home/student/.m2/repository/org/hibernate/common/hibernate-commons-annotations/5.1.0.Final/hibernate-commons-annotations-5.1.0.Final.jar:/home/student/.m2/repository/javax/xml/bind/jaxb-api/2.3.1/jaxb-api-2.3.1.jar:/home/student/.m2/repository/org/glassfish/jaxb/jaxb-runtime/2.3.1/jaxb-runtime-2.3.1.jar:/home/student/.m2/repository/org/glassfish/jaxb/txw2/2.3.1/txw2-2.3.1.jar:/home/student/.m2/repository/com/sun/istack/istack-commons-runtime/3.0.7/istack-commons-runtime-3.0.7.jar:/home/student/.m2/repository/org/jvnet/staxex/stax-ex/1.8/stax-ex-1.8.jar:/home/student/.m2/repository/com/sun/xml/fastinfoset/FastInfoset/1.2.15/FastInfoset-1.2.15.jar:/home/student/.m2/repository/org/hibernate/hibernate-c3p0/5.4.4.Final/hibernate-c3p0-5.4.4.Final.jar:/home/student/.m2/repository/com/mchange/c3p0/0.9.5.3/c3p0-0.9.5.3.jar:/home/student/.m2/repository/com/mchange/mchange-commons-java/0.2.15/mchange-commons-java-0.2.15.jar, java.vm.vendor=Ubuntu, sun.arch.data.model=64, idea.test.cyclic.buffer.size=1048576, java.vendor.url=https://ubuntu.com/, user.timezone=America/Chicago, os.name=Linux, java.vm.specification.version=11, sun.java.launcher=SUN_STANDARD, user.country=US, sun.boot.library.path=/usr/lib/jvm/java-11-openjdk-amd64/lib, sun.java.command=com.intellij.rt.execution.junit.JUnitStarter -ideVersion5 -junit5 @w@/tmp/idea_working_dirs_junit.tmp @/tmp/idea_junit.tmp, jdk.debug=release, sun.cpu.endian=little, user.home=/home/student, hibernate.c3p0.max_statements=50, user.language=en, java.specification.vendor=Oracle Corporation, java.version.date=2020-07-14, java.home=/usr/lib/jvm/java-11-openjdk-amd64, file.separator=/, java.vm.compressedOopsMode=32-bit, line.separator=
, hibernate.c3p0.timeout=300, java.specification.name=Java Platform API Specification, java.vm.specification.vendor=Oracle Corporation, intellij.debug.agent=true, java.awt.graphicsenv=sun.awt.X11GraphicsEnvironment, connection.password=student, sun.management.compiler=HotSpot 64-Bit Tiered Compilers, hibernate.c3p0.max_size=20, java.runtime.version=11.0.8+10-post-Ubuntu-0ubuntu118.04.1, user.name=student, path.separator=:, hibernate.connection.username=****, os.version=5.4.0-48-generic, java.runtime.name=OpenJDK Runtime Environment, hibernate.connection.url=jdbc:mysql://localhost:3306/test?serverTimezone=UTC, file.encoding=UTF-8, java.vm.name=OpenJDK 64-Bit Server VM, hibernate.connection.driver_class=com.mysql.cj.jdbc.Driver, java.vendor.url.bug=https://bugs.launchpad.net/ubuntu/+source/openjdk-lts, java.io.tmpdir=/tmp, java.version=11.0.8, jboss.modules.system.pkgs=com.intellij.rt, user.dir=/home/student/IdeaProjects/customCrafts, os.arch=amd64, connection.username=root, java.vm.specification.name=Java Virtual Machine Specification, java.awt.printerjob=sun.print.PSPrinterJob, hibernate.connection.password=****, sun.os.patch.level=unknown, connection.driver_class=com.mysql.cj.jdbc.Driver, hibernate.boot.CfgXmlAccessService.key=org.hibernate.boot.cfgxml.spi.LoadedConfig@7730ef88, java.library.path=/usr/java/packages/lib:/usr/lib/x86_64-linux-gnu/jni:/lib/x86_64-linux-gnu:/usr/lib/x86_64-linux-gnu:/usr/lib/jni:/lib:/usr/lib, java.vendor=Ubuntu, java.vm.info=mixed mode, sharing, java.vm.version=11.0.8+10-post-Ubuntu-0ubuntu118.04.1, hibernate.bytecode.use_reflection_optimizer=false, sun.io.unicode.encoding=UnicodeLittle, connection.url=jdbc:mysql://localhost:3306/test?serverTimezone=UTC, java.class.version=55.0}
[DEBUG] 2020-10-04 14:31:53.268 [main] TypeSafeActivator - Unable to acquire Bean Validation ValidatorFactory, skipping activation
[DEBUG] 2020-10-04 14:31:53.268 [main] JaccIntegrator - Skipping JACC integration as it was not enabled
[DEBUG] 2020-10-04 14:31:53.279 [main] SessionFactoryImpl - Instantiated session factory
[DEBUG] 2020-10-04 14:31:53.281 [main] TypeConfiguration$Scope - Scoping TypeConfiguration [org.hibernate.type.spi.TypeConfiguration@3e5fd2b1] to SessionFactoryImpl [org.hibernate.internal.SessionFactoryImpl@4872669f]
[DEBUG] 2020-10-04 14:31:53.960 [main] ClassLoaderAccessImpl - Not known whether passed class name [edu.matc.entity.User] is safe
[DEBUG] 2020-10-04 14:31:53.963 [main] ClassLoaderAccessImpl - No temp ClassLoader provided; using live ClassLoader for loading potentially unsafe class : edu.matc.entity.User
[DEBUG] 2020-10-04 14:31:54.156 [main] ClassLoaderAccessImpl - Not known whether passed class name [edu.matc.entity.User] is safe
[DEBUG] 2020-10-04 14:31:54.158 [main] ClassLoaderAccessImpl - No temp ClassLoader provided; using live ClassLoader for loading potentially unsafe class : edu.matc.entity.User
[DEBUG] 2020-10-04 14:31:56.142 [main] ClassLoaderAccessImpl - Not known whether passed class name [edu.matc.entity.Product] is safe
[DEBUG] 2020-10-04 14:31:56.143 [main] ClassLoaderAccessImpl - No temp ClassLoader provided; using live ClassLoader for loading potentially unsafe class : edu.matc.entity.Product
[DEBUG] 2020-10-04 14:31:56.145 [main] ClassLoaderAccessImpl - Not known whether passed class name [edu.matc.entity.Product] is safe
[DEBUG] 2020-10-04 14:31:56.145 [main] ClassLoaderAccessImpl - No temp ClassLoader provided; using live ClassLoader for loading potentially unsafe class : edu.matc.entity.Product
[DEBUG] 2020-10-04 14:31:56.398 [main] AbstractCollectionPersister - Static SQL for collection: edu.matc.entity.User.products
[DEBUG] 2020-10-04 14:31:56.402 [main] AbstractCollectionPersister -  Row insert: update product set user_id=? where item_id=?
[DEBUG] 2020-10-04 14:31:56.402 [main] AbstractCollectionPersister -  Row update: update product set  where item_id=?
[DEBUG] 2020-10-04 14:31:56.402 [main] AbstractCollectionPersister -  Row delete: update product set user_id=null where user_id=? and item_id=?
[DEBUG] 2020-10-04 14:31:56.402 [main] AbstractCollectionPersister -  One-shot delete: update product set user_id=null where user_id=?
[DEBUG] 2020-10-04 14:31:56.418 [main] AbstractEntityPersister - Static SQL for entity: edu.matc.entity.User
[DEBUG] 2020-10-04 14:31:56.419 [main] AbstractEntityPersister -  Version select: select user_id from user where user_id =?
[DEBUG] 2020-10-04 14:31:56.419 [main] AbstractEntityPersister -  Snapshot select: select user_.user_id, user_.email as email2_1_, user_.first_name as first_na3_1_, user_.last_name as last_nam4_1_, user_.password as password5_1_ from user user_ where user_.user_id=?
[DEBUG] 2020-10-04 14:31:56.424 [main] AbstractEntityPersister -  Insert 0: insert into user (email, first_name, last_name, password, user_id) values (?, ?, ?, ?, ?)
[DEBUG] 2020-10-04 14:31:56.429 [main] AbstractEntityPersister -  Update 0: update user set email=?, first_name=?, last_name=?, password=? where user_id=?
[DEBUG] 2020-10-04 14:31:56.429 [main] AbstractEntityPersister -  Delete 0: delete from user where user_id=?
[DEBUG] 2020-10-04 14:31:56.429 [main] AbstractEntityPersister -  Identity insert: insert into user (email, first_name, last_name, password) values (?, ?, ?, ?)
[DEBUG] 2020-10-04 14:31:56.558 [main] QuerySpacesImpl - Adding QuerySpace : uid = <gen:0> -> org.hibernate.loader.plan.build.internal.spaces.EntityQuerySpaceImpl@6ddc67d0]
[DEBUG] 2020-10-04 14:31:56.563 [main] MetamodelGraphWalker - Visiting attribute path : email
[DEBUG] 2020-10-04 14:31:56.568 [main] MetamodelGraphWalker - Visiting attribute path : firstName
[DEBUG] 2020-10-04 14:31:56.574 [main] MetamodelGraphWalker - Visiting attribute path : lastName
[DEBUG] 2020-10-04 14:31:56.574 [main] MetamodelGraphWalker - Visiting attribute path : password
[DEBUG] 2020-10-04 14:31:56.574 [main] MetamodelGraphWalker - Visiting attribute path : products
[DEBUG] 2020-10-04 14:31:56.610 [main] QuerySpacesImpl - Adding QuerySpace : uid = <gen:1> -> org.hibernate.loader.plan.build.internal.spaces.CollectionQuerySpaceImpl@569348e1]
[DEBUG] 2020-10-04 14:31:56.623 [main] QuerySpacesImpl - Adding QuerySpace : uid = <gen:2> -> org.hibernate.loader.plan.build.internal.spaces.EntityQuerySpaceImpl@3dfd7eaa]
[DEBUG] 2020-10-04 14:31:56.629 [main] MetamodelGraphWalker - Visiting attribute path : products.customizable
[DEBUG] 2020-10-04 14:31:56.630 [main] MetamodelGraphWalker - Visiting attribute path : products.description
[DEBUG] 2020-10-04 14:31:56.630 [main] MetamodelGraphWalker - Visiting attribute path : products.image
[DEBUG] 2020-10-04 14:31:56.630 [main] MetamodelGraphWalker - Visiting attribute path : products.price
[DEBUG] 2020-10-04 14:31:56.630 [main] MetamodelGraphWalker - Visiting attribute path : products.productionCost
[DEBUG] 2020-10-04 14:31:56.630 [main] MetamodelGraphWalker - Visiting attribute path : products.tags
[DEBUG] 2020-10-04 14:31:56.630 [main] MetamodelGraphWalker - Visiting attribute path : products.title
[DEBUG] 2020-10-04 14:31:56.634 [main] MetamodelGraphWalker - Visiting attribute path : products.user
[DEBUG] 2020-10-04 14:31:56.634 [main] MetamodelGraphWalker - Property path deemed to be circular : products.user
[DEBUG] 2020-10-04 14:31:56.639 [main] FetchStyleLoadPlanBuildingAssociationVisitationStrategy - Building LoadPlan...
[DEBUG] 2020-10-04 14:31:56.711 [main] LoadQueryJoinAndFetchProcessor - processing queryspace <gen:0>
[DEBUG] 2020-10-04 14:31:56.763 [main] LoadPlanTreePrinter - LoadPlan(entity=edu.matc.entity.User)
    - Returns
       - EntityReturnImpl(entity=edu.matc.entity.User, querySpaceUid=<gen:0>, path=edu.matc.entity.User)
          - CollectionAttributeFetchImpl(collection=edu.matc.entity.User.products, querySpaceUid=<gen:1>, path=edu.matc.entity.User.products)
             - (collection element) CollectionFetchableElementEntityGraph(entity=edu.matc.entity.Product, querySpaceUid=<gen:2>, path=edu.matc.entity.User.products.<elements>)
    - QuerySpaces
       - EntityQuerySpaceImpl(uid=<gen:0>, entity=edu.matc.entity.User)
          - SQL table alias mapping - user0_
          - alias suffix - 0_
          - suffixed key columns - {user_id1_1_0_}
          - JOIN (JoinDefinedByMetadata(products)) : <gen:0> -> <gen:1>
             - CollectionQuerySpaceImpl(uid=<gen:1>, collection=edu.matc.entity.User.products)
                - SQL table alias mapping - products1_
                - alias suffix - 1_
                - suffixed key columns - {user_id9_0_1_}
                - entity-element alias suffix - 2_
                - 2_entity-element suffixed key columns - item_id1_0_2_
                - JOIN (JoinDefinedByMetadata(elements)) : <gen:1> -> <gen:2>
                   - EntityQuerySpaceImpl(uid=<gen:2>, entity=edu.matc.entity.Product)
                      - SQL table alias mapping - products1_
                      - alias suffix - 2_
                      - suffixed key columns - {item_id1_0_2_}

[DEBUG] 2020-10-04 14:31:56.775 [main] EntityLoader - Static select for entity edu.matc.entity.User [NONE]: select user0_.user_id as user_id1_1_0_, user0_.email as email2_1_0_, user0_.first_name as first_na3_1_0_, user0_.last_name as last_nam4_1_0_, user0_.password as password5_1_0_, products1_.user_id as user_id9_0_1_, products1_.item_id as item_id1_0_1_, products1_.item_id as item_id1_0_2_, products1_.customizable as customiz2_0_2_, products1_.description as descript3_0_2_, products1_.image as image4_0_2_, products1_.price as price5_0_2_, products1_.production_cost as producti6_0_2_, products1_.tags as tags7_0_2_, products1_.title as title8_0_2_, products1_.user_id as user_id9_0_2_ from user user0_ left outer join product products1_ on user0_.user_id=products1_.user_id where user0_.user_id=?
[DEBUG] 2020-10-04 14:31:56.775 [main] QuerySpacesImpl - Adding QuerySpace : uid = <gen:0> -> org.hibernate.loader.plan.build.internal.spaces.EntityQuerySpaceImpl@17216605]
[DEBUG] 2020-10-04 14:31:56.777 [main] MetamodelGraphWalker - Visiting attribute path : email
[DEBUG] 2020-10-04 14:31:56.777 [main] MetamodelGraphWalker - Visiting attribute path : firstName
[DEBUG] 2020-10-04 14:31:56.777 [main] MetamodelGraphWalker - Visiting attribute path : lastName
[DEBUG] 2020-10-04 14:31:56.777 [main] MetamodelGraphWalker - Visiting attribute path : password
[DEBUG] 2020-10-04 14:31:56.777 [main] MetamodelGraphWalker - Visiting attribute path : products
[DEBUG] 2020-10-04 14:31:56.777 [main] QuerySpacesImpl - Adding QuerySpace : uid = <gen:1> -> org.hibernate.loader.plan.build.internal.spaces.CollectionQuerySpaceImpl@59b492ec]
[DEBUG] 2020-10-04 14:31:56.778 [main] QuerySpacesImpl - Adding QuerySpace : uid = <gen:2> -> org.hibernate.loader.plan.build.internal.spaces.EntityQuerySpaceImpl@55c1ced9]
[DEBUG] 2020-10-04 14:31:56.778 [main] MetamodelGraphWalker - Visiting attribute path : products.customizable
[DEBUG] 2020-10-04 14:31:56.778 [main] MetamodelGraphWalker - Visiting attribute path : products.description
[DEBUG] 2020-10-04 14:31:56.782 [main] MetamodelGraphWalker - Visiting attribute path : products.image
[DEBUG] 2020-10-04 14:31:56.782 [main] MetamodelGraphWalker - Visiting attribute path : products.price
[DEBUG] 2020-10-04 14:31:56.782 [main] MetamodelGraphWalker - Visiting attribute path : products.productionCost
[DEBUG] 2020-10-04 14:31:56.782 [main] MetamodelGraphWalker - Visiting attribute path : products.tags
[DEBUG] 2020-10-04 14:31:56.782 [main] MetamodelGraphWalker - Visiting attribute path : products.title
[DEBUG] 2020-10-04 14:31:56.782 [main] MetamodelGraphWalker - Visiting attribute path : products.user
[DEBUG] 2020-10-04 14:31:56.782 [main] MetamodelGraphWalker - Property path deemed to be circular : products.user
[DEBUG] 2020-10-04 14:31:56.782 [main] FetchStyleLoadPlanBuildingAssociationVisitationStrategy - Building LoadPlan...
[DEBUG] 2020-10-04 14:31:56.783 [main] LoadQueryJoinAndFetchProcessor - processing queryspace <gen:0>
[DEBUG] 2020-10-04 14:31:56.787 [main] LoadPlanTreePrinter - LoadPlan(entity=edu.matc.entity.User)
    - Returns
       - EntityReturnImpl(entity=edu.matc.entity.User, querySpaceUid=<gen:0>, path=edu.matc.entity.User)
          - CollectionAttributeFetchImpl(collection=edu.matc.entity.User.products, querySpaceUid=<gen:1>, path=edu.matc.entity.User.products)
             - (collection element) CollectionFetchableElementEntityGraph(entity=edu.matc.entity.Product, querySpaceUid=<gen:2>, path=edu.matc.entity.User.products.<elements>)
    - QuerySpaces
       - EntityQuerySpaceImpl(uid=<gen:0>, entity=edu.matc.entity.User)
          - SQL table alias mapping - user0_
          - alias suffix - 0_
          - suffixed key columns - {user_id1_1_0_}
          - JOIN (JoinDefinedByMetadata(products)) : <gen:0> -> <gen:1>
             - CollectionQuerySpaceImpl(uid=<gen:1>, collection=edu.matc.entity.User.products)
                - SQL table alias mapping - products1_
                - alias suffix - 1_
                - suffixed key columns - {user_id9_0_1_}
                - entity-element alias suffix - 2_
                - 2_entity-element suffixed key columns - item_id1_0_2_
                - JOIN (JoinDefinedByMetadata(elements)) : <gen:1> -> <gen:2>
                   - EntityQuerySpaceImpl(uid=<gen:2>, entity=edu.matc.entity.Product)
                      - SQL table alias mapping - products1_
                      - alias suffix - 2_
                      - suffixed key columns - {item_id1_0_2_}

[DEBUG] 2020-10-04 14:31:56.787 [main] EntityLoader - Static select for entity edu.matc.entity.User [READ]: select user0_.user_id as user_id1_1_0_, user0_.email as email2_1_0_, user0_.first_name as first_na3_1_0_, user0_.last_name as last_nam4_1_0_, user0_.password as password5_1_0_, products1_.user_id as user_id9_0_1_, products1_.item_id as item_id1_0_1_, products1_.item_id as item_id1_0_2_, products1_.customizable as customiz2_0_2_, products1_.description as descript3_0_2_, products1_.image as image4_0_2_, products1_.price as price5_0_2_, products1_.production_cost as producti6_0_2_, products1_.tags as tags7_0_2_, products1_.title as title8_0_2_, products1_.user_id as user_id9_0_2_ from user user0_ left outer join product products1_ on user0_.user_id=products1_.user_id where user0_.user_id=?
[DEBUG] 2020-10-04 14:31:56.874 [main] Loader - Static select for action ACTION_MERGE on entity edu.matc.entity.User: select user0_.user_id as user_id1_1_1_, user0_.email as email2_1_1_, user0_.first_name as first_na3_1_1_, user0_.last_name as last_nam4_1_1_, user0_.password as password5_1_1_, products1_.user_id as user_id9_0_3_, products1_.item_id as item_id1_0_3_, products1_.item_id as item_id1_0_0_, products1_.customizable as customiz2_0_0_, products1_.description as descript3_0_0_, products1_.image as image4_0_0_, products1_.price as price5_0_0_, products1_.production_cost as producti6_0_0_, products1_.tags as tags7_0_0_, products1_.title as title8_0_0_, products1_.user_id as user_id9_0_0_ from user user0_ left outer join product products1_ on user0_.user_id=products1_.user_id where user0_.user_id=?
[DEBUG] 2020-10-04 14:31:56.880 [main] Loader - Static select for action ACTION_REFRESH on entity edu.matc.entity.User: select user0_.user_id as user_id1_1_1_, user0_.email as email2_1_1_, user0_.first_name as first_na3_1_1_, user0_.last_name as last_nam4_1_1_, user0_.password as password5_1_1_, products1_.user_id as user_id9_0_3_, products1_.item_id as item_id1_0_3_, products1_.item_id as item_id1_0_0_, products1_.customizable as customiz2_0_0_, products1_.description as descript3_0_0_, products1_.image as image4_0_0_, products1_.price as price5_0_0_, products1_.production_cost as producti6_0_0_, products1_.tags as tags7_0_0_, products1_.title as title8_0_0_, products1_.user_id as user_id9_0_0_ from user user0_ left outer join product products1_ on user0_.user_id=products1_.user_id where user0_.user_id=?
[DEBUG] 2020-10-04 14:31:56.881 [main] AbstractEntityPersister - Static SQL for entity: edu.matc.entity.Product
[DEBUG] 2020-10-04 14:31:56.881 [main] AbstractEntityPersister -  Version select: select item_id from product where item_id =?
[DEBUG] 2020-10-04 14:31:56.881 [main] AbstractEntityPersister -  Snapshot select: select product_.item_id, product_.customizable as customiz2_0_, product_.description as descript3_0_, product_.image as image4_0_, product_.price as price5_0_, product_.production_cost as producti6_0_, product_.tags as tags7_0_, product_.title as title8_0_, product_.user_id as user_id9_0_ from product product_ where product_.item_id=?
[DEBUG] 2020-10-04 14:31:56.881 [main] AbstractEntityPersister -  Insert 0: insert into product (customizable, description, image, price, production_cost, tags, title, user_id, item_id) values (?, ?, ?, ?, ?, ?, ?, ?, ?)
[DEBUG] 2020-10-04 14:31:56.881 [main] AbstractEntityPersister -  Update 0: update product set customizable=?, description=?, image=?, price=?, production_cost=?, tags=?, title=?, user_id=? where item_id=?
[DEBUG] 2020-10-04 14:31:56.881 [main] AbstractEntityPersister -  Delete 0: delete from product where item_id=?
[DEBUG] 2020-10-04 14:31:56.889 [main] AbstractEntityPersister -  Identity insert: insert into product (customizable, description, image, price, production_cost, tags, title, user_id) values (?, ?, ?, ?, ?, ?, ?, ?)
[DEBUG] 2020-10-04 14:31:56.889 [main] QuerySpacesImpl - Adding QuerySpace : uid = <gen:0> -> org.hibernate.loader.plan.build.internal.spaces.EntityQuerySpaceImpl@7de147e9]
[DEBUG] 2020-10-04 14:31:56.890 [main] MetamodelGraphWalker - Visiting attribute path : customizable
[DEBUG] 2020-10-04 14:31:56.890 [main] MetamodelGraphWalker - Visiting attribute path : description
[DEBUG] 2020-10-04 14:31:56.891 [main] MetamodelGraphWalker - Visiting attribute path : image
[DEBUG] 2020-10-04 14:31:56.892 [main] MetamodelGraphWalker - Visiting attribute path : price
[DEBUG] 2020-10-04 14:31:56.893 [main] MetamodelGraphWalker - Visiting attribute path : productionCost
[DEBUG] 2020-10-04 14:31:56.893 [main] MetamodelGraphWalker - Visiting attribute path : tags
[DEBUG] 2020-10-04 14:31:56.893 [main] MetamodelGraphWalker - Visiting attribute path : title
[DEBUG] 2020-10-04 14:31:56.893 [main] MetamodelGraphWalker - Visiting attribute path : user
[DEBUG] 2020-10-04 14:31:56.896 [main] QuerySpacesImpl - Adding QuerySpace : uid = <gen:1> -> org.hibernate.loader.plan.build.internal.spaces.EntityQuerySpaceImpl@37d699a1]
[DEBUG] 2020-10-04 14:31:56.898 [main] MetamodelGraphWalker - Visiting attribute path : user.email
[DEBUG] 2020-10-04 14:31:56.898 [main] MetamodelGraphWalker - Visiting attribute path : user.firstName
[DEBUG] 2020-10-04 14:31:56.898 [main] MetamodelGraphWalker - Visiting attribute path : user.lastName
[DEBUG] 2020-10-04 14:31:56.898 [main] MetamodelGraphWalker - Visiting attribute path : user.password
[DEBUG] 2020-10-04 14:31:56.898 [main] MetamodelGraphWalker - Visiting attribute path : user.products
[DEBUG] 2020-10-04 14:31:56.898 [main] MetamodelGraphWalker - Property path deemed to be circular : user.products
[DEBUG] 2020-10-04 14:31:56.899 [main] FetchStyleLoadPlanBuildingAssociationVisitationStrategy - Building LoadPlan...
[DEBUG] 2020-10-04 14:31:56.899 [main] LoadQueryJoinAndFetchProcessor - processing queryspace <gen:0>
[DEBUG] 2020-10-04 14:31:56.906 [main] LoadPlanTreePrinter - LoadPlan(entity=edu.matc.entity.Product)
    - Returns
       - EntityReturnImpl(entity=edu.matc.entity.Product, querySpaceUid=<gen:0>, path=edu.matc.entity.Product)
          - EntityAttributeFetchImpl(entity=edu.matc.entity.User, querySpaceUid=<gen:1>, path=edu.matc.entity.Product.user)
    - QuerySpaces
       - EntityQuerySpaceImpl(uid=<gen:0>, entity=edu.matc.entity.Product)
          - SQL table alias mapping - product0_
          - alias suffix - 0_
          - suffixed key columns - {item_id1_0_0_}
          - JOIN (JoinDefinedByMetadata(user)) : <gen:0> -> <gen:1>
             - EntityQuerySpaceImpl(uid=<gen:1>, entity=edu.matc.entity.User)
                - SQL table alias mapping - user1_
                - alias suffix - 1_
                - suffixed key columns - {user_id1_1_1_}

[DEBUG] 2020-10-04 14:31:56.906 [main] EntityLoader - Static select for entity edu.matc.entity.Product [NONE]: select product0_.item_id as item_id1_0_0_, product0_.customizable as customiz2_0_0_, product0_.description as descript3_0_0_, product0_.image as image4_0_0_, product0_.price as price5_0_0_, product0_.production_cost as producti6_0_0_, product0_.tags as tags7_0_0_, product0_.title as title8_0_0_, product0_.user_id as user_id9_0_0_, user1_.user_id as user_id1_1_1_, user1_.email as email2_1_1_, user1_.first_name as first_na3_1_1_, user1_.last_name as last_nam4_1_1_, user1_.password as password5_1_1_ from product product0_ left outer join user user1_ on product0_.user_id=user1_.user_id where product0_.item_id=?
[DEBUG] 2020-10-04 14:31:56.906 [main] QuerySpacesImpl - Adding QuerySpace : uid = <gen:0> -> org.hibernate.loader.plan.build.internal.spaces.EntityQuerySpaceImpl@13ef7fa1]
[DEBUG] 2020-10-04 14:31:56.906 [main] MetamodelGraphWalker - Visiting attribute path : customizable
[DEBUG] 2020-10-04 14:31:56.906 [main] MetamodelGraphWalker - Visiting attribute path : description
[DEBUG] 2020-10-04 14:31:56.907 [main] MetamodelGraphWalker - Visiting attribute path : image
[DEBUG] 2020-10-04 14:31:56.907 [main] MetamodelGraphWalker - Visiting attribute path : price
[DEBUG] 2020-10-04 14:31:56.907 [main] MetamodelGraphWalker - Visiting attribute path : productionCost
[DEBUG] 2020-10-04 14:31:56.907 [main] MetamodelGraphWalker - Visiting attribute path : tags
[DEBUG] 2020-10-04 14:31:56.907 [main] MetamodelGraphWalker - Visiting attribute path : title
[DEBUG] 2020-10-04 14:31:56.907 [main] MetamodelGraphWalker - Visiting attribute path : user
[DEBUG] 2020-10-04 14:31:56.907 [main] QuerySpacesImpl - Adding QuerySpace : uid = <gen:1> -> org.hibernate.loader.plan.build.internal.spaces.EntityQuerySpaceImpl@54489296]
[DEBUG] 2020-10-04 14:31:56.907 [main] MetamodelGraphWalker - Visiting attribute path : user.email
[DEBUG] 2020-10-04 14:31:56.907 [main] MetamodelGraphWalker - Visiting attribute path : user.firstName
[DEBUG] 2020-10-04 14:31:56.907 [main] MetamodelGraphWalker - Visiting attribute path : user.lastName
[DEBUG] 2020-10-04 14:31:56.907 [main] MetamodelGraphWalker - Visiting attribute path : user.password
[DEBUG] 2020-10-04 14:31:56.907 [main] MetamodelGraphWalker - Visiting attribute path : user.products
[DEBUG] 2020-10-04 14:31:56.907 [main] MetamodelGraphWalker - Property path deemed to be circular : user.products
[DEBUG] 2020-10-04 14:31:56.907 [main] FetchStyleLoadPlanBuildingAssociationVisitationStrategy - Building LoadPlan...
[DEBUG] 2020-10-04 14:31:56.907 [main] LoadQueryJoinAndFetchProcessor - processing queryspace <gen:0>
[DEBUG] 2020-10-04 14:31:56.908 [main] LoadPlanTreePrinter - LoadPlan(entity=edu.matc.entity.Product)
    - Returns
       - EntityReturnImpl(entity=edu.matc.entity.Product, querySpaceUid=<gen:0>, path=edu.matc.entity.Product)
          - EntityAttributeFetchImpl(entity=edu.matc.entity.User, querySpaceUid=<gen:1>, path=edu.matc.entity.Product.user)
    - QuerySpaces
       - EntityQuerySpaceImpl(uid=<gen:0>, entity=edu.matc.entity.Product)
          - SQL table alias mapping - product0_
          - alias suffix - 0_
          - suffixed key columns - {item_id1_0_0_}
          - JOIN (JoinDefinedByMetadata(user)) : <gen:0> -> <gen:1>
             - EntityQuerySpaceImpl(uid=<gen:1>, entity=edu.matc.entity.User)
                - SQL table alias mapping - user1_
                - alias suffix - 1_
                - suffixed key columns - {user_id1_1_1_}

[DEBUG] 2020-10-04 14:31:56.908 [main] EntityLoader - Static select for entity edu.matc.entity.Product [READ]: select product0_.item_id as item_id1_0_0_, product0_.customizable as customiz2_0_0_, product0_.description as descript3_0_0_, product0_.image as image4_0_0_, product0_.price as price5_0_0_, product0_.production_cost as producti6_0_0_, product0_.tags as tags7_0_0_, product0_.title as title8_0_0_, product0_.user_id as user_id9_0_0_, user1_.user_id as user_id1_1_1_, user1_.email as email2_1_1_, user1_.first_name as first_na3_1_1_, user1_.last_name as last_nam4_1_1_, user1_.password as password5_1_1_ from product product0_ left outer join user user1_ on product0_.user_id=user1_.user_id where product0_.item_id=?
[DEBUG] 2020-10-04 14:31:56.908 [main] Loader - Static select for action ACTION_MERGE on entity edu.matc.entity.Product: select product0_.item_id as item_id1_0_0_, product0_.customizable as customiz2_0_0_, product0_.description as descript3_0_0_, product0_.image as image4_0_0_, product0_.price as price5_0_0_, product0_.production_cost as producti6_0_0_, product0_.tags as tags7_0_0_, product0_.title as title8_0_0_, product0_.user_id as user_id9_0_0_ from product product0_ where product0_.item_id=?
[DEBUG] 2020-10-04 14:31:56.908 [main] Loader - Static select for action ACTION_REFRESH on entity edu.matc.entity.Product: select product0_.item_id as item_id1_0_0_, product0_.customizable as customiz2_0_0_, product0_.description as descript3_0_0_, product0_.image as image4_0_0_, product0_.price as price5_0_0_, product0_.production_cost as producti6_0_0_, product0_.tags as tags7_0_0_, product0_.title as title8_0_0_, product0_.user_id as user_id9_0_0_ from product product0_ where product0_.item_id=?
[DEBUG] 2020-10-04 14:31:56.938 [main] QuerySpacesImpl - Adding QuerySpace : uid = <gen:0> -> org.hibernate.loader.plan.build.internal.spaces.CollectionQuerySpaceImpl@b8a144e]
[DEBUG] 2020-10-04 14:31:56.939 [main] QuerySpacesImpl - Adding QuerySpace : uid = <gen:1> -> org.hibernate.loader.plan.build.internal.spaces.EntityQuerySpaceImpl@5fb8dc01]
[DEBUG] 2020-10-04 14:31:56.939 [main] MetamodelGraphWalker - Visiting attribute path : customizable
[DEBUG] 2020-10-04 14:31:56.939 [main] MetamodelGraphWalker - Visiting attribute path : description
[DEBUG] 2020-10-04 14:31:56.939 [main] MetamodelGraphWalker - Visiting attribute path : image
[DEBUG] 2020-10-04 14:31:56.939 [main] MetamodelGraphWalker - Visiting attribute path : price
[DEBUG] 2020-10-04 14:31:56.939 [main] MetamodelGraphWalker - Visiting attribute path : productionCost
[DEBUG] 2020-10-04 14:31:56.939 [main] MetamodelGraphWalker - Visiting attribute path : tags
[DEBUG] 2020-10-04 14:31:56.940 [main] MetamodelGraphWalker - Visiting attribute path : title
[DEBUG] 2020-10-04 14:31:56.940 [main] MetamodelGraphWalker - Visiting attribute path : user
[DEBUG] 2020-10-04 14:31:56.940 [main] MetamodelGraphWalker - Property path deemed to be circular : user
[DEBUG] 2020-10-04 14:31:56.941 [main] FetchStyleLoadPlanBuildingAssociationVisitationStrategy - Building LoadPlan...
[DEBUG] 2020-10-04 14:31:56.955 [main] LoadQueryJoinAndFetchProcessor - processing queryspace <gen:0>
[DEBUG] 2020-10-04 14:31:56.956 [main] LoadPlanTreePrinter - LoadPlan(collection=edu.matc.entity.User.products)
    - Returns
       - CollectionReturnImpl(collection=edu.matc.entity.User.products, querySpaceUid=<gen:0>, path=[edu.matc.entity.User.products])
          - (collection element) CollectionFetchableElementEntityGraph(entity=edu.matc.entity.Product, querySpaceUid=<gen:1>, path=[edu.matc.entity.User.products].<elements>)
    - QuerySpaces
       - CollectionQuerySpaceImpl(uid=<gen:0>, collection=edu.matc.entity.User.products)
          - SQL table alias mapping - products0_
          - alias suffix - 0_
          - suffixed key columns - {user_id9_0_0_}
          - entity-element alias suffix - 1_
          - 1_entity-element suffixed key columns - item_id1_0_1_
          - JOIN (JoinDefinedByMetadata(elements)) : <gen:0> -> <gen:1>
             - EntityQuerySpaceImpl(uid=<gen:1>, entity=edu.matc.entity.Product)
                - SQL table alias mapping - products0_
                - alias suffix - 1_
                - suffixed key columns - {item_id1_0_1_}

[DEBUG] 2020-10-04 14:31:56.968 [main] CollectionLoader - Static select for collection edu.matc.entity.User.products: select products0_.user_id as user_id9_0_0_, products0_.item_id as item_id1_0_0_, products0_.item_id as item_id1_0_1_, products0_.customizable as customiz2_0_1_, products0_.description as descript3_0_1_, products0_.image as image4_0_1_, products0_.price as price5_0_1_, products0_.production_cost as producti6_0_1_, products0_.tags as tags7_0_1_, products0_.title as title8_0_1_, products0_.user_id as user_id9_0_1_ from product products0_ where products0_.user_id=?
[DEBUG] 2020-10-04 14:31:57.116 [main] SchemaManagementToolCoordinator - No actions specified; doing nothing
[DEBUG] 2020-10-04 14:31:57.117 [main] JtaPlatformInitiator - No JtaPlatform was specified, checking resolver
[DEBUG] 2020-10-04 14:31:57.118 [main] JtaPlatformResolverInitiator - No JtaPlatformResolver was specified, using default [org.hibernate.engine.transaction.jta.platform.internal.StandardJtaPlatformResolver]
[DEBUG] 2020-10-04 14:31:57.137 [main] StandardJtaPlatformResolver - Could not resolve JtaPlatform, using default [org.hibernate.engine.transaction.jta.platform.internal.NoJtaPlatform]
[INFO ] 2020-10-04 14:31:57.147 [main] JtaPlatformInitiator - HHH000490: Using JtaPlatform implementation: [org.hibernate.engine.transaction.jta.platform.internal.NoJtaPlatform]
[DEBUG] 2020-10-04 14:31:57.152 [main] NamedQueryRepository - Checking 0 named HQL queries
[DEBUG] 2020-10-04 14:31:57.154 [main] NamedQueryRepository - Checking 0 named SQL queries
[DEBUG] 2020-10-04 14:31:57.168 [main] SessionFactoryRegistry - Initializing SessionFactoryRegistry : org.hibernate.internal.SessionFactoryRegistry@643ecfef
[DEBUG] 2020-10-04 14:31:57.178 [main] SessionFactoryRegistry - Registering SessionFactory: 77fd6b00-9e25-48f2-bdae-6726aa53e335 (<unnamed>)
[DEBUG] 2020-10-04 14:31:57.178 [main] SessionFactoryRegistry - Not binding SessionFactory to JNDI, no JNDI name configured
