[DEBUG] 2020-09-30 17:02:06.313 [main] IntegratorServiceImpl - Adding Integrator [org.hibernate.cfg.beanvalidation.BeanValidationIntegrator].
[DEBUG] 2020-09-30 17:02:06.357 [main] IntegratorServiceImpl - Adding Integrator [org.hibernate.secure.spi.JaccIntegrator].
[DEBUG] 2020-09-30 17:02:06.376 [main] IntegratorServiceImpl - Adding Integrator [org.hibernate.cache.internal.CollectionCacheInvalidator].
[INFO ] 2020-09-30 17:02:06.697 [main] Version - HHH000412: Hibernate Core {5.4.4.Final}
[DEBUG] 2020-09-30 17:02:06.708 [main] Environment - HHH000206: hibernate.properties not found
[DEBUG] 2020-09-30 17:02:07.475 [main] LocalXmlResourceResolver - Interpreting public/system identifier : [-//Hibernate/Hibernate Configuration DTD//EN] - [http://www.hibernate.org/dtd/hibernate-configuration-3.0.dtd]
[DEBUG] 2020-09-30 17:02:07.482 [main] LocalXmlResourceResolver - Recognized hibernate-configuration identifier; attempting to resolve on classpath under org/hibernate/
[DEBUG] 2020-09-30 17:02:07.502 [main] JaxbCfgProcessor - cfg.xml document did not define namespaces; wrapping in custom event reader to introduce namespace information
[DEBUG] 2020-09-30 17:02:08.262 [main] ServiceBinding - Overriding existing service binding [org.hibernate.secure.spi.JaccService]
[DEBUG] 2020-09-30 17:02:08.310 [main] RegionFactoryInitiator - Cannot default RegionFactory based on registered strategies as `[]` RegionFactory strategies were registered
[DEBUG] 2020-09-30 17:02:08.311 [main] RegionFactoryInitiator - Cache region factory : org.hibernate.cache.internal.NoCachingRegionFactory
[INFO ] 2020-09-30 17:02:08.357 [main] Version - HCANN000001: Hibernate Commons Annotations {5.1.0.Final}
[DEBUG] 2020-09-30 17:02:08.405 [main] BasicTypeRegistry - Adding type registration boolean -> org.hibernate.type.BooleanType@16fe9c29
[DEBUG] 2020-09-30 17:02:08.406 [main] BasicTypeRegistry - Adding type registration boolean -> org.hibernate.type.BooleanType@16fe9c29
[DEBUG] 2020-09-30 17:02:08.406 [main] BasicTypeRegistry - Adding type registration java.lang.Boolean -> org.hibernate.type.BooleanType@16fe9c29
[DEBUG] 2020-09-30 17:02:08.406 [main] BasicTypeRegistry - Adding type registration numeric_boolean -> org.hibernate.type.NumericBooleanType@1eea9d2d
[DEBUG] 2020-09-30 17:02:08.407 [main] BasicTypeRegistry - Adding type registration true_false -> org.hibernate.type.TrueFalseType@7808fb9
[DEBUG] 2020-09-30 17:02:08.407 [main] BasicTypeRegistry - Adding type registration yes_no -> org.hibernate.type.YesNoType@6e6fce47
[DEBUG] 2020-09-30 17:02:08.409 [main] BasicTypeRegistry - Adding type registration byte -> org.hibernate.type.ByteType@34b9fc7d
[DEBUG] 2020-09-30 17:02:08.410 [main] BasicTypeRegistry - Adding type registration byte -> org.hibernate.type.ByteType@34b9fc7d
[DEBUG] 2020-09-30 17:02:08.410 [main] BasicTypeRegistry - Adding type registration java.lang.Byte -> org.hibernate.type.ByteType@34b9fc7d
[DEBUG] 2020-09-30 17:02:08.411 [main] BasicTypeRegistry - Adding type registration character -> org.hibernate.type.CharacterType@588ffeb
[DEBUG] 2020-09-30 17:02:08.412 [main] BasicTypeRegistry - Adding type registration char -> org.hibernate.type.CharacterType@588ffeb
[DEBUG] 2020-09-30 17:02:08.412 [main] BasicTypeRegistry - Adding type registration java.lang.Character -> org.hibernate.type.CharacterType@588ffeb
[DEBUG] 2020-09-30 17:02:08.413 [main] BasicTypeRegistry - Adding type registration short -> org.hibernate.type.ShortType@34cf5a97
[DEBUG] 2020-09-30 17:02:08.413 [main] BasicTypeRegistry - Adding type registration short -> org.hibernate.type.ShortType@34cf5a97
[DEBUG] 2020-09-30 17:02:08.413 [main] BasicTypeRegistry - Adding type registration java.lang.Short -> org.hibernate.type.ShortType@34cf5a97
[DEBUG] 2020-09-30 17:02:08.415 [main] BasicTypeRegistry - Adding type registration integer -> org.hibernate.type.IntegerType@6443b128
[DEBUG] 2020-09-30 17:02:08.415 [main] BasicTypeRegistry - Adding type registration int -> org.hibernate.type.IntegerType@6443b128
[DEBUG] 2020-09-30 17:02:08.415 [main] BasicTypeRegistry - Adding type registration java.lang.Integer -> org.hibernate.type.IntegerType@6443b128
[DEBUG] 2020-09-30 17:02:08.416 [main] BasicTypeRegistry - Adding type registration long -> org.hibernate.type.LongType@61d01788
[DEBUG] 2020-09-30 17:02:08.417 [main] BasicTypeRegistry - Adding type registration long -> org.hibernate.type.LongType@61d01788
[DEBUG] 2020-09-30 17:02:08.417 [main] BasicTypeRegistry - Adding type registration java.lang.Long -> org.hibernate.type.LongType@61d01788
[DEBUG] 2020-09-30 17:02:08.418 [main] BasicTypeRegistry - Adding type registration float -> org.hibernate.type.FloatType@6ad6fa53
[DEBUG] 2020-09-30 17:02:08.418 [main] BasicTypeRegistry - Adding type registration float -> org.hibernate.type.FloatType@6ad6fa53
[DEBUG] 2020-09-30 17:02:08.419 [main] BasicTypeRegistry - Adding type registration java.lang.Float -> org.hibernate.type.FloatType@6ad6fa53
[DEBUG] 2020-09-30 17:02:08.420 [main] BasicTypeRegistry - Adding type registration double -> org.hibernate.type.DoubleType@30af7377
[DEBUG] 2020-09-30 17:02:08.421 [main] BasicTypeRegistry - Adding type registration double -> org.hibernate.type.DoubleType@30af7377
[DEBUG] 2020-09-30 17:02:08.422 [main] BasicTypeRegistry - Adding type registration java.lang.Double -> org.hibernate.type.DoubleType@30af7377
[DEBUG] 2020-09-30 17:02:08.423 [main] BasicTypeRegistry - Adding type registration big_decimal -> org.hibernate.type.BigDecimalType@5c20ffa8
[DEBUG] 2020-09-30 17:02:08.423 [main] BasicTypeRegistry - Adding type registration java.math.BigDecimal -> org.hibernate.type.BigDecimalType@5c20ffa8
[DEBUG] 2020-09-30 17:02:08.424 [main] BasicTypeRegistry - Adding type registration big_integer -> org.hibernate.type.BigIntegerType@6bcbf05b
[DEBUG] 2020-09-30 17:02:08.424 [main] BasicTypeRegistry - Adding type registration java.math.BigInteger -> org.hibernate.type.BigIntegerType@6bcbf05b
[DEBUG] 2020-09-30 17:02:08.430 [main] BasicTypeRegistry - Adding type registration string -> org.hibernate.type.StringType@59942b48
[DEBUG] 2020-09-30 17:02:08.431 [main] BasicTypeRegistry - Adding type registration java.lang.String -> org.hibernate.type.StringType@59942b48
[DEBUG] 2020-09-30 17:02:08.432 [main] BasicTypeRegistry - Adding type registration nstring -> org.hibernate.type.StringNVarcharType@6090f3ca
[DEBUG] 2020-09-30 17:02:08.433 [main] BasicTypeRegistry - Adding type registration ncharacter -> org.hibernate.type.CharacterNCharType@6872f9c8
[DEBUG] 2020-09-30 17:02:08.433 [main] BasicTypeRegistry - Adding type registration url -> org.hibernate.type.UrlType@52a36910
[DEBUG] 2020-09-30 17:02:08.434 [main] BasicTypeRegistry - Adding type registration java.net.URL -> org.hibernate.type.UrlType@52a36910
[DEBUG] 2020-09-30 17:02:08.435 [main] BasicTypeRegistry - Adding type registration Duration -> org.hibernate.type.DurationType@22fba58c
[DEBUG] 2020-09-30 17:02:08.435 [main] BasicTypeRegistry - Adding type registration java.time.Duration -> org.hibernate.type.DurationType@22fba58c
[DEBUG] 2020-09-30 17:02:08.444 [main] BasicTypeRegistry - Adding type registration Instant -> org.hibernate.type.InstantType@f973499
[DEBUG] 2020-09-30 17:02:08.446 [main] BasicTypeRegistry - Adding type registration java.time.Instant -> org.hibernate.type.InstantType@f973499
[DEBUG] 2020-09-30 17:02:08.448 [main] BasicTypeRegistry - Adding type registration LocalDateTime -> org.hibernate.type.LocalDateTimeType@703feacd
[DEBUG] 2020-09-30 17:02:08.448 [main] BasicTypeRegistry - Adding type registration java.time.LocalDateTime -> org.hibernate.type.LocalDateTimeType@703feacd
[DEBUG] 2020-09-30 17:02:08.449 [main] BasicTypeRegistry - Adding type registration LocalDate -> org.hibernate.type.LocalDateType@102d92c4
[DEBUG] 2020-09-30 17:02:08.449 [main] BasicTypeRegistry - Adding type registration java.time.LocalDate -> org.hibernate.type.LocalDateType@102d92c4
[DEBUG] 2020-09-30 17:02:08.450 [main] BasicTypeRegistry - Adding type registration LocalTime -> org.hibernate.type.LocalTimeType@abbc908
[DEBUG] 2020-09-30 17:02:08.450 [main] BasicTypeRegistry - Adding type registration java.time.LocalTime -> org.hibernate.type.LocalTimeType@abbc908
[DEBUG] 2020-09-30 17:02:08.452 [main] BasicTypeRegistry - Adding type registration OffsetDateTime -> org.hibernate.type.OffsetDateTimeType@5f84abe8
[DEBUG] 2020-09-30 17:02:08.452 [main] BasicTypeRegistry - Adding type registration java.time.OffsetDateTime -> org.hibernate.type.OffsetDateTimeType@5f84abe8
[DEBUG] 2020-09-30 17:02:08.454 [main] BasicTypeRegistry - Adding type registration OffsetTime -> org.hibernate.type.OffsetTimeType@78411116
[DEBUG] 2020-09-30 17:02:08.454 [main] BasicTypeRegistry - Adding type registration java.time.OffsetTime -> org.hibernate.type.OffsetTimeType@78411116
[DEBUG] 2020-09-30 17:02:08.456 [main] BasicTypeRegistry - Adding type registration ZonedDateTime -> org.hibernate.type.ZonedDateTimeType@2d195ee4
[DEBUG] 2020-09-30 17:02:08.456 [main] BasicTypeRegistry - Adding type registration java.time.ZonedDateTime -> org.hibernate.type.ZonedDateTimeType@2d195ee4
[DEBUG] 2020-09-30 17:02:08.458 [main] BasicTypeRegistry - Adding type registration date -> org.hibernate.type.DateType@1280851e
[DEBUG] 2020-09-30 17:02:08.458 [main] BasicTypeRegistry - Adding type registration java.sql.Date -> org.hibernate.type.DateType@1280851e
[DEBUG] 2020-09-30 17:02:08.459 [main] BasicTypeRegistry - Adding type registration time -> org.hibernate.type.TimeType@749f539e
[DEBUG] 2020-09-30 17:02:08.459 [main] BasicTypeRegistry - Adding type registration java.sql.Time -> org.hibernate.type.TimeType@749f539e
[DEBUG] 2020-09-30 17:02:08.460 [main] BasicTypeRegistry - Adding type registration timestamp -> org.hibernate.type.TimestampType@6a969fb8
[DEBUG] 2020-09-30 17:02:08.461 [main] BasicTypeRegistry - Adding type registration java.sql.Timestamp -> org.hibernate.type.TimestampType@6a969fb8
[DEBUG] 2020-09-30 17:02:08.461 [main] BasicTypeRegistry - Adding type registration java.util.Date -> org.hibernate.type.TimestampType@6a969fb8
[DEBUG] 2020-09-30 17:02:08.462 [main] BasicTypeRegistry - Adding type registration dbtimestamp -> org.hibernate.type.DbTimestampType@b558294
[DEBUG] 2020-09-30 17:02:08.486 [main] BasicTypeRegistry - Adding type registration calendar -> org.hibernate.type.CalendarType@5f14a673
[DEBUG] 2020-09-30 17:02:08.487 [main] BasicTypeRegistry - Adding type registration java.util.Calendar -> org.hibernate.type.CalendarType@5f14a673
[DEBUG] 2020-09-30 17:02:08.487 [main] BasicTypeRegistry - Adding type registration java.util.GregorianCalendar -> org.hibernate.type.CalendarType@5f14a673
[DEBUG] 2020-09-30 17:02:08.491 [main] BasicTypeRegistry - Adding type registration calendar_date -> org.hibernate.type.CalendarDateType@5467eea4
[DEBUG] 2020-09-30 17:02:08.493 [main] BasicTypeRegistry - Adding type registration locale -> org.hibernate.type.LocaleType@21719a0
[DEBUG] 2020-09-30 17:02:08.493 [main] BasicTypeRegistry - Adding type registration java.util.Locale -> org.hibernate.type.LocaleType@21719a0
[DEBUG] 2020-09-30 17:02:08.495 [main] BasicTypeRegistry - Adding type registration currency -> org.hibernate.type.CurrencyType@12a160c2
[DEBUG] 2020-09-30 17:02:08.495 [main] BasicTypeRegistry - Adding type registration java.util.Currency -> org.hibernate.type.CurrencyType@12a160c2
[DEBUG] 2020-09-30 17:02:08.496 [main] BasicTypeRegistry - Adding type registration timezone -> org.hibernate.type.TimeZoneType@7923f5b3
[DEBUG] 2020-09-30 17:02:08.497 [main] BasicTypeRegistry - Adding type registration java.util.TimeZone -> org.hibernate.type.TimeZoneType@7923f5b3
[DEBUG] 2020-09-30 17:02:08.498 [main] BasicTypeRegistry - Adding type registration class -> org.hibernate.type.ClassType@340b7ef6
[DEBUG] 2020-09-30 17:02:08.498 [main] BasicTypeRegistry - Adding type registration java.lang.Class -> org.hibernate.type.ClassType@340b7ef6
[DEBUG] 2020-09-30 17:02:08.500 [main] BasicTypeRegistry - Adding type registration uuid-binary -> org.hibernate.type.UUIDBinaryType@7b208b45
[DEBUG] 2020-09-30 17:02:08.500 [main] BasicTypeRegistry - Adding type registration java.util.UUID -> org.hibernate.type.UUIDBinaryType@7b208b45
[DEBUG] 2020-09-30 17:02:08.501 [main] BasicTypeRegistry - Adding type registration uuid-char -> org.hibernate.type.UUIDCharType@3e83c18
[DEBUG] 2020-09-30 17:02:08.503 [main] BasicTypeRegistry - Adding type registration binary -> org.hibernate.type.BinaryType@51751e5f
[DEBUG] 2020-09-30 17:02:08.503 [main] BasicTypeRegistry - Adding type registration byte[] -> org.hibernate.type.BinaryType@51751e5f
[DEBUG] 2020-09-30 17:02:08.503 [main] BasicTypeRegistry - Adding type registration [B -> org.hibernate.type.BinaryType@51751e5f
[DEBUG] 2020-09-30 17:02:08.505 [main] BasicTypeRegistry - Adding type registration wrapper-binary -> org.hibernate.type.WrapperBinaryType@1bcb79c2
[DEBUG] 2020-09-30 17:02:08.506 [main] BasicTypeRegistry - Adding type registration Byte[] -> org.hibernate.type.WrapperBinaryType@1bcb79c2
[DEBUG] 2020-09-30 17:02:08.506 [main] BasicTypeRegistry - Adding type registration [Ljava.lang.Byte; -> org.hibernate.type.WrapperBinaryType@1bcb79c2
[DEBUG] 2020-09-30 17:02:08.507 [main] BasicTypeRegistry - Adding type registration row_version -> org.hibernate.type.RowVersionType@4078695f
[DEBUG] 2020-09-30 17:02:08.508 [main] BasicTypeRegistry - Adding type registration image -> org.hibernate.type.ImageType@42c2f48c
[DEBUG] 2020-09-30 17:02:08.509 [main] BasicTypeRegistry - Adding type registration characters -> org.hibernate.type.CharArrayType@14151bc5
[DEBUG] 2020-09-30 17:02:08.509 [main] BasicTypeRegistry - Adding type registration char[] -> org.hibernate.type.CharArrayType@14151bc5
[DEBUG] 2020-09-30 17:02:08.510 [main] BasicTypeRegistry - Adding type registration [C -> org.hibernate.type.CharArrayType@14151bc5
[DEBUG] 2020-09-30 17:02:08.511 [main] BasicTypeRegistry - Adding type registration wrapper-characters -> org.hibernate.type.CharacterArrayType@982bb90
[DEBUG] 2020-09-30 17:02:08.516 [main] BasicTypeRegistry - Adding type registration [Ljava.lang.Character; -> org.hibernate.type.CharacterArrayType@982bb90
[DEBUG] 2020-09-30 17:02:08.516 [main] BasicTypeRegistry - Adding type registration Character[] -> org.hibernate.type.CharacterArrayType@982bb90
[DEBUG] 2020-09-30 17:02:08.516 [main] BasicTypeRegistry - Adding type registration text -> org.hibernate.type.TextType@57fae983
[DEBUG] 2020-09-30 17:02:08.517 [main] BasicTypeRegistry - Adding type registration ntext -> org.hibernate.type.NTextType@44c5a16f
[DEBUG] 2020-09-30 17:02:08.519 [main] BasicTypeRegistry - Adding type registration blob -> org.hibernate.type.BlobType@3df978b9
[DEBUG] 2020-09-30 17:02:08.521 [main] BasicTypeRegistry - Adding type registration java.sql.Blob -> org.hibernate.type.BlobType@3df978b9
[DEBUG] 2020-09-30 17:02:08.522 [main] BasicTypeRegistry - Adding type registration materialized_blob -> org.hibernate.type.MaterializedBlobType@1763992e
[DEBUG] 2020-09-30 17:02:08.524 [main] BasicTypeRegistry - Adding type registration clob -> org.hibernate.type.ClobType@5b022357
[DEBUG] 2020-09-30 17:02:08.524 [main] BasicTypeRegistry - Adding type registration java.sql.Clob -> org.hibernate.type.ClobType@5b022357
[DEBUG] 2020-09-30 17:02:08.525 [main] BasicTypeRegistry - Adding type registration nclob -> org.hibernate.type.NClobType@f14e5bf
[DEBUG] 2020-09-30 17:02:08.525 [main] BasicTypeRegistry - Adding type registration java.sql.NClob -> org.hibernate.type.NClobType@f14e5bf
[DEBUG] 2020-09-30 17:02:08.526 [main] BasicTypeRegistry - Adding type registration materialized_clob -> org.hibernate.type.MaterializedClobType@6f952d6c
[DEBUG] 2020-09-30 17:02:08.526 [main] BasicTypeRegistry - Adding type registration materialized_nclob -> org.hibernate.type.MaterializedNClobType@4c98a6d5
[DEBUG] 2020-09-30 17:02:08.527 [main] BasicTypeRegistry - Adding type registration serializable -> org.hibernate.type.SerializableType@7b2a3ff8
[DEBUG] 2020-09-30 17:02:08.530 [main] BasicTypeRegistry - Adding type registration object -> org.hibernate.type.ObjectType@74fe5966
[DEBUG] 2020-09-30 17:02:08.530 [main] BasicTypeRegistry - Adding type registration java.lang.Object -> org.hibernate.type.ObjectType@74fe5966
[DEBUG] 2020-09-30 17:02:08.531 [main] BasicTypeRegistry - Adding type registration imm_date -> org.hibernate.type.AdaptedImmutableType@4c27d39d
[DEBUG] 2020-09-30 17:02:08.531 [main] BasicTypeRegistry - Adding type registration imm_time -> org.hibernate.type.AdaptedImmutableType@40ee0a22
[DEBUG] 2020-09-30 17:02:08.531 [main] BasicTypeRegistry - Adding type registration imm_timestamp -> org.hibernate.type.AdaptedImmutableType@7bde1f3a
[DEBUG] 2020-09-30 17:02:08.531 [main] BasicTypeRegistry - Adding type registration imm_dbtimestamp -> org.hibernate.type.AdaptedImmutableType@15923407
[DEBUG] 2020-09-30 17:02:08.531 [main] BasicTypeRegistry - Adding type registration imm_calendar -> org.hibernate.type.AdaptedImmutableType@67dba613
[DEBUG] 2020-09-30 17:02:08.531 [main] BasicTypeRegistry - Adding type registration imm_calendar_date -> org.hibernate.type.AdaptedImmutableType@57540fd0
[DEBUG] 2020-09-30 17:02:08.531 [main] BasicTypeRegistry - Adding type registration imm_binary -> org.hibernate.type.AdaptedImmutableType@5cf8edcf
[DEBUG] 2020-09-30 17:02:08.531 [main] BasicTypeRegistry - Adding type registration imm_serializable -> org.hibernate.type.AdaptedImmutableType@58cec85b
[DEBUG] 2020-09-30 17:02:08.572 [main] DefaultIdentifierGeneratorFactory - Registering IdentifierGenerator strategy [uuid2] -> [org.hibernate.id.UUIDGenerator]
[DEBUG] 2020-09-30 17:02:08.573 [main] DefaultIdentifierGeneratorFactory - Registering IdentifierGenerator strategy [guid] -> [org.hibernate.id.GUIDGenerator]
[DEBUG] 2020-09-30 17:02:08.574 [main] DefaultIdentifierGeneratorFactory - Registering IdentifierGenerator strategy [uuid] -> [org.hibernate.id.UUIDHexGenerator]
[DEBUG] 2020-09-30 17:02:08.575 [main] DefaultIdentifierGeneratorFactory - Registering IdentifierGenerator strategy [uuid.hex] -> [org.hibernate.id.UUIDHexGenerator]
[DEBUG] 2020-09-30 17:02:08.578 [main] DefaultIdentifierGeneratorFactory - Registering IdentifierGenerator strategy [assigned] -> [org.hibernate.id.Assigned]
[DEBUG] 2020-09-30 17:02:08.579 [main] DefaultIdentifierGeneratorFactory - Registering IdentifierGenerator strategy [identity] -> [org.hibernate.id.IdentityGenerator]
[DEBUG] 2020-09-30 17:02:08.579 [main] DefaultIdentifierGeneratorFactory - Registering IdentifierGenerator strategy [select] -> [org.hibernate.id.SelectGenerator]
[DEBUG] 2020-09-30 17:02:08.580 [main] DefaultIdentifierGeneratorFactory - Registering IdentifierGenerator strategy [sequence] -> [org.hibernate.id.enhanced.SequenceStyleGenerator]
[DEBUG] 2020-09-30 17:02:08.581 [main] DefaultIdentifierGeneratorFactory - Registering IdentifierGenerator strategy [seqhilo] -> [org.hibernate.id.SequenceHiLoGenerator]
[DEBUG] 2020-09-30 17:02:08.582 [main] DefaultIdentifierGeneratorFactory - Registering IdentifierGenerator strategy [increment] -> [org.hibernate.id.IncrementGenerator]
[DEBUG] 2020-09-30 17:02:08.582 [main] DefaultIdentifierGeneratorFactory - Registering IdentifierGenerator strategy [foreign] -> [org.hibernate.id.ForeignGenerator]
[DEBUG] 2020-09-30 17:02:08.583 [main] DefaultIdentifierGeneratorFactory - Registering IdentifierGenerator strategy [sequence-identity] -> [org.hibernate.id.SequenceIdentityGenerator]
[DEBUG] 2020-09-30 17:02:08.583 [main] DefaultIdentifierGeneratorFactory - Registering IdentifierGenerator strategy [enhanced-sequence] -> [org.hibernate.id.enhanced.SequenceStyleGenerator]
[DEBUG] 2020-09-30 17:02:08.584 [main] DefaultIdentifierGeneratorFactory - Registering IdentifierGenerator strategy [enhanced-table] -> [org.hibernate.id.enhanced.TableGenerator]
[INFO ] 2020-09-30 17:02:08.589 [main] C3P0ConnectionProvider - HHH010002: C3P0 using driver: com.mysql.cj.jdbc.Driver at URL: jdbc:mysql://localhost:3306/test?serverTimezone=UTC
[INFO ] 2020-09-30 17:02:08.590 [main] C3P0ConnectionProvider - HHH10001001: Connection properties: {password=****, user=root}
[INFO ] 2020-09-30 17:02:08.590 [main] C3P0ConnectionProvider - HHH10001003: Autocommit mode: false
[INFO ] 2020-09-30 17:02:08.843 [main] C3P0ConnectionProvider - HHH10001007: JDBC isolation level: <unknown>
[DEBUG] 2020-09-30 17:02:09.936 [main] JdbcEnvironmentInitiator - Database ->
       name : MySQL
    version : 8.0.16
      major : 8
      minor : 0
[DEBUG] 2020-09-30 17:02:09.936 [main] JdbcEnvironmentInitiator - Driver ->
       name : MySQL Connector/J
    version : mysql-connector-java-8.0.16 (Revision: 34cbc6bc61f72836e26327537a432d6db7c77de6)
      major : 8
      minor : 0
[DEBUG] 2020-09-30 17:02:09.937 [main] JdbcEnvironmentInitiator - JDBC version : 4.2
[INFO ] 2020-09-30 17:02:10.011 [main] Dialect - HHH000400: Using dialect: org.hibernate.dialect.MySQL8Dialect
[DEBUG] 2020-09-30 17:02:10.039 [main] IdentifierHelperBuilder - JDBC driver metadata reported database stores quoted identifiers in more than one case
[DEBUG] 2020-09-30 17:02:10.107 [main] IdentifierHelperBuilder - IdentifierCaseStrategy for both quoted and unquoted identifiers was set to the same strategy [MIXED]; that will likely lead to problems in schema update and validation if using quoted identifiers
[DEBUG] 2020-09-30 17:02:10.206 [main] Namespace - Created database namespace [logicalName=Name{catalog=null, schema=null}, physicalName=Name{catalog=null, schema=null}]
[DEBUG] 2020-09-30 17:02:10.211 [main] TypeConfiguration$Scope - Scoping TypeConfiguration [org.hibernate.type.spi.TypeConfiguration@28501a4b] to MetadataBuildingContext [org.hibernate.boot.internal.MetadataBuildingContextRootImpl@5b051a5c]
[DEBUG] 2020-09-30 17:02:10.332 [main] AnnotationBinder - Binding entity from annotated class: edu.matc.entity.User
[DEBUG] 2020-09-30 17:02:10.384 [main] Ejb3Column - Binding column: Ejb3DiscriminatorColumn{logicalColumnName'DTYPE', discriminatorTypeName='string'}
[DEBUG] 2020-09-30 17:02:10.393 [main] EntityBinder - Import with entity name User
[DEBUG] 2020-09-30 17:02:10.396 [main] EntityBinder - Bind entity edu.matc.entity.User on table user
[DEBUG] 2020-09-30 17:02:10.445 [main] Ejb3Column - Binding column: Ejb3Column{table=org.hibernate.mapping.Table(user), mappingColumn=user_id, insertable=true, updatable=true, unique=false}
[DEBUG] 2020-09-30 17:02:10.448 [main] PropertyBinder - MetadataSourceProcessor property userId with lazy=false
[DEBUG] 2020-09-30 17:02:10.457 [main] AbstractPropertyHolder - Attempting to locate auto-apply AttributeConverter for property [edu.matc.entity.User:userId]
[DEBUG] 2020-09-30 17:02:10.459 [main] SimpleValueBinder - building SimpleValue for userId
[DEBUG] 2020-09-30 17:02:10.467 [main] PropertyBinder - Building property userId
[DEBUG] 2020-09-30 17:02:10.476 [main] BinderHelper - #makeIdGenerator(org.hibernate.mapping.SimpleValue([org.hibernate.mapping.Column(user_id)]), userId, org.hibernate.id.enhanced.SequenceStyleGenerator, native, ...)
[DEBUG] 2020-09-30 17:02:10.478 [main] Ejb3Column - Binding column: Ejb3Column{table=org.hibernate.mapping.Table(user), mappingColumn=email, insertable=true, updatable=true, unique=false}
[DEBUG] 2020-09-30 17:02:10.484 [main] PropertyBinder - MetadataSourceProcessor property email with lazy=false
[DEBUG] 2020-09-30 17:02:10.484 [main] AbstractPropertyHolder - Attempting to locate auto-apply AttributeConverter for property [edu.matc.entity.User:email]
[DEBUG] 2020-09-30 17:02:10.484 [main] SimpleValueBinder - building SimpleValue for email
[DEBUG] 2020-09-30 17:02:10.485 [main] PropertyBinder - Building property email
[DEBUG] 2020-09-30 17:02:10.485 [main] Ejb3Column - Binding column: Ejb3Column{table=org.hibernate.mapping.Table(user), mappingColumn=first_name, insertable=true, updatable=true, unique=false}
[DEBUG] 2020-09-30 17:02:10.485 [main] PropertyBinder - MetadataSourceProcessor property firstName with lazy=false
[DEBUG] 2020-09-30 17:02:10.485 [main] AbstractPropertyHolder - Attempting to locate auto-apply AttributeConverter for property [edu.matc.entity.User:firstName]
[DEBUG] 2020-09-30 17:02:10.485 [main] SimpleValueBinder - building SimpleValue for firstName
[DEBUG] 2020-09-30 17:02:10.486 [main] PropertyBinder - Building property firstName
[DEBUG] 2020-09-30 17:02:10.486 [main] Ejb3Column - Binding column: Ejb3Column{table=org.hibernate.mapping.Table(user), mappingColumn=last_name, insertable=true, updatable=true, unique=false}
[DEBUG] 2020-09-30 17:02:10.487 [main] PropertyBinder - MetadataSourceProcessor property lastName with lazy=false
[DEBUG] 2020-09-30 17:02:10.487 [main] AbstractPropertyHolder - Attempting to locate auto-apply AttributeConverter for property [edu.matc.entity.User:lastName]
[DEBUG] 2020-09-30 17:02:10.488 [main] SimpleValueBinder - building SimpleValue for lastName
[DEBUG] 2020-09-30 17:02:10.488 [main] PropertyBinder - Building property lastName
[DEBUG] 2020-09-30 17:02:10.488 [main] Ejb3Column - Binding column: Ejb3Column{table=org.hibernate.mapping.Table(user), mappingColumn=password, insertable=true, updatable=true, unique=false}
[DEBUG] 2020-09-30 17:02:10.493 [main] PropertyBinder - MetadataSourceProcessor property password with lazy=false
[DEBUG] 2020-09-30 17:02:10.493 [main] AbstractPropertyHolder - Attempting to locate auto-apply AttributeConverter for property [edu.matc.entity.User:password]
[DEBUG] 2020-09-30 17:02:10.493 [main] SimpleValueBinder - building SimpleValue for password
[DEBUG] 2020-09-30 17:02:10.494 [main] PropertyBinder - Building property password
[DEBUG] 2020-09-30 17:02:10.498 [main] SimpleValueBinder - Starting fillSimpleValue for userId
[DEBUG] 2020-09-30 17:02:10.498 [main] SimpleValueBinder - Starting fillSimpleValue for email
[DEBUG] 2020-09-30 17:02:10.498 [main] SimpleValueBinder - Starting fillSimpleValue for firstName
[DEBUG] 2020-09-30 17:02:10.498 [main] SimpleValueBinder - Starting fillSimpleValue for lastName
[DEBUG] 2020-09-30 17:02:10.498 [main] SimpleValueBinder - Starting fillSimpleValue for password
[DEBUG] 2020-09-30 17:02:10.506 [main] PrimaryKey - Forcing column [user_id] to be non-null as it is part of the primary key for table [user]
[DEBUG] 2020-09-30 17:02:10.576 [main] SessionFactoryImpl - Building session factory
[DEBUG] 2020-09-30 17:02:10.581 [main] Settings - SessionFactory name : null
[DEBUG] 2020-09-30 17:02:10.581 [main] Settings - Automatic flush during beforeCompletion(): enabled
[DEBUG] 2020-09-30 17:02:10.581 [main] Settings - Automatic session close at end of transaction: disabled
[DEBUG] 2020-09-30 17:02:10.581 [main] Settings - Statistics: disabled
[DEBUG] 2020-09-30 17:02:10.581 [main] Settings - Deleted entity synthetic identifier rollback: disabled
[DEBUG] 2020-09-30 17:02:10.584 [main] Settings - Default entity-mode: pojo
[DEBUG] 2020-09-30 17:02:10.584 [main] Settings - Check Nullability in Core (should be disabled when Bean Validation is on): enabled
[DEBUG] 2020-09-30 17:02:10.584 [main] Settings - Allow initialization of lazy state outside session : disabled
[DEBUG] 2020-09-30 17:02:10.584 [main] Settings - Using BatchFetchStyle : LEGACY
[DEBUG] 2020-09-30 17:02:10.584 [main] Settings - Default batch fetch size: -1
[DEBUG] 2020-09-30 17:02:10.584 [main] Settings - Maximum outer join fetch depth: 2
[DEBUG] 2020-09-30 17:02:10.584 [main] Settings - Default null ordering: NONE
[DEBUG] 2020-09-30 17:02:10.584 [main] Settings - Order SQL updates by primary key: disabled
[DEBUG] 2020-09-30 17:02:10.584 [main] Settings - Order SQL inserts for batching: disabled
[DEBUG] 2020-09-30 17:02:10.585 [main] Settings - multi-tenancy strategy : NONE
[DEBUG] 2020-09-30 17:02:10.585 [main] Settings - JTA Track by Thread: enabled
[DEBUG] 2020-09-30 17:02:10.585 [main] Settings - Query language substitutions: {}
[DEBUG] 2020-09-30 17:02:10.585 [main] Settings - Named query checking : enabled
[DEBUG] 2020-09-30 17:02:10.585 [main] Settings - Second-level cache: disabled
[DEBUG] 2020-09-30 17:02:10.585 [main] Settings - Second-level query cache: disabled
[DEBUG] 2020-09-30 17:02:10.585 [main] Settings - Second-level query cache factory: null
[DEBUG] 2020-09-30 17:02:10.585 [main] Settings - Second-level cache region prefix: null
[DEBUG] 2020-09-30 17:02:10.585 [main] Settings - Optimize second-level cache for minimal puts: disabled
[DEBUG] 2020-09-30 17:02:10.585 [main] Settings - Structured second-level cache entries: disabled
[DEBUG] 2020-09-30 17:02:10.585 [main] Settings - Second-level cache direct-reference entries: disabled
[DEBUG] 2020-09-30 17:02:10.585 [main] Settings - Automatic eviction of collection cache: disabled
[DEBUG] 2020-09-30 17:02:10.585 [main] Settings - JDBC batch size: 15
[DEBUG] 2020-09-30 17:02:10.594 [main] Settings - JDBC batch updates for versioned data: enabled
[DEBUG] 2020-09-30 17:02:10.595 [main] Settings - Scrollable result sets: enabled
[DEBUG] 2020-09-30 17:02:10.595 [main] Settings - Wrap result sets: disabled
[DEBUG] 2020-09-30 17:02:10.595 [main] Settings - JDBC3 getGeneratedKeys(): enabled
[DEBUG] 2020-09-30 17:02:10.595 [main] Settings - JDBC result set fetch size: null
[DEBUG] 2020-09-30 17:02:10.595 [main] Settings - Connection release mode: AFTER_TRANSACTION
[DEBUG] 2020-09-30 17:02:10.595 [main] Settings - Generate SQL with comments: disabled
[DEBUG] 2020-09-30 17:02:10.596 [main] Settings - JPA compliance - query : 
[DEBUG] 2020-09-30 17:02:10.596 [main] Settings - JPA compliance - closed-handling : 
[DEBUG] 2020-09-30 17:02:10.596 [main] Settings - JPA compliance - lists : 
[DEBUG] 2020-09-30 17:02:10.596 [main] Settings - JPA compliance - transactions : 
[INFO ] 2020-09-30 17:02:10.705 [main] beans - HHH10005002: No explicit CDI BeanManager reference was passed to Hibernate, but CDI is available on the Hibernate ClassLoader.
[DEBUG] 2020-09-30 17:02:10.746 [main] SessionFactoryImpl - Session factory constructed with filter configurations : {}
[DEBUG] 2020-09-30 17:02:10.746 [main] SessionFactoryImpl - Instantiating session factory with properties: {sun.desktop=gnome, awt.toolkit=sun.awt.X11.XToolkit, java.specification.version=11, sun.cpu.isalist=, hibernate.c3p0.idle_test_period=3000, sun.jnu.encoding=UTF-8, hibernate.c3p0.min_size=5, java.class.path=/home/student/intellij/lib/idea_rt.jar:/home/student/intellij/plugins/junit/lib/junit-rt.jar:/home/student/intellij/plugins/junit/lib/junit5-rt.jar:/home/student/IdeaProjects/customCrafts/target/test-classes:/home/student/IdeaProjects/customCrafts/target/classes:/home/student/.m2/repository/org/junit/platform/junit-platform-runner/1.0.0/junit-platform-runner-1.0.0.jar:/home/student/.m2/repository/org/apiguardian/apiguardian-api/1.0.0/apiguardian-api-1.0.0.jar:/home/student/.m2/repository/org/junit/platform/junit-platform-launcher/1.0.0/junit-platform-launcher-1.0.0.jar:/home/student/.m2/repository/org/junit/platform/junit-platform-suite-api/1.0.0/junit-platform-suite-api-1.0.0.jar:/home/student/.m2/repository/org/junit/platform/junit-platform-commons/1.0.0/junit-platform-commons-1.0.0.jar:/home/student/.m2/repository/org/junit/vintage/junit-vintage-engine/4.12.0/junit-vintage-engine-4.12.0.jar:/home/student/.m2/repository/org/junit/platform/junit-platform-engine/1.0.0/junit-platform-engine-1.0.0.jar:/home/student/.m2/repository/org/opentest4j/opentest4j/1.0.0/opentest4j-1.0.0.jar:/home/student/.m2/repository/org/junit/jupiter/junit-jupiter-engine/5.0.0/junit-jupiter-engine-5.0.0.jar:/home/student/.m2/repository/org/junit/jupiter/junit-jupiter-api/5.0.0/junit-jupiter-api-5.0.0.jar:/home/student/.m2/repository/junit/junit/4.12/junit-4.12.jar:/home/student/.m2/repository/org/hamcrest/hamcrest-core/1.3/hamcrest-core-1.3.jar:/home/student/.m2/repository/javax/javaee-web-api/7.0/javaee-web-api-7.0.jar:/home/student/.m2/repository/mysql/mysql-connector-java/8.0.16/mysql-connector-java-8.0.16.jar:/home/student/.m2/repository/com/google/protobuf/protobuf-java/3.6.1/protobuf-java-3.6.1.jar:/home/student/.m2/repository/jstl/jstl/1.2/jstl-1.2.jar:/home/student/.m2/repository/org/apache/logging/log4j/log4j-api/2.10.0/log4j-api-2.10.0.jar:/home/student/.m2/repository/org/apache/logging/log4j/log4j-core/2.10.0/log4j-core-2.10.0.jar:/home/student/.m2/repository/org/hibernate/hibernate-core/5.4.4.Final/hibernate-core-5.4.4.Final.jar:/home/student/.m2/repository/org/jboss/logging/jboss-logging/3.3.2.Final/jboss-logging-3.3.2.Final.jar:/home/student/.m2/repository/javax/persistence/javax.persistence-api/2.2/javax.persistence-api-2.2.jar:/home/student/.m2/repository/org/javassist/javassist/3.24.0-GA/javassist-3.24.0-GA.jar:/home/student/.m2/repository/net/bytebuddy/byte-buddy/1.9.11/byte-buddy-1.9.11.jar:/home/student/.m2/repository/antlr/antlr/2.7.7/antlr-2.7.7.jar:/home/student/.m2/repository/org/jboss/spec/javax/transaction/jboss-transaction-api_1.2_spec/1.1.1.Final/jboss-transaction-api_1.2_spec-1.1.1.Final.jar:/home/student/.m2/repository/org/jboss/jandex/2.0.5.Final/jandex-2.0.5.Final.jar:/home/student/.m2/repository/com/fasterxml/classmate/1.3.4/classmate-1.3.4.jar:/home/student/.m2/repository/javax/activation/javax.activation-api/1.2.0/javax.activation-api-1.2.0.jar:/home/student/.m2/repository/org/dom4j/dom4j/2.1.1/dom4j-2.1.1.jar:/home/student/.m2/repository/org/hibernate/common/hibernate-commons-annotations/5.1.0.Final/hibernate-commons-annotations-5.1.0.Final.jar:/home/student/.m2/repository/javax/xml/bind/jaxb-api/2.3.1/jaxb-api-2.3.1.jar:/home/student/.m2/repository/org/glassfish/jaxb/jaxb-runtime/2.3.1/jaxb-runtime-2.3.1.jar:/home/student/.m2/repository/org/glassfish/jaxb/txw2/2.3.1/txw2-2.3.1.jar:/home/student/.m2/repository/com/sun/istack/istack-commons-runtime/3.0.7/istack-commons-runtime-3.0.7.jar:/home/student/.m2/repository/org/jvnet/staxex/stax-ex/1.8/stax-ex-1.8.jar:/home/student/.m2/repository/com/sun/xml/fastinfoset/FastInfoset/1.2.15/FastInfoset-1.2.15.jar:/home/student/.m2/repository/org/hibernate/hibernate-c3p0/5.4.4.Final/hibernate-c3p0-5.4.4.Final.jar:/home/student/.m2/repository/com/mchange/c3p0/0.9.5.3/c3p0-0.9.5.3.jar:/home/student/.m2/repository/com/mchange/mchange-commons-java/0.2.15/mchange-commons-java-0.2.15.jar, java.vm.vendor=Ubuntu, sun.arch.data.model=64, idea.test.cyclic.buffer.size=1048576, java.vendor.url=https://ubuntu.com/, user.timezone=America/Chicago, os.name=Linux, java.vm.specification.version=11, sun.java.launcher=SUN_STANDARD, user.country=US, sun.boot.library.path=/usr/lib/jvm/java-11-openjdk-amd64/lib, sun.java.command=com.intellij.rt.execution.junit.JUnitStarter -ideVersion5 -junit5 edu.matc.persistence.UserDaoTest, jdk.debug=release, sun.cpu.endian=little, user.home=/home/student, hibernate.c3p0.max_statements=50, user.language=en, java.specification.vendor=Oracle Corporation, java.version.date=2020-07-14, java.home=/usr/lib/jvm/java-11-openjdk-amd64, file.separator=/, java.vm.compressedOopsMode=32-bit, line.separator=
, hibernate.c3p0.timeout=300, java.specification.name=Java Platform API Specification, java.vm.specification.vendor=Oracle Corporation, java.awt.graphicsenv=sun.awt.X11GraphicsEnvironment, connection.password=student, sun.management.compiler=HotSpot 64-Bit Tiered Compilers, hibernate.c3p0.max_size=20, java.runtime.version=11.0.8+10-post-Ubuntu-0ubuntu118.04.1, user.name=student, path.separator=:, hibernate.connection.username=****, os.version=5.4.0-48-generic, java.runtime.name=OpenJDK Runtime Environment, hibernate.connection.url=jdbc:mysql://localhost:3306/test?serverTimezone=UTC, file.encoding=UTF-8, java.vm.name=OpenJDK 64-Bit Server VM, hibernate.connection.driver_class=com.mysql.cj.jdbc.Driver, java.vendor.url.bug=https://bugs.launchpad.net/ubuntu/+source/openjdk-lts, java.io.tmpdir=/tmp, java.version=11.0.8, user.dir=/home/student/IdeaProjects/customCrafts, os.arch=amd64, connection.username=root, java.vm.specification.name=Java Virtual Machine Specification, java.awt.printerjob=sun.print.PSPrinterJob, hibernate.connection.password=****, sun.os.patch.level=unknown, connection.driver_class=com.mysql.cj.jdbc.Driver, hibernate.boot.CfgXmlAccessService.key=org.hibernate.boot.cfgxml.spi.LoadedConfig@69d45cca, java.library.path=/usr/java/packages/lib:/usr/lib/x86_64-linux-gnu/jni:/lib/x86_64-linux-gnu:/usr/lib/x86_64-linux-gnu:/usr/lib/jni:/lib:/usr/lib, java.vendor=Ubuntu, java.vm.info=mixed mode, sharing, java.vm.version=11.0.8+10-post-Ubuntu-0ubuntu118.04.1, hibernate.bytecode.use_reflection_optimizer=false, sun.io.unicode.encoding=UnicodeLittle, connection.url=jdbc:mysql://localhost:3306/test?serverTimezone=UTC, java.class.version=55.0}
[DEBUG] 2020-09-30 17:02:10.790 [main] TypeSafeActivator - Unable to acquire Bean Validation ValidatorFactory, skipping activation
[DEBUG] 2020-09-30 17:02:10.790 [main] JaccIntegrator - Skipping JACC integration as it was not enabled
[DEBUG] 2020-09-30 17:02:10.793 [main] SessionFactoryImpl - Instantiated session factory
[DEBUG] 2020-09-30 17:02:10.793 [main] TypeConfiguration$Scope - Scoping TypeConfiguration [org.hibernate.type.spi.TypeConfiguration@28501a4b] to SessionFactoryImpl [org.hibernate.internal.SessionFactoryImpl@380e1909]
[DEBUG] 2020-09-30 17:02:10.889 [main] ClassLoaderAccessImpl - Not known whether passed class name [edu.matc.entity.User] is safe
[DEBUG] 2020-09-30 17:02:10.890 [main] ClassLoaderAccessImpl - No temp ClassLoader provided; using live ClassLoader for loading potentially unsafe class : edu.matc.entity.User
[DEBUG] 2020-09-30 17:02:10.928 [main] ClassLoaderAccessImpl - Not known whether passed class name [edu.matc.entity.User] is safe
[DEBUG] 2020-09-30 17:02:10.928 [main] ClassLoaderAccessImpl - No temp ClassLoader provided; using live ClassLoader for loading potentially unsafe class : edu.matc.entity.User
[DEBUG] 2020-09-30 17:02:11.467 [main] AbstractEntityPersister - Static SQL for entity: edu.matc.entity.User
[DEBUG] 2020-09-30 17:02:11.471 [main] AbstractEntityPersister -  Version select: select user_id from user where user_id =?
[DEBUG] 2020-09-30 17:02:11.471 [main] AbstractEntityPersister -  Snapshot select: select user_.user_id, user_.email as email2_0_, user_.first_name as first_na3_0_, user_.last_name as last_nam4_0_, user_.password as password5_0_ from user user_ where user_.user_id=?
[DEBUG] 2020-09-30 17:02:11.471 [main] AbstractEntityPersister -  Insert 0: insert into user (email, first_name, last_name, password, user_id) values (?, ?, ?, ?, ?)
[DEBUG] 2020-09-30 17:02:11.471 [main] AbstractEntityPersister -  Update 0: update user set email=?, first_name=?, last_name=?, password=? where user_id=?
[DEBUG] 2020-09-30 17:02:11.471 [main] AbstractEntityPersister -  Delete 0: delete from user where user_id=?
[DEBUG] 2020-09-30 17:02:11.471 [main] AbstractEntityPersister -  Identity insert: insert into user (email, first_name, last_name, password) values (?, ?, ?, ?)
[DEBUG] 2020-09-30 17:02:11.517 [main] QuerySpacesImpl - Adding QuerySpace : uid = <gen:0> -> org.hibernate.loader.plan.build.internal.spaces.EntityQuerySpaceImpl@423a0e1d]
[DEBUG] 2020-09-30 17:02:11.518 [main] MetamodelGraphWalker - Visiting attribute path : email
[DEBUG] 2020-09-30 17:02:11.518 [main] MetamodelGraphWalker - Visiting attribute path : firstName
[DEBUG] 2020-09-30 17:02:11.524 [main] MetamodelGraphWalker - Visiting attribute path : lastName
[DEBUG] 2020-09-30 17:02:11.524 [main] MetamodelGraphWalker - Visiting attribute path : password
[DEBUG] 2020-09-30 17:02:11.524 [main] FetchStyleLoadPlanBuildingAssociationVisitationStrategy - Building LoadPlan...
[DEBUG] 2020-09-30 17:02:11.544 [main] LoadQueryJoinAndFetchProcessor - processing queryspace <gen:0>
[DEBUG] 2020-09-30 17:02:11.552 [main] LoadPlanTreePrinter - LoadPlan(entity=edu.matc.entity.User)
    - Returns
       - EntityReturnImpl(entity=edu.matc.entity.User, querySpaceUid=<gen:0>, path=edu.matc.entity.User)
    - QuerySpaces
       - EntityQuerySpaceImpl(uid=<gen:0>, entity=edu.matc.entity.User)
          - SQL table alias mapping - user0_
          - alias suffix - 0_
          - suffixed key columns - {user_id1_0_0_}

[DEBUG] 2020-09-30 17:02:11.559 [main] EntityLoader - Static select for entity edu.matc.entity.User [NONE]: select user0_.user_id as user_id1_0_0_, user0_.email as email2_0_0_, user0_.first_name as first_na3_0_0_, user0_.last_name as last_nam4_0_0_, user0_.password as password5_0_0_ from user user0_ where user0_.user_id=?
[DEBUG] 2020-09-30 17:02:11.563 [main] QuerySpacesImpl - Adding QuerySpace : uid = <gen:0> -> org.hibernate.loader.plan.build.internal.spaces.EntityQuerySpaceImpl@7ca16adc]
[DEBUG] 2020-09-30 17:02:11.564 [main] MetamodelGraphWalker - Visiting attribute path : email
[DEBUG] 2020-09-30 17:02:11.566 [main] MetamodelGraphWalker - Visiting attribute path : firstName
[DEBUG] 2020-09-30 17:02:11.570 [main] MetamodelGraphWalker - Visiting attribute path : lastName
[DEBUG] 2020-09-30 17:02:11.570 [main] MetamodelGraphWalker - Visiting attribute path : password
[DEBUG] 2020-09-30 17:02:11.570 [main] FetchStyleLoadPlanBuildingAssociationVisitationStrategy - Building LoadPlan...
[DEBUG] 2020-09-30 17:02:11.570 [main] LoadQueryJoinAndFetchProcessor - processing queryspace <gen:0>
[DEBUG] 2020-09-30 17:02:11.570 [main] LoadPlanTreePrinter - LoadPlan(entity=edu.matc.entity.User)
    - Returns
       - EntityReturnImpl(entity=edu.matc.entity.User, querySpaceUid=<gen:0>, path=edu.matc.entity.User)
    - QuerySpaces
       - EntityQuerySpaceImpl(uid=<gen:0>, entity=edu.matc.entity.User)
          - SQL table alias mapping - user0_
          - alias suffix - 0_
          - suffixed key columns - {user_id1_0_0_}

[DEBUG] 2020-09-30 17:02:11.570 [main] EntityLoader - Static select for entity edu.matc.entity.User [READ]: select user0_.user_id as user_id1_0_0_, user0_.email as email2_0_0_, user0_.first_name as first_na3_0_0_, user0_.last_name as last_nam4_0_0_, user0_.password as password5_0_0_ from user user0_ where user0_.user_id=?
[DEBUG] 2020-09-30 17:02:11.601 [main] Loader - Static select for action ACTION_MERGE on entity edu.matc.entity.User: select user0_.user_id as user_id1_0_0_, user0_.email as email2_0_0_, user0_.first_name as first_na3_0_0_, user0_.last_name as last_nam4_0_0_, user0_.password as password5_0_0_ from user user0_ where user0_.user_id=?
[DEBUG] 2020-09-30 17:02:11.605 [main] Loader - Static select for action ACTION_REFRESH on entity edu.matc.entity.User: select user0_.user_id as user_id1_0_0_, user0_.email as email2_0_0_, user0_.first_name as first_na3_0_0_, user0_.last_name as last_nam4_0_0_, user0_.password as password5_0_0_ from user user0_ where user0_.user_id=?
[DEBUG] 2020-09-30 17:02:11.657 [main] SchemaManagementToolCoordinator - No actions specified; doing nothing
[DEBUG] 2020-09-30 17:02:11.657 [main] JtaPlatformInitiator - No JtaPlatform was specified, checking resolver
[DEBUG] 2020-09-30 17:02:11.658 [main] JtaPlatformResolverInitiator - No JtaPlatformResolver was specified, using default [org.hibernate.engine.transaction.jta.platform.internal.StandardJtaPlatformResolver]
[DEBUG] 2020-09-30 17:02:11.668 [main] StandardJtaPlatformResolver - Could not resolve JtaPlatform, using default [org.hibernate.engine.transaction.jta.platform.internal.NoJtaPlatform]
[INFO ] 2020-09-30 17:02:11.668 [main] JtaPlatformInitiator - HHH000490: Using JtaPlatform implementation: [org.hibernate.engine.transaction.jta.platform.internal.NoJtaPlatform]
[DEBUG] 2020-09-30 17:02:11.681 [main] NamedQueryRepository - Checking 0 named HQL queries
[DEBUG] 2020-09-30 17:02:11.681 [main] NamedQueryRepository - Checking 0 named SQL queries
[DEBUG] 2020-09-30 17:02:11.683 [main] SessionFactoryRegistry - Initializing SessionFactoryRegistry : org.hibernate.internal.SessionFactoryRegistry@6be6931f
[DEBUG] 2020-09-30 17:02:11.689 [main] SessionFactoryRegistry - Registering SessionFactory: 9ebe2a52-5c92-4486-8568-12acb4401a5d (<unnamed>)
[DEBUG] 2020-09-30 17:02:11.690 [main] SessionFactoryRegistry - Not binding SessionFactory to JNDI, no JNDI name configured
[DEBUG] 2020-09-30 17:02:11.944 [main] StatisticsInitiator - Statistics initialized [enabled=false]
[DEBUG] 2020-09-30 17:02:11.977 [main] SQL - select user0_.user_id as user_id1_0_0_, user0_.email as email2_0_0_, user0_.first_name as first_na3_0_0_, user0_.last_name as last_nam4_0_0_, user0_.password as password5_0_0_ from user user0_ where user0_.user_id=?
[DEBUG] 2020-09-30 17:02:12.029 [main] ResultSetProcessorImpl - Starting ResultSet row #0
[DEBUG] 2020-09-30 17:02:12.030 [main] EntityReferenceInitializerImpl - On call to EntityIdentifierReaderImpl#resolve, EntityKey was already known; should only happen on root returns with an optional identifier specified
[DEBUG] 2020-09-30 17:02:12.048 [main] TwoPhaseLoad - Resolving attributes for [edu.matc.entity.User#2]
[DEBUG] 2020-09-30 17:02:12.052 [main] TwoPhaseLoad - Processing attribute `email` : value = kk@gmail.com
[DEBUG] 2020-09-30 17:02:12.053 [main] TwoPhaseLoad - Attribute (`email`)  - enhanced for lazy-loading? - false
[DEBUG] 2020-09-30 17:02:12.053 [main] TwoPhaseLoad - Processing attribute `firstName` : value = Kyle
[DEBUG] 2020-09-30 17:02:12.054 [main] TwoPhaseLoad - Attribute (`firstName`)  - enhanced for lazy-loading? - false
[DEBUG] 2020-09-30 17:02:12.054 [main] TwoPhaseLoad - Processing attribute `lastName` : value = Kelley
[DEBUG] 2020-09-30 17:02:12.054 [main] TwoPhaseLoad - Attribute (`lastName`)  - enhanced for lazy-loading? - false
[DEBUG] 2020-09-30 17:02:12.054 [main] TwoPhaseLoad - Processing attribute `password` : value = anotherpassword
[DEBUG] 2020-09-30 17:02:12.054 [main] TwoPhaseLoad - Attribute (`password`)  - enhanced for lazy-loading? - false
[DEBUG] 2020-09-30 17:02:12.055 [main] TwoPhaseLoad - Done materializing entity [edu.matc.entity.User#2]
[DEBUG] 2020-09-30 17:02:12.056 [main] ResourceRegistryStandardImpl - HHH000387: ResultSet's statement was not registered
[DEBUG] 2020-09-30 17:02:12.056 [main] AbstractLoadPlanBasedEntityLoader - Done entity load : edu.matc.entity.User#2
[DEBUG] 2020-09-30 17:02:12.056 [main] LogicalConnectionManagedImpl - Initiating JDBC connection release from afterTransaction
[DEBUG] 2020-09-30 17:02:12.079 [main] TransactionImpl - On TransactionImpl creation, JpaCompliance#isJpaTransactionComplianceEnabled == false
[DEBUG] 2020-09-30 17:02:12.079 [main] TransactionImpl - begin
[DEBUG] 2020-09-30 17:02:12.106 [main] TransactionImpl - committing
[DEBUG] 2020-09-30 17:02:12.107 [main] AbstractFlushingEventListener - Processing flush-time cascades
[DEBUG] 2020-09-30 17:02:12.107 [main] AbstractFlushingEventListener - Dirty checking collections
[DEBUG] 2020-09-30 17:02:12.108 [main] AbstractFlushingEventListener - Flushed: 0 insertions, 0 updates, 1 deletions to 1 objects
[DEBUG] 2020-09-30 17:02:12.115 [main] AbstractFlushingEventListener - Flushed: 0 (re)creations, 0 updates, 0 removals to 0 collections
[DEBUG] 2020-09-30 17:02:12.117 [main] EntityPrinter - Listing entities:
[DEBUG] 2020-09-30 17:02:12.118 [main] EntityPrinter - edu.matc.entity.User{firstName=Kyle, lastName=Kelley, password=anotherpassword, userId=2, email=kk@gmail.com}
[DEBUG] 2020-09-30 17:02:12.133 [main] SQL - delete from user where user_id=?
[DEBUG] 2020-09-30 17:02:12.144 [main] LogicalConnectionManagedImpl - Initiating JDBC connection release from afterTransaction
[DEBUG] 2020-09-30 17:02:12.145 [main] LogicalConnectionManagedImpl - Initiating JDBC connection release from afterTransaction
[DEBUG] 2020-09-30 17:02:12.146 [main] JdbcCoordinatorImpl - HHH000420: Closing un-released batch
[DEBUG] 2020-09-30 17:02:12.146 [main] SQL - select user0_.user_id as user_id1_0_0_, user0_.email as email2_0_0_, user0_.first_name as first_na3_0_0_, user0_.last_name as last_nam4_0_0_, user0_.password as password5_0_0_ from user user0_ where user0_.user_id=?
[DEBUG] 2020-09-30 17:02:12.153 [main] ResourceRegistryStandardImpl - HHH000387: ResultSet's statement was not registered
[DEBUG] 2020-09-30 17:02:12.155 [main] AbstractLoadPlanBasedEntityLoader - Done entity load : edu.matc.entity.User#2
[DEBUG] 2020-09-30 17:02:12.155 [main] LogicalConnectionManagedImpl - Initiating JDBC connection release from afterTransaction
[DEBUG] 2020-09-30 17:02:12.255 [main] SQL - select user0_.user_id as user_id1_0_0_, user0_.email as email2_0_0_, user0_.first_name as first_na3_0_0_, user0_.last_name as last_nam4_0_0_, user0_.password as password5_0_0_ from user user0_ where user0_.user_id=?
[DEBUG] 2020-09-30 17:02:12.264 [main] ResultSetProcessorImpl - Starting ResultSet row #0
[DEBUG] 2020-09-30 17:02:12.265 [main] EntityReferenceInitializerImpl - On call to EntityIdentifierReaderImpl#resolve, EntityKey was already known; should only happen on root returns with an optional identifier specified
[DEBUG] 2020-09-30 17:02:12.266 [main] TwoPhaseLoad - Resolving attributes for [edu.matc.entity.User#1]
[DEBUG] 2020-09-30 17:02:12.266 [main] TwoPhaseLoad - Processing attribute `email` : value = es@gmail.com
[DEBUG] 2020-09-30 17:02:12.266 [main] TwoPhaseLoad - Attribute (`email`)  - enhanced for lazy-loading? - false
[DEBUG] 2020-09-30 17:02:12.266 [main] TwoPhaseLoad - Processing attribute `firstName` : value = Elizabeth
[DEBUG] 2020-09-30 17:02:12.266 [main] TwoPhaseLoad - Attribute (`firstName`)  - enhanced for lazy-loading? - false
[DEBUG] 2020-09-30 17:02:12.266 [main] TwoPhaseLoad - Processing attribute `lastName` : value = Sajdak
[DEBUG] 2020-09-30 17:02:12.266 [main] TwoPhaseLoad - Attribute (`lastName`)  - enhanced for lazy-loading? - false
[DEBUG] 2020-09-30 17:02:12.266 [main] TwoPhaseLoad - Processing attribute `password` : value = password
[DEBUG] 2020-09-30 17:02:12.266 [main] TwoPhaseLoad - Attribute (`password`)  - enhanced for lazy-loading? - false
[DEBUG] 2020-09-30 17:02:12.267 [main] TwoPhaseLoad - Done materializing entity [edu.matc.entity.User#1]
[DEBUG] 2020-09-30 17:02:12.268 [main] ResourceRegistryStandardImpl - HHH000387: ResultSet's statement was not registered
[DEBUG] 2020-09-30 17:02:12.268 [main] AbstractLoadPlanBasedEntityLoader - Done entity load : edu.matc.entity.User#1
[DEBUG] 2020-09-30 17:02:12.268 [main] LogicalConnectionManagedImpl - Initiating JDBC connection release from afterTransaction
[DEBUG] 2020-09-30 17:02:12.414 [main] CriteriaQueryImpl - Rendered criteria query -> select generatedAlias0 from User as generatedAlias0
[DEBUG] 2020-09-30 17:02:12.442 [main] QueryTranslatorFactoryInitiator - QueryTranslatorFactory: org.hibernate.hql.internal.ast.ASTQueryTranslatorFactory@329dc214
[DEBUG] 2020-09-30 17:02:12.504 [main] QueryTranslatorImpl - parse() - HQL: select generatedAlias0 from edu.matc.entity.User as generatedAlias0
[DEBUG] 2020-09-30 17:02:12.520 [main] ErrorTracker - throwQueryException() : no errors
[DEBUG] 2020-09-30 17:02:12.538 [main] QueryTranslatorImpl - --- HQL AST ---
 \-[QUERY] Node: 'query'
    \-[SELECT_FROM] Node: 'SELECT_FROM'
       +-[FROM] Node: 'from'
       |  \-[RANGE] Node: 'RANGE'
       |     +-[DOT] Node: '.'
       |     |  +-[DOT] Node: '.'
       |     |  |  +-[DOT] Node: '.'
       |     |  |  |  +-[IDENT] Node: 'edu'
       |     |  |  |  \-[IDENT] Node: 'matc'
       |     |  |  \-[IDENT] Node: 'entity'
       |     |  \-[IDENT] Node: 'User'
       |     \-[ALIAS] Node: 'generatedAlias0'
       \-[SELECT] Node: 'select'
          \-[IDENT] Node: 'generatedAlias0'

[DEBUG] 2020-09-30 17:02:12.584 [main] HqlSqlBaseWalker - select << begin [level=1, statement=select]
[DEBUG] 2020-09-30 17:02:12.618 [main] FromElement - FromClause{level=1} : edu.matc.entity.User (generatedAlias0) -> user0_
[DEBUG] 2020-09-30 17:02:12.620 [main] FromReferenceNode - Resolved : generatedAlias0 -> user0_.user_id
[DEBUG] 2020-09-30 17:02:12.621 [main] HqlSqlBaseWalker - select : finishing up [level=1, statement=select]
[DEBUG] 2020-09-30 17:02:12.622 [main] HqlSqlWalker - processQuery() :  ( SELECT ( {select clause} user0_.user_id ) ( FromClause{level=1} user user0_ ) )
[DEBUG] 2020-09-30 17:02:12.637 [main] JoinProcessor - Using FROM fragment [user user0_]
[DEBUG] 2020-09-30 17:02:12.638 [main] HqlSqlBaseWalker - select >> end [level=1, statement=select]
[DEBUG] 2020-09-30 17:02:12.639 [main] QueryTranslatorImpl - --- SQL AST ---
 \-[SELECT] QueryNode: 'SELECT'  querySpaces (user)
    +-[SELECT_CLAUSE] SelectClause: '{select clause}'
    |  +-[ALIAS_REF] IdentNode: 'user0_.user_id as user_id1_0_' {alias=generatedAlias0, className=edu.matc.entity.User, tableAlias=user0_}
    |  \-[SQL_TOKEN] SqlFragment: 'user0_.email as email2_0_, user0_.first_name as first_na3_0_, user0_.last_name as last_nam4_0_, user0_.password as password5_0_'
    \-[FROM] FromClause: 'from' FromClause{level=1, fromElementCounter=1, fromElements=1, fromElementByClassAlias=[generatedAlias0], fromElementByTableAlias=[user0_], fromElementsByPath=[], collectionJoinFromElementsByPath=[], impliedElements=[]}
       \-[FROM_FRAGMENT] FromElement: 'user user0_' FromElement{explicit,not a collection join,not a fetch join,fetch non-lazy properties,classAlias=generatedAlias0,role=null,tableName=user,tableAlias=user0_,origin=null,columns={,className=edu.matc.entity.User}}

[DEBUG] 2020-09-30 17:02:12.639 [main] ErrorTracker - throwQueryException() : no errors
[DEBUG] 2020-09-30 17:02:12.648 [main] QueryTranslatorImpl - HQL: select generatedAlias0 from edu.matc.entity.User as generatedAlias0
[DEBUG] 2020-09-30 17:02:12.652 [main] QueryTranslatorImpl - SQL: select user0_.user_id as user_id1_0_, user0_.email as email2_0_, user0_.first_name as first_na3_0_, user0_.last_name as last_nam4_0_, user0_.password as password5_0_ from user user0_
[DEBUG] 2020-09-30 17:02:12.652 [main] ErrorTracker - throwQueryException() : no errors
[DEBUG] 2020-09-30 17:02:12.667 [main] SQL - select user0_.user_id as user_id1_0_, user0_.email as email2_0_, user0_.first_name as first_na3_0_, user0_.last_name as last_nam4_0_, user0_.password as password5_0_ from user user0_
[DEBUG] 2020-09-30 17:02:12.679 [main] Loader - Result set row: 0
[DEBUG] 2020-09-30 17:02:12.682 [main] Loader - Result row: EntityKey[edu.matc.entity.User#1]
[DEBUG] 2020-09-30 17:02:12.683 [main] Loader - Result set row: 1
[DEBUG] 2020-09-30 17:02:12.683 [main] Loader - Result row: EntityKey[edu.matc.entity.User#2]
[DEBUG] 2020-09-30 17:02:12.683 [main] Loader - Result set row: 2
[DEBUG] 2020-09-30 17:02:12.683 [main] Loader - Result row: EntityKey[edu.matc.entity.User#3]
[DEBUG] 2020-09-30 17:02:12.683 [main] TwoPhaseLoad - Resolving attributes for [edu.matc.entity.User#1]
[DEBUG] 2020-09-30 17:02:12.683 [main] TwoPhaseLoad - Processing attribute `email` : value = es@gmail.com
[DEBUG] 2020-09-30 17:02:12.683 [main] TwoPhaseLoad - Attribute (`email`)  - enhanced for lazy-loading? - false
[DEBUG] 2020-09-30 17:02:12.683 [main] TwoPhaseLoad - Processing attribute `firstName` : value = Elizabeth
[DEBUG] 2020-09-30 17:02:12.683 [main] TwoPhaseLoad - Attribute (`firstName`)  - enhanced for lazy-loading? - false
[DEBUG] 2020-09-30 17:02:12.683 [main] TwoPhaseLoad - Processing attribute `lastName` : value = Sajdak
[DEBUG] 2020-09-30 17:02:12.683 [main] TwoPhaseLoad - Attribute (`lastName`)  - enhanced for lazy-loading? - false
[DEBUG] 2020-09-30 17:02:12.684 [main] TwoPhaseLoad - Processing attribute `password` : value = password
[DEBUG] 2020-09-30 17:02:12.684 [main] TwoPhaseLoad - Attribute (`password`)  - enhanced for lazy-loading? - false
[DEBUG] 2020-09-30 17:02:12.685 [main] TwoPhaseLoad - Done materializing entity [edu.matc.entity.User#1]
[DEBUG] 2020-09-30 17:02:12.685 [main] TwoPhaseLoad - Resolving attributes for [edu.matc.entity.User#2]
[DEBUG] 2020-09-30 17:02:12.686 [main] TwoPhaseLoad - Processing attribute `email` : value = kk@gmail.com
[DEBUG] 2020-09-30 17:02:12.686 [main] TwoPhaseLoad - Attribute (`email`)  - enhanced for lazy-loading? - false
[DEBUG] 2020-09-30 17:02:12.686 [main] TwoPhaseLoad - Processing attribute `firstName` : value = Kyle
[DEBUG] 2020-09-30 17:02:12.686 [main] TwoPhaseLoad - Attribute (`firstName`)  - enhanced for lazy-loading? - false
[DEBUG] 2020-09-30 17:02:12.686 [main] TwoPhaseLoad - Processing attribute `lastName` : value = Kelley
[DEBUG] 2020-09-30 17:02:12.686 [main] TwoPhaseLoad - Attribute (`lastName`)  - enhanced for lazy-loading? - false
[DEBUG] 2020-09-30 17:02:12.686 [main] TwoPhaseLoad - Processing attribute `password` : value = anotherpassword
[DEBUG] 2020-09-30 17:02:12.689 [main] TwoPhaseLoad - Attribute (`password`)  - enhanced for lazy-loading? - false
[DEBUG] 2020-09-30 17:02:12.689 [main] TwoPhaseLoad - Done materializing entity [edu.matc.entity.User#2]
[DEBUG] 2020-09-30 17:02:12.690 [main] TwoPhaseLoad - Resolving attributes for [edu.matc.entity.User#3]
[DEBUG] 2020-09-30 17:02:12.690 [main] TwoPhaseLoad - Processing attribute `email` : value = eg@gmail.com
[DEBUG] 2020-09-30 17:02:12.690 [main] TwoPhaseLoad - Attribute (`email`)  - enhanced for lazy-loading? - false
[DEBUG] 2020-09-30 17:02:12.690 [main] TwoPhaseLoad - Processing attribute `firstName` : value = Emily
[DEBUG] 2020-09-30 17:02:12.690 [main] TwoPhaseLoad - Attribute (`firstName`)  - enhanced for lazy-loading? - false
[DEBUG] 2020-09-30 17:02:12.690 [main] TwoPhaseLoad - Processing attribute `lastName` : value = Gorman
[DEBUG] 2020-09-30 17:02:12.690 [main] TwoPhaseLoad - Attribute (`lastName`)  - enhanced for lazy-loading? - false
[DEBUG] 2020-09-30 17:02:12.690 [main] TwoPhaseLoad - Processing attribute `password` : value = password
[DEBUG] 2020-09-30 17:02:12.690 [main] TwoPhaseLoad - Attribute (`password`)  - enhanced for lazy-loading? - false
[DEBUG] 2020-09-30 17:02:12.690 [main] TwoPhaseLoad - Done materializing entity [edu.matc.entity.User#3]
[DEBUG] 2020-09-30 17:02:12.692 [main] LogicalConnectionManagedImpl - Initiating JDBC connection release from afterTransaction
[DEBUG] 2020-09-30 17:02:12.839 [main] CriteriaQueryImpl - Rendered criteria query -> select generatedAlias0 from User as generatedAlias0 where generatedAlias0.lastName=:param0
[DEBUG] 2020-09-30 17:02:12.842 [main] QueryTranslatorImpl - parse() - HQL: select generatedAlias0 from edu.matc.entity.User as generatedAlias0 where generatedAlias0.lastName=:param0
[DEBUG] 2020-09-30 17:02:12.850 [main] ErrorTracker - throwQueryException() : no errors
[DEBUG] 2020-09-30 17:02:12.851 [main] QueryTranslatorImpl - --- HQL AST ---
 \-[QUERY] Node: 'query'
    +-[SELECT_FROM] Node: 'SELECT_FROM'
    |  +-[FROM] Node: 'from'
    |  |  \-[RANGE] Node: 'RANGE'
    |  |     +-[DOT] Node: '.'
    |  |     |  +-[DOT] Node: '.'
    |  |     |  |  +-[DOT] Node: '.'
    |  |     |  |  |  +-[IDENT] Node: 'edu'
    |  |     |  |  |  \-[IDENT] Node: 'matc'
    |  |     |  |  \-[IDENT] Node: 'entity'
    |  |     |  \-[IDENT] Node: 'User'
    |  |     \-[ALIAS] Node: 'generatedAlias0'
    |  \-[SELECT] Node: 'select'
    |     \-[IDENT] Node: 'generatedAlias0'
    \-[WHERE] Node: 'where'
       \-[EQ] Node: '='
          +-[DOT] Node: '.'
          |  +-[IDENT] Node: 'generatedAlias0'
          |  \-[IDENT] Node: 'lastName'
          \-[COLON] Node: ':'
             \-[IDENT] Node: 'param0'

[DEBUG] 2020-09-30 17:02:12.851 [main] HqlSqlBaseWalker - select << begin [level=1, statement=select]
[DEBUG] 2020-09-30 17:02:12.852 [main] FromElement - FromClause{level=1} : edu.matc.entity.User (generatedAlias0) -> user0_
[DEBUG] 2020-09-30 17:02:12.852 [main] FromReferenceNode - Resolved : generatedAlias0 -> user0_.user_id
[DEBUG] 2020-09-30 17:02:12.860 [main] FromReferenceNode - Resolved : generatedAlias0 -> user0_.user_id
[DEBUG] 2020-09-30 17:02:12.861 [main] DotNode - getDataType() : lastName -> org.hibernate.type.StringType@59942b48
[DEBUG] 2020-09-30 17:02:12.862 [main] FromReferenceNode - Resolved : generatedAlias0.lastName -> user0_.last_name
[DEBUG] 2020-09-30 17:02:12.869 [main] HqlSqlBaseWalker - select : finishing up [level=1, statement=select]
[DEBUG] 2020-09-30 17:02:12.869 [main] HqlSqlWalker - processQuery() :  ( SELECT ( {select clause} user0_.user_id ) ( FromClause{level=1} user user0_ ) ( where ( = ( user0_.last_name user0_.user_id lastName ) ? ) ) )
[DEBUG] 2020-09-30 17:02:12.869 [main] JoinProcessor - Using FROM fragment [user user0_]
[DEBUG] 2020-09-30 17:02:12.871 [main] HqlSqlBaseWalker - select >> end [level=1, statement=select]
[DEBUG] 2020-09-30 17:02:12.877 [main] QueryTranslatorImpl - --- SQL AST ---
 \-[SELECT] QueryNode: 'SELECT'  querySpaces (user)
    +-[SELECT_CLAUSE] SelectClause: '{select clause}'
    |  +-[ALIAS_REF] IdentNode: 'user0_.user_id as user_id1_0_' {alias=generatedAlias0, className=edu.matc.entity.User, tableAlias=user0_}
    |  \-[SQL_TOKEN] SqlFragment: 'user0_.email as email2_0_, user0_.first_name as first_na3_0_, user0_.last_name as last_nam4_0_, user0_.password as password5_0_'
    +-[FROM] FromClause: 'from' FromClause{level=1, fromElementCounter=1, fromElements=1, fromElementByClassAlias=[generatedAlias0], fromElementByTableAlias=[user0_], fromElementsByPath=[], collectionJoinFromElementsByPath=[], impliedElements=[]}
    |  \-[FROM_FRAGMENT] FromElement: 'user user0_' FromElement{explicit,not a collection join,not a fetch join,fetch non-lazy properties,classAlias=generatedAlias0,role=null,tableName=user,tableAlias=user0_,origin=null,columns={,className=edu.matc.entity.User}}
    \-[WHERE] SqlNode: 'where'
       \-[EQ] BinaryLogicOperatorNode: '='
          +-[DOT] DotNode: 'user0_.last_name' {propertyName=lastName,dereferenceType=PRIMITIVE,getPropertyPath=lastName,path=generatedAlias0.lastName,tableAlias=user0_,className=edu.matc.entity.User,classAlias=generatedAlias0}
          |  +-[ALIAS_REF] IdentNode: 'user0_.user_id' {alias=generatedAlias0, className=edu.matc.entity.User, tableAlias=user0_}
          |  \-[IDENT] IdentNode: 'lastName' {originalText=lastName}
          \-[NAMED_PARAM] ParameterNode: '?' {name=param0, expectedType=org.hibernate.type.StringType@59942b48}

[DEBUG] 2020-09-30 17:02:12.877 [main] ErrorTracker - throwQueryException() : no errors
[DEBUG] 2020-09-30 17:02:12.877 [main] QueryTranslatorImpl - HQL: select generatedAlias0 from edu.matc.entity.User as generatedAlias0 where generatedAlias0.lastName=:param0
[DEBUG] 2020-09-30 17:02:12.877 [main] QueryTranslatorImpl - SQL: select user0_.user_id as user_id1_0_, user0_.email as email2_0_, user0_.first_name as first_na3_0_, user0_.last_name as last_nam4_0_, user0_.password as password5_0_ from user user0_ where user0_.last_name=?
[DEBUG] 2020-09-30 17:02:12.877 [main] ErrorTracker - throwQueryException() : no errors
[DEBUG] 2020-09-30 17:02:12.890 [main] SQL - select user0_.user_id as user_id1_0_, user0_.email as email2_0_, user0_.first_name as first_na3_0_, user0_.last_name as last_nam4_0_, user0_.password as password5_0_ from user user0_ where user0_.last_name=?
[DEBUG] 2020-09-30 17:02:12.893 [main] Loader - Result set row: 0
[DEBUG] 2020-09-30 17:02:12.894 [main] Loader - Result row: EntityKey[edu.matc.entity.User#2]
[DEBUG] 2020-09-30 17:02:12.894 [main] TwoPhaseLoad - Resolving attributes for [edu.matc.entity.User#2]
[DEBUG] 2020-09-30 17:02:12.894 [main] TwoPhaseLoad - Processing attribute `email` : value = kk@gmail.com
[DEBUG] 2020-09-30 17:02:12.894 [main] TwoPhaseLoad - Attribute (`email`)  - enhanced for lazy-loading? - false
[DEBUG] 2020-09-30 17:02:12.894 [main] TwoPhaseLoad - Processing attribute `firstName` : value = Kyle
[DEBUG] 2020-09-30 17:02:12.894 [main] TwoPhaseLoad - Attribute (`firstName`)  - enhanced for lazy-loading? - false
[DEBUG] 2020-09-30 17:02:12.894 [main] TwoPhaseLoad - Processing attribute `lastName` : value = Kelley
[DEBUG] 2020-09-30 17:02:12.894 [main] TwoPhaseLoad - Attribute (`lastName`)  - enhanced for lazy-loading? - false
[DEBUG] 2020-09-30 17:02:12.894 [main] TwoPhaseLoad - Processing attribute `password` : value = anotherpassword
[DEBUG] 2020-09-30 17:02:12.894 [main] TwoPhaseLoad - Attribute (`password`)  - enhanced for lazy-loading? - false
[DEBUG] 2020-09-30 17:02:12.894 [main] TwoPhaseLoad - Done materializing entity [edu.matc.entity.User#2]
[DEBUG] 2020-09-30 17:02:12.894 [main] LogicalConnectionManagedImpl - Initiating JDBC connection release from afterTransaction
[DEBUG] 2020-09-30 17:02:12.992 [main] CriteriaQueryImpl - Rendered criteria query -> select generatedAlias0 from User as generatedAlias0 where generatedAlias0.lastName like :param0
[DEBUG] 2020-09-30 17:02:12.995 [main] QueryTranslatorImpl - parse() - HQL: select generatedAlias0 from edu.matc.entity.User as generatedAlias0 where generatedAlias0.lastName like :param0
[DEBUG] 2020-09-30 17:02:13.000 [main] ErrorTracker - throwQueryException() : no errors
[DEBUG] 2020-09-30 17:02:13.011 [main] QueryTranslatorImpl - --- HQL AST ---
 \-[QUERY] Node: 'query'
    +-[SELECT_FROM] Node: 'SELECT_FROM'
    |  +-[FROM] Node: 'from'
    |  |  \-[RANGE] Node: 'RANGE'
    |  |     +-[DOT] Node: '.'
    |  |     |  +-[DOT] Node: '.'
    |  |     |  |  +-[DOT] Node: '.'
    |  |     |  |  |  +-[IDENT] Node: 'edu'
    |  |     |  |  |  \-[IDENT] Node: 'matc'
    |  |     |  |  \-[IDENT] Node: 'entity'
    |  |     |  \-[IDENT] Node: 'User'
    |  |     \-[ALIAS] Node: 'generatedAlias0'
    |  \-[SELECT] Node: 'select'
    |     \-[IDENT] Node: 'generatedAlias0'
    \-[WHERE] Node: 'where'
       \-[LIKE] Node: 'like'
          +-[DOT] Node: '.'
          |  +-[IDENT] Node: 'generatedAlias0'
          |  \-[IDENT] Node: 'lastName'
          \-[COLON] Node: ':'
             \-[IDENT] Node: 'param0'

[DEBUG] 2020-09-30 17:02:13.011 [main] HqlSqlBaseWalker - select << begin [level=1, statement=select]
[DEBUG] 2020-09-30 17:02:13.012 [main] FromElement - FromClause{level=1} : edu.matc.entity.User (generatedAlias0) -> user0_
[DEBUG] 2020-09-30 17:02:13.014 [main] FromReferenceNode - Resolved : generatedAlias0 -> user0_.user_id
[DEBUG] 2020-09-30 17:02:13.014 [main] FromReferenceNode - Resolved : generatedAlias0 -> user0_.user_id
[DEBUG] 2020-09-30 17:02:13.014 [main] DotNode - getDataType() : lastName -> org.hibernate.type.StringType@59942b48
[DEBUG] 2020-09-30 17:02:13.015 [main] FromReferenceNode - Resolved : generatedAlias0.lastName -> user0_.last_name
[DEBUG] 2020-09-30 17:02:13.015 [main] HqlSqlBaseWalker - select : finishing up [level=1, statement=select]
[DEBUG] 2020-09-30 17:02:13.015 [main] HqlSqlWalker - processQuery() :  ( SELECT ( {select clause} user0_.user_id ) ( FromClause{level=1} user user0_ ) ( where ( like ( user0_.last_name user0_.user_id lastName ) ? ) ) )
[DEBUG] 2020-09-30 17:02:13.015 [main] JoinProcessor - Using FROM fragment [user user0_]
[DEBUG] 2020-09-30 17:02:13.015 [main] HqlSqlBaseWalker - select >> end [level=1, statement=select]
[DEBUG] 2020-09-30 17:02:13.015 [main] QueryTranslatorImpl - --- SQL AST ---
 \-[SELECT] QueryNode: 'SELECT'  querySpaces (user)
    +-[SELECT_CLAUSE] SelectClause: '{select clause}'
    |  +-[ALIAS_REF] IdentNode: 'user0_.user_id as user_id1_0_' {alias=generatedAlias0, className=edu.matc.entity.User, tableAlias=user0_}
    |  \-[SQL_TOKEN] SqlFragment: 'user0_.email as email2_0_, user0_.first_name as first_na3_0_, user0_.last_name as last_nam4_0_, user0_.password as password5_0_'
    +-[FROM] FromClause: 'from' FromClause{level=1, fromElementCounter=1, fromElements=1, fromElementByClassAlias=[generatedAlias0], fromElementByTableAlias=[user0_], fromElementsByPath=[], collectionJoinFromElementsByPath=[], impliedElements=[]}
    |  \-[FROM_FRAGMENT] FromElement: 'user user0_' FromElement{explicit,not a collection join,not a fetch join,fetch non-lazy properties,classAlias=generatedAlias0,role=null,tableName=user,tableAlias=user0_,origin=null,columns={,className=edu.matc.entity.User}}
    \-[WHERE] SqlNode: 'where'
       \-[LIKE] BinaryLogicOperatorNode: 'like'
          +-[DOT] DotNode: 'user0_.last_name' {propertyName=lastName,dereferenceType=PRIMITIVE,getPropertyPath=lastName,path=generatedAlias0.lastName,tableAlias=user0_,className=edu.matc.entity.User,classAlias=generatedAlias0}
          |  +-[ALIAS_REF] IdentNode: 'user0_.user_id' {alias=generatedAlias0, className=edu.matc.entity.User, tableAlias=user0_}
          |  \-[IDENT] IdentNode: 'lastName' {originalText=lastName}
          \-[NAMED_PARAM] ParameterNode: '?' {name=param0, expectedType=org.hibernate.type.StringType@59942b48}

[DEBUG] 2020-09-30 17:02:13.015 [main] ErrorTracker - throwQueryException() : no errors
[DEBUG] 2020-09-30 17:02:13.015 [main] QueryTranslatorImpl - HQL: select generatedAlias0 from edu.matc.entity.User as generatedAlias0 where generatedAlias0.lastName like :param0
[DEBUG] 2020-09-30 17:02:13.015 [main] QueryTranslatorImpl - SQL: select user0_.user_id as user_id1_0_, user0_.email as email2_0_, user0_.first_name as first_na3_0_, user0_.last_name as last_nam4_0_, user0_.password as password5_0_ from user user0_ where user0_.last_name like ?
[DEBUG] 2020-09-30 17:02:13.016 [main] ErrorTracker - throwQueryException() : no errors
[DEBUG] 2020-09-30 17:02:13.016 [main] SQL - select user0_.user_id as user_id1_0_, user0_.email as email2_0_, user0_.first_name as first_na3_0_, user0_.last_name as last_nam4_0_, user0_.password as password5_0_ from user user0_ where user0_.last_name like ?
[DEBUG] 2020-09-30 17:02:13.024 [main] Loader - Result set row: 0
[DEBUG] 2020-09-30 17:02:13.025 [main] Loader - Result row: EntityKey[edu.matc.entity.User#1]
[DEBUG] 2020-09-30 17:02:13.025 [main] Loader - Result set row: 1
[DEBUG] 2020-09-30 17:02:13.025 [main] Loader - Result row: EntityKey[edu.matc.entity.User#3]
[DEBUG] 2020-09-30 17:02:13.025 [main] TwoPhaseLoad - Resolving attributes for [edu.matc.entity.User#1]
[DEBUG] 2020-09-30 17:02:13.025 [main] TwoPhaseLoad - Processing attribute `email` : value = es@gmail.com
[DEBUG] 2020-09-30 17:02:13.025 [main] TwoPhaseLoad - Attribute (`email`)  - enhanced for lazy-loading? - false
[DEBUG] 2020-09-30 17:02:13.025 [main] TwoPhaseLoad - Processing attribute `firstName` : value = Elizabeth
[DEBUG] 2020-09-30 17:02:13.025 [main] TwoPhaseLoad - Attribute (`firstName`)  - enhanced for lazy-loading? - false
[DEBUG] 2020-09-30 17:02:13.025 [main] TwoPhaseLoad - Processing attribute `lastName` : value = Sajdak
[DEBUG] 2020-09-30 17:02:13.026 [main] TwoPhaseLoad - Attribute (`lastName`)  - enhanced for lazy-loading? - false
[DEBUG] 2020-09-30 17:02:13.026 [main] TwoPhaseLoad - Processing attribute `password` : value = password
[DEBUG] 2020-09-30 17:02:13.027 [main] TwoPhaseLoad - Attribute (`password`)  - enhanced for lazy-loading? - false
[DEBUG] 2020-09-30 17:02:13.027 [main] TwoPhaseLoad - Done materializing entity [edu.matc.entity.User#1]
[DEBUG] 2020-09-30 17:02:13.028 [main] TwoPhaseLoad - Resolving attributes for [edu.matc.entity.User#3]
[DEBUG] 2020-09-30 17:02:13.028 [main] TwoPhaseLoad - Processing attribute `email` : value = eg@gmail.com
[DEBUG] 2020-09-30 17:02:13.028 [main] TwoPhaseLoad - Attribute (`email`)  - enhanced for lazy-loading? - false
[DEBUG] 2020-09-30 17:02:13.028 [main] TwoPhaseLoad - Processing attribute `firstName` : value = Emily
[DEBUG] 2020-09-30 17:02:13.034 [main] TwoPhaseLoad - Attribute (`firstName`)  - enhanced for lazy-loading? - false
[DEBUG] 2020-09-30 17:02:13.034 [main] TwoPhaseLoad - Processing attribute `lastName` : value = Gorman
[DEBUG] 2020-09-30 17:02:13.034 [main] TwoPhaseLoad - Attribute (`lastName`)  - enhanced for lazy-loading? - false
[DEBUG] 2020-09-30 17:02:13.034 [main] TwoPhaseLoad - Processing attribute `password` : value = password
[DEBUG] 2020-09-30 17:02:13.034 [main] TwoPhaseLoad - Attribute (`password`)  - enhanced for lazy-loading? - false
[DEBUG] 2020-09-30 17:02:13.034 [main] TwoPhaseLoad - Done materializing entity [edu.matc.entity.User#3]
[DEBUG] 2020-09-30 17:02:13.035 [main] LogicalConnectionManagedImpl - Initiating JDBC connection release from afterTransaction
[DEBUG] 2020-09-30 17:02:13.136 [main] SQL - select user0_.user_id as user_id1_0_0_, user0_.email as email2_0_0_, user0_.first_name as first_na3_0_0_, user0_.last_name as last_nam4_0_0_, user0_.password as password5_0_0_ from user user0_ where user0_.user_id=?
[DEBUG] 2020-09-30 17:02:13.146 [main] ResultSetProcessorImpl - Starting ResultSet row #0
[DEBUG] 2020-09-30 17:02:13.146 [main] EntityReferenceInitializerImpl - On call to EntityIdentifierReaderImpl#resolve, EntityKey was already known; should only happen on root returns with an optional identifier specified
[DEBUG] 2020-09-30 17:02:13.148 [main] TwoPhaseLoad - Resolving attributes for [edu.matc.entity.User#1]
[DEBUG] 2020-09-30 17:02:13.150 [main] TwoPhaseLoad - Processing attribute `email` : value = es@gmail.com
[DEBUG] 2020-09-30 17:02:13.150 [main] TwoPhaseLoad - Attribute (`email`)  - enhanced for lazy-loading? - false
[DEBUG] 2020-09-30 17:02:13.150 [main] TwoPhaseLoad - Processing attribute `firstName` : value = Elizabeth
[DEBUG] 2020-09-30 17:02:13.150 [main] TwoPhaseLoad - Attribute (`firstName`)  - enhanced for lazy-loading? - false
[DEBUG] 2020-09-30 17:02:13.150 [main] TwoPhaseLoad - Processing attribute `lastName` : value = Sajdak
[DEBUG] 2020-09-30 17:02:13.150 [main] TwoPhaseLoad - Attribute (`lastName`)  - enhanced for lazy-loading? - false
[DEBUG] 2020-09-30 17:02:13.150 [main] TwoPhaseLoad - Processing attribute `password` : value = password
[DEBUG] 2020-09-30 17:02:13.150 [main] TwoPhaseLoad - Attribute (`password`)  - enhanced for lazy-loading? - false
[DEBUG] 2020-09-30 17:02:13.153 [main] TwoPhaseLoad - Done materializing entity [edu.matc.entity.User#1]
[DEBUG] 2020-09-30 17:02:13.153 [main] ResourceRegistryStandardImpl - HHH000387: ResultSet's statement was not registered
[DEBUG] 2020-09-30 17:02:13.154 [main] AbstractLoadPlanBasedEntityLoader - Done entity load : edu.matc.entity.User#1
[DEBUG] 2020-09-30 17:02:13.154 [main] LogicalConnectionManagedImpl - Initiating JDBC connection release from afterTransaction
[DEBUG] 2020-09-30 17:02:13.164 [main] TransactionImpl - On TransactionImpl creation, JpaCompliance#isJpaTransactionComplianceEnabled == false
[DEBUG] 2020-09-30 17:02:13.164 [main] TransactionImpl - begin
[DEBUG] 2020-09-30 17:02:13.171 [main] TransactionImpl - committing
[DEBUG] 2020-09-30 17:02:13.173 [main] AbstractFlushingEventListener - Processing flush-time cascades
[DEBUG] 2020-09-30 17:02:13.173 [main] AbstractFlushingEventListener - Dirty checking collections
[DEBUG] 2020-09-30 17:02:13.178 [main] AbstractFlushingEventListener - Flushed: 0 insertions, 1 updates, 0 deletions to 1 objects
[DEBUG] 2020-09-30 17:02:13.179 [main] AbstractFlushingEventListener - Flushed: 0 (re)creations, 0 updates, 0 removals to 0 collections
[DEBUG] 2020-09-30 17:02:13.179 [main] EntityPrinter - Listing entities:
[DEBUG] 2020-09-30 17:02:13.180 [main] EntityPrinter - edu.matc.entity.User{firstName=Elizabeth, lastName=Hewitt, password=password, userId=1, email=es@gmail.com}
[DEBUG] 2020-09-30 17:02:13.182 [main] SQL - update user set email=?, first_name=?, last_name=?, password=? where user_id=?
[DEBUG] 2020-09-30 17:02:13.192 [main] LogicalConnectionManagedImpl - Initiating JDBC connection release from afterTransaction
[DEBUG] 2020-09-30 17:02:13.193 [main] LogicalConnectionManagedImpl - Initiating JDBC connection release from afterTransaction
[DEBUG] 2020-09-30 17:02:13.193 [main] SQL - select user0_.user_id as user_id1_0_0_, user0_.email as email2_0_0_, user0_.first_name as first_na3_0_0_, user0_.last_name as last_nam4_0_0_, user0_.password as password5_0_0_ from user user0_ where user0_.user_id=?
[DEBUG] 2020-09-30 17:02:13.198 [main] ResultSetProcessorImpl - Starting ResultSet row #0
[DEBUG] 2020-09-30 17:02:13.198 [main] EntityReferenceInitializerImpl - On call to EntityIdentifierReaderImpl#resolve, EntityKey was already known; should only happen on root returns with an optional identifier specified
[DEBUG] 2020-09-30 17:02:13.200 [main] TwoPhaseLoad - Resolving attributes for [edu.matc.entity.User#1]
[DEBUG] 2020-09-30 17:02:13.200 [main] TwoPhaseLoad - Processing attribute `email` : value = es@gmail.com
[DEBUG] 2020-09-30 17:02:13.200 [main] TwoPhaseLoad - Attribute (`email`)  - enhanced for lazy-loading? - false
[DEBUG] 2020-09-30 17:02:13.200 [main] TwoPhaseLoad - Processing attribute `firstName` : value = Elizabeth
[DEBUG] 2020-09-30 17:02:13.201 [main] TwoPhaseLoad - Attribute (`firstName`)  - enhanced for lazy-loading? - false
[DEBUG] 2020-09-30 17:02:13.205 [main] TwoPhaseLoad - Processing attribute `lastName` : value = Hewitt
[DEBUG] 2020-09-30 17:02:13.205 [main] TwoPhaseLoad - Attribute (`lastName`)  - enhanced for lazy-loading? - false
[DEBUG] 2020-09-30 17:02:13.205 [main] TwoPhaseLoad - Processing attribute `password` : value = password
[DEBUG] 2020-09-30 17:02:13.205 [main] TwoPhaseLoad - Attribute (`password`)  - enhanced for lazy-loading? - false
[DEBUG] 2020-09-30 17:02:13.205 [main] TwoPhaseLoad - Done materializing entity [edu.matc.entity.User#1]
[DEBUG] 2020-09-30 17:02:13.206 [main] ResourceRegistryStandardImpl - HHH000387: ResultSet's statement was not registered
[DEBUG] 2020-09-30 17:02:13.206 [main] AbstractLoadPlanBasedEntityLoader - Done entity load : edu.matc.entity.User#1
[DEBUG] 2020-09-30 17:02:13.206 [main] LogicalConnectionManagedImpl - Initiating JDBC connection release from afterTransaction
[DEBUG] 2020-09-30 17:02:13.340 [main] TransactionImpl - On TransactionImpl creation, JpaCompliance#isJpaTransactionComplianceEnabled == false
[DEBUG] 2020-09-30 17:02:13.340 [main] TransactionImpl - begin
[DEBUG] 2020-09-30 17:02:13.351 [main] ActionQueue - Executing identity-insert immediately
[DEBUG] 2020-09-30 17:02:13.357 [main] SQL - insert into user (email, first_name, last_name, password) values (?, ?, ?, ?)
[DEBUG] 2020-09-30 17:02:13.366 [main] IdentifierGeneratorHelper - Natively generated identity: 20
[DEBUG] 2020-09-30 17:02:13.366 [main] ResourceRegistryStandardImpl - HHH000387: ResultSet's statement was not registered
[DEBUG] 2020-09-30 17:02:13.370 [main] TransactionImpl - committing
[DEBUG] 2020-09-30 17:02:13.370 [main] AbstractFlushingEventListener - Processing flush-time cascades
[DEBUG] 2020-09-30 17:02:13.370 [main] AbstractFlushingEventListener - Dirty checking collections
[DEBUG] 2020-09-30 17:02:13.373 [main] AbstractFlushingEventListener - Flushed: 0 insertions, 0 updates, 0 deletions to 1 objects
[DEBUG] 2020-09-30 17:02:13.373 [main] AbstractFlushingEventListener - Flushed: 0 (re)creations, 0 updates, 0 removals to 0 collections
[DEBUG] 2020-09-30 17:02:13.373 [main] EntityPrinter - Listing entities:
[DEBUG] 2020-09-30 17:02:13.373 [main] EntityPrinter - edu.matc.entity.User{firstName=John, lastName=Doe, password=password, userId=20, email=jdd@yahoo.com}
[DEBUG] 2020-09-30 17:02:13.379 [main] LogicalConnectionManagedImpl - Initiating JDBC connection release from afterTransaction
[DEBUG] 2020-09-30 17:02:13.382 [main] LogicalConnectionManagedImpl - Initiating JDBC connection release from afterTransaction
[DEBUG] 2020-09-30 17:02:13.386 [main] SQL - select user0_.user_id as user_id1_0_0_, user0_.email as email2_0_0_, user0_.first_name as first_na3_0_0_, user0_.last_name as last_nam4_0_0_, user0_.password as password5_0_0_ from user user0_ where user0_.user_id=?
[DEBUG] 2020-09-30 17:02:13.388 [main] ResultSetProcessorImpl - Starting ResultSet row #0
[DEBUG] 2020-09-30 17:02:13.389 [main] EntityReferenceInitializerImpl - On call to EntityIdentifierReaderImpl#resolve, EntityKey was already known; should only happen on root returns with an optional identifier specified
[DEBUG] 2020-09-30 17:02:13.389 [main] TwoPhaseLoad - Resolving attributes for [edu.matc.entity.User#20]
[DEBUG] 2020-09-30 17:02:13.389 [main] TwoPhaseLoad - Processing attribute `email` : value = jdd@yahoo.com
[DEBUG] 2020-09-30 17:02:13.389 [main] TwoPhaseLoad - Attribute (`email`)  - enhanced for lazy-loading? - false
[DEBUG] 2020-09-30 17:02:13.389 [main] TwoPhaseLoad - Processing attribute `firstName` : value = John
[DEBUG] 2020-09-30 17:02:13.389 [main] TwoPhaseLoad - Attribute (`firstName`)  - enhanced for lazy-loading? - false
[DEBUG] 2020-09-30 17:02:13.390 [main] TwoPhaseLoad - Processing attribute `lastName` : value = Doe
[DEBUG] 2020-09-30 17:02:13.390 [main] TwoPhaseLoad - Attribute (`lastName`)  - enhanced for lazy-loading? - false
[DEBUG] 2020-09-30 17:02:13.390 [main] TwoPhaseLoad - Processing attribute `password` : value = password
[DEBUG] 2020-09-30 17:02:13.390 [main] TwoPhaseLoad - Attribute (`password`)  - enhanced for lazy-loading? - false
[DEBUG] 2020-09-30 17:02:13.391 [main] TwoPhaseLoad - Done materializing entity [edu.matc.entity.User#20]
[DEBUG] 2020-09-30 17:02:13.391 [main] ResourceRegistryStandardImpl - HHH000387: ResultSet's statement was not registered
[DEBUG] 2020-09-30 17:02:13.391 [main] AbstractLoadPlanBasedEntityLoader - Done entity load : edu.matc.entity.User#20
[DEBUG] 2020-09-30 17:02:13.392 [main] LogicalConnectionManagedImpl - Initiating JDBC connection release from afterTransaction
